{"event": "session_start", "session_id": "8a493695-7ebc-4077-84e5-f0840b863895", "timestamp": "2025-05-16T13:58:00.967497", "message": "New API session started"}
{"event": "request_start", "session_id": "8a493695-7ebc-4077-84e5-f0840b863895", "request_id": "94b2e5cd-7302-4699-9f3b-57664155f0e4", "endpoint": "/intervet2", "timestamp": "2025-05-16T13:58:36.381832", "message": "Request started for endpoint: /intervet2"}
{"event": "custom_metric", "session_id": "8a493695-7ebc-4077-84e5-f0840b863895", "request_id": "94b2e5cd-7302-4699-9f3b-57664155f0e4", "endpoint": "/intervet2", "timestamp": "2025-05-16T13:58:36.384305", "endpoint_type": "intervet2", "message": "Custom metric: endpoint_type=intervet2"}
{"event": "custom_metric", "session_id": "8a493695-7ebc-4077-84e5-f0840b863895", "request_id": "94b2e5cd-7302-4699-9f3b-57664155f0e4", "endpoint": "/intervet2", "timestamp": "2025-05-16T13:58:36.411287", "file_type": "pdf", "message": "Custom metric: file_type=pdf"}
{"event": "custom_metric", "session_id": "8a493695-7ebc-4077-84e5-f0840b863895", "request_id": "94b2e5cd-7302-4699-9f3b-57664155f0e4", "endpoint": "/intervet2", "timestamp": "2025-05-16T13:58:36.411287", "file_size_bytes": 55127, "message": "Custom metric: file_size_bytes=55127"}
{"event": "custom_metric", "session_id": "8a493695-7ebc-4077-84e5-f0840b863895", "request_id": "94b2e5cd-7302-4699-9f3b-57664155f0e4", "endpoint": "/intervet2", "timestamp": "2025-05-16T13:58:36.411287", "extraction_method": "pdf_text", "message": "Custom metric: extraction_method=pdf_text"}
{"event": "custom_metric", "session_id": "8a493695-7ebc-4077-84e5-f0840b863895", "request_id": "94b2e5cd-7302-4699-9f3b-57664155f0e4", "endpoint": "/intervet2", "timestamp": "2025-05-16T13:58:36.411287", "extracted_text_length": 1439, "message": "Custom metric: extracted_text_length=1439"}
{"event": "custom_metric", "session_id": "8a493695-7ebc-4077-84e5-f0840b863895", "request_id": "94b2e5cd-7302-4699-9f3b-57664155f0e4", "endpoint": "/intervet2", "timestamp": "2025-05-16T13:58:36.411287", "file_processing_time": 0.024492979049682617, "message": "Custom metric: file_processing_time=0.024492979049682617"}
{"event": "custom_metric", "session_id": "8a493695-7ebc-4077-84e5-f0840b863895", "request_id": "94b2e5cd-7302-4699-9f3b-57664155f0e4", "endpoint": "/intervet2", "timestamp": "2025-05-16T13:58:36.464494", "file_type": "pdf", "message": "Custom metric: file_type=pdf"}
{"event": "custom_metric", "session_id": "8a493695-7ebc-4077-84e5-f0840b863895", "request_id": "94b2e5cd-7302-4699-9f3b-57664155f0e4", "endpoint": "/intervet2", "timestamp": "2025-05-16T13:58:36.464494", "file_size_bytes": 43309, "message": "Custom metric: file_size_bytes=43309"}
{"event": "custom_metric", "session_id": "8a493695-7ebc-4077-84e5-f0840b863895", "request_id": "94b2e5cd-7302-4699-9f3b-57664155f0e4", "endpoint": "/intervet2", "timestamp": "2025-05-16T13:58:36.464494", "extraction_method": "pdf_text", "message": "Custom metric: extraction_method=pdf_text"}
{"event": "custom_metric", "session_id": "8a493695-7ebc-4077-84e5-f0840b863895", "request_id": "94b2e5cd-7302-4699-9f3b-57664155f0e4", "endpoint": "/intervet2", "timestamp": "2025-05-16T13:58:36.464494", "extracted_text_length": 2241, "message": "Custom metric: extracted_text_length=2241"}
{"event": "custom_metric", "session_id": "8a493695-7ebc-4077-84e5-f0840b863895", "request_id": "94b2e5cd-7302-4699-9f3b-57664155f0e4", "endpoint": "/intervet2", "timestamp": "2025-05-16T13:58:36.464494", "file_processing_time": 0.05220675468444824, "message": "Custom metric: file_processing_time=0.05220675468444824"}
{"event": "custom_metric", "session_id": "8a493695-7ebc-4077-84e5-f0840b863895", "request_id": "94b2e5cd-7302-4699-9f3b-57664155f0e4", "endpoint": "/intervet2", "timestamp": "2025-05-16T13:58:36.465494", "resume_extraction_time": 0.024492979049682617, "message": "Custom metric: resume_extraction_time=0.024492979049682617"}
{"event": "custom_metric", "session_id": "8a493695-7ebc-4077-84e5-f0840b863895", "request_id": "94b2e5cd-7302-4699-9f3b-57664155f0e4", "endpoint": "/intervet2", "timestamp": "2025-05-16T13:58:36.465494", "jd_extraction_time": 0.0532071590423584, "message": "Custom metric: jd_extraction_time=0.0532071590423584"}
{"event": "custom_metric", "session_id": "8a493695-7ebc-4077-84e5-f0840b863895", "request_id": "94b2e5cd-7302-4699-9f3b-57664155f0e4", "endpoint": "/intervet2", "timestamp": "2025-05-16T13:58:36.465494", "resume_text_length": 1439, "message": "Custom metric: resume_text_length=1439"}
{"event": "custom_metric", "session_id": "8a493695-7ebc-4077-84e5-f0840b863895", "request_id": "94b2e5cd-7302-4699-9f3b-57664155f0e4", "endpoint": "/intervet2", "timestamp": "2025-05-16T13:58:36.465494", "jd_text_length": 2241, "message": "Custom metric: jd_text_length=2241"}
{"event": "custom_metric", "session_id": "8a493695-7ebc-4077-84e5-f0840b863895", "request_id": "94b2e5cd-7302-4699-9f3b-57664155f0e4", "endpoint": "/intervet2", "timestamp": "2025-05-16T13:59:08.285126", "resume_parsing_time": 16.15162491798401, "message": "Custom metric: resume_parsing_time=16.15162491798401"}
{"event": "custom_metric", "session_id": "8a493695-7ebc-4077-84e5-f0840b863895", "request_id": "94b2e5cd-7302-4699-9f3b-57664155f0e4", "endpoint": "/intervet2", "timestamp": "2025-05-16T13:59:08.286631", "jd_parsing_time": 15.668006896972656, "message": "Custom metric: jd_parsing_time=15.668006896972656"}
{"event": "custom_metric", "session_id": "8a493695-7ebc-4077-84e5-f0840b863895", "request_id": "94b2e5cd-7302-4699-9f3b-57664155f0e4", "endpoint": "/intervet2", "timestamp": "2025-05-16T13:59:08.295902", "evaluation_time": 0.009270906448364258, "message": "Custom metric: evaluation_time=0.009270906448364258"}
{"event": "custom_metric", "session_id": "8a493695-7ebc-4077-84e5-f0840b863895", "request_id": "94b2e5cd-7302-4699-9f3b-57664155f0e4", "endpoint": "/intervet2", "timestamp": "2025-05-16T13:59:08.296932", "total_score": 35.666666666666664, "message": "Custom metric: total_score=35.666666666666664"}
{"event": "custom_metric", "session_id": "8a493695-7ebc-4077-84e5-f0840b863895", "request_id": "94b2e5cd-7302-4699-9f3b-57664155f0e4", "endpoint": "/intervet2", "timestamp": "2025-05-16T13:59:08.296932", "fit_category": "Weak Match", "message": "Custom metric: fit_category=Weak Match"}
{"event": "request_complete", "session_id": "8a493695-7ebc-4077-84e5-f0840b863895", "request_id": "94b2e5cd-7302-4699-9f3b-57664155f0e4", "endpoint": "/intervet2", "timestamp": "2025-05-16T13:59:08.316403", "total_time_seconds": 31.93457055091858, "status_code": 200, "message": "Request completed in 31.9346s with status 200"}
{"event": "request_start", "session_id": "8a493695-7ebc-4077-84e5-f0840b863895", "request_id": "fac79b32-351a-4d33-a5a1-734be2a4347c", "endpoint": "/intervet2", "timestamp": "2025-05-16T14:33:15.751115", "message": "Request started for endpoint: /intervet2"}
{"event": "custom_metric", "session_id": "8a493695-7ebc-4077-84e5-f0840b863895", "request_id": "fac79b32-351a-4d33-a5a1-734be2a4347c", "endpoint": "/intervet2", "timestamp": "2025-05-16T14:33:15.754257", "endpoint_type": "intervet2", "message": "Custom metric: endpoint_type=intervet2"}
{"event": "custom_metric", "session_id": "8a493695-7ebc-4077-84e5-f0840b863895", "request_id": "fac79b32-351a-4d33-a5a1-734be2a4347c", "endpoint": "/intervet2", "timestamp": "2025-05-16T14:33:15.789255", "file_type": "pdf", "message": "Custom metric: file_type=pdf"}
{"event": "custom_metric", "session_id": "8a493695-7ebc-4077-84e5-f0840b863895", "request_id": "fac79b32-351a-4d33-a5a1-734be2a4347c", "endpoint": "/intervet2", "timestamp": "2025-05-16T14:33:15.790257", "file_size_bytes": 55127, "message": "Custom metric: file_size_bytes=55127"}
{"event": "custom_metric", "session_id": "8a493695-7ebc-4077-84e5-f0840b863895", "request_id": "fac79b32-351a-4d33-a5a1-734be2a4347c", "endpoint": "/intervet2", "timestamp": "2025-05-16T14:33:15.790257", "extraction_method": "pdf_text", "message": "Custom metric: extraction_method=pdf_text"}
{"event": "custom_metric", "session_id": "8a493695-7ebc-4077-84e5-f0840b863895", "request_id": "fac79b32-351a-4d33-a5a1-734be2a4347c", "endpoint": "/intervet2", "timestamp": "2025-05-16T14:33:15.790257", "extracted_text_length": 1439, "message": "Custom metric: extracted_text_length=1439"}
{"event": "custom_metric", "session_id": "8a493695-7ebc-4077-84e5-f0840b863895", "request_id": "fac79b32-351a-4d33-a5a1-734be2a4347c", "endpoint": "/intervet2", "timestamp": "2025-05-16T14:33:15.790257", "file_processing_time": 0.03199911117553711, "message": "Custom metric: file_processing_time=0.03199911117553711"}
{"event": "custom_metric", "session_id": "8a493695-7ebc-4077-84e5-f0840b863895", "request_id": "fac79b32-351a-4d33-a5a1-734be2a4347c", "endpoint": "/intervet2", "timestamp": "2025-05-16T14:33:15.856121", "file_type": "pdf", "message": "Custom metric: file_type=pdf"}
{"event": "custom_metric", "session_id": "8a493695-7ebc-4077-84e5-f0840b863895", "request_id": "fac79b32-351a-4d33-a5a1-734be2a4347c", "endpoint": "/intervet2", "timestamp": "2025-05-16T14:33:15.856121", "file_size_bytes": 553788, "message": "Custom metric: file_size_bytes=553788"}
{"event": "custom_metric", "session_id": "8a493695-7ebc-4077-84e5-f0840b863895", "request_id": "fac79b32-351a-4d33-a5a1-734be2a4347c", "endpoint": "/intervet2", "timestamp": "2025-05-16T14:33:15.857120", "extraction_method": "pdf_text", "message": "Custom metric: extraction_method=pdf_text"}
{"event": "custom_metric", "session_id": "8a493695-7ebc-4077-84e5-f0840b863895", "request_id": "fac79b32-351a-4d33-a5a1-734be2a4347c", "endpoint": "/intervet2", "timestamp": "2025-05-16T14:33:15.857120", "extracted_text_length": 3659, "message": "Custom metric: extracted_text_length=3659"}
{"event": "custom_metric", "session_id": "8a493695-7ebc-4077-84e5-f0840b863895", "request_id": "fac79b32-351a-4d33-a5a1-734be2a4347c", "endpoint": "/intervet2", "timestamp": "2025-05-16T14:33:15.857120", "file_processing_time": 0.06586456298828125, "message": "Custom metric: file_processing_time=0.06586456298828125"}
{"event": "custom_metric", "session_id": "8a493695-7ebc-4077-84e5-f0840b863895", "request_id": "fac79b32-351a-4d33-a5a1-734be2a4347c", "endpoint": "/intervet2", "timestamp": "2025-05-16T14:33:15.858120", "resume_extraction_time": 0.033000946044921875, "message": "Custom metric: resume_extraction_time=0.033000946044921875"}
{"event": "custom_metric", "session_id": "8a493695-7ebc-4077-84e5-f0840b863895", "request_id": "fac79b32-351a-4d33-a5a1-734be2a4347c", "endpoint": "/intervet2", "timestamp": "2025-05-16T14:33:15.858120", "jd_extraction_time": 0.0668630599975586, "message": "Custom metric: jd_extraction_time=0.0668630599975586"}
{"event": "custom_metric", "session_id": "8a493695-7ebc-4077-84e5-f0840b863895", "request_id": "fac79b32-351a-4d33-a5a1-734be2a4347c", "endpoint": "/intervet2", "timestamp": "2025-05-16T14:33:15.858120", "resume_text_length": 1439, "message": "Custom metric: resume_text_length=1439"}
{"event": "custom_metric", "session_id": "8a493695-7ebc-4077-84e5-f0840b863895", "request_id": "fac79b32-351a-4d33-a5a1-734be2a4347c", "endpoint": "/intervet2", "timestamp": "2025-05-16T14:33:15.858120", "jd_text_length": 3659, "message": "Custom metric: jd_text_length=3659"}
{"event": "custom_metric", "session_id": "8a493695-7ebc-4077-84e5-f0840b863895", "request_id": "fac79b32-351a-4d33-a5a1-734be2a4347c", "endpoint": "/intervet2", "timestamp": "2025-05-16T14:33:37.219590", "resume_parsing_time": 15.49988341331482, "message": "Custom metric: resume_parsing_time=15.49988341331482"}
{"event": "custom_metric", "session_id": "8a493695-7ebc-4077-84e5-f0840b863895", "request_id": "fac79b32-351a-4d33-a5a1-734be2a4347c", "endpoint": "/intervet2", "timestamp": "2025-05-16T14:33:37.220592", "jd_parsing_time": 5.860579013824463, "message": "Custom metric: jd_parsing_time=5.860579013824463"}
{"event": "custom_metric", "session_id": "8a493695-7ebc-4077-84e5-f0840b863895", "request_id": "fac79b32-351a-4d33-a5a1-734be2a4347c", "endpoint": "/intervet2", "timestamp": "2025-05-16T14:33:37.225151", "evaluation_time": 0.004559516906738281, "message": "Custom metric: evaluation_time=0.004559516906738281"}
{"event": "custom_metric", "session_id": "8a493695-7ebc-4077-84e5-f0840b863895", "request_id": "fac79b32-351a-4d33-a5a1-734be2a4347c", "endpoint": "/intervet2", "timestamp": "2025-05-16T14:33:37.225151", "total_score": 30.0, "message": "Custom metric: total_score=30.0"}
{"event": "custom_metric", "session_id": "8a493695-7ebc-4077-84e5-f0840b863895", "request_id": "fac79b32-351a-4d33-a5a1-734be2a4347c", "endpoint": "/intervet2", "timestamp": "2025-05-16T14:33:37.225151", "fit_category": "Weak Match", "message": "Custom metric: fit_category=Weak Match"}
{"event": "request_complete", "session_id": "8a493695-7ebc-4077-84e5-f0840b863895", "request_id": "fac79b32-351a-4d33-a5a1-734be2a4347c", "endpoint": "/intervet2", "timestamp": "2025-05-16T14:33:37.227166", "total_time_seconds": 21.476050853729248, "status_code": 200, "message": "Request completed in 21.4761s with status 200"}
