{"event": "session_start", "session_id": "233d0002-6de9-4677-8db1-1bf4221d400b", "timestamp": "2025-05-26T20:28:01.330602", "message": "New API session started"}
{"event": "request_start", "session_id": "233d0002-6de9-4677-8db1-1bf4221d400b", "request_id": "ba416111-e468-48e4-977b-1cf8a0b51ee8", "endpoint": "/", "timestamp": "2025-05-26T20:28:02.503144", "message": "Request started for endpoint: /"}
{"event": "request_complete", "session_id": "233d0002-6de9-4677-8db1-1bf4221d400b", "request_id": "ba416111-e468-48e4-977b-1cf8a0b51ee8", "endpoint": "/", "timestamp": "2025-05-26T20:28:02.508204", "total_time_seconds": 0.0050601959228515625, "status_code": 200, "message": "Request completed in 0.0051s with status 200"}
{"event": "request_start", "session_id": "233d0002-6de9-4677-8db1-1bf4221d400b", "request_id": "438e6e32-ffb4-4fab-9d05-b521be36882b", "endpoint": "/favicon.ico", "timestamp": "2025-05-26T20:28:02.592844", "message": "Request started for endpoint: /favicon.ico"}
{"event": "request_complete", "session_id": "233d0002-6de9-4677-8db1-1bf4221d400b", "request_id": "438e6e32-ffb4-4fab-9d05-b521be36882b", "endpoint": "/favicon.ico", "timestamp": "2025-05-26T20:28:02.592844", "total_time_seconds": 0.0, "status_code": 404, "message": "Request completed in 0.0000s with status 404"}
{"event": "request_start", "session_id": "233d0002-6de9-4677-8db1-1bf4221d400b", "request_id": "f463f90f-c33e-416a-ab66-db7842feff45", "endpoint": "/docs", "timestamp": "2025-05-26T20:28:05.198228", "message": "Request started for endpoint: /docs"}
{"event": "request_complete", "session_id": "233d0002-6de9-4677-8db1-1bf4221d400b", "request_id": "f463f90f-c33e-416a-ab66-db7842feff45", "endpoint": "/docs", "timestamp": "2025-05-26T20:28:05.199227", "total_time_seconds": 0.0009984970092773438, "status_code": 200, "message": "Request completed in 0.0010s with status 200"}
{"event": "request_start", "session_id": "233d0002-6de9-4677-8db1-1bf4221d400b", "request_id": "e4756e2f-21ed-40f2-b48d-e84a891b1bb0", "endpoint": "/openapi.json", "timestamp": "2025-05-26T20:28:05.360114", "message": "Request started for endpoint: /openapi.json"}
{"event": "request_complete", "session_id": "233d0002-6de9-4677-8db1-1bf4221d400b", "request_id": "e4756e2f-21ed-40f2-b48d-e84a891b1bb0", "endpoint": "/openapi.json", "timestamp": "2025-05-26T20:28:05.373032", "total_time_seconds": 0.012917518615722656, "status_code": 200, "message": "Request completed in 0.0129s with status 200"}
{"event": "request_start", "session_id": "233d0002-6de9-4677-8db1-1bf4221d400b", "request_id": "41ce2d99-12f2-4c8e-9a40-45610b9598b5", "endpoint": "/intervet2", "timestamp": "2025-05-26T20:28:21.622568", "message": "Request started for endpoint: /intervet2"}
{"event": "custom_metric", "session_id": "233d0002-6de9-4677-8db1-1bf4221d400b", "request_id": "41ce2d99-12f2-4c8e-9a40-45610b9598b5", "endpoint": "/intervet2", "timestamp": "2025-05-26T20:28:21.643293", "endpoint_type": "intervet2", "message": "Custom metric: endpoint_type=intervet2"}
{"event": "custom_metric", "session_id": "233d0002-6de9-4677-8db1-1bf4221d400b", "request_id": "41ce2d99-12f2-4c8e-9a40-45610b9598b5", "endpoint": "/intervet2", "timestamp": "2025-05-26T20:28:21.731862", "file_type": "pdf", "message": "Custom metric: file_type=pdf"}
{"event": "custom_metric", "session_id": "233d0002-6de9-4677-8db1-1bf4221d400b", "request_id": "41ce2d99-12f2-4c8e-9a40-45610b9598b5", "endpoint": "/intervet2", "timestamp": "2025-05-26T20:28:21.731862", "file_size_bytes": 88356, "message": "Custom metric: file_size_bytes=88356"}
{"event": "custom_metric", "session_id": "233d0002-6de9-4677-8db1-1bf4221d400b", "request_id": "41ce2d99-12f2-4c8e-9a40-45610b9598b5", "endpoint": "/intervet2", "timestamp": "2025-05-26T20:28:21.732863", "extraction_method": "pdf_text", "message": "Custom metric: extraction_method=pdf_text"}
{"event": "custom_metric", "session_id": "233d0002-6de9-4677-8db1-1bf4221d400b", "request_id": "41ce2d99-12f2-4c8e-9a40-45610b9598b5", "endpoint": "/intervet2", "timestamp": "2025-05-26T20:28:21.732863", "extracted_text_length": 3871, "message": "Custom metric: extracted_text_length=3871"}
{"event": "custom_metric", "session_id": "233d0002-6de9-4677-8db1-1bf4221d400b", "request_id": "41ce2d99-12f2-4c8e-9a40-45610b9598b5", "endpoint": "/intervet2", "timestamp": "2025-05-26T20:28:21.732863", "file_processing_time": 0.08556985855102539, "message": "Custom metric: file_processing_time=0.08556985855102539"}
{"event": "custom_metric", "session_id": "233d0002-6de9-4677-8db1-1bf4221d400b", "request_id": "41ce2d99-12f2-4c8e-9a40-45610b9598b5", "endpoint": "/intervet2", "timestamp": "2025-05-26T20:28:21.838985", "file_type": "pdf", "message": "Custom metric: file_type=pdf"}
{"event": "custom_metric", "session_id": "233d0002-6de9-4677-8db1-1bf4221d400b", "request_id": "41ce2d99-12f2-4c8e-9a40-45610b9598b5", "endpoint": "/intervet2", "timestamp": "2025-05-26T20:28:21.838985", "file_size_bytes": 43309, "message": "Custom metric: file_size_bytes=43309"}
{"event": "custom_metric", "session_id": "233d0002-6de9-4677-8db1-1bf4221d400b", "request_id": "41ce2d99-12f2-4c8e-9a40-45610b9598b5", "endpoint": "/intervet2", "timestamp": "2025-05-26T20:28:21.839490", "extraction_method": "pdf_text", "message": "Custom metric: extraction_method=pdf_text"}
{"event": "custom_metric", "session_id": "233d0002-6de9-4677-8db1-1bf4221d400b", "request_id": "41ce2d99-12f2-4c8e-9a40-45610b9598b5", "endpoint": "/intervet2", "timestamp": "2025-05-26T20:28:21.839490", "extracted_text_length": 2241, "message": "Custom metric: extracted_text_length=2241"}
{"event": "custom_metric", "session_id": "233d0002-6de9-4677-8db1-1bf4221d400b", "request_id": "41ce2d99-12f2-4c8e-9a40-45610b9598b5", "endpoint": "/intervet2", "timestamp": "2025-05-26T20:28:21.839490", "file_processing_time": 0.10612177848815918, "message": "Custom metric: file_processing_time=0.10612177848815918"}
{"event": "custom_metric", "session_id": "233d0002-6de9-4677-8db1-1bf4221d400b", "request_id": "41ce2d99-12f2-4c8e-9a40-45610b9598b5", "endpoint": "/intervet2", "timestamp": "2025-05-26T20:28:21.857741", "resume_extraction_time": 0.08657097816467285, "message": "Custom metric: resume_extraction_time=0.08657097816467285"}
{"event": "custom_metric", "session_id": "233d0002-6de9-4677-8db1-1bf4221d400b", "request_id": "41ce2d99-12f2-4c8e-9a40-45610b9598b5", "endpoint": "/intervet2", "timestamp": "2025-05-26T20:28:21.857741", "jd_extraction_time": 0.1066274642944336, "message": "Custom metric: jd_extraction_time=0.1066274642944336"}
{"event": "custom_metric", "session_id": "233d0002-6de9-4677-8db1-1bf4221d400b", "request_id": "41ce2d99-12f2-4c8e-9a40-45610b9598b5", "endpoint": "/intervet2", "timestamp": "2025-05-26T20:28:21.857741", "resume_text_length": 3871, "message": "Custom metric: resume_text_length=3871"}
{"event": "custom_metric", "session_id": "233d0002-6de9-4677-8db1-1bf4221d400b", "request_id": "41ce2d99-12f2-4c8e-9a40-45610b9598b5", "endpoint": "/intervet2", "timestamp": "2025-05-26T20:28:21.858744", "jd_text_length": 2241, "message": "Custom metric: jd_text_length=2241"}
{"event": "custom_metric", "session_id": "233d0002-6de9-4677-8db1-1bf4221d400b", "request_id": "41ce2d99-12f2-4c8e-9a40-45610b9598b5", "endpoint": "/intervet2", "timestamp": "2025-05-26T20:29:09.225017", "resume_parsing_time": 26.59727692604065, "message": "Custom metric: resume_parsing_time=26.59727692604065"}
{"event": "custom_metric", "session_id": "233d0002-6de9-4677-8db1-1bf4221d400b", "request_id": "41ce2d99-12f2-4c8e-9a40-45610b9598b5", "endpoint": "/intervet2", "timestamp": "2025-05-26T20:29:09.225017", "jd_parsing_time": 20.767991304397583, "message": "Custom metric: jd_parsing_time=20.767991304397583"}
{"event": "custom_metric", "session_id": "233d0002-6de9-4677-8db1-1bf4221d400b", "request_id": "41ce2d99-12f2-4c8e-9a40-45610b9598b5", "endpoint": "/intervet2", "timestamp": "2025-05-26T20:29:09.242891", "evaluation_time": 0.017873764038085938, "message": "Custom metric: evaluation_time=0.017873764038085938"}
{"event": "custom_metric", "session_id": "233d0002-6de9-4677-8db1-1bf4221d400b", "request_id": "41ce2d99-12f2-4c8e-9a40-45610b9598b5", "endpoint": "/intervet2", "timestamp": "2025-05-26T20:29:09.242891", "total_score": 33.21111111111111, "message": "Custom metric: total_score=33.21111111111111"}
{"event": "custom_metric", "session_id": "233d0002-6de9-4677-8db1-1bf4221d400b", "request_id": "41ce2d99-12f2-4c8e-9a40-45610b9598b5", "endpoint": "/intervet2", "timestamp": "2025-05-26T20:29:09.242891", "fit_category": "Weak Match", "message": "Custom metric: fit_category=Weak Match"}
{"event": "request_complete", "session_id": "233d0002-6de9-4677-8db1-1bf4221d400b", "request_id": "41ce2d99-12f2-4c8e-9a40-45610b9598b5", "endpoint": "/intervet2", "timestamp": "2025-05-26T20:29:09.245888", "total_time_seconds": 47.62332010269165, "status_code": 200, "message": "Request completed in 47.6233s with status 200"}
{"event": "session_end", "session_id": "233d0002-6de9-4677-8db1-1bf4221d400b", "timestamp": "2025-05-26T20:29:42.764032", "message": "API session ended"}
