{"event": "session_start", "session_id": "fdcc6a06-1d35-4da6-90db-2786ce5844e3", "timestamp": "2025-05-14T11:17:19.194110", "message": "New API session started"}
{"event": "request_start", "session_id": "fdcc6a06-1d35-4da6-90db-2786ce5844e3", "request_id": "032bfebd-9af0-41d5-99d2-4e398e0d62fb", "endpoint": "/docs", "timestamp": "2025-05-14T11:17:20.956984", "message": "Request started for endpoint: /docs"}
{"event": "request_complete", "session_id": "fdcc6a06-1d35-4da6-90db-2786ce5844e3", "request_id": "032bfebd-9af0-41d5-99d2-4e398e0d62fb", "endpoint": "/docs", "timestamp": "2025-05-14T11:17:20.958984", "total_time_seconds": 0.0019998550415039062, "status_code": 200, "message": "Request completed in 0.0020s with status 200"}
{"event": "request_start", "session_id": "fdcc6a06-1d35-4da6-90db-2786ce5844e3", "request_id": "0b8cc1e7-6879-4a5f-bf8b-5c8604dd7ca5", "endpoint": "/openapi.json", "timestamp": "2025-05-14T11:17:21.188244", "message": "Request started for endpoint: /openapi.json"}
{"event": "request_complete", "session_id": "fdcc6a06-1d35-4da6-90db-2786ce5844e3", "request_id": "0b8cc1e7-6879-4a5f-bf8b-5c8604dd7ca5", "endpoint": "/openapi.json", "timestamp": "2025-05-14T11:17:21.208447", "total_time_seconds": 0.02020263671875, "status_code": 200, "message": "Request completed in 0.0202s with status 200"}
{"event": "request_start", "session_id": "fdcc6a06-1d35-4da6-90db-2786ce5844e3", "request_id": "3f6b98cf-59bb-4478-b97a-8dbb4c806a93", "endpoint": "/jd_parser", "timestamp": "2025-05-14T11:17:35.185576", "message": "Request started for endpoint: /jd_parser"}
{"event": "request_complete", "session_id": "fdcc6a06-1d35-4da6-90db-2786ce5844e3", "request_id": "3f6b98cf-59bb-4478-b97a-8dbb4c806a93", "endpoint": "/jd_parser", "timestamp": "2025-05-14T11:17:59.945483", "total_time_seconds": 24.759907245635986, "status_code": 200, "message": "Request completed in 24.7599s with status 200"}
{"event": "request_start", "session_id": "fdcc6a06-1d35-4da6-90db-2786ce5844e3", "request_id": "b830ae12-06a4-4c07-b5c2-97207a00419e", "endpoint": "/jd_parser", "timestamp": "2025-05-14T11:18:54.637174", "message": "Request started for endpoint: /jd_parser"}
{"event": "request_complete", "session_id": "fdcc6a06-1d35-4da6-90db-2786ce5844e3", "request_id": "b830ae12-06a4-4c07-b5c2-97207a00419e", "endpoint": "/jd_parser", "timestamp": "2025-05-14T11:19:04.664910", "total_time_seconds": 10.027735471725464, "status_code": 200, "message": "Request completed in 10.0277s with status 200"}
{"event": "request_start", "session_id": "fdcc6a06-1d35-4da6-90db-2786ce5844e3", "request_id": "466d945d-c6b2-4f8c-9730-1b5868df26f9", "endpoint": "/intervet2", "timestamp": "2025-05-14T11:19:30.598466", "message": "Request started for endpoint: /intervet2"}
{"event": "custom_metric", "session_id": "fdcc6a06-1d35-4da6-90db-2786ce5844e3", "request_id": "466d945d-c6b2-4f8c-9730-1b5868df26f9", "endpoint": "/intervet2", "timestamp": "2025-05-14T11:19:30.601565", "endpoint_type": "intervet2", "message": "Custom metric: endpoint_type=intervet2"}
{"event": "custom_metric", "session_id": "fdcc6a06-1d35-4da6-90db-2786ce5844e3", "request_id": "466d945d-c6b2-4f8c-9730-1b5868df26f9", "endpoint": "/intervet2", "timestamp": "2025-05-14T11:19:30.627565", "file_type": "pdf", "message": "Custom metric: file_type=pdf"}
{"event": "custom_metric", "session_id": "fdcc6a06-1d35-4da6-90db-2786ce5844e3", "request_id": "466d945d-c6b2-4f8c-9730-1b5868df26f9", "endpoint": "/intervet2", "timestamp": "2025-05-14T11:19:30.628564", "file_size_bytes": 60820, "message": "Custom metric: file_size_bytes=60820"}
{"event": "custom_metric", "session_id": "fdcc6a06-1d35-4da6-90db-2786ce5844e3", "request_id": "466d945d-c6b2-4f8c-9730-1b5868df26f9", "endpoint": "/intervet2", "timestamp": "2025-05-14T11:19:30.628564", "extraction_method": "pdf_text", "message": "Custom metric: extraction_method=pdf_text"}
{"event": "custom_metric", "session_id": "fdcc6a06-1d35-4da6-90db-2786ce5844e3", "request_id": "466d945d-c6b2-4f8c-9730-1b5868df26f9", "endpoint": "/intervet2", "timestamp": "2025-05-14T11:19:30.628564", "extracted_text_length": 2804, "message": "Custom metric: extracted_text_length=2804"}
{"event": "custom_metric", "session_id": "fdcc6a06-1d35-4da6-90db-2786ce5844e3", "request_id": "466d945d-c6b2-4f8c-9730-1b5868df26f9", "endpoint": "/intervet2", "timestamp": "2025-05-14T11:19:30.628564", "file_processing_time": 0.024001121520996094, "message": "Custom metric: file_processing_time=0.024001121520996094"}
{"event": "custom_metric", "session_id": "fdcc6a06-1d35-4da6-90db-2786ce5844e3", "request_id": "466d945d-c6b2-4f8c-9730-1b5868df26f9", "endpoint": "/intervet2", "timestamp": "2025-05-14T11:19:30.640563", "file_type": "docx", "message": "Custom metric: file_type=docx"}
{"event": "custom_metric", "session_id": "fdcc6a06-1d35-4da6-90db-2786ce5844e3", "request_id": "466d945d-c6b2-4f8c-9730-1b5868df26f9", "endpoint": "/intervet2", "timestamp": "2025-05-14T11:19:30.640563", "file_size_bytes": 17398, "message": "Custom metric: file_size_bytes=17398"}
{"event": "custom_metric", "session_id": "fdcc6a06-1d35-4da6-90db-2786ce5844e3", "request_id": "466d945d-c6b2-4f8c-9730-1b5868df26f9", "endpoint": "/intervet2", "timestamp": "2025-05-14T11:19:30.640563", "extraction_method": "docx_text", "message": "Custom metric: extraction_method=docx_text"}
{"event": "custom_metric", "session_id": "fdcc6a06-1d35-4da6-90db-2786ce5844e3", "request_id": "466d945d-c6b2-4f8c-9730-1b5868df26f9", "endpoint": "/intervet2", "timestamp": "2025-05-14T11:19:30.640563", "extracted_text_length": 3404, "message": "Custom metric: extracted_text_length=3404"}
{"event": "custom_metric", "session_id": "fdcc6a06-1d35-4da6-90db-2786ce5844e3", "request_id": "466d945d-c6b2-4f8c-9730-1b5868df26f9", "endpoint": "/intervet2", "timestamp": "2025-05-14T11:19:30.640563", "file_processing_time": 0.011999130249023438, "message": "Custom metric: file_processing_time=0.011999130249023438"}
{"event": "custom_metric", "session_id": "fdcc6a06-1d35-4da6-90db-2786ce5844e3", "request_id": "466d945d-c6b2-4f8c-9730-1b5868df26f9", "endpoint": "/intervet2", "timestamp": "2025-05-14T11:19:30.641563", "resume_extraction_time": 0.02499985694885254, "message": "Custom metric: resume_extraction_time=0.02499985694885254"}
{"event": "custom_metric", "session_id": "fdcc6a06-1d35-4da6-90db-2786ce5844e3", "request_id": "466d945d-c6b2-4f8c-9730-1b5868df26f9", "endpoint": "/intervet2", "timestamp": "2025-05-14T11:19:30.641563", "jd_extraction_time": 0.011999130249023438, "message": "Custom metric: jd_extraction_time=0.011999130249023438"}
{"event": "custom_metric", "session_id": "fdcc6a06-1d35-4da6-90db-2786ce5844e3", "request_id": "466d945d-c6b2-4f8c-9730-1b5868df26f9", "endpoint": "/intervet2", "timestamp": "2025-05-14T11:19:30.641563", "resume_text_length": 2804, "message": "Custom metric: resume_text_length=2804"}
{"event": "custom_metric", "session_id": "fdcc6a06-1d35-4da6-90db-2786ce5844e3", "request_id": "466d945d-c6b2-4f8c-9730-1b5868df26f9", "endpoint": "/intervet2", "timestamp": "2025-05-14T11:19:30.641563", "jd_text_length": 3404, "message": "Custom metric: jd_text_length=3404"}
{"event": "custom_metric", "session_id": "fdcc6a06-1d35-4da6-90db-2786ce5844e3", "request_id": "466d945d-c6b2-4f8c-9730-1b5868df26f9", "endpoint": "/intervet2", "timestamp": "2025-05-14T11:19:55.975991", "resume_parsing_time": 15.696806907653809, "message": "Custom metric: resume_parsing_time=15.696806907653809"}
{"event": "custom_metric", "session_id": "fdcc6a06-1d35-4da6-90db-2786ce5844e3", "request_id": "466d945d-c6b2-4f8c-9730-1b5868df26f9", "endpoint": "/intervet2", "timestamp": "2025-05-14T11:19:55.975991", "jd_parsing_time": 9.636616706848145, "message": "Custom metric: jd_parsing_time=9.636616706848145"}
{"event": "custom_metric", "session_id": "fdcc6a06-1d35-4da6-90db-2786ce5844e3", "request_id": "466d945d-c6b2-4f8c-9730-1b5868df26f9", "endpoint": "/intervet2", "timestamp": "2025-05-14T11:19:55.976992", "evaluation_time": 0.001001119613647461, "message": "Custom metric: evaluation_time=0.001001119613647461"}
{"event": "custom_metric", "session_id": "fdcc6a06-1d35-4da6-90db-2786ce5844e3", "request_id": "466d945d-c6b2-4f8c-9730-1b5868df26f9", "endpoint": "/intervet2", "timestamp": "2025-05-14T11:19:55.976992", "total_score": 31.227272727272727, "message": "Custom metric: total_score=31.227272727272727"}
{"event": "custom_metric", "session_id": "fdcc6a06-1d35-4da6-90db-2786ce5844e3", "request_id": "466d945d-c6b2-4f8c-9730-1b5868df26f9", "endpoint": "/intervet2", "timestamp": "2025-05-14T11:19:55.976992", "fit_category": "Weak Match", "message": "Custom metric: fit_category=Weak Match"}
{"event": "request_complete", "session_id": "fdcc6a06-1d35-4da6-90db-2786ce5844e3", "request_id": "466d945d-c6b2-4f8c-9730-1b5868df26f9", "endpoint": "/intervet2", "timestamp": "2025-05-14T11:19:55.977994", "total_time_seconds": 25.379528284072876, "status_code": 200, "message": "Request completed in 25.3795s with status 200"}
{"event": "request_start", "session_id": "fdcc6a06-1d35-4da6-90db-2786ce5844e3", "request_id": "7327f6ee-0e7f-4afd-b1da-63b3e091380b", "endpoint": "/resume", "timestamp": "2025-05-14T11:22:47.529084", "message": "Request started for endpoint: /resume"}
{"event": "custom_metric", "session_id": "fdcc6a06-1d35-4da6-90db-2786ce5844e3", "request_id": "7327f6ee-0e7f-4afd-b1da-63b3e091380b", "endpoint": "resume", "timestamp": "2025-05-14T11:22:47.530082", "message": "Custom metric: endpoint=resume"}
{"event": "custom_metric", "session_id": "fdcc6a06-1d35-4da6-90db-2786ce5844e3", "request_id": "7327f6ee-0e7f-4afd-b1da-63b3e091380b", "endpoint": "/resume", "timestamp": "2025-05-14T11:22:47.531079", "file_name": "Zahan_Resume.pdf", "message": "Custom metric: file_name=Zahan_Resume.pdf"}
{"event": "custom_metric", "session_id": "fdcc6a06-1d35-4da6-90db-2786ce5844e3", "request_id": "7327f6ee-0e7f-4afd-b1da-63b3e091380b", "endpoint": "/resume", "timestamp": "2025-05-14T11:22:47.531079", "file_type": "pdf", "message": "Custom metric: file_type=pdf"}
{"event": "custom_metric", "session_id": "fdcc6a06-1d35-4da6-90db-2786ce5844e3", "request_id": "7327f6ee-0e7f-4afd-b1da-63b3e091380b", "endpoint": "/resume", "timestamp": "2025-05-14T11:22:47.532079", "file_size": 60820, "message": "Custom metric: file_size=60820"}
{"event": "custom_metric", "session_id": "fdcc6a06-1d35-4da6-90db-2786ce5844e3", "request_id": "7327f6ee-0e7f-4afd-b1da-63b3e091380b", "endpoint": "/resume", "timestamp": "2025-05-14T11:22:47.568354", "file_type": "pdf", "message": "Custom metric: file_type=pdf"}
{"event": "custom_metric", "session_id": "fdcc6a06-1d35-4da6-90db-2786ce5844e3", "request_id": "7327f6ee-0e7f-4afd-b1da-63b3e091380b", "endpoint": "/resume", "timestamp": "2025-05-14T11:22:47.568354", "file_size_bytes": 60820, "message": "Custom metric: file_size_bytes=60820"}
{"event": "custom_metric", "session_id": "fdcc6a06-1d35-4da6-90db-2786ce5844e3", "request_id": "7327f6ee-0e7f-4afd-b1da-63b3e091380b", "endpoint": "/resume", "timestamp": "2025-05-14T11:22:47.568354", "extraction_method": "pdf_text", "message": "Custom metric: extraction_method=pdf_text"}
{"event": "custom_metric", "session_id": "fdcc6a06-1d35-4da6-90db-2786ce5844e3", "request_id": "7327f6ee-0e7f-4afd-b1da-63b3e091380b", "endpoint": "/resume", "timestamp": "2025-05-14T11:22:47.568354", "extracted_text_length": 2804, "message": "Custom metric: extracted_text_length=2804"}
{"event": "custom_metric", "session_id": "fdcc6a06-1d35-4da6-90db-2786ce5844e3", "request_id": "7327f6ee-0e7f-4afd-b1da-63b3e091380b", "endpoint": "/resume", "timestamp": "2025-05-14T11:22:47.568354", "file_processing_time": 0.03627467155456543, "message": "Custom metric: file_processing_time=0.03627467155456543"}
{"event": "custom_metric", "session_id": "fdcc6a06-1d35-4da6-90db-2786ce5844e3", "request_id": "7327f6ee-0e7f-4afd-b1da-63b3e091380b", "endpoint": "/resume", "timestamp": "2025-05-14T11:22:47.568354", "text_extraction_time": 0.03627467155456543, "message": "Custom metric: text_extraction_time=0.03627467155456543"}
{"event": "custom_metric", "session_id": "fdcc6a06-1d35-4da6-90db-2786ce5844e3", "request_id": "7327f6ee-0e7f-4afd-b1da-63b3e091380b", "endpoint": "/resume", "timestamp": "2025-05-14T11:22:47.568354", "extracted_text_length": 2804, "message": "Custom metric: extracted_text_length=2804"}
{"event": "custom_metric", "session_id": "fdcc6a06-1d35-4da6-90db-2786ce5844e3", "request_id": "7327f6ee-0e7f-4afd-b1da-63b3e091380b", "endpoint": "/resume", "timestamp": "2025-05-14T11:23:01.794079", "parsing_time": 14.224709272384644, "message": "Custom metric: parsing_time=14.224709272384644"}
{"event": "custom_metric", "session_id": "fdcc6a06-1d35-4da6-90db-2786ce5844e3", "request_id": "7327f6ee-0e7f-4afd-b1da-63b3e091380b", "endpoint": "/resume", "timestamp": "2025-05-14T11:23:01.794079", "confidence_score": 0.76, "message": "Custom metric: confidence_score=0.76"}
{"event": "custom_metric", "session_id": "fdcc6a06-1d35-4da6-90db-2786ce5844e3", "request_id": "7327f6ee-0e7f-4afd-b1da-63b3e091380b", "endpoint": "/resume", "timestamp": "2025-05-14T11:23:01.794079", "fields_extracted": 18, "message": "Custom metric: fields_extracted=18"}
{"event": "custom_metric", "session_id": "fdcc6a06-1d35-4da6-90db-2786ce5844e3", "request_id": "7327f6ee-0e7f-4afd-b1da-63b3e091380b", "endpoint": "/resume", "timestamp": "2025-05-14T11:23:01.794625", "skills_count": 21, "message": "Custom metric: skills_count=21"}
{"event": "custom_metric", "session_id": "fdcc6a06-1d35-4da6-90db-2786ce5844e3", "request_id": "7327f6ee-0e7f-4afd-b1da-63b3e091380b", "endpoint": "/resume", "timestamp": "2025-05-14T11:23:01.794625", "education_count": 1, "message": "Custom metric: education_count=1"}
{"event": "custom_metric", "session_id": "fdcc6a06-1d35-4da6-90db-2786ce5844e3", "request_id": "7327f6ee-0e7f-4afd-b1da-63b3e091380b", "endpoint": "/resume", "timestamp": "2025-05-14T11:23:01.794625", "experience_count": 2, "message": "Custom metric: experience_count=2"}
{"event": "custom_metric", "session_id": "fdcc6a06-1d35-4da6-90db-2786ce5844e3", "request_id": "7327f6ee-0e7f-4afd-b1da-63b3e091380b", "endpoint": "/resume", "timestamp": "2025-05-14T11:23:01.794625", "total_processing_time": 14.260983943939209, "message": "Custom metric: total_processing_time=14.260983943939209"}
{"event": "request_complete", "session_id": "fdcc6a06-1d35-4da6-90db-2786ce5844e3", "request_id": "7327f6ee-0e7f-4afd-b1da-63b3e091380b", "endpoint": "/resume", "timestamp": "2025-05-14T11:23:01.804066", "total_time_seconds": 14.274981498718262, "status_code": 200, "message": "Request completed in 14.2750s with status 200"}
{"event": "session_end", "session_id": "fdcc6a06-1d35-4da6-90db-2786ce5844e3", "timestamp": "2025-05-14T11:27:18.420602", "message": "API session ended"}
