{"event": "session_start", "session_id": "c7894eb7-a747-4da1-bf6d-a3d4ac3fc257", "timestamp": "2025-05-22T22:44:56.555144", "message": "New API session started"}
{"event": "request_start", "session_id": "c7894eb7-a747-4da1-bf6d-a3d4ac3fc257", "request_id": "20e194a8-7d04-42c3-af79-3dee9ab1536f", "endpoint": "/", "timestamp": "2025-05-22T22:44:58.409942", "message": "Request started for endpoint: /"}
{"event": "request_complete", "session_id": "c7894eb7-a747-4da1-bf6d-a3d4ac3fc257", "request_id": "20e194a8-7d04-42c3-af79-3dee9ab1536f", "endpoint": "/", "timestamp": "2025-05-22T22:44:58.410942", "total_time_seconds": 0.0010001659393310547, "status_code": 200, "message": "Request completed in 0.0010s with status 200"}
{"event": "request_start", "session_id": "c7894eb7-a747-4da1-bf6d-a3d4ac3fc257", "request_id": "903a5afe-b563-4511-b2ad-fe3e3d834cfe", "endpoint": "/docs", "timestamp": "2025-05-22T22:45:01.186239", "message": "Request started for endpoint: /docs"}
{"event": "request_complete", "session_id": "c7894eb7-a747-4da1-bf6d-a3d4ac3fc257", "request_id": "903a5afe-b563-4511-b2ad-fe3e3d834cfe", "endpoint": "/docs", "timestamp": "2025-05-22T22:45:01.187247", "total_time_seconds": 0.0010080337524414062, "status_code": 200, "message": "Request completed in 0.0010s with status 200"}
{"event": "request_start", "session_id": "c7894eb7-a747-4da1-bf6d-a3d4ac3fc257", "request_id": "2ae282df-721c-411b-9989-e5cee166d8b1", "endpoint": "/openapi.json", "timestamp": "2025-05-22T22:45:01.271871", "message": "Request started for endpoint: /openapi.json"}
{"event": "request_complete", "session_id": "c7894eb7-a747-4da1-bf6d-a3d4ac3fc257", "request_id": "2ae282df-721c-411b-9989-e5cee166d8b1", "endpoint": "/openapi.json", "timestamp": "2025-05-22T22:45:01.278869", "total_time_seconds": 0.006997585296630859, "status_code": 200, "message": "Request completed in 0.0070s with status 200"}
{"event": "request_start", "session_id": "c7894eb7-a747-4da1-bf6d-a3d4ac3fc257", "request_id": "db3e68e1-4efc-45c6-91f7-963c3144a365", "endpoint": "/resume", "timestamp": "2025-05-22T22:45:17.812749", "message": "Request started for endpoint: /resume"}
{"event": "custom_metric", "session_id": "c7894eb7-a747-4da1-bf6d-a3d4ac3fc257", "request_id": "db3e68e1-4efc-45c6-91f7-963c3144a365", "endpoint": "resume", "timestamp": "2025-05-22T22:45:17.813747", "message": "Custom metric: endpoint=resume"}
{"event": "custom_metric", "session_id": "c7894eb7-a747-4da1-bf6d-a3d4ac3fc257", "request_id": "db3e68e1-4efc-45c6-91f7-963c3144a365", "endpoint": "/resume", "timestamp": "2025-05-22T22:45:17.814750", "file_name": "Resume-Raman Luhach.pdf", "message": "Custom metric: file_name=Resume-Raman Luhach.pdf"}
{"event": "custom_metric", "session_id": "c7894eb7-a747-4da1-bf6d-a3d4ac3fc257", "request_id": "db3e68e1-4efc-45c6-91f7-963c3144a365", "endpoint": "/resume", "timestamp": "2025-05-22T22:45:17.814750", "file_type": "pdf", "message": "Custom metric: file_type=pdf"}
{"event": "custom_metric", "session_id": "c7894eb7-a747-4da1-bf6d-a3d4ac3fc257", "request_id": "db3e68e1-4efc-45c6-91f7-963c3144a365", "endpoint": "/resume", "timestamp": "2025-05-22T22:45:17.816748", "file_size": 73845, "message": "Custom metric: file_size=73845"}
{"event": "custom_metric", "session_id": "c7894eb7-a747-4da1-bf6d-a3d4ac3fc257", "request_id": "db3e68e1-4efc-45c6-91f7-963c3144a365", "endpoint": "/resume", "timestamp": "2025-05-22T22:45:17.835746", "file_type": "pdf", "message": "Custom metric: file_type=pdf"}
{"event": "custom_metric", "session_id": "c7894eb7-a747-4da1-bf6d-a3d4ac3fc257", "request_id": "db3e68e1-4efc-45c6-91f7-963c3144a365", "endpoint": "/resume", "timestamp": "2025-05-22T22:45:17.835746", "file_size_bytes": 73845, "message": "Custom metric: file_size_bytes=73845"}
{"event": "custom_metric", "session_id": "c7894eb7-a747-4da1-bf6d-a3d4ac3fc257", "request_id": "db3e68e1-4efc-45c6-91f7-963c3144a365", "endpoint": "/resume", "timestamp": "2025-05-22T22:45:17.836746", "extraction_method": "pdf_text", "message": "Custom metric: extraction_method=pdf_text"}
{"event": "custom_metric", "session_id": "c7894eb7-a747-4da1-bf6d-a3d4ac3fc257", "request_id": "db3e68e1-4efc-45c6-91f7-963c3144a365", "endpoint": "/resume", "timestamp": "2025-05-22T22:45:17.836746", "extracted_text_length": 2214, "message": "Custom metric: extracted_text_length=2214"}
{"event": "custom_metric", "session_id": "c7894eb7-a747-4da1-bf6d-a3d4ac3fc257", "request_id": "db3e68e1-4efc-45c6-91f7-963c3144a365", "endpoint": "/resume", "timestamp": "2025-05-22T22:45:17.836746", "file_processing_time": 0.018997907638549805, "message": "Custom metric: file_processing_time=0.018997907638549805"}
{"event": "custom_metric", "session_id": "c7894eb7-a747-4da1-bf6d-a3d4ac3fc257", "request_id": "db3e68e1-4efc-45c6-91f7-963c3144a365", "endpoint": "/resume", "timestamp": "2025-05-22T22:45:17.836746", "text_extraction_time": 0.019997835159301758, "message": "Custom metric: text_extraction_time=0.019997835159301758"}
{"event": "custom_metric", "session_id": "c7894eb7-a747-4da1-bf6d-a3d4ac3fc257", "request_id": "db3e68e1-4efc-45c6-91f7-963c3144a365", "endpoint": "/resume", "timestamp": "2025-05-22T22:45:17.836746", "extracted_text_length": 2214, "message": "Custom metric: extracted_text_length=2214"}
{"event": "custom_metric", "session_id": "c7894eb7-a747-4da1-bf6d-a3d4ac3fc257", "request_id": "db3e68e1-4efc-45c6-91f7-963c3144a365", "endpoint": "/resume", "timestamp": "2025-05-22T22:45:50.265209", "parsing_time": 32.42746329307556, "message": "Custom metric: parsing_time=32.42746329307556"}
{"event": "custom_metric", "session_id": "c7894eb7-a747-4da1-bf6d-a3d4ac3fc257", "request_id": "db3e68e1-4efc-45c6-91f7-963c3144a365", "endpoint": "/resume", "timestamp": "2025-05-22T22:45:50.265209", "confidence_score": 0.46, "message": "Custom metric: confidence_score=0.46"}
{"event": "custom_metric", "session_id": "c7894eb7-a747-4da1-bf6d-a3d4ac3fc257", "request_id": "db3e68e1-4efc-45c6-91f7-963c3144a365", "endpoint": "/resume", "timestamp": "2025-05-22T22:45:50.265209", "fields_extracted": 21, "message": "Custom metric: fields_extracted=21"}
{"event": "custom_metric", "session_id": "c7894eb7-a747-4da1-bf6d-a3d4ac3fc257", "request_id": "db3e68e1-4efc-45c6-91f7-963c3144a365", "endpoint": "/resume", "timestamp": "2025-05-22T22:45:50.265209", "skills_count": 0, "message": "Custom metric: skills_count=0"}
{"event": "custom_metric", "session_id": "c7894eb7-a747-4da1-bf6d-a3d4ac3fc257", "request_id": "db3e68e1-4efc-45c6-91f7-963c3144a365", "endpoint": "/resume", "timestamp": "2025-05-22T22:45:50.266208", "education_count": 0, "message": "Custom metric: education_count=0"}
{"event": "custom_metric", "session_id": "c7894eb7-a747-4da1-bf6d-a3d4ac3fc257", "request_id": "db3e68e1-4efc-45c6-91f7-963c3144a365", "endpoint": "/resume", "timestamp": "2025-05-22T22:45:50.266208", "experience_count": 0, "message": "Custom metric: experience_count=0"}
{"event": "custom_metric", "session_id": "c7894eb7-a747-4da1-bf6d-a3d4ac3fc257", "request_id": "db3e68e1-4efc-45c6-91f7-963c3144a365", "endpoint": "/resume", "timestamp": "2025-05-22T22:45:50.266208", "total_processing_time": 32.44746112823486, "message": "Custom metric: total_processing_time=32.44746112823486"}
{"event": "request_complete", "session_id": "c7894eb7-a747-4da1-bf6d-a3d4ac3fc257", "request_id": "db3e68e1-4efc-45c6-91f7-963c3144a365", "endpoint": "/resume", "timestamp": "2025-05-22T22:45:50.266208", "total_time_seconds": 32.4534592628479, "status_code": 200, "message": "Request completed in 32.4535s with status 200"}
{"event": "session_end", "session_id": "c7894eb7-a747-4da1-bf6d-a3d4ac3fc257", "timestamp": "2025-05-22T22:49:56.135549", "message": "API session ended"}
