{"event": "session_start", "session_id": "c6dc8a4c-0fb1-4126-a7b8-ade3023529bb", "timestamp": "2025-05-26T16:43:14.118940", "message": "New API session started"}
{"event": "request_start", "session_id": "c6dc8a4c-0fb1-4126-a7b8-ade3023529bb", "request_id": "f5e69686-2e27-403a-a05d-4090998cf08c", "endpoint": "/resume", "timestamp": "2025-05-26T16:43:17.612486", "message": "Request started for endpoint: /resume"}
{"event": "custom_metric", "session_id": "c6dc8a4c-0fb1-4126-a7b8-ade3023529bb", "request_id": "f5e69686-2e27-403a-a05d-4090998cf08c", "endpoint": "resume", "timestamp": "2025-05-26T16:43:17.613488", "message": "Custom metric: endpoint=resume"}
{"event": "custom_metric", "session_id": "c6dc8a4c-0fb1-4126-a7b8-ade3023529bb", "request_id": "f5e69686-2e27-403a-a05d-4090998cf08c", "endpoint": "/resume", "timestamp": "2025-05-26T16:43:17.614487", "file_name": "Resume-Raman Luhach.pdf", "message": "Custom metric: file_name=Resume-Raman Luhach.pdf"}
{"event": "custom_metric", "session_id": "c6dc8a4c-0fb1-4126-a7b8-ade3023529bb", "request_id": "f5e69686-2e27-403a-a05d-4090998cf08c", "endpoint": "/resume", "timestamp": "2025-05-26T16:43:17.614487", "file_type": "pdf", "message": "Custom metric: file_type=pdf"}
{"event": "custom_metric", "session_id": "c6dc8a4c-0fb1-4126-a7b8-ade3023529bb", "request_id": "f5e69686-2e27-403a-a05d-4090998cf08c", "endpoint": "/resume", "timestamp": "2025-05-26T16:43:17.615488", "file_size": 73845, "message": "Custom metric: file_size=73845"}
{"event": "custom_metric", "session_id": "c6dc8a4c-0fb1-4126-a7b8-ade3023529bb", "request_id": "f5e69686-2e27-403a-a05d-4090998cf08c", "endpoint": "/resume", "timestamp": "2025-05-26T16:43:17.628490", "file_type": "pdf", "message": "Custom metric: file_type=pdf"}
{"event": "custom_metric", "session_id": "c6dc8a4c-0fb1-4126-a7b8-ade3023529bb", "request_id": "f5e69686-2e27-403a-a05d-4090998cf08c", "endpoint": "/resume", "timestamp": "2025-05-26T16:43:17.628490", "file_size_bytes": 73845, "message": "Custom metric: file_size_bytes=73845"}
{"event": "custom_metric", "session_id": "c6dc8a4c-0fb1-4126-a7b8-ade3023529bb", "request_id": "f5e69686-2e27-403a-a05d-4090998cf08c", "endpoint": "/resume", "timestamp": "2025-05-26T16:43:17.629490", "extraction_method": "pdf_text", "message": "Custom metric: extraction_method=pdf_text"}
{"event": "custom_metric", "session_id": "c6dc8a4c-0fb1-4126-a7b8-ade3023529bb", "request_id": "f5e69686-2e27-403a-a05d-4090998cf08c", "endpoint": "/resume", "timestamp": "2025-05-26T16:43:17.629490", "extracted_text_length": 2214, "message": "Custom metric: extracted_text_length=2214"}
{"event": "custom_metric", "session_id": "c6dc8a4c-0fb1-4126-a7b8-ade3023529bb", "request_id": "f5e69686-2e27-403a-a05d-4090998cf08c", "endpoint": "/resume", "timestamp": "2025-05-26T16:43:17.629490", "file_processing_time": 0.012004613876342773, "message": "Custom metric: file_processing_time=0.012004613876342773"}
{"event": "custom_metric", "session_id": "c6dc8a4c-0fb1-4126-a7b8-ade3023529bb", "request_id": "f5e69686-2e27-403a-a05d-4090998cf08c", "endpoint": "/resume", "timestamp": "2025-05-26T16:43:17.629490", "text_extraction_time": 0.013004779815673828, "message": "Custom metric: text_extraction_time=0.013004779815673828"}
{"event": "custom_metric", "session_id": "c6dc8a4c-0fb1-4126-a7b8-ade3023529bb", "request_id": "f5e69686-2e27-403a-a05d-4090998cf08c", "endpoint": "/resume", "timestamp": "2025-05-26T16:43:17.629490", "extracted_text_length": 2214, "message": "Custom metric: extracted_text_length=2214"}
{"event": "custom_metric", "session_id": "c6dc8a4c-0fb1-4126-a7b8-ade3023529bb", "request_id": "f5e69686-2e27-403a-a05d-4090998cf08c", "endpoint": "/resume", "timestamp": "2025-05-26T16:43:17.630491", "parsing_time": 0.001001119613647461, "message": "Custom metric: parsing_time=0.001001119613647461"}
{"event": "custom_metric", "session_id": "c6dc8a4c-0fb1-4126-a7b8-ade3023529bb", "request_id": "f5e69686-2e27-403a-a05d-4090998cf08c", "endpoint": "/resume", "timestamp": "2025-05-26T16:43:17.630491", "confidence_score": 0.44, "message": "Custom metric: confidence_score=0.44"}
{"event": "custom_metric", "session_id": "c6dc8a4c-0fb1-4126-a7b8-ade3023529bb", "request_id": "f5e69686-2e27-403a-a05d-4090998cf08c", "endpoint": "/resume", "timestamp": "2025-05-26T16:43:17.630491", "fields_extracted": 20, "message": "Custom metric: fields_extracted=20"}
{"event": "custom_metric", "session_id": "c6dc8a4c-0fb1-4126-a7b8-ade3023529bb", "request_id": "f5e69686-2e27-403a-a05d-4090998cf08c", "endpoint": "/resume", "timestamp": "2025-05-26T16:43:17.630491", "skills_count": 0, "message": "Custom metric: skills_count=0"}
{"event": "custom_metric", "session_id": "c6dc8a4c-0fb1-4126-a7b8-ade3023529bb", "request_id": "f5e69686-2e27-403a-a05d-4090998cf08c", "endpoint": "/resume", "timestamp": "2025-05-26T16:43:17.630491", "education_count": 0, "message": "Custom metric: education_count=0"}
{"event": "custom_metric", "session_id": "c6dc8a4c-0fb1-4126-a7b8-ade3023529bb", "request_id": "f5e69686-2e27-403a-a05d-4090998cf08c", "endpoint": "/resume", "timestamp": "2025-05-26T16:43:17.630491", "experience_count": 0, "message": "Custom metric: experience_count=0"}
{"event": "custom_metric", "session_id": "c6dc8a4c-0fb1-4126-a7b8-ade3023529bb", "request_id": "f5e69686-2e27-403a-a05d-4090998cf08c", "endpoint": "/resume", "timestamp": "2025-05-26T16:43:17.630491", "total_processing_time": 0.014005899429321289, "message": "Custom metric: total_processing_time=0.014005899429321289"}
{"event": "request_complete", "session_id": "c6dc8a4c-0fb1-4126-a7b8-ade3023529bb", "request_id": "f5e69686-2e27-403a-a05d-4090998cf08c", "endpoint": "/resume", "timestamp": "2025-05-26T16:43:17.631491", "total_time_seconds": 0.019004344940185547, "status_code": 200, "message": "Request completed in 0.0190s with status 200"}
{"event": "request_start", "session_id": "c6dc8a4c-0fb1-4126-a7b8-ade3023529bb", "request_id": "df3a9b79-ecfc-4d1a-b480-2d08374ce66e", "endpoint": "/docs", "timestamp": "2025-05-26T16:43:25.510341", "message": "Request started for endpoint: /docs"}
{"event": "request_complete", "session_id": "c6dc8a4c-0fb1-4126-a7b8-ade3023529bb", "request_id": "df3a9b79-ecfc-4d1a-b480-2d08374ce66e", "endpoint": "/docs", "timestamp": "2025-05-26T16:43:25.511337", "total_time_seconds": 0.0009958744049072266, "status_code": 200, "message": "Request completed in 0.0010s with status 200"}
{"event": "request_start", "session_id": "c6dc8a4c-0fb1-4126-a7b8-ade3023529bb", "request_id": "7988ef42-63c8-4176-a93b-9cd29f8d3523", "endpoint": "/openapi.json", "timestamp": "2025-05-26T16:43:25.629067", "message": "Request started for endpoint: /openapi.json"}
{"event": "request_complete", "session_id": "c6dc8a4c-0fb1-4126-a7b8-ade3023529bb", "request_id": "7988ef42-63c8-4176-a93b-9cd29f8d3523", "endpoint": "/openapi.json", "timestamp": "2025-05-26T16:43:25.643076", "total_time_seconds": 0.014008522033691406, "status_code": 200, "message": "Request completed in 0.0140s with status 200"}
{"event": "request_start", "session_id": "c6dc8a4c-0fb1-4126-a7b8-ade3023529bb", "request_id": "6528f685-7cb0-45ef-bd46-46a4ecff2cf4", "endpoint": "/resume", "timestamp": "2025-05-26T16:43:34.905366", "message": "Request started for endpoint: /resume"}
{"event": "custom_metric", "session_id": "c6dc8a4c-0fb1-4126-a7b8-ade3023529bb", "request_id": "6528f685-7cb0-45ef-bd46-46a4ecff2cf4", "endpoint": "resume", "timestamp": "2025-05-26T16:43:34.906866", "message": "Custom metric: endpoint=resume"}
{"event": "custom_metric", "session_id": "c6dc8a4c-0fb1-4126-a7b8-ade3023529bb", "request_id": "6528f685-7cb0-45ef-bd46-46a4ecff2cf4", "endpoint": "/resume", "timestamp": "2025-05-26T16:43:34.907882", "file_name": "Resume-Raman Luhach.pdf", "message": "Custom metric: file_name=Resume-Raman Luhach.pdf"}
{"event": "custom_metric", "session_id": "c6dc8a4c-0fb1-4126-a7b8-ade3023529bb", "request_id": "6528f685-7cb0-45ef-bd46-46a4ecff2cf4", "endpoint": "/resume", "timestamp": "2025-05-26T16:43:34.908881", "file_type": "pdf", "message": "Custom metric: file_type=pdf"}
{"event": "custom_metric", "session_id": "c6dc8a4c-0fb1-4126-a7b8-ade3023529bb", "request_id": "6528f685-7cb0-45ef-bd46-46a4ecff2cf4", "endpoint": "/resume", "timestamp": "2025-05-26T16:43:34.908881", "file_size": 73845, "message": "Custom metric: file_size=73845"}
{"event": "custom_metric", "session_id": "c6dc8a4c-0fb1-4126-a7b8-ade3023529bb", "request_id": "6528f685-7cb0-45ef-bd46-46a4ecff2cf4", "endpoint": "/resume", "timestamp": "2025-05-26T16:43:34.920176", "file_type": "pdf", "message": "Custom metric: file_type=pdf"}
{"event": "custom_metric", "session_id": "c6dc8a4c-0fb1-4126-a7b8-ade3023529bb", "request_id": "6528f685-7cb0-45ef-bd46-46a4ecff2cf4", "endpoint": "/resume", "timestamp": "2025-05-26T16:43:34.920176", "file_size_bytes": 73845, "message": "Custom metric: file_size_bytes=73845"}
{"event": "custom_metric", "session_id": "c6dc8a4c-0fb1-4126-a7b8-ade3023529bb", "request_id": "6528f685-7cb0-45ef-bd46-46a4ecff2cf4", "endpoint": "/resume", "timestamp": "2025-05-26T16:43:34.920176", "extraction_method": "pdf_text", "message": "Custom metric: extraction_method=pdf_text"}
{"event": "custom_metric", "session_id": "c6dc8a4c-0fb1-4126-a7b8-ade3023529bb", "request_id": "6528f685-7cb0-45ef-bd46-46a4ecff2cf4", "endpoint": "/resume", "timestamp": "2025-05-26T16:43:34.920176", "extracted_text_length": 2214, "message": "Custom metric: extracted_text_length=2214"}
{"event": "custom_metric", "session_id": "c6dc8a4c-0fb1-4126-a7b8-ade3023529bb", "request_id": "6528f685-7cb0-45ef-bd46-46a4ecff2cf4", "endpoint": "/resume", "timestamp": "2025-05-26T16:43:34.920176", "file_processing_time": 0.011295080184936523, "message": "Custom metric: file_processing_time=0.011295080184936523"}
{"event": "custom_metric", "session_id": "c6dc8a4c-0fb1-4126-a7b8-ade3023529bb", "request_id": "6528f685-7cb0-45ef-bd46-46a4ecff2cf4", "endpoint": "/resume", "timestamp": "2025-05-26T16:43:34.921181", "text_extraction_time": 0.01230001449584961, "message": "Custom metric: text_extraction_time=0.01230001449584961"}
{"event": "custom_metric", "session_id": "c6dc8a4c-0fb1-4126-a7b8-ade3023529bb", "request_id": "6528f685-7cb0-45ef-bd46-46a4ecff2cf4", "endpoint": "/resume", "timestamp": "2025-05-26T16:43:34.921181", "extracted_text_length": 2214, "message": "Custom metric: extracted_text_length=2214"}
{"event": "custom_metric", "session_id": "c6dc8a4c-0fb1-4126-a7b8-ade3023529bb", "request_id": "6528f685-7cb0-45ef-bd46-46a4ecff2cf4", "endpoint": "/resume", "timestamp": "2025-05-26T16:43:34.921181", "parsing_time": 0.0, "message": "Custom metric: parsing_time=0.0"}
{"event": "custom_metric", "session_id": "c6dc8a4c-0fb1-4126-a7b8-ade3023529bb", "request_id": "6528f685-7cb0-45ef-bd46-46a4ecff2cf4", "endpoint": "/resume", "timestamp": "2025-05-26T16:43:34.922174", "confidence_score": 0.44, "message": "Custom metric: confidence_score=0.44"}
{"event": "custom_metric", "session_id": "c6dc8a4c-0fb1-4126-a7b8-ade3023529bb", "request_id": "6528f685-7cb0-45ef-bd46-46a4ecff2cf4", "endpoint": "/resume", "timestamp": "2025-05-26T16:43:34.922174", "fields_extracted": 20, "message": "Custom metric: fields_extracted=20"}
{"event": "custom_metric", "session_id": "c6dc8a4c-0fb1-4126-a7b8-ade3023529bb", "request_id": "6528f685-7cb0-45ef-bd46-46a4ecff2cf4", "endpoint": "/resume", "timestamp": "2025-05-26T16:43:34.922174", "skills_count": 0, "message": "Custom metric: skills_count=0"}
{"event": "custom_metric", "session_id": "c6dc8a4c-0fb1-4126-a7b8-ade3023529bb", "request_id": "6528f685-7cb0-45ef-bd46-46a4ecff2cf4", "endpoint": "/resume", "timestamp": "2025-05-26T16:43:34.922174", "education_count": 0, "message": "Custom metric: education_count=0"}
{"event": "custom_metric", "session_id": "c6dc8a4c-0fb1-4126-a7b8-ade3023529bb", "request_id": "6528f685-7cb0-45ef-bd46-46a4ecff2cf4", "endpoint": "/resume", "timestamp": "2025-05-26T16:43:34.922174", "experience_count": 0, "message": "Custom metric: experience_count=0"}
{"event": "custom_metric", "session_id": "c6dc8a4c-0fb1-4126-a7b8-ade3023529bb", "request_id": "6528f685-7cb0-45ef-bd46-46a4ecff2cf4", "endpoint": "/resume", "timestamp": "2025-05-26T16:43:34.922174", "total_processing_time": 0.01230001449584961, "message": "Custom metric: total_processing_time=0.01230001449584961"}
{"event": "request_complete", "session_id": "c6dc8a4c-0fb1-4126-a7b8-ade3023529bb", "request_id": "6528f685-7cb0-45ef-bd46-46a4ecff2cf4", "endpoint": "/resume", "timestamp": "2025-05-26T16:43:34.923177", "total_time_seconds": 0.017811298370361328, "status_code": 200, "message": "Request completed in 0.0178s with status 200"}
{"event": "request_start", "session_id": "c6dc8a4c-0fb1-4126-a7b8-ade3023529bb", "request_id": "95409c90-63ff-4fd0-807a-5745914ff491", "endpoint": "/docs", "timestamp": "2025-05-26T16:44:22.861547", "message": "Request started for endpoint: /docs"}
{"event": "request_complete", "session_id": "c6dc8a4c-0fb1-4126-a7b8-ade3023529bb", "request_id": "95409c90-63ff-4fd0-807a-5745914ff491", "endpoint": "/docs", "timestamp": "2025-05-26T16:44:22.862555", "total_time_seconds": 0.0010073184967041016, "status_code": 200, "message": "Request completed in 0.0010s with status 200"}
{"event": "session_end", "session_id": "c6dc8a4c-0fb1-4126-a7b8-ade3023529bb", "timestamp": "2025-05-26T16:44:23.015553", "message": "API session ended"}
