{"event": "session_start", "session_id": "d7a5cd48-cd69-4f1b-b1ea-085e272295a3", "timestamp": "2025-05-26T16:53:16.453343", "message": "New API session started"}
{"event": "request_start", "session_id": "d7a5cd48-cd69-4f1b-b1ea-085e272295a3", "request_id": "502bfb81-0614-4271-bc00-8cbc10e6eb8e", "endpoint": "/docs", "timestamp": "2025-05-26T16:53:22.811836", "message": "Request started for endpoint: /docs"}
{"event": "request_complete", "session_id": "d7a5cd48-cd69-4f1b-b1ea-085e272295a3", "request_id": "502bfb81-0614-4271-bc00-8cbc10e6eb8e", "endpoint": "/docs", "timestamp": "2025-05-26T16:53:22.811836", "total_time_seconds": 0.0, "status_code": 200, "message": "Request completed in 0.0000s with status 200"}
{"event": "request_start", "session_id": "d7a5cd48-cd69-4f1b-b1ea-085e272295a3", "request_id": "137d7740-04ec-4abf-9e57-0fa1014976f6", "endpoint": "/openapi.json", "timestamp": "2025-05-26T16:53:22.881993", "message": "Request started for endpoint: /openapi.json"}
{"event": "request_complete", "session_id": "d7a5cd48-cd69-4f1b-b1ea-085e272295a3", "request_id": "137d7740-04ec-4abf-9e57-0fa1014976f6", "endpoint": "/openapi.json", "timestamp": "2025-05-26T16:53:22.890004", "total_time_seconds": 0.008011102676391602, "status_code": 200, "message": "Request completed in 0.0080s with status 200"}
{"event": "request_start", "session_id": "d7a5cd48-cd69-4f1b-b1ea-085e272295a3", "request_id": "ba1e83a7-3b20-4677-86bd-9b8d85251a44", "endpoint": "/resume", "timestamp": "2025-05-26T16:53:30.226189", "message": "Request started for endpoint: /resume"}
{"event": "custom_metric", "session_id": "d7a5cd48-cd69-4f1b-b1ea-085e272295a3", "request_id": "ba1e83a7-3b20-4677-86bd-9b8d85251a44", "endpoint": "resume", "timestamp": "2025-05-26T16:53:30.228188", "message": "Custom metric: endpoint=resume"}
{"event": "custom_metric", "session_id": "d7a5cd48-cd69-4f1b-b1ea-085e272295a3", "request_id": "ba1e83a7-3b20-4677-86bd-9b8d85251a44", "endpoint": "/resume", "timestamp": "2025-05-26T16:53:30.228188", "file_name": "Resume-Raman Luhach.pdf", "message": "Custom metric: file_name=Resume-Raman Luhach.pdf"}
{"event": "custom_metric", "session_id": "d7a5cd48-cd69-4f1b-b1ea-085e272295a3", "request_id": "ba1e83a7-3b20-4677-86bd-9b8d85251a44", "endpoint": "/resume", "timestamp": "2025-05-26T16:53:30.229188", "file_type": "pdf", "message": "Custom metric: file_type=pdf"}
{"event": "custom_metric", "session_id": "d7a5cd48-cd69-4f1b-b1ea-085e272295a3", "request_id": "ba1e83a7-3b20-4677-86bd-9b8d85251a44", "endpoint": "/resume", "timestamp": "2025-05-26T16:53:30.230187", "file_size": 73845, "message": "Custom metric: file_size=73845"}
{"event": "custom_metric", "session_id": "d7a5cd48-cd69-4f1b-b1ea-085e272295a3", "request_id": "ba1e83a7-3b20-4677-86bd-9b8d85251a44", "endpoint": "/resume", "timestamp": "2025-05-26T16:53:30.250422", "file_type": "pdf", "message": "Custom metric: file_type=pdf"}
{"event": "custom_metric", "session_id": "d7a5cd48-cd69-4f1b-b1ea-085e272295a3", "request_id": "ba1e83a7-3b20-4677-86bd-9b8d85251a44", "endpoint": "/resume", "timestamp": "2025-05-26T16:53:30.251423", "file_size_bytes": 73845, "message": "Custom metric: file_size_bytes=73845"}
{"event": "custom_metric", "session_id": "d7a5cd48-cd69-4f1b-b1ea-085e272295a3", "request_id": "ba1e83a7-3b20-4677-86bd-9b8d85251a44", "endpoint": "/resume", "timestamp": "2025-05-26T16:53:30.251423", "extraction_method": "pdf_text", "message": "Custom metric: extraction_method=pdf_text"}
{"event": "custom_metric", "session_id": "d7a5cd48-cd69-4f1b-b1ea-085e272295a3", "request_id": "ba1e83a7-3b20-4677-86bd-9b8d85251a44", "endpoint": "/resume", "timestamp": "2025-05-26T16:53:30.251423", "extracted_text_length": 2214, "message": "Custom metric: extracted_text_length=2214"}
{"event": "custom_metric", "session_id": "d7a5cd48-cd69-4f1b-b1ea-085e272295a3", "request_id": "ba1e83a7-3b20-4677-86bd-9b8d85251a44", "endpoint": "/resume", "timestamp": "2025-05-26T16:53:30.251423", "file_processing_time": 0.020234107971191406, "message": "Custom metric: file_processing_time=0.020234107971191406"}
{"event": "custom_metric", "session_id": "d7a5cd48-cd69-4f1b-b1ea-085e272295a3", "request_id": "ba1e83a7-3b20-4677-86bd-9b8d85251a44", "endpoint": "/resume", "timestamp": "2025-05-26T16:53:30.252428", "text_extraction_time": 0.022240638732910156, "message": "Custom metric: text_extraction_time=0.022240638732910156"}
{"event": "custom_metric", "session_id": "d7a5cd48-cd69-4f1b-b1ea-085e272295a3", "request_id": "ba1e83a7-3b20-4677-86bd-9b8d85251a44", "endpoint": "/resume", "timestamp": "2025-05-26T16:53:30.252428", "extracted_text_length": 2214, "message": "Custom metric: extracted_text_length=2214"}
{"event": "custom_metric", "session_id": "d7a5cd48-cd69-4f1b-b1ea-085e272295a3", "request_id": "ba1e83a7-3b20-4677-86bd-9b8d85251a44", "endpoint": "/resume", "timestamp": "2025-05-26T16:53:48.129781", "parsing_time": 17.877352714538574, "message": "Custom metric: parsing_time=17.877352714538574"}
{"event": "custom_metric", "session_id": "d7a5cd48-cd69-4f1b-b1ea-085e272295a3", "request_id": "ba1e83a7-3b20-4677-86bd-9b8d85251a44", "endpoint": "/resume", "timestamp": "2025-05-26T16:53:48.129781", "confidence_score": 0.4, "message": "Custom metric: confidence_score=0.4"}
{"event": "custom_metric", "session_id": "d7a5cd48-cd69-4f1b-b1ea-085e272295a3", "request_id": "ba1e83a7-3b20-4677-86bd-9b8d85251a44", "endpoint": "/resume", "timestamp": "2025-05-26T16:53:48.129781", "fields_extracted": 19, "message": "Custom metric: fields_extracted=19"}
{"event": "custom_metric", "session_id": "d7a5cd48-cd69-4f1b-b1ea-085e272295a3", "request_id": "ba1e83a7-3b20-4677-86bd-9b8d85251a44", "endpoint": "/resume", "timestamp": "2025-05-26T16:53:48.129781", "skills_count": 0, "message": "Custom metric: skills_count=0"}
{"event": "custom_metric", "session_id": "d7a5cd48-cd69-4f1b-b1ea-085e272295a3", "request_id": "ba1e83a7-3b20-4677-86bd-9b8d85251a44", "endpoint": "/resume", "timestamp": "2025-05-26T16:53:48.129781", "education_count": 3, "message": "Custom metric: education_count=3"}
{"event": "custom_metric", "session_id": "d7a5cd48-cd69-4f1b-b1ea-085e272295a3", "request_id": "ba1e83a7-3b20-4677-86bd-9b8d85251a44", "endpoint": "/resume", "timestamp": "2025-05-26T16:53:48.129781", "experience_count": 0, "message": "Custom metric: experience_count=0"}
{"event": "custom_metric", "session_id": "d7a5cd48-cd69-4f1b-b1ea-085e272295a3", "request_id": "ba1e83a7-3b20-4677-86bd-9b8d85251a44", "endpoint": "/resume", "timestamp": "2025-05-26T16:53:48.130781", "total_processing_time": 17.899593353271484, "message": "Custom metric: total_processing_time=17.899593353271484"}
{"event": "request_complete", "session_id": "d7a5cd48-cd69-4f1b-b1ea-085e272295a3", "request_id": "ba1e83a7-3b20-4677-86bd-9b8d85251a44", "endpoint": "/resume", "timestamp": "2025-05-26T16:53:48.131787", "total_time_seconds": 17.905597925186157, "status_code": 200, "message": "Request completed in 17.9056s with status 200"}
{"event": "session_end", "session_id": "d7a5cd48-cd69-4f1b-b1ea-085e272295a3", "timestamp": "2025-05-26T16:55:17.311015", "message": "API session ended"}
