{"event": "session_start", "session_id": "67c8f843-d168-4148-9c8c-96d5586ee66f", "timestamp": "2025-05-26T16:21:12.837532", "message": "New API session started"}
{"event": "request_start", "session_id": "67c8f843-d168-4148-9c8c-96d5586ee66f", "request_id": "0a856894-e9c0-4a7b-bb04-4f7c63a5a23a", "endpoint": "/", "timestamp": "2025-05-26T16:21:15.096528", "message": "Request started for endpoint: /"}
{"event": "request_complete", "session_id": "67c8f843-d168-4148-9c8c-96d5586ee66f", "request_id": "0a856894-e9c0-4a7b-bb04-4f7c63a5a23a", "endpoint": "/", "timestamp": "2025-05-26T16:21:15.098034", "total_time_seconds": 0.0015065670013427734, "status_code": 200, "message": "Request completed in 0.0015s with status 200"}
{"event": "request_start", "session_id": "67c8f843-d168-4148-9c8c-96d5586ee66f", "request_id": "b15fb56f-dd99-4053-84fe-d741ab4d2ff7", "endpoint": "/favicon.ico", "timestamp": "2025-05-26T16:21:15.152474", "message": "Request started for endpoint: /favicon.ico"}
{"event": "request_complete", "session_id": "67c8f843-d168-4148-9c8c-96d5586ee66f", "request_id": "b15fb56f-dd99-4053-84fe-d741ab4d2ff7", "endpoint": "/favicon.ico", "timestamp": "2025-05-26T16:21:15.154476", "total_time_seconds": 0.0020012855529785156, "status_code": 404, "message": "Request completed in 0.0020s with status 404"}
{"event": "request_start", "session_id": "67c8f843-d168-4148-9c8c-96d5586ee66f", "request_id": "655a0c3c-b391-4fe8-ba0d-3ff47c510857", "endpoint": "/docs", "timestamp": "2025-05-26T16:21:18.458465", "message": "Request started for endpoint: /docs"}
{"event": "request_complete", "session_id": "67c8f843-d168-4148-9c8c-96d5586ee66f", "request_id": "655a0c3c-b391-4fe8-ba0d-3ff47c510857", "endpoint": "/docs", "timestamp": "2025-05-26T16:21:18.458465", "total_time_seconds": 0.0, "status_code": 200, "message": "Request completed in 0.0000s with status 200"}
{"event": "request_start", "session_id": "67c8f843-d168-4148-9c8c-96d5586ee66f", "request_id": "6bdf1c5f-cccf-4799-aedf-73aa3fb8a152", "endpoint": "/openapi.json", "timestamp": "2025-05-26T16:21:18.547000", "message": "Request started for endpoint: /openapi.json"}
{"event": "request_complete", "session_id": "67c8f843-d168-4148-9c8c-96d5586ee66f", "request_id": "6bdf1c5f-cccf-4799-aedf-73aa3fb8a152", "endpoint": "/openapi.json", "timestamp": "2025-05-26T16:21:18.561999", "total_time_seconds": 0.014999151229858398, "status_code": 200, "message": "Request completed in 0.0150s with status 200"}
{"event": "request_start", "session_id": "67c8f843-d168-4148-9c8c-96d5586ee66f", "request_id": "4f6a4866-16b5-4645-bc47-1af4866d61d7", "endpoint": "/resume", "timestamp": "2025-05-26T16:22:33.750642", "message": "Request started for endpoint: /resume"}
{"event": "custom_metric", "session_id": "67c8f843-d168-4148-9c8c-96d5586ee66f", "request_id": "4f6a4866-16b5-4645-bc47-1af4866d61d7", "endpoint": "resume", "timestamp": "2025-05-26T16:22:33.769471", "message": "Custom metric: endpoint=resume"}
{"event": "custom_metric", "session_id": "67c8f843-d168-4148-9c8c-96d5586ee66f", "request_id": "4f6a4866-16b5-4645-bc47-1af4866d61d7", "endpoint": "/resume", "timestamp": "2025-05-26T16:22:33.769471", "file_name": "Resume-Raman Luhach.pdf", "message": "Custom metric: file_name=Resume-Raman Luhach.pdf"}
{"event": "custom_metric", "session_id": "67c8f843-d168-4148-9c8c-96d5586ee66f", "request_id": "4f6a4866-16b5-4645-bc47-1af4866d61d7", "endpoint": "/resume", "timestamp": "2025-05-26T16:22:33.769471", "file_type": "pdf", "message": "Custom metric: file_type=pdf"}
{"event": "custom_metric", "session_id": "67c8f843-d168-4148-9c8c-96d5586ee66f", "request_id": "4f6a4866-16b5-4645-bc47-1af4866d61d7", "endpoint": "/resume", "timestamp": "2025-05-26T16:22:33.771472", "file_size": 73845, "message": "Custom metric: file_size=73845"}
{"event": "custom_metric", "session_id": "67c8f843-d168-4148-9c8c-96d5586ee66f", "request_id": "4f6a4866-16b5-4645-bc47-1af4866d61d7", "endpoint": "/resume", "timestamp": "2025-05-26T16:22:33.793618", "file_type": "pdf", "message": "Custom metric: file_type=pdf"}
{"event": "custom_metric", "session_id": "67c8f843-d168-4148-9c8c-96d5586ee66f", "request_id": "4f6a4866-16b5-4645-bc47-1af4866d61d7", "endpoint": "/resume", "timestamp": "2025-05-26T16:22:33.793618", "file_size_bytes": 73845, "message": "Custom metric: file_size_bytes=73845"}
{"event": "custom_metric", "session_id": "67c8f843-d168-4148-9c8c-96d5586ee66f", "request_id": "4f6a4866-16b5-4645-bc47-1af4866d61d7", "endpoint": "/resume", "timestamp": "2025-05-26T16:22:33.793618", "extraction_method": "pdf_text", "message": "Custom metric: extraction_method=pdf_text"}
{"event": "custom_metric", "session_id": "67c8f843-d168-4148-9c8c-96d5586ee66f", "request_id": "4f6a4866-16b5-4645-bc47-1af4866d61d7", "endpoint": "/resume", "timestamp": "2025-05-26T16:22:33.793618", "extracted_text_length": 2214, "message": "Custom metric: extracted_text_length=2214"}
{"event": "custom_metric", "session_id": "67c8f843-d168-4148-9c8c-96d5586ee66f", "request_id": "4f6a4866-16b5-4645-bc47-1af4866d61d7", "endpoint": "/resume", "timestamp": "2025-05-26T16:22:33.794620", "file_processing_time": 0.022145986557006836, "message": "Custom metric: file_processing_time=0.022145986557006836"}
{"event": "custom_metric", "session_id": "67c8f843-d168-4148-9c8c-96d5586ee66f", "request_id": "4f6a4866-16b5-4645-bc47-1af4866d61d7", "endpoint": "/resume", "timestamp": "2025-05-26T16:22:33.794620", "text_extraction_time": 0.0231478214263916, "message": "Custom metric: text_extraction_time=0.0231478214263916"}
{"event": "custom_metric", "session_id": "67c8f843-d168-4148-9c8c-96d5586ee66f", "request_id": "4f6a4866-16b5-4645-bc47-1af4866d61d7", "endpoint": "/resume", "timestamp": "2025-05-26T16:22:33.794620", "extracted_text_length": 2214, "message": "Custom metric: extracted_text_length=2214"}
{"event": "custom_metric", "session_id": "67c8f843-d168-4148-9c8c-96d5586ee66f", "request_id": "4f6a4866-16b5-4645-bc47-1af4866d61d7", "endpoint": "/resume", "timestamp": "2025-05-26T16:22:49.565985", "parsing_time": 15.77136516571045, "message": "Custom metric: parsing_time=15.77136516571045"}
{"event": "custom_metric", "session_id": "67c8f843-d168-4148-9c8c-96d5586ee66f", "request_id": "4f6a4866-16b5-4645-bc47-1af4866d61d7", "endpoint": "/resume", "timestamp": "2025-05-26T16:22:49.566525", "confidence_score": 0.55, "message": "Custom metric: confidence_score=0.55"}
{"event": "custom_metric", "session_id": "67c8f843-d168-4148-9c8c-96d5586ee66f", "request_id": "4f6a4866-16b5-4645-bc47-1af4866d61d7", "endpoint": "/resume", "timestamp": "2025-05-26T16:22:49.566525", "fields_extracted": 20, "message": "Custom metric: fields_extracted=20"}
{"event": "custom_metric", "session_id": "67c8f843-d168-4148-9c8c-96d5586ee66f", "request_id": "4f6a4866-16b5-4645-bc47-1af4866d61d7", "endpoint": "/resume", "timestamp": "2025-05-26T16:22:49.567055", "skills_count": 12, "message": "Custom metric: skills_count=12"}
{"event": "custom_metric", "session_id": "67c8f843-d168-4148-9c8c-96d5586ee66f", "request_id": "4f6a4866-16b5-4645-bc47-1af4866d61d7", "endpoint": "/resume", "timestamp": "2025-05-26T16:22:49.567055", "education_count": 3, "message": "Custom metric: education_count=3"}
{"event": "custom_metric", "session_id": "67c8f843-d168-4148-9c8c-96d5586ee66f", "request_id": "4f6a4866-16b5-4645-bc47-1af4866d61d7", "endpoint": "/resume", "timestamp": "2025-05-26T16:22:49.567055", "experience_count": 0, "message": "Custom metric: experience_count=0"}
{"event": "custom_metric", "session_id": "67c8f843-d168-4148-9c8c-96d5586ee66f", "request_id": "4f6a4866-16b5-4645-bc47-1af4866d61d7", "endpoint": "/resume", "timestamp": "2025-05-26T16:22:49.567055", "total_processing_time": 15.79451298713684, "message": "Custom metric: total_processing_time=15.79451298713684"}
{"event": "request_complete", "session_id": "67c8f843-d168-4148-9c8c-96d5586ee66f", "request_id": "4f6a4866-16b5-4645-bc47-1af4866d61d7", "endpoint": "/resume", "timestamp": "2025-05-26T16:22:49.569760", "total_time_seconds": 15.819117307662964, "status_code": 200, "message": "Request completed in 15.8191s with status 200"}
{"event": "session_end", "session_id": "67c8f843-d168-4148-9c8c-96d5586ee66f", "timestamp": "2025-05-26T16:31:07.246514", "message": "API session ended"}
