{"event": "session_start", "session_id": "5db77548-aa5d-4476-8fa2-d392cc47c1be", "timestamp": "2025-05-26T17:08:51.000512", "message": "New API session started"}
{"event": "request_start", "session_id": "5db77548-aa5d-4476-8fa2-d392cc47c1be", "request_id": "07319e3a-4d98-46a3-af80-cf4d14607f5c", "endpoint": "/docs", "timestamp": "2025-05-26T17:08:53.540424", "message": "Request started for endpoint: /docs"}
{"event": "request_complete", "session_id": "5db77548-aa5d-4476-8fa2-d392cc47c1be", "request_id": "07319e3a-4d98-46a3-af80-cf4d14607f5c", "endpoint": "/docs", "timestamp": "2025-05-26T17:08:53.541424", "total_time_seconds": 0.0010001659393310547, "status_code": 200, "message": "Request completed in 0.0010s with status 200"}
{"event": "request_start", "session_id": "5db77548-aa5d-4476-8fa2-d392cc47c1be", "request_id": "046aa796-9eb6-4070-bd2e-f54f1496656a", "endpoint": "/openapi.json", "timestamp": "2025-05-26T17:08:53.613327", "message": "Request started for endpoint: /openapi.json"}
{"event": "request_complete", "session_id": "5db77548-aa5d-4476-8fa2-d392cc47c1be", "request_id": "046aa796-9eb6-4070-bd2e-f54f1496656a", "endpoint": "/openapi.json", "timestamp": "2025-05-26T17:08:53.621325", "total_time_seconds": 0.00799870491027832, "status_code": 200, "message": "Request completed in 0.0080s with status 200"}
{"event": "request_start", "session_id": "5db77548-aa5d-4476-8fa2-d392cc47c1be", "request_id": "8709b245-40cf-432c-84e9-279b0c5d4756", "endpoint": "/resume", "timestamp": "2025-05-26T17:09:05.188691", "message": "Request started for endpoint: /resume"}
{"event": "custom_metric", "session_id": "5db77548-aa5d-4476-8fa2-d392cc47c1be", "request_id": "8709b245-40cf-432c-84e9-279b0c5d4756", "endpoint": "resume", "timestamp": "2025-05-26T17:09:05.190686", "message": "Custom metric: endpoint=resume"}
{"event": "custom_metric", "session_id": "5db77548-aa5d-4476-8fa2-d392cc47c1be", "request_id": "8709b245-40cf-432c-84e9-279b0c5d4756", "endpoint": "/resume", "timestamp": "2025-05-26T17:09:05.191689", "file_name": "Resume-Raman Luhach.pdf", "message": "Custom metric: file_name=Resume-Raman Luhach.pdf"}
{"event": "custom_metric", "session_id": "5db77548-aa5d-4476-8fa2-d392cc47c1be", "request_id": "8709b245-40cf-432c-84e9-279b0c5d4756", "endpoint": "/resume", "timestamp": "2025-05-26T17:09:05.191689", "file_type": "pdf", "message": "Custom metric: file_type=pdf"}
{"event": "custom_metric", "session_id": "5db77548-aa5d-4476-8fa2-d392cc47c1be", "request_id": "8709b245-40cf-432c-84e9-279b0c5d4756", "endpoint": "/resume", "timestamp": "2025-05-26T17:09:05.194192", "file_size": 73845, "message": "Custom metric: file_size=73845"}
{"event": "custom_metric", "session_id": "5db77548-aa5d-4476-8fa2-d392cc47c1be", "request_id": "8709b245-40cf-432c-84e9-279b0c5d4756", "endpoint": "/resume", "timestamp": "2025-05-26T17:09:05.214390", "file_type": "pdf", "message": "Custom metric: file_type=pdf"}
{"event": "custom_metric", "session_id": "5db77548-aa5d-4476-8fa2-d392cc47c1be", "request_id": "8709b245-40cf-432c-84e9-279b0c5d4756", "endpoint": "/resume", "timestamp": "2025-05-26T17:09:05.215389", "file_size_bytes": 73845, "message": "Custom metric: file_size_bytes=73845"}
{"event": "custom_metric", "session_id": "5db77548-aa5d-4476-8fa2-d392cc47c1be", "request_id": "8709b245-40cf-432c-84e9-279b0c5d4756", "endpoint": "/resume", "timestamp": "2025-05-26T17:09:05.215389", "extraction_method": "pdf_text", "message": "Custom metric: extraction_method=pdf_text"}
{"event": "custom_metric", "session_id": "5db77548-aa5d-4476-8fa2-d392cc47c1be", "request_id": "8709b245-40cf-432c-84e9-279b0c5d4756", "endpoint": "/resume", "timestamp": "2025-05-26T17:09:05.215389", "extracted_text_length": 2214, "message": "Custom metric: extracted_text_length=2214"}
{"event": "custom_metric", "session_id": "5db77548-aa5d-4476-8fa2-d392cc47c1be", "request_id": "8709b245-40cf-432c-84e9-279b0c5d4756", "endpoint": "/resume", "timestamp": "2025-05-26T17:09:05.215389", "file_processing_time": 0.01918792724609375, "message": "Custom metric: file_processing_time=0.01918792724609375"}
{"event": "custom_metric", "session_id": "5db77548-aa5d-4476-8fa2-d392cc47c1be", "request_id": "8709b245-40cf-432c-84e9-279b0c5d4756", "endpoint": "/resume", "timestamp": "2025-05-26T17:09:05.215389", "text_extraction_time": 0.0201873779296875, "message": "Custom metric: text_extraction_time=0.0201873779296875"}
{"event": "custom_metric", "session_id": "5db77548-aa5d-4476-8fa2-d392cc47c1be", "request_id": "8709b245-40cf-432c-84e9-279b0c5d4756", "endpoint": "/resume", "timestamp": "2025-05-26T17:09:05.215389", "extracted_text_length": 2214, "message": "Custom metric: extracted_text_length=2214"}
{"event": "custom_metric", "session_id": "5db77548-aa5d-4476-8fa2-d392cc47c1be", "request_id": "8709b245-40cf-432c-84e9-279b0c5d4756", "endpoint": "/resume", "timestamp": "2025-05-26T17:09:22.179829", "parsing_time": 16.963441610336304, "message": "Custom metric: parsing_time=16.963441610336304"}
{"event": "custom_metric", "session_id": "5db77548-aa5d-4476-8fa2-d392cc47c1be", "request_id": "8709b245-40cf-432c-84e9-279b0c5d4756", "endpoint": "/resume", "timestamp": "2025-05-26T17:09:22.179829", "confidence_score": 0.43, "message": "Custom metric: confidence_score=0.43"}
{"event": "custom_metric", "session_id": "5db77548-aa5d-4476-8fa2-d392cc47c1be", "request_id": "8709b245-40cf-432c-84e9-279b0c5d4756", "endpoint": "/resume", "timestamp": "2025-05-26T17:09:22.179829", "fields_extracted": 19, "message": "Custom metric: fields_extracted=19"}
{"event": "custom_metric", "session_id": "5db77548-aa5d-4476-8fa2-d392cc47c1be", "request_id": "8709b245-40cf-432c-84e9-279b0c5d4756", "endpoint": "/resume", "timestamp": "2025-05-26T17:09:22.180828", "skills_count": 0, "message": "Custom metric: skills_count=0"}
{"event": "custom_metric", "session_id": "5db77548-aa5d-4476-8fa2-d392cc47c1be", "request_id": "8709b245-40cf-432c-84e9-279b0c5d4756", "endpoint": "/resume", "timestamp": "2025-05-26T17:09:22.180828", "education_count": 3, "message": "Custom metric: education_count=3"}
{"event": "custom_metric", "session_id": "5db77548-aa5d-4476-8fa2-d392cc47c1be", "request_id": "8709b245-40cf-432c-84e9-279b0c5d4756", "endpoint": "/resume", "timestamp": "2025-05-26T17:09:22.180828", "experience_count": 0, "message": "Custom metric: experience_count=0"}
{"event": "custom_metric", "session_id": "5db77548-aa5d-4476-8fa2-d392cc47c1be", "request_id": "8709b245-40cf-432c-84e9-279b0c5d4756", "endpoint": "/resume", "timestamp": "2025-05-26T17:09:22.180828", "total_processing_time": 16.98362898826599, "message": "Custom metric: total_processing_time=16.98362898826599"}
{"event": "request_complete", "session_id": "5db77548-aa5d-4476-8fa2-d392cc47c1be", "request_id": "8709b245-40cf-432c-84e9-279b0c5d4756", "endpoint": "/resume", "timestamp": "2025-05-26T17:09:22.181830", "total_time_seconds": 16.993138790130615, "status_code": 200, "message": "Request completed in 16.9931s with status 200"}
{"event": "session_end", "session_id": "5db77548-aa5d-4476-8fa2-d392cc47c1be", "timestamp": "2025-05-26T17:12:20.209208", "message": "API session ended"}
