{"event": "session_start", "session_id": "674b9c06-67db-422a-8add-e6efccac661b", "timestamp": "2025-05-22T23:03:57.097327", "message": "New API session started"}
{"event": "request_start", "session_id": "674b9c06-67db-422a-8add-e6efccac661b", "request_id": "e3095f66-5567-4136-8019-db9e4bdef9fa", "endpoint": "/resume", "timestamp": "2025-05-22T23:03:59.479217", "message": "Request started for endpoint: /resume"}
{"event": "custom_metric", "session_id": "674b9c06-67db-422a-8add-e6efccac661b", "request_id": "e3095f66-5567-4136-8019-db9e4bdef9fa", "endpoint": "resume", "timestamp": "2025-05-22T23:03:59.481484", "message": "Custom metric: endpoint=resume"}
{"event": "custom_metric", "session_id": "674b9c06-67db-422a-8add-e6efccac661b", "request_id": "e3095f66-5567-4136-8019-db9e4bdef9fa", "endpoint": "/resume", "timestamp": "2025-05-22T23:03:59.481991", "file_name": "Resume-Raman Luhach.pdf", "message": "Custom metric: file_name=Resume-Raman Luhach.pdf"}
{"event": "custom_metric", "session_id": "674b9c06-67db-422a-8add-e6efccac661b", "request_id": "e3095f66-5567-4136-8019-db9e4bdef9fa", "endpoint": "/resume", "timestamp": "2025-05-22T23:03:59.481991", "file_type": "pdf", "message": "Custom metric: file_type=pdf"}
{"event": "custom_metric", "session_id": "674b9c06-67db-422a-8add-e6efccac661b", "request_id": "e3095f66-5567-4136-8019-db9e4bdef9fa", "endpoint": "/resume", "timestamp": "2025-05-22T23:03:59.483999", "file_size": 73845, "message": "Custom metric: file_size=73845"}
{"event": "custom_metric", "session_id": "674b9c06-67db-422a-8add-e6efccac661b", "request_id": "e3095f66-5567-4136-8019-db9e4bdef9fa", "endpoint": "/resume", "timestamp": "2025-05-22T23:03:59.498702", "file_type": "pdf", "message": "Custom metric: file_type=pdf"}
{"event": "custom_metric", "session_id": "674b9c06-67db-422a-8add-e6efccac661b", "request_id": "e3095f66-5567-4136-8019-db9e4bdef9fa", "endpoint": "/resume", "timestamp": "2025-05-22T23:03:59.498702", "file_size_bytes": 73845, "message": "Custom metric: file_size_bytes=73845"}
{"event": "custom_metric", "session_id": "674b9c06-67db-422a-8add-e6efccac661b", "request_id": "e3095f66-5567-4136-8019-db9e4bdef9fa", "endpoint": "/resume", "timestamp": "2025-05-22T23:03:59.498702", "extraction_method": "pdf_text", "message": "Custom metric: extraction_method=pdf_text"}
{"event": "custom_metric", "session_id": "674b9c06-67db-422a-8add-e6efccac661b", "request_id": "e3095f66-5567-4136-8019-db9e4bdef9fa", "endpoint": "/resume", "timestamp": "2025-05-22T23:03:59.498702", "extracted_text_length": 2214, "message": "Custom metric: extracted_text_length=2214"}
{"event": "custom_metric", "session_id": "674b9c06-67db-422a-8add-e6efccac661b", "request_id": "e3095f66-5567-4136-8019-db9e4bdef9fa", "endpoint": "/resume", "timestamp": "2025-05-22T23:03:59.499703", "file_processing_time": 0.013699054718017578, "message": "Custom metric: file_processing_time=0.013699054718017578"}
{"event": "custom_metric", "session_id": "674b9c06-67db-422a-8add-e6efccac661b", "request_id": "e3095f66-5567-4136-8019-db9e4bdef9fa", "endpoint": "/resume", "timestamp": "2025-05-22T23:03:59.499703", "text_extraction_time": 0.01470041275024414, "message": "Custom metric: text_extraction_time=0.01470041275024414"}
{"event": "custom_metric", "session_id": "674b9c06-67db-422a-8add-e6efccac661b", "request_id": "e3095f66-5567-4136-8019-db9e4bdef9fa", "endpoint": "/resume", "timestamp": "2025-05-22T23:03:59.499703", "extracted_text_length": 2214, "message": "Custom metric: extracted_text_length=2214"}
{"event": "custom_metric", "session_id": "674b9c06-67db-422a-8add-e6efccac661b", "request_id": "e3095f66-5567-4136-8019-db9e4bdef9fa", "endpoint": "/resume", "timestamp": "2025-05-22T23:04:10.963444", "parsing_time": 11.463740587234497, "message": "Custom metric: parsing_time=11.463740587234497"}
{"event": "custom_metric", "session_id": "674b9c06-67db-422a-8add-e6efccac661b", "request_id": "e3095f66-5567-4136-8019-db9e4bdef9fa", "endpoint": "/resume", "timestamp": "2025-05-22T23:04:10.963444", "confidence_score": 0.55, "message": "Custom metric: confidence_score=0.55"}
{"event": "custom_metric", "session_id": "674b9c06-67db-422a-8add-e6efccac661b", "request_id": "e3095f66-5567-4136-8019-db9e4bdef9fa", "endpoint": "/resume", "timestamp": "2025-05-22T23:04:10.963973", "fields_extracted": 20, "message": "Custom metric: fields_extracted=20"}
{"event": "custom_metric", "session_id": "674b9c06-67db-422a-8add-e6efccac661b", "request_id": "e3095f66-5567-4136-8019-db9e4bdef9fa", "endpoint": "/resume", "timestamp": "2025-05-22T23:04:10.963973", "skills_count": 12, "message": "Custom metric: skills_count=12"}
{"event": "custom_metric", "session_id": "674b9c06-67db-422a-8add-e6efccac661b", "request_id": "e3095f66-5567-4136-8019-db9e4bdef9fa", "endpoint": "/resume", "timestamp": "2025-05-22T23:04:10.963973", "education_count": 3, "message": "Custom metric: education_count=3"}
{"event": "custom_metric", "session_id": "674b9c06-67db-422a-8add-e6efccac661b", "request_id": "e3095f66-5567-4136-8019-db9e4bdef9fa", "endpoint": "/resume", "timestamp": "2025-05-22T23:04:10.964504", "experience_count": 0, "message": "Custom metric: experience_count=0"}
{"event": "custom_metric", "session_id": "674b9c06-67db-422a-8add-e6efccac661b", "request_id": "e3095f66-5567-4136-8019-db9e4bdef9fa", "endpoint": "/resume", "timestamp": "2025-05-22T23:04:10.964504", "total_processing_time": 11.478440999984741, "message": "Custom metric: total_processing_time=11.478440999984741"}
{"event": "request_complete", "session_id": "674b9c06-67db-422a-8add-e6efccac661b", "request_id": "e3095f66-5567-4136-8019-db9e4bdef9fa", "endpoint": "/resume", "timestamp": "2025-05-22T23:04:10.989864", "total_time_seconds": 11.51064682006836, "status_code": 200, "message": "Request completed in 11.5106s with status 200"}
{"event": "session_end", "session_id": "674b9c06-67db-422a-8add-e6efccac661b", "timestamp": "2025-05-22T23:10:07.856787", "message": "API session ended"}
