{"event": "session_start", "session_id": "092e9f6b-2ab0-42a9-bff5-c935675f7780", "timestamp": "2025-05-26T17:13:18.840894", "message": "New API session started"}
{"event": "request_start", "session_id": "092e9f6b-2ab0-42a9-bff5-c935675f7780", "request_id": "49e6edf0-b8a9-419a-94fa-d210cee95dfb", "endpoint": "/resume", "timestamp": "2025-05-26T17:13:22.943131", "message": "Request started for endpoint: /resume"}
{"event": "custom_metric", "session_id": "092e9f6b-2ab0-42a9-bff5-c935675f7780", "request_id": "49e6edf0-b8a9-419a-94fa-d210cee95dfb", "endpoint": "resume", "timestamp": "2025-05-26T17:13:22.944131", "message": "Custom metric: endpoint=resume"}
{"event": "custom_metric", "session_id": "092e9f6b-2ab0-42a9-bff5-c935675f7780", "request_id": "49e6edf0-b8a9-419a-94fa-d210cee95dfb", "endpoint": "/resume", "timestamp": "2025-05-26T17:13:22.945130", "file_name": "Resume-Raman Luhach.pdf", "message": "Custom metric: file_name=Resume-Raman Luhach.pdf"}
{"event": "custom_metric", "session_id": "092e9f6b-2ab0-42a9-bff5-c935675f7780", "request_id": "49e6edf0-b8a9-419a-94fa-d210cee95dfb", "endpoint": "/resume", "timestamp": "2025-05-26T17:13:22.945130", "file_type": "pdf", "message": "Custom metric: file_type=pdf"}
{"event": "custom_metric", "session_id": "092e9f6b-2ab0-42a9-bff5-c935675f7780", "request_id": "49e6edf0-b8a9-419a-94fa-d210cee95dfb", "endpoint": "/resume", "timestamp": "2025-05-26T17:13:22.946136", "file_size": 73845, "message": "Custom metric: file_size=73845"}
{"event": "custom_metric", "session_id": "092e9f6b-2ab0-42a9-bff5-c935675f7780", "request_id": "49e6edf0-b8a9-419a-94fa-d210cee95dfb", "endpoint": "/resume", "timestamp": "2025-05-26T17:13:22.959131", "file_type": "pdf", "message": "Custom metric: file_type=pdf"}
{"event": "custom_metric", "session_id": "092e9f6b-2ab0-42a9-bff5-c935675f7780", "request_id": "49e6edf0-b8a9-419a-94fa-d210cee95dfb", "endpoint": "/resume", "timestamp": "2025-05-26T17:13:22.959131", "file_size_bytes": 73845, "message": "Custom metric: file_size_bytes=73845"}
{"event": "custom_metric", "session_id": "092e9f6b-2ab0-42a9-bff5-c935675f7780", "request_id": "49e6edf0-b8a9-419a-94fa-d210cee95dfb", "endpoint": "/resume", "timestamp": "2025-05-26T17:13:22.959131", "extraction_method": "pdf_text", "message": "Custom metric: extraction_method=pdf_text"}
{"event": "custom_metric", "session_id": "092e9f6b-2ab0-42a9-bff5-c935675f7780", "request_id": "49e6edf0-b8a9-419a-94fa-d210cee95dfb", "endpoint": "/resume", "timestamp": "2025-05-26T17:13:22.959131", "extracted_text_length": 2214, "message": "Custom metric: extracted_text_length=2214"}
{"event": "custom_metric", "session_id": "092e9f6b-2ab0-42a9-bff5-c935675f7780", "request_id": "49e6edf0-b8a9-419a-94fa-d210cee95dfb", "endpoint": "/resume", "timestamp": "2025-05-26T17:13:22.959131", "file_processing_time": 0.012000083923339844, "message": "Custom metric: file_processing_time=0.012000083923339844"}
{"event": "custom_metric", "session_id": "092e9f6b-2ab0-42a9-bff5-c935675f7780", "request_id": "49e6edf0-b8a9-419a-94fa-d210cee95dfb", "endpoint": "/resume", "timestamp": "2025-05-26T17:13:22.959131", "text_extraction_time": 0.012000083923339844, "message": "Custom metric: text_extraction_time=0.012000083923339844"}
{"event": "custom_metric", "session_id": "092e9f6b-2ab0-42a9-bff5-c935675f7780", "request_id": "49e6edf0-b8a9-419a-94fa-d210cee95dfb", "endpoint": "/resume", "timestamp": "2025-05-26T17:13:22.959131", "extracted_text_length": 2214, "message": "Custom metric: extracted_text_length=2214"}
{"event": "custom_metric", "session_id": "092e9f6b-2ab0-42a9-bff5-c935675f7780", "request_id": "49e6edf0-b8a9-419a-94fa-d210cee95dfb", "endpoint": "/resume", "timestamp": "2025-05-26T17:13:39.034599", "parsing_time": 16.075467824935913, "message": "Custom metric: parsing_time=16.075467824935913"}
{"event": "custom_metric", "session_id": "092e9f6b-2ab0-42a9-bff5-c935675f7780", "request_id": "49e6edf0-b8a9-419a-94fa-d210cee95dfb", "endpoint": "/resume", "timestamp": "2025-05-26T17:13:39.034599", "confidence_score": 0.4, "message": "Custom metric: confidence_score=0.4"}
{"event": "custom_metric", "session_id": "092e9f6b-2ab0-42a9-bff5-c935675f7780", "request_id": "49e6edf0-b8a9-419a-94fa-d210cee95dfb", "endpoint": "/resume", "timestamp": "2025-05-26T17:13:39.035598", "fields_extracted": 19, "message": "Custom metric: fields_extracted=19"}
{"event": "custom_metric", "session_id": "092e9f6b-2ab0-42a9-bff5-c935675f7780", "request_id": "49e6edf0-b8a9-419a-94fa-d210cee95dfb", "endpoint": "/resume", "timestamp": "2025-05-26T17:13:39.035598", "skills_count": 0, "message": "Custom metric: skills_count=0"}
{"event": "custom_metric", "session_id": "092e9f6b-2ab0-42a9-bff5-c935675f7780", "request_id": "49e6edf0-b8a9-419a-94fa-d210cee95dfb", "endpoint": "/resume", "timestamp": "2025-05-26T17:13:39.035598", "education_count": 3, "message": "Custom metric: education_count=3"}
{"event": "custom_metric", "session_id": "092e9f6b-2ab0-42a9-bff5-c935675f7780", "request_id": "49e6edf0-b8a9-419a-94fa-d210cee95dfb", "endpoint": "/resume", "timestamp": "2025-05-26T17:13:39.035598", "experience_count": 0, "message": "Custom metric: experience_count=0"}
{"event": "custom_metric", "session_id": "092e9f6b-2ab0-42a9-bff5-c935675f7780", "request_id": "49e6edf0-b8a9-419a-94fa-d210cee95dfb", "endpoint": "/resume", "timestamp": "2025-05-26T17:13:39.035598", "total_processing_time": 16.087467908859253, "message": "Custom metric: total_processing_time=16.087467908859253"}
{"event": "request_complete", "session_id": "092e9f6b-2ab0-42a9-bff5-c935675f7780", "request_id": "49e6edf0-b8a9-419a-94fa-d210cee95dfb", "endpoint": "/resume", "timestamp": "2025-05-26T17:13:39.037600", "total_time_seconds": 16.094468116760254, "status_code": 200, "message": "Request completed in 16.0945s with status 200"}
{"event": "request_start", "session_id": "092e9f6b-2ab0-42a9-bff5-c935675f7780", "request_id": "ebcb7243-78c8-4d2c-aa92-027ceb1e257d", "endpoint": "/resume", "timestamp": "2025-05-26T17:19:23.284143", "message": "Request started for endpoint: /resume"}
{"event": "custom_metric", "session_id": "092e9f6b-2ab0-42a9-bff5-c935675f7780", "request_id": "ebcb7243-78c8-4d2c-aa92-027ceb1e257d", "endpoint": "resume", "timestamp": "2025-05-26T17:19:23.285141", "message": "Custom metric: endpoint=resume"}
{"event": "custom_metric", "session_id": "092e9f6b-2ab0-42a9-bff5-c935675f7780", "request_id": "ebcb7243-78c8-4d2c-aa92-027ceb1e257d", "endpoint": "/resume", "timestamp": "2025-05-26T17:19:23.286143", "file_name": "Resume-Raman Luhach.pdf", "message": "Custom metric: file_name=Resume-Raman Luhach.pdf"}
{"event": "custom_metric", "session_id": "092e9f6b-2ab0-42a9-bff5-c935675f7780", "request_id": "ebcb7243-78c8-4d2c-aa92-027ceb1e257d", "endpoint": "/resume", "timestamp": "2025-05-26T17:19:23.286143", "file_type": "pdf", "message": "Custom metric: file_type=pdf"}
{"event": "custom_metric", "session_id": "092e9f6b-2ab0-42a9-bff5-c935675f7780", "request_id": "ebcb7243-78c8-4d2c-aa92-027ceb1e257d", "endpoint": "/resume", "timestamp": "2025-05-26T17:19:23.286143", "file_size": 73845, "message": "Custom metric: file_size=73845"}
{"event": "custom_metric", "session_id": "092e9f6b-2ab0-42a9-bff5-c935675f7780", "request_id": "ebcb7243-78c8-4d2c-aa92-027ceb1e257d", "endpoint": "/resume", "timestamp": "2025-05-26T17:19:23.297670", "file_type": "pdf", "message": "Custom metric: file_type=pdf"}
{"event": "custom_metric", "session_id": "092e9f6b-2ab0-42a9-bff5-c935675f7780", "request_id": "ebcb7243-78c8-4d2c-aa92-027ceb1e257d", "endpoint": "/resume", "timestamp": "2025-05-26T17:19:23.297670", "file_size_bytes": 73845, "message": "Custom metric: file_size_bytes=73845"}
{"event": "custom_metric", "session_id": "092e9f6b-2ab0-42a9-bff5-c935675f7780", "request_id": "ebcb7243-78c8-4d2c-aa92-027ceb1e257d", "endpoint": "/resume", "timestamp": "2025-05-26T17:19:23.298672", "extraction_method": "pdf_text", "message": "Custom metric: extraction_method=pdf_text"}
{"event": "custom_metric", "session_id": "092e9f6b-2ab0-42a9-bff5-c935675f7780", "request_id": "ebcb7243-78c8-4d2c-aa92-027ceb1e257d", "endpoint": "/resume", "timestamp": "2025-05-26T17:19:23.298672", "extracted_text_length": 2214, "message": "Custom metric: extracted_text_length=2214"}
{"event": "custom_metric", "session_id": "092e9f6b-2ab0-42a9-bff5-c935675f7780", "request_id": "ebcb7243-78c8-4d2c-aa92-027ceb1e257d", "endpoint": "/resume", "timestamp": "2025-05-26T17:19:23.298672", "file_processing_time": 0.011527061462402344, "message": "Custom metric: file_processing_time=0.011527061462402344"}
{"event": "custom_metric", "session_id": "092e9f6b-2ab0-42a9-bff5-c935675f7780", "request_id": "ebcb7243-78c8-4d2c-aa92-027ceb1e257d", "endpoint": "/resume", "timestamp": "2025-05-26T17:19:23.298672", "text_extraction_time": 0.012529134750366211, "message": "Custom metric: text_extraction_time=0.012529134750366211"}
{"event": "custom_metric", "session_id": "092e9f6b-2ab0-42a9-bff5-c935675f7780", "request_id": "ebcb7243-78c8-4d2c-aa92-027ceb1e257d", "endpoint": "/resume", "timestamp": "2025-05-26T17:19:23.298672", "extracted_text_length": 2214, "message": "Custom metric: extracted_text_length=2214"}
{"event": "custom_metric", "session_id": "092e9f6b-2ab0-42a9-bff5-c935675f7780", "request_id": "ebcb7243-78c8-4d2c-aa92-027ceb1e257d", "endpoint": "/resume", "timestamp": "2025-05-26T17:19:39.563902", "parsing_time": 16.26522994041443, "message": "Custom metric: parsing_time=16.26522994041443"}
{"event": "custom_metric", "session_id": "092e9f6b-2ab0-42a9-bff5-c935675f7780", "request_id": "ebcb7243-78c8-4d2c-aa92-027ceb1e257d", "endpoint": "/resume", "timestamp": "2025-05-26T17:19:39.563902", "confidence_score": 0.43, "message": "Custom metric: confidence_score=0.43"}
{"event": "custom_metric", "session_id": "092e9f6b-2ab0-42a9-bff5-c935675f7780", "request_id": "ebcb7243-78c8-4d2c-aa92-027ceb1e257d", "endpoint": "/resume", "timestamp": "2025-05-26T17:19:39.563902", "fields_extracted": 19, "message": "Custom metric: fields_extracted=19"}
{"event": "custom_metric", "session_id": "092e9f6b-2ab0-42a9-bff5-c935675f7780", "request_id": "ebcb7243-78c8-4d2c-aa92-027ceb1e257d", "endpoint": "/resume", "timestamp": "2025-05-26T17:19:39.563902", "skills_count": 0, "message": "Custom metric: skills_count=0"}
{"event": "custom_metric", "session_id": "092e9f6b-2ab0-42a9-bff5-c935675f7780", "request_id": "ebcb7243-78c8-4d2c-aa92-027ceb1e257d", "endpoint": "/resume", "timestamp": "2025-05-26T17:19:39.564434", "education_count": 3, "message": "Custom metric: education_count=3"}
{"event": "custom_metric", "session_id": "092e9f6b-2ab0-42a9-bff5-c935675f7780", "request_id": "ebcb7243-78c8-4d2c-aa92-027ceb1e257d", "endpoint": "/resume", "timestamp": "2025-05-26T17:19:39.564434", "experience_count": 0, "message": "Custom metric: experience_count=0"}
{"event": "custom_metric", "session_id": "092e9f6b-2ab0-42a9-bff5-c935675f7780", "request_id": "ebcb7243-78c8-4d2c-aa92-027ceb1e257d", "endpoint": "/resume", "timestamp": "2025-05-26T17:19:39.564434", "total_processing_time": 16.277759075164795, "message": "Custom metric: total_processing_time=16.277759075164795"}
{"event": "request_complete", "session_id": "092e9f6b-2ab0-42a9-bff5-c935675f7780", "request_id": "ebcb7243-78c8-4d2c-aa92-027ceb1e257d", "endpoint": "/resume", "timestamp": "2025-05-26T17:19:39.564952", "total_time_seconds": 16.28080916404724, "status_code": 200, "message": "Request completed in 16.2808s with status 200"}
{"event": "request_start", "session_id": "092e9f6b-2ab0-42a9-bff5-c935675f7780", "request_id": "5efbd431-d348-4372-8be7-d31e1e34932f", "endpoint": "/bunchtest", "timestamp": "2025-05-26T17:23:38.850678", "message": "Request started for endpoint: /bunchtest"}
{"event": "custom_metric", "session_id": "092e9f6b-2ab0-42a9-bff5-c935675f7780", "request_id": "5efbd431-d348-4372-8be7-d31e1e34932f", "endpoint": "/bunchtest", "timestamp": "2025-05-26T17:23:38.853684", "endpoint_type": "bunchtest", "message": "Custom metric: endpoint_type=bunchtest"}
{"event": "custom_metric", "session_id": "092e9f6b-2ab0-42a9-bff5-c935675f7780", "request_id": "5efbd431-d348-4372-8be7-d31e1e34932f", "endpoint": "/bunchtest", "timestamp": "2025-05-26T17:23:38.853684", "resume_count": 3, "message": "Custom metric: resume_count=3"}
{"event": "request_complete", "session_id": "092e9f6b-2ab0-42a9-bff5-c935675f7780", "request_id": "5efbd431-d348-4372-8be7-d31e1e34932f", "endpoint": "/bunchtest", "timestamp": "2025-05-26T17:24:43.943540", "total_time_seconds": 65.09286212921143, "status_code": 200, "message": "Request completed in 65.0929s with status 200"}
{"event": "request_start", "session_id": "092e9f6b-2ab0-42a9-bff5-c935675f7780", "request_id": "12f698af-d8c6-4c14-aa65-8dc94cc3bfef", "endpoint": "/resume", "timestamp": "2025-05-26T17:32:11.990063", "message": "Request started for endpoint: /resume"}
{"event": "custom_metric", "session_id": "092e9f6b-2ab0-42a9-bff5-c935675f7780", "request_id": "12f698af-d8c6-4c14-aa65-8dc94cc3bfef", "endpoint": "resume", "timestamp": "2025-05-26T17:32:12.007982", "message": "Custom metric: endpoint=resume"}
{"event": "custom_metric", "session_id": "092e9f6b-2ab0-42a9-bff5-c935675f7780", "request_id": "12f698af-d8c6-4c14-aa65-8dc94cc3bfef", "endpoint": "/resume", "timestamp": "2025-05-26T17:32:12.007982", "file_name": "Kajal salgar.pdf", "message": "Custom metric: file_name=Kajal salgar.pdf"}
{"event": "custom_metric", "session_id": "092e9f6b-2ab0-42a9-bff5-c935675f7780", "request_id": "12f698af-d8c6-4c14-aa65-8dc94cc3bfef", "endpoint": "/resume", "timestamp": "2025-05-26T17:32:12.008987", "file_type": "pdf", "message": "Custom metric: file_type=pdf"}
{"event": "custom_metric", "session_id": "092e9f6b-2ab0-42a9-bff5-c935675f7780", "request_id": "12f698af-d8c6-4c14-aa65-8dc94cc3bfef", "endpoint": "/resume", "timestamp": "2025-05-26T17:32:12.008987", "file_size": 55127, "message": "Custom metric: file_size=55127"}
{"event": "custom_metric", "session_id": "092e9f6b-2ab0-42a9-bff5-c935675f7780", "request_id": "12f698af-d8c6-4c14-aa65-8dc94cc3bfef", "endpoint": "/resume", "timestamp": "2025-05-26T17:32:12.032089", "file_type": "pdf", "message": "Custom metric: file_type=pdf"}
{"event": "custom_metric", "session_id": "092e9f6b-2ab0-42a9-bff5-c935675f7780", "request_id": "12f698af-d8c6-4c14-aa65-8dc94cc3bfef", "endpoint": "/resume", "timestamp": "2025-05-26T17:32:12.032089", "file_size_bytes": 55127, "message": "Custom metric: file_size_bytes=55127"}
{"event": "custom_metric", "session_id": "092e9f6b-2ab0-42a9-bff5-c935675f7780", "request_id": "12f698af-d8c6-4c14-aa65-8dc94cc3bfef", "endpoint": "/resume", "timestamp": "2025-05-26T17:32:12.032089", "extraction_method": "pdf_text", "message": "Custom metric: extraction_method=pdf_text"}
{"event": "custom_metric", "session_id": "092e9f6b-2ab0-42a9-bff5-c935675f7780", "request_id": "12f698af-d8c6-4c14-aa65-8dc94cc3bfef", "endpoint": "/resume", "timestamp": "2025-05-26T17:32:12.032089", "extracted_text_length": 1439, "message": "Custom metric: extracted_text_length=1439"}
{"event": "custom_metric", "session_id": "092e9f6b-2ab0-42a9-bff5-c935675f7780", "request_id": "12f698af-d8c6-4c14-aa65-8dc94cc3bfef", "endpoint": "/resume", "timestamp": "2025-05-26T17:32:12.032089", "file_processing_time": 0.023102760314941406, "message": "Custom metric: file_processing_time=0.023102760314941406"}
{"event": "custom_metric", "session_id": "092e9f6b-2ab0-42a9-bff5-c935675f7780", "request_id": "12f698af-d8c6-4c14-aa65-8dc94cc3bfef", "endpoint": "/resume", "timestamp": "2025-05-26T17:32:12.032089", "text_extraction_time": 0.023102760314941406, "message": "Custom metric: text_extraction_time=0.023102760314941406"}
{"event": "custom_metric", "session_id": "092e9f6b-2ab0-42a9-bff5-c935675f7780", "request_id": "12f698af-d8c6-4c14-aa65-8dc94cc3bfef", "endpoint": "/resume", "timestamp": "2025-05-26T17:32:12.032089", "extracted_text_length": 1439, "message": "Custom metric: extracted_text_length=1439"}
{"event": "custom_metric", "session_id": "092e9f6b-2ab0-42a9-bff5-c935675f7780", "request_id": "12f698af-d8c6-4c14-aa65-8dc94cc3bfef", "endpoint": "/resume", "timestamp": "2025-05-26T17:32:23.212874", "parsing_time": 11.180784940719604, "message": "Custom metric: parsing_time=11.180784940719604"}
{"event": "custom_metric", "session_id": "092e9f6b-2ab0-42a9-bff5-c935675f7780", "request_id": "12f698af-d8c6-4c14-aa65-8dc94cc3bfef", "endpoint": "/resume", "timestamp": "2025-05-26T17:32:23.212874", "confidence_score": 0.61, "message": "Custom metric: confidence_score=0.61"}
{"event": "custom_metric", "session_id": "092e9f6b-2ab0-42a9-bff5-c935675f7780", "request_id": "12f698af-d8c6-4c14-aa65-8dc94cc3bfef", "endpoint": "/resume", "timestamp": "2025-05-26T17:32:23.212874", "fields_extracted": 19, "message": "Custom metric: fields_extracted=19"}
{"event": "custom_metric", "session_id": "092e9f6b-2ab0-42a9-bff5-c935675f7780", "request_id": "12f698af-d8c6-4c14-aa65-8dc94cc3bfef", "endpoint": "/resume", "timestamp": "2025-05-26T17:32:23.212874", "skills_count": 0, "message": "Custom metric: skills_count=0"}
{"event": "custom_metric", "session_id": "092e9f6b-2ab0-42a9-bff5-c935675f7780", "request_id": "12f698af-d8c6-4c14-aa65-8dc94cc3bfef", "endpoint": "/resume", "timestamp": "2025-05-26T17:32:23.213877", "education_count": 2, "message": "Custom metric: education_count=2"}
{"event": "custom_metric", "session_id": "092e9f6b-2ab0-42a9-bff5-c935675f7780", "request_id": "12f698af-d8c6-4c14-aa65-8dc94cc3bfef", "endpoint": "/resume", "timestamp": "2025-05-26T17:32:23.213877", "experience_count": 1, "message": "Custom metric: experience_count=1"}
{"event": "custom_metric", "session_id": "092e9f6b-2ab0-42a9-bff5-c935675f7780", "request_id": "12f698af-d8c6-4c14-aa65-8dc94cc3bfef", "endpoint": "/resume", "timestamp": "2025-05-26T17:32:23.213877", "total_processing_time": 11.203887701034546, "message": "Custom metric: total_processing_time=11.203887701034546"}
{"event": "request_complete", "session_id": "092e9f6b-2ab0-42a9-bff5-c935675f7780", "request_id": "12f698af-d8c6-4c14-aa65-8dc94cc3bfef", "endpoint": "/resume", "timestamp": "2025-05-26T17:32:23.214380", "total_time_seconds": 11.224317073822021, "status_code": 200, "message": "Request completed in 11.2243s with status 200"}
{"event": "session_end", "session_id": "092e9f6b-2ab0-42a9-bff5-c935675f7780", "timestamp": "2025-05-26T17:55:32.825700", "message": "API session ended"}
