{"event": "session_start", "session_id": "a2f7edf6-1201-4697-a30b-484eaf02402f", "timestamp": "2025-05-14T10:50:48.912765", "message": "New API session started"}
{"event": "request_start", "session_id": "a2f7edf6-1201-4697-a30b-484eaf02402f", "request_id": "5b08da34-6985-4a69-8162-bea03f29ce8f", "endpoint": "/intervet2", "timestamp": "2025-05-14T10:51:28.120683", "message": "Request started for endpoint: /intervet2"}
{"event": "custom_metric", "session_id": "a2f7edf6-1201-4697-a30b-484eaf02402f", "request_id": "5b08da34-6985-4a69-8162-bea03f29ce8f", "endpoint": "/intervet2", "timestamp": "2025-05-14T10:51:28.124682", "endpoint_type": "intervet2", "message": "Custom metric: endpoint_type=intervet2"}
{"event": "custom_metric", "session_id": "a2f7edf6-1201-4697-a30b-484eaf02402f", "request_id": "5b08da34-6985-4a69-8162-bea03f29ce8f", "endpoint": "/intervet2", "timestamp": "2025-05-14T10:51:28.164866", "file_type": "pdf", "message": "Custom metric: file_type=pdf"}
{"event": "custom_metric", "session_id": "a2f7edf6-1201-4697-a30b-484eaf02402f", "request_id": "5b08da34-6985-4a69-8162-bea03f29ce8f", "endpoint": "/intervet2", "timestamp": "2025-05-14T10:51:28.165868", "file_size_bytes": 60820, "message": "Custom metric: file_size_bytes=60820"}
{"event": "custom_metric", "session_id": "a2f7edf6-1201-4697-a30b-484eaf02402f", "request_id": "5b08da34-6985-4a69-8162-bea03f29ce8f", "endpoint": "/intervet2", "timestamp": "2025-05-14T10:51:28.165868", "extraction_method": "pdf_text", "message": "Custom metric: extraction_method=pdf_text"}
{"event": "custom_metric", "session_id": "a2f7edf6-1201-4697-a30b-484eaf02402f", "request_id": "5b08da34-6985-4a69-8162-bea03f29ce8f", "endpoint": "/intervet2", "timestamp": "2025-05-14T10:51:28.165868", "extracted_text_length": 2804, "message": "Custom metric: extracted_text_length=2804"}
{"event": "custom_metric", "session_id": "a2f7edf6-1201-4697-a30b-484eaf02402f", "request_id": "5b08da34-6985-4a69-8162-bea03f29ce8f", "endpoint": "/intervet2", "timestamp": "2025-05-14T10:51:28.165868", "file_processing_time": 0.03667497634887695, "message": "Custom metric: file_processing_time=0.03667497634887695"}
{"event": "custom_metric", "session_id": "a2f7edf6-1201-4697-a30b-484eaf02402f", "request_id": "5b08da34-6985-4a69-8162-bea03f29ce8f", "endpoint": "/intervet2", "timestamp": "2025-05-14T10:51:28.174418", "file_type": "docx", "message": "Custom metric: file_type=docx"}
{"event": "custom_metric", "session_id": "a2f7edf6-1201-4697-a30b-484eaf02402f", "request_id": "5b08da34-6985-4a69-8162-bea03f29ce8f", "endpoint": "/intervet2", "timestamp": "2025-05-14T10:51:28.174418", "file_size_bytes": 15611, "message": "Custom metric: file_size_bytes=15611"}
{"event": "custom_metric", "session_id": "a2f7edf6-1201-4697-a30b-484eaf02402f", "request_id": "5b08da34-6985-4a69-8162-bea03f29ce8f", "endpoint": "/intervet2", "timestamp": "2025-05-14T10:51:28.175394", "extraction_method": "docx_text", "message": "Custom metric: extraction_method=docx_text"}
{"event": "custom_metric", "session_id": "a2f7edf6-1201-4697-a30b-484eaf02402f", "request_id": "5b08da34-6985-4a69-8162-bea03f29ce8f", "endpoint": "/intervet2", "timestamp": "2025-05-14T10:51:28.175394", "extracted_text_length": 1995, "message": "Custom metric: extracted_text_length=1995"}
{"event": "custom_metric", "session_id": "a2f7edf6-1201-4697-a30b-484eaf02402f", "request_id": "5b08da34-6985-4a69-8162-bea03f29ce8f", "endpoint": "/intervet2", "timestamp": "2025-05-14T10:51:28.175394", "file_processing_time": 0.008550167083740234, "message": "Custom metric: file_processing_time=0.008550167083740234"}
{"event": "custom_metric", "session_id": "a2f7edf6-1201-4697-a30b-484eaf02402f", "request_id": "5b08da34-6985-4a69-8162-bea03f29ce8f", "endpoint": "/intervet2", "timestamp": "2025-05-14T10:51:28.175394", "resume_extraction_time": 0.03767704963684082, "message": "Custom metric: resume_extraction_time=0.03767704963684082"}
{"event": "custom_metric", "session_id": "a2f7edf6-1201-4697-a30b-484eaf02402f", "request_id": "5b08da34-6985-4a69-8162-bea03f29ce8f", "endpoint": "/intervet2", "timestamp": "2025-05-14T10:51:28.176393", "jd_extraction_time": 0.009526252746582031, "message": "Custom metric: jd_extraction_time=0.009526252746582031"}
{"event": "custom_metric", "session_id": "a2f7edf6-1201-4697-a30b-484eaf02402f", "request_id": "5b08da34-6985-4a69-8162-bea03f29ce8f", "endpoint": "/intervet2", "timestamp": "2025-05-14T10:51:28.176393", "resume_text_length": 2804, "message": "Custom metric: resume_text_length=2804"}
{"event": "custom_metric", "session_id": "a2f7edf6-1201-4697-a30b-484eaf02402f", "request_id": "5b08da34-6985-4a69-8162-bea03f29ce8f", "endpoint": "/intervet2", "timestamp": "2025-05-14T10:51:28.176393", "jd_text_length": 1995, "message": "Custom metric: jd_text_length=1995"}
{"event": "custom_metric", "session_id": "a2f7edf6-1201-4697-a30b-484eaf02402f", "request_id": "5b08da34-6985-4a69-8162-bea03f29ce8f", "endpoint": "/intervet2", "timestamp": "2025-05-14T10:51:47.436529", "resume_parsing_time": 19.239635229110718, "message": "Custom metric: resume_parsing_time=19.239635229110718"}
{"event": "custom_metric", "session_id": "a2f7edf6-1201-4697-a30b-484eaf02402f", "request_id": "5b08da34-6985-4a69-8162-bea03f29ce8f", "endpoint": "/intervet2", "timestamp": "2025-05-14T10:51:47.436529", "jd_parsing_time": 0.020500898361206055, "message": "Custom metric: jd_parsing_time=0.020500898361206055"}
{"event": "custom_metric", "session_id": "a2f7edf6-1201-4697-a30b-484eaf02402f", "request_id": "5b08da34-6985-4a69-8162-bea03f29ce8f", "endpoint": "/intervet2", "timestamp": "2025-05-14T10:51:47.437616", "evaluation_time": 0.0005326271057128906, "message": "Custom metric: evaluation_time=0.0005326271057128906"}
{"event": "custom_metric", "session_id": "a2f7edf6-1201-4697-a30b-484eaf02402f", "request_id": "5b08da34-6985-4a69-8162-bea03f29ce8f", "endpoint": "/intervet2", "timestamp": "2025-05-14T10:51:47.437616", "total_score": 25, "message": "Custom metric: total_score=25"}
{"event": "custom_metric", "session_id": "a2f7edf6-1201-4697-a30b-484eaf02402f", "request_id": "5b08da34-6985-4a69-8162-bea03f29ce8f", "endpoint": "/intervet2", "timestamp": "2025-05-14T10:51:47.437616", "fit_category": "Weak Match", "message": "Custom metric: fit_category=Weak Match"}
{"event": "request_complete", "session_id": "a2f7edf6-1201-4697-a30b-484eaf02402f", "request_id": "5b08da34-6985-4a69-8162-bea03f29ce8f", "endpoint": "/intervet2", "timestamp": "2025-05-14T10:51:47.439257", "total_time_seconds": 19.31857395172119, "status_code": 200, "message": "Request completed in 19.3186s with status 200"}
{"event": "request_start", "session_id": "a2f7edf6-1201-4697-a30b-484eaf02402f", "request_id": "453a7011-f995-4098-b8f5-bebd3680de47", "endpoint": "/intervet2", "timestamp": "2025-05-14T10:52:45.336015", "message": "Request started for endpoint: /intervet2"}
{"event": "custom_metric", "session_id": "a2f7edf6-1201-4697-a30b-484eaf02402f", "request_id": "453a7011-f995-4098-b8f5-bebd3680de47", "endpoint": "/intervet2", "timestamp": "2025-05-14T10:52:45.339017", "endpoint_type": "intervet2", "message": "Custom metric: endpoint_type=intervet2"}
{"event": "custom_metric", "session_id": "a2f7edf6-1201-4697-a30b-484eaf02402f", "request_id": "453a7011-f995-4098-b8f5-bebd3680de47", "endpoint": "/intervet2", "timestamp": "2025-05-14T10:52:45.361730", "file_type": "pdf", "message": "Custom metric: file_type=pdf"}
{"event": "custom_metric", "session_id": "a2f7edf6-1201-4697-a30b-484eaf02402f", "request_id": "453a7011-f995-4098-b8f5-bebd3680de47", "endpoint": "/intervet2", "timestamp": "2025-05-14T10:52:45.362731", "file_size_bytes": 60820, "message": "Custom metric: file_size_bytes=60820"}
{"event": "custom_metric", "session_id": "a2f7edf6-1201-4697-a30b-484eaf02402f", "request_id": "453a7011-f995-4098-b8f5-bebd3680de47", "endpoint": "/intervet2", "timestamp": "2025-05-14T10:52:45.363736", "extraction_method": "pdf_text", "message": "Custom metric: extraction_method=pdf_text"}
{"event": "custom_metric", "session_id": "a2f7edf6-1201-4697-a30b-484eaf02402f", "request_id": "453a7011-f995-4098-b8f5-bebd3680de47", "endpoint": "/intervet2", "timestamp": "2025-05-14T10:52:45.363736", "extracted_text_length": 2804, "message": "Custom metric: extracted_text_length=2804"}
{"event": "custom_metric", "session_id": "a2f7edf6-1201-4697-a30b-484eaf02402f", "request_id": "453a7011-f995-4098-b8f5-bebd3680de47", "endpoint": "/intervet2", "timestamp": "2025-05-14T10:52:45.364734", "file_processing_time": 0.02071404457092285, "message": "Custom metric: file_processing_time=0.02071404457092285"}
{"event": "custom_metric", "session_id": "a2f7edf6-1201-4697-a30b-484eaf02402f", "request_id": "453a7011-f995-4098-b8f5-bebd3680de47", "endpoint": "/intervet2", "timestamp": "2025-05-14T10:52:45.393088", "file_type": "docx", "message": "Custom metric: file_type=docx"}
{"event": "custom_metric", "session_id": "a2f7edf6-1201-4697-a30b-484eaf02402f", "request_id": "453a7011-f995-4098-b8f5-bebd3680de47", "endpoint": "/intervet2", "timestamp": "2025-05-14T10:52:45.393088", "file_size_bytes": 17398, "message": "Custom metric: file_size_bytes=17398"}
{"event": "custom_metric", "session_id": "a2f7edf6-1201-4697-a30b-484eaf02402f", "request_id": "453a7011-f995-4098-b8f5-bebd3680de47", "endpoint": "/intervet2", "timestamp": "2025-05-14T10:52:45.394090", "extraction_method": "docx_text", "message": "Custom metric: extraction_method=docx_text"}
{"event": "custom_metric", "session_id": "a2f7edf6-1201-4697-a30b-484eaf02402f", "request_id": "453a7011-f995-4098-b8f5-bebd3680de47", "endpoint": "/intervet2", "timestamp": "2025-05-14T10:52:45.394090", "extracted_text_length": 3404, "message": "Custom metric: extracted_text_length=3404"}
{"event": "custom_metric", "session_id": "a2f7edf6-1201-4697-a30b-484eaf02402f", "request_id": "453a7011-f995-4098-b8f5-bebd3680de47", "endpoint": "/intervet2", "timestamp": "2025-05-14T10:52:45.394090", "file_processing_time": 0.028354167938232422, "message": "Custom metric: file_processing_time=0.028354167938232422"}
{"event": "custom_metric", "session_id": "a2f7edf6-1201-4697-a30b-484eaf02402f", "request_id": "453a7011-f995-4098-b8f5-bebd3680de47", "endpoint": "/intervet2", "timestamp": "2025-05-14T10:52:45.394090", "resume_extraction_time": 0.02371811866760254, "message": "Custom metric: resume_extraction_time=0.02371811866760254"}
{"event": "custom_metric", "session_id": "a2f7edf6-1201-4697-a30b-484eaf02402f", "request_id": "453a7011-f995-4098-b8f5-bebd3680de47", "endpoint": "/intervet2", "timestamp": "2025-05-14T10:52:45.394090", "jd_extraction_time": 0.029356002807617188, "message": "Custom metric: jd_extraction_time=0.029356002807617188"}
{"event": "custom_metric", "session_id": "a2f7edf6-1201-4697-a30b-484eaf02402f", "request_id": "453a7011-f995-4098-b8f5-bebd3680de47", "endpoint": "/intervet2", "timestamp": "2025-05-14T10:52:45.394090", "resume_text_length": 2804, "message": "Custom metric: resume_text_length=2804"}
{"event": "custom_metric", "session_id": "a2f7edf6-1201-4697-a30b-484eaf02402f", "request_id": "453a7011-f995-4098-b8f5-bebd3680de47", "endpoint": "/intervet2", "timestamp": "2025-05-14T10:52:45.395088", "jd_text_length": 3404, "message": "Custom metric: jd_text_length=3404"}
{"event": "custom_metric", "session_id": "a2f7edf6-1201-4697-a30b-484eaf02402f", "request_id": "453a7011-f995-4098-b8f5-bebd3680de47", "endpoint": "/intervet2", "timestamp": "2025-05-14T10:53:07.454735", "resume_parsing_time": 22.059120893478394, "message": "Custom metric: resume_parsing_time=22.059120893478394"}
{"event": "custom_metric", "session_id": "a2f7edf6-1201-4697-a30b-484eaf02402f", "request_id": "453a7011-f995-4098-b8f5-bebd3680de47", "endpoint": "/intervet2", "timestamp": "2025-05-14T10:53:07.455284", "jd_parsing_time": 0.0005252361297607422, "message": "Custom metric: jd_parsing_time=0.0005252361297607422"}
{"event": "custom_metric", "session_id": "a2f7edf6-1201-4697-a30b-484eaf02402f", "request_id": "453a7011-f995-4098-b8f5-bebd3680de47", "endpoint": "/intervet2", "timestamp": "2025-05-14T10:53:07.455843", "evaluation_time": 0.0, "message": "Custom metric: evaluation_time=0.0"}
{"event": "custom_metric", "session_id": "a2f7edf6-1201-4697-a30b-484eaf02402f", "request_id": "453a7011-f995-4098-b8f5-bebd3680de47", "endpoint": "/intervet2", "timestamp": "2025-05-14T10:53:07.455843", "total_score": 20, "message": "Custom metric: total_score=20"}
{"event": "custom_metric", "session_id": "a2f7edf6-1201-4697-a30b-484eaf02402f", "request_id": "453a7011-f995-4098-b8f5-bebd3680de47", "endpoint": "/intervet2", "timestamp": "2025-05-14T10:53:07.455843", "fit_category": "Weak Match", "message": "Custom metric: fit_category=Weak Match"}
{"event": "request_complete", "session_id": "a2f7edf6-1201-4697-a30b-484eaf02402f", "request_id": "453a7011-f995-4098-b8f5-bebd3680de47", "endpoint": "/intervet2", "timestamp": "2025-05-14T10:53:07.458790", "total_time_seconds": 22.122774362564087, "status_code": 200, "message": "Request completed in 22.1228s with status 200"}
{"event": "request_start", "session_id": "a2f7edf6-1201-4697-a30b-484eaf02402f", "request_id": "7649af0f-6dcb-410c-97a3-204b50a2de2a", "endpoint": "/jd_only", "timestamp": "2025-05-14T10:54:20.762953", "message": "Request started for endpoint: /jd_only"}
{"event": "request_complete", "session_id": "a2f7edf6-1201-4697-a30b-484eaf02402f", "request_id": "7649af0f-6dcb-410c-97a3-204b50a2de2a", "endpoint": "/jd_only", "timestamp": "2025-05-14T10:54:41.809504", "total_time_seconds": 21.04655122756958, "status_code": 200, "message": "Request completed in 21.0466s with status 200"}
{"event": "request_start", "session_id": "a2f7edf6-1201-4697-a30b-484eaf02402f", "request_id": "17aae30c-e8e9-4d9e-909b-76d1aaeb1549", "endpoint": "/jd_parser", "timestamp": "2025-05-14T10:55:28.464823", "message": "Request started for endpoint: /jd_parser"}
{"event": "request_complete", "session_id": "a2f7edf6-1201-4697-a30b-484eaf02402f", "request_id": "17aae30c-e8e9-4d9e-909b-76d1aaeb1549", "endpoint": "/jd_parser", "timestamp": "2025-05-14T10:55:28.490394", "total_time_seconds": 0.025571107864379883, "status_code": 200, "message": "Request completed in 0.0256s with status 200"}
{"event": "request_start", "session_id": "a2f7edf6-1201-4697-a30b-484eaf02402f", "request_id": "9012e651-545c-4386-872d-0e41862ce9e6", "endpoint": "/jd_parser", "timestamp": "2025-05-14T10:55:35.858369", "message": "Request started for endpoint: /jd_parser"}
{"event": "request_complete", "session_id": "a2f7edf6-1201-4697-a30b-484eaf02402f", "request_id": "9012e651-545c-4386-872d-0e41862ce9e6", "endpoint": "/jd_parser", "timestamp": "2025-05-14T10:55:35.905822", "total_time_seconds": 0.04745316505432129, "status_code": 200, "message": "Request completed in 0.0475s with status 200"}
{"event": "request_start", "session_id": "a2f7edf6-1201-4697-a30b-484eaf02402f", "request_id": "93c756be-0eed-4257-9086-c860397fd806", "endpoint": "/jd_parser", "timestamp": "2025-05-14T10:55:44.720306", "message": "Request started for endpoint: /jd_parser"}
{"event": "request_complete", "session_id": "a2f7edf6-1201-4697-a30b-484eaf02402f", "request_id": "93c756be-0eed-4257-9086-c860397fd806", "endpoint": "/jd_parser", "timestamp": "2025-05-14T10:55:44.753203", "total_time_seconds": 0.03289675712585449, "status_code": 200, "message": "Request completed in 0.0329s with status 200"}
{"event": "request_start", "session_id": "a2f7edf6-1201-4697-a30b-484eaf02402f", "request_id": "7a1b53bb-8f0e-4994-bc8c-ad73a27f88e7", "endpoint": "/resume", "timestamp": "2025-05-14T10:58:44.657483", "message": "Request started for endpoint: /resume"}
{"event": "custom_metric", "session_id": "a2f7edf6-1201-4697-a30b-484eaf02402f", "request_id": "7a1b53bb-8f0e-4994-bc8c-ad73a27f88e7", "endpoint": "resume", "timestamp": "2025-05-14T10:58:44.659829", "message": "Custom metric: endpoint=resume"}
{"event": "custom_metric", "session_id": "a2f7edf6-1201-4697-a30b-484eaf02402f", "request_id": "7a1b53bb-8f0e-4994-bc8c-ad73a27f88e7", "endpoint": "/resume", "timestamp": "2025-05-14T10:58:44.663854", "file_name": "Zahan_Resume.pdf", "message": "Custom metric: file_name=Zahan_Resume.pdf"}
{"event": "custom_metric", "session_id": "a2f7edf6-1201-4697-a30b-484eaf02402f", "request_id": "7a1b53bb-8f0e-4994-bc8c-ad73a27f88e7", "endpoint": "/resume", "timestamp": "2025-05-14T10:58:44.668387", "file_type": "pdf", "message": "Custom metric: file_type=pdf"}
{"event": "custom_metric", "session_id": "a2f7edf6-1201-4697-a30b-484eaf02402f", "request_id": "7a1b53bb-8f0e-4994-bc8c-ad73a27f88e7", "endpoint": "/resume", "timestamp": "2025-05-14T10:58:44.669389", "file_size": 60820, "message": "Custom metric: file_size=60820"}
{"event": "custom_metric", "session_id": "a2f7edf6-1201-4697-a30b-484eaf02402f", "request_id": "7a1b53bb-8f0e-4994-bc8c-ad73a27f88e7", "endpoint": "/resume", "timestamp": "2025-05-14T10:58:44.704996", "file_type": "pdf", "message": "Custom metric: file_type=pdf"}
{"event": "custom_metric", "session_id": "a2f7edf6-1201-4697-a30b-484eaf02402f", "request_id": "7a1b53bb-8f0e-4994-bc8c-ad73a27f88e7", "endpoint": "/resume", "timestamp": "2025-05-14T10:58:44.704996", "file_size_bytes": 60820, "message": "Custom metric: file_size_bytes=60820"}
{"event": "custom_metric", "session_id": "a2f7edf6-1201-4697-a30b-484eaf02402f", "request_id": "7a1b53bb-8f0e-4994-bc8c-ad73a27f88e7", "endpoint": "/resume", "timestamp": "2025-05-14T10:58:44.704996", "extraction_method": "pdf_text", "message": "Custom metric: extraction_method=pdf_text"}
{"event": "custom_metric", "session_id": "a2f7edf6-1201-4697-a30b-484eaf02402f", "request_id": "7a1b53bb-8f0e-4994-bc8c-ad73a27f88e7", "endpoint": "/resume", "timestamp": "2025-05-14T10:58:44.706000", "extracted_text_length": 2804, "message": "Custom metric: extracted_text_length=2804"}
{"event": "custom_metric", "session_id": "a2f7edf6-1201-4697-a30b-484eaf02402f", "request_id": "7a1b53bb-8f0e-4994-bc8c-ad73a27f88e7", "endpoint": "/resume", "timestamp": "2025-05-14T10:58:44.706000", "file_processing_time": 0.0333247184753418, "message": "Custom metric: file_processing_time=0.0333247184753418"}
{"event": "custom_metric", "session_id": "a2f7edf6-1201-4697-a30b-484eaf02402f", "request_id": "7a1b53bb-8f0e-4994-bc8c-ad73a27f88e7", "endpoint": "/resume", "timestamp": "2025-05-14T10:58:44.706000", "text_extraction_time": 0.03432869911193848, "message": "Custom metric: text_extraction_time=0.03432869911193848"}
{"event": "custom_metric", "session_id": "a2f7edf6-1201-4697-a30b-484eaf02402f", "request_id": "7a1b53bb-8f0e-4994-bc8c-ad73a27f88e7", "endpoint": "/resume", "timestamp": "2025-05-14T10:58:44.706000", "extracted_text_length": 2804, "message": "Custom metric: extracted_text_length=2804"}
{"event": "custom_metric", "session_id": "a2f7edf6-1201-4697-a30b-484eaf02402f", "request_id": "7a1b53bb-8f0e-4994-bc8c-ad73a27f88e7", "endpoint": "/resume", "timestamp": "2025-05-14T10:59:07.823207", "parsing_time": 23.116210222244263, "message": "Custom metric: parsing_time=23.116210222244263"}
{"event": "custom_metric", "session_id": "a2f7edf6-1201-4697-a30b-484eaf02402f", "request_id": "7a1b53bb-8f0e-4994-bc8c-ad73a27f88e7", "endpoint": "/resume", "timestamp": "2025-05-14T10:59:07.823207", "confidence_score": 0.76, "message": "Custom metric: confidence_score=0.76"}
{"event": "custom_metric", "session_id": "a2f7edf6-1201-4697-a30b-484eaf02402f", "request_id": "7a1b53bb-8f0e-4994-bc8c-ad73a27f88e7", "endpoint": "/resume", "timestamp": "2025-05-14T10:59:07.823207", "fields_extracted": 18, "message": "Custom metric: fields_extracted=18"}
{"event": "custom_metric", "session_id": "a2f7edf6-1201-4697-a30b-484eaf02402f", "request_id": "7a1b53bb-8f0e-4994-bc8c-ad73a27f88e7", "endpoint": "/resume", "timestamp": "2025-05-14T10:59:07.823207", "skills_count": 25, "message": "Custom metric: skills_count=25"}
{"event": "custom_metric", "session_id": "a2f7edf6-1201-4697-a30b-484eaf02402f", "request_id": "7a1b53bb-8f0e-4994-bc8c-ad73a27f88e7", "endpoint": "/resume", "timestamp": "2025-05-14T10:59:07.824280", "education_count": 1, "message": "Custom metric: education_count=1"}
{"event": "custom_metric", "session_id": "a2f7edf6-1201-4697-a30b-484eaf02402f", "request_id": "7a1b53bb-8f0e-4994-bc8c-ad73a27f88e7", "endpoint": "/resume", "timestamp": "2025-05-14T10:59:07.824280", "experience_count": 2, "message": "Custom metric: experience_count=2"}
{"event": "custom_metric", "session_id": "a2f7edf6-1201-4697-a30b-484eaf02402f", "request_id": "7a1b53bb-8f0e-4994-bc8c-ad73a27f88e7", "endpoint": "/resume", "timestamp": "2025-05-14T10:59:07.824280", "total_processing_time": 23.1505389213562, "message": "Custom metric: total_processing_time=23.1505389213562"}
{"event": "request_complete", "session_id": "a2f7edf6-1201-4697-a30b-484eaf02402f", "request_id": "7a1b53bb-8f0e-4994-bc8c-ad73a27f88e7", "endpoint": "/resume", "timestamp": "2025-05-14T10:59:07.826368", "total_time_seconds": 23.168884992599487, "status_code": 200, "message": "Request completed in 23.1689s with status 200"}
{"event": "request_start", "session_id": "a2f7edf6-1201-4697-a30b-484eaf02402f", "request_id": "4c4b687c-e23d-434d-8612-741556535b19", "endpoint": "/jd_parser", "timestamp": "2025-05-14T10:59:28.094910", "message": "Request started for endpoint: /jd_parser"}
{"event": "request_complete", "session_id": "a2f7edf6-1201-4697-a30b-484eaf02402f", "request_id": "4c4b687c-e23d-434d-8612-741556535b19", "endpoint": "/jd_parser", "timestamp": "2025-05-14T10:59:28.128251", "total_time_seconds": 0.033341169357299805, "status_code": 200, "message": "Request completed in 0.0333s with status 200"}
{"event": "request_start", "session_id": "a2f7edf6-1201-4697-a30b-484eaf02402f", "request_id": "3c821cac-3e24-4b12-b153-db506783c553", "endpoint": "/jd_parser", "timestamp": "2025-05-14T10:59:36.833055", "message": "Request started for endpoint: /jd_parser"}
{"event": "request_complete", "session_id": "a2f7edf6-1201-4697-a30b-484eaf02402f", "request_id": "3c821cac-3e24-4b12-b153-db506783c553", "endpoint": "/jd_parser", "timestamp": "2025-05-14T10:59:36.848242", "total_time_seconds": 0.015185832977294922, "status_code": 200, "message": "Request completed in 0.0152s with status 200"}
{"event": "request_start", "session_id": "a2f7edf6-1201-4697-a30b-484eaf02402f", "request_id": "567f8cb8-138d-4df6-872e-6c443fa630b8", "endpoint": "/jd_parser", "timestamp": "2025-05-14T11:00:02.094159", "message": "Request started for endpoint: /jd_parser"}
{"event": "request_complete", "session_id": "a2f7edf6-1201-4697-a30b-484eaf02402f", "request_id": "567f8cb8-138d-4df6-872e-6c443fa630b8", "endpoint": "/jd_parser", "timestamp": "2025-05-14T11:00:02.112075", "total_time_seconds": 0.017916202545166016, "status_code": 200, "message": "Request completed in 0.0179s with status 200"}
{"event": "request_start", "session_id": "a2f7edf6-1201-4697-a30b-484eaf02402f", "request_id": "df4c34f2-7ffc-40e9-8ddc-2bb25aedb3ba", "endpoint": "/jd_parser", "timestamp": "2025-05-14T11:17:17.713404", "message": "Request started for endpoint: /jd_parser"}
{"event": "request_complete", "session_id": "a2f7edf6-1201-4697-a30b-484eaf02402f", "request_id": "df4c34f2-7ffc-40e9-8ddc-2bb25aedb3ba", "endpoint": "/jd_parser", "timestamp": "2025-05-14T11:17:17.744977", "total_time_seconds": 0.03157353401184082, "status_code": 200, "message": "Request completed in 0.0316s with status 200"}
{"event": "session_end", "session_id": "a2f7edf6-1201-4697-a30b-484eaf02402f", "timestamp": "2025-05-14T11:17:17.882179", "message": "API session ended"}
