{"event": "session_start", "session_id": "658c14d9-401a-45e6-b0d9-b70caee577ab", "timestamp": "2025-05-26T16:44:23.612680", "message": "New API session started"}
{"event": "request_start", "session_id": "658c14d9-401a-45e6-b0d9-b70caee577ab", "request_id": "3d6a0230-6cf9-416a-8f0b-02dbb1cdd161", "endpoint": "/openapi.json", "timestamp": "2025-05-26T16:44:24.030722", "message": "Request started for endpoint: /openapi.json"}
{"event": "request_complete", "session_id": "658c14d9-401a-45e6-b0d9-b70caee577ab", "request_id": "3d6a0230-6cf9-416a-8f0b-02dbb1cdd161", "endpoint": "/openapi.json", "timestamp": "2025-05-26T16:44:24.037719", "total_time_seconds": 0.006997346878051758, "status_code": 200, "message": "Request completed in 0.0070s with status 200"}
{"event": "request_start", "session_id": "658c14d9-401a-45e6-b0d9-b70caee577ab", "request_id": "5623032a-b737-456e-aeeb-cc2230e7abc9", "endpoint": "/resume", "timestamp": "2025-05-26T16:44:30.638146", "message": "Request started for endpoint: /resume"}
{"event": "custom_metric", "session_id": "658c14d9-401a-45e6-b0d9-b70caee577ab", "request_id": "5623032a-b737-456e-aeeb-cc2230e7abc9", "endpoint": "resume", "timestamp": "2025-05-26T16:44:30.641146", "message": "Custom metric: endpoint=resume"}
{"event": "custom_metric", "session_id": "658c14d9-401a-45e6-b0d9-b70caee577ab", "request_id": "5623032a-b737-456e-aeeb-cc2230e7abc9", "endpoint": "/resume", "timestamp": "2025-05-26T16:44:30.641146", "file_name": "Resume-Raman Luhach.pdf", "message": "Custom metric: file_name=Resume-Raman Luhach.pdf"}
{"event": "custom_metric", "session_id": "658c14d9-401a-45e6-b0d9-b70caee577ab", "request_id": "5623032a-b737-456e-aeeb-cc2230e7abc9", "endpoint": "/resume", "timestamp": "2025-05-26T16:44:30.641146", "file_type": "pdf", "message": "Custom metric: file_type=pdf"}
{"event": "custom_metric", "session_id": "658c14d9-401a-45e6-b0d9-b70caee577ab", "request_id": "5623032a-b737-456e-aeeb-cc2230e7abc9", "endpoint": "/resume", "timestamp": "2025-05-26T16:44:30.642145", "file_size": 73845, "message": "Custom metric: file_size=73845"}
{"event": "custom_metric", "session_id": "658c14d9-401a-45e6-b0d9-b70caee577ab", "request_id": "5623032a-b737-456e-aeeb-cc2230e7abc9", "endpoint": "/resume", "timestamp": "2025-05-26T16:44:30.654147", "file_type": "pdf", "message": "Custom metric: file_type=pdf"}
{"event": "custom_metric", "session_id": "658c14d9-401a-45e6-b0d9-b70caee577ab", "request_id": "5623032a-b737-456e-aeeb-cc2230e7abc9", "endpoint": "/resume", "timestamp": "2025-05-26T16:44:30.654147", "file_size_bytes": 73845, "message": "Custom metric: file_size_bytes=73845"}
{"event": "custom_metric", "session_id": "658c14d9-401a-45e6-b0d9-b70caee577ab", "request_id": "5623032a-b737-456e-aeeb-cc2230e7abc9", "endpoint": "/resume", "timestamp": "2025-05-26T16:44:30.654147", "extraction_method": "pdf_text", "message": "Custom metric: extraction_method=pdf_text"}
{"event": "custom_metric", "session_id": "658c14d9-401a-45e6-b0d9-b70caee577ab", "request_id": "5623032a-b737-456e-aeeb-cc2230e7abc9", "endpoint": "/resume", "timestamp": "2025-05-26T16:44:30.654147", "extracted_text_length": 2214, "message": "Custom metric: extracted_text_length=2214"}
{"event": "custom_metric", "session_id": "658c14d9-401a-45e6-b0d9-b70caee577ab", "request_id": "5623032a-b737-456e-aeeb-cc2230e7abc9", "endpoint": "/resume", "timestamp": "2025-05-26T16:44:30.654147", "file_processing_time": 0.012001991271972656, "message": "Custom metric: file_processing_time=0.012001991271972656"}
{"event": "custom_metric", "session_id": "658c14d9-401a-45e6-b0d9-b70caee577ab", "request_id": "5623032a-b737-456e-aeeb-cc2230e7abc9", "endpoint": "/resume", "timestamp": "2025-05-26T16:44:30.654147", "text_extraction_time": 0.012001991271972656, "message": "Custom metric: text_extraction_time=0.012001991271972656"}
{"event": "custom_metric", "session_id": "658c14d9-401a-45e6-b0d9-b70caee577ab", "request_id": "5623032a-b737-456e-aeeb-cc2230e7abc9", "endpoint": "/resume", "timestamp": "2025-05-26T16:44:30.654147", "extracted_text_length": 2214, "message": "Custom metric: extracted_text_length=2214"}
{"event": "custom_metric", "session_id": "658c14d9-401a-45e6-b0d9-b70caee577ab", "request_id": "5623032a-b737-456e-aeeb-cc2230e7abc9", "endpoint": "/resume", "timestamp": "2025-05-26T16:44:46.816879", "parsing_time": 16.16173219680786, "message": "Custom metric: parsing_time=16.16173219680786"}
{"event": "custom_metric", "session_id": "658c14d9-401a-45e6-b0d9-b70caee577ab", "request_id": "5623032a-b737-456e-aeeb-cc2230e7abc9", "endpoint": "/resume", "timestamp": "2025-05-26T16:44:46.816879", "confidence_score": 0.44, "message": "Custom metric: confidence_score=0.44"}
{"event": "custom_metric", "session_id": "658c14d9-401a-45e6-b0d9-b70caee577ab", "request_id": "5623032a-b737-456e-aeeb-cc2230e7abc9", "endpoint": "/resume", "timestamp": "2025-05-26T16:44:46.816879", "fields_extracted": 22, "message": "Custom metric: fields_extracted=22"}
{"event": "custom_metric", "session_id": "658c14d9-401a-45e6-b0d9-b70caee577ab", "request_id": "5623032a-b737-456e-aeeb-cc2230e7abc9", "endpoint": "/resume", "timestamp": "2025-05-26T16:44:46.816879", "skills_count": 0, "message": "Custom metric: skills_count=0"}
{"event": "custom_metric", "session_id": "658c14d9-401a-45e6-b0d9-b70caee577ab", "request_id": "5623032a-b737-456e-aeeb-cc2230e7abc9", "endpoint": "/resume", "timestamp": "2025-05-26T16:44:46.816879", "education_count": 0, "message": "Custom metric: education_count=0"}
{"event": "custom_metric", "session_id": "658c14d9-401a-45e6-b0d9-b70caee577ab", "request_id": "5623032a-b737-456e-aeeb-cc2230e7abc9", "endpoint": "/resume", "timestamp": "2025-05-26T16:44:46.816879", "experience_count": 0, "message": "Custom metric: experience_count=0"}
{"event": "custom_metric", "session_id": "658c14d9-401a-45e6-b0d9-b70caee577ab", "request_id": "5623032a-b737-456e-aeeb-cc2230e7abc9", "endpoint": "/resume", "timestamp": "2025-05-26T16:44:46.817878", "total_processing_time": 16.173734188079834, "message": "Custom metric: total_processing_time=16.173734188079834"}
{"event": "request_complete", "session_id": "658c14d9-401a-45e6-b0d9-b70caee577ab", "request_id": "5623032a-b737-456e-aeeb-cc2230e7abc9", "endpoint": "/resume", "timestamp": "2025-05-26T16:44:46.817878", "total_time_seconds": 16.179731845855713, "status_code": 200, "message": "Request completed in 16.1797s with status 200"}
{"event": "session_end", "session_id": "658c14d9-401a-45e6-b0d9-b70caee577ab", "timestamp": "2025-05-26T16:45:17.878335", "message": "API session ended"}
