{"event": "session_start", "session_id": "b7f233b8-731d-46c6-9b79-11ba05e56ef7", "timestamp": "2025-05-22T22:50:08.203516", "message": "New API session started"}
{"event": "request_start", "session_id": "b7f233b8-731d-46c6-9b79-11ba05e56ef7", "request_id": "7cac6460-00c8-4457-abf8-9cc1acd5b093", "endpoint": "/", "timestamp": "2025-05-22T22:50:15.735289", "message": "Request started for endpoint: /"}
{"event": "request_complete", "session_id": "b7f233b8-731d-46c6-9b79-11ba05e56ef7", "request_id": "7cac6460-00c8-4457-abf8-9cc1acd5b093", "endpoint": "/", "timestamp": "2025-05-22T22:50:15.737358", "total_time_seconds": 0.0020694732666015625, "status_code": 200, "message": "Request completed in 0.0021s with status 200"}
{"event": "request_start", "session_id": "b7f233b8-731d-46c6-9b79-11ba05e56ef7", "request_id": "05c315a1-37b2-4aef-bcb8-f0eed733ba0d", "endpoint": "/docs", "timestamp": "2025-05-22T22:50:18.789862", "message": "Request started for endpoint: /docs"}
{"event": "request_complete", "session_id": "b7f233b8-731d-46c6-9b79-11ba05e56ef7", "request_id": "05c315a1-37b2-4aef-bcb8-f0eed733ba0d", "endpoint": "/docs", "timestamp": "2025-05-22T22:50:18.790804", "total_time_seconds": 0.0009419918060302734, "status_code": 200, "message": "Request completed in 0.0009s with status 200"}
{"event": "request_start", "session_id": "b7f233b8-731d-46c6-9b79-11ba05e56ef7", "request_id": "eb128052-758e-4458-aff6-deaa7ce0784c", "endpoint": "/openapi.json", "timestamp": "2025-05-22T22:50:18.873803", "message": "Request started for endpoint: /openapi.json"}
{"event": "request_complete", "session_id": "b7f233b8-731d-46c6-9b79-11ba05e56ef7", "request_id": "eb128052-758e-4458-aff6-deaa7ce0784c", "endpoint": "/openapi.json", "timestamp": "2025-05-22T22:50:18.880805", "total_time_seconds": 0.007002115249633789, "status_code": 200, "message": "Request completed in 0.0070s with status 200"}
{"event": "request_start", "session_id": "b7f233b8-731d-46c6-9b79-11ba05e56ef7", "request_id": "c187e72e-51e2-4d49-b7bf-c4eb90be688f", "endpoint": "/resume", "timestamp": "2025-05-22T22:50:32.623220", "message": "Request started for endpoint: /resume"}
{"event": "custom_metric", "session_id": "b7f233b8-731d-46c6-9b79-11ba05e56ef7", "request_id": "c187e72e-51e2-4d49-b7bf-c4eb90be688f", "endpoint": "resume", "timestamp": "2025-05-22T22:50:32.625221", "message": "Custom metric: endpoint=resume"}
{"event": "custom_metric", "session_id": "b7f233b8-731d-46c6-9b79-11ba05e56ef7", "request_id": "c187e72e-51e2-4d49-b7bf-c4eb90be688f", "endpoint": "/resume", "timestamp": "2025-05-22T22:50:32.625221", "file_name": "Resume-Raman Luhach.pdf", "message": "Custom metric: file_name=Resume-Raman Luhach.pdf"}
{"event": "custom_metric", "session_id": "b7f233b8-731d-46c6-9b79-11ba05e56ef7", "request_id": "c187e72e-51e2-4d49-b7bf-c4eb90be688f", "endpoint": "/resume", "timestamp": "2025-05-22T22:50:32.626223", "file_type": "pdf", "message": "Custom metric: file_type=pdf"}
{"event": "custom_metric", "session_id": "b7f233b8-731d-46c6-9b79-11ba05e56ef7", "request_id": "c187e72e-51e2-4d49-b7bf-c4eb90be688f", "endpoint": "/resume", "timestamp": "2025-05-22T22:50:32.627623", "file_size": 73845, "message": "Custom metric: file_size=73845"}
{"event": "custom_metric", "session_id": "b7f233b8-731d-46c6-9b79-11ba05e56ef7", "request_id": "c187e72e-51e2-4d49-b7bf-c4eb90be688f", "endpoint": "/resume", "timestamp": "2025-05-22T22:50:32.640437", "file_type": "pdf", "message": "Custom metric: file_type=pdf"}
{"event": "custom_metric", "session_id": "b7f233b8-731d-46c6-9b79-11ba05e56ef7", "request_id": "c187e72e-51e2-4d49-b7bf-c4eb90be688f", "endpoint": "/resume", "timestamp": "2025-05-22T22:50:32.640437", "file_size_bytes": 73845, "message": "Custom metric: file_size_bytes=73845"}
{"event": "custom_metric", "session_id": "b7f233b8-731d-46c6-9b79-11ba05e56ef7", "request_id": "c187e72e-51e2-4d49-b7bf-c4eb90be688f", "endpoint": "/resume", "timestamp": "2025-05-22T22:50:32.640437", "extraction_method": "pdf_text", "message": "Custom metric: extraction_method=pdf_text"}
{"event": "custom_metric", "session_id": "b7f233b8-731d-46c6-9b79-11ba05e56ef7", "request_id": "c187e72e-51e2-4d49-b7bf-c4eb90be688f", "endpoint": "/resume", "timestamp": "2025-05-22T22:50:32.641439", "extracted_text_length": 2214, "message": "Custom metric: extracted_text_length=2214"}
{"event": "custom_metric", "session_id": "b7f233b8-731d-46c6-9b79-11ba05e56ef7", "request_id": "c187e72e-51e2-4d49-b7bf-c4eb90be688f", "endpoint": "/resume", "timestamp": "2025-05-22T22:50:32.641439", "file_processing_time": 0.012813568115234375, "message": "Custom metric: file_processing_time=0.012813568115234375"}
{"event": "custom_metric", "session_id": "b7f233b8-731d-46c6-9b79-11ba05e56ef7", "request_id": "c187e72e-51e2-4d49-b7bf-c4eb90be688f", "endpoint": "/resume", "timestamp": "2025-05-22T22:50:32.641439", "text_extraction_time": 0.013815164566040039, "message": "Custom metric: text_extraction_time=0.013815164566040039"}
{"event": "custom_metric", "session_id": "b7f233b8-731d-46c6-9b79-11ba05e56ef7", "request_id": "c187e72e-51e2-4d49-b7bf-c4eb90be688f", "endpoint": "/resume", "timestamp": "2025-05-22T22:50:32.641439", "extracted_text_length": 2214, "message": "Custom metric: extracted_text_length=2214"}
{"event": "custom_metric", "session_id": "b7f233b8-731d-46c6-9b79-11ba05e56ef7", "request_id": "c187e72e-51e2-4d49-b7bf-c4eb90be688f", "endpoint": "/resume", "timestamp": "2025-05-22T22:50:47.532895", "parsing_time": 14.891456365585327, "message": "Custom metric: parsing_time=14.891456365585327"}
{"event": "custom_metric", "session_id": "b7f233b8-731d-46c6-9b79-11ba05e56ef7", "request_id": "c187e72e-51e2-4d49-b7bf-c4eb90be688f", "endpoint": "/resume", "timestamp": "2025-05-22T22:50:47.532895", "confidence_score": 0.0, "message": "Custom metric: confidence_score=0.0"}
{"event": "custom_metric", "session_id": "b7f233b8-731d-46c6-9b79-11ba05e56ef7", "request_id": "c187e72e-51e2-4d49-b7bf-c4eb90be688f", "endpoint": "/resume", "timestamp": "2025-05-22T22:50:47.532895", "fields_extracted": 20, "message": "Custom metric: fields_extracted=20"}
{"event": "custom_metric", "session_id": "b7f233b8-731d-46c6-9b79-11ba05e56ef7", "request_id": "c187e72e-51e2-4d49-b7bf-c4eb90be688f", "endpoint": "/resume", "timestamp": "2025-05-22T22:50:47.532895", "skills_count": 0, "message": "Custom metric: skills_count=0"}
{"event": "custom_metric", "session_id": "b7f233b8-731d-46c6-9b79-11ba05e56ef7", "request_id": "c187e72e-51e2-4d49-b7bf-c4eb90be688f", "endpoint": "/resume", "timestamp": "2025-05-22T22:50:47.532895", "education_count": 0, "message": "Custom metric: education_count=0"}
{"event": "custom_metric", "session_id": "b7f233b8-731d-46c6-9b79-11ba05e56ef7", "request_id": "c187e72e-51e2-4d49-b7bf-c4eb90be688f", "endpoint": "/resume", "timestamp": "2025-05-22T22:50:47.532895", "experience_count": 0, "message": "Custom metric: experience_count=0"}
{"event": "custom_metric", "session_id": "b7f233b8-731d-46c6-9b79-11ba05e56ef7", "request_id": "c187e72e-51e2-4d49-b7bf-c4eb90be688f", "endpoint": "/resume", "timestamp": "2025-05-22T22:50:47.532895", "total_processing_time": 14.905271530151367, "message": "Custom metric: total_processing_time=14.905271530151367"}
{"event": "request_complete", "session_id": "b7f233b8-731d-46c6-9b79-11ba05e56ef7", "request_id": "c187e72e-51e2-4d49-b7bf-c4eb90be688f", "endpoint": "/resume", "timestamp": "2025-05-22T22:50:47.533894", "total_time_seconds": 14.910674571990967, "status_code": 200, "message": "Request completed in 14.9107s with status 200"}
{"event": "session_end", "session_id": "b7f233b8-731d-46c6-9b79-11ba05e56ef7", "timestamp": "2025-05-22T22:55:07.841925", "message": "API session ended"}
