{"event": "session_start", "session_id": "4f911ce7-fb08-49dc-9368-c01012b42d07", "timestamp": "2025-05-16T12:28:13.954762", "message": "New API session started"}
{"event": "request_start", "session_id": "4f911ce7-fb08-49dc-9368-c01012b42d07", "request_id": "e4a0b7c2-473b-46e3-92a9-2e92b7178413", "endpoint": "/intervet2", "timestamp": "2025-05-16T12:29:55.646393", "message": "Request started for endpoint: /intervet2"}
{"event": "custom_metric", "session_id": "4f911ce7-fb08-49dc-9368-c01012b42d07", "request_id": "e4a0b7c2-473b-46e3-92a9-2e92b7178413", "endpoint": "/intervet2", "timestamp": "2025-05-16T12:29:55.649394", "endpoint_type": "intervet2", "message": "Custom metric: endpoint_type=intervet2"}
{"event": "custom_metric", "session_id": "4f911ce7-fb08-49dc-9368-c01012b42d07", "request_id": "e4a0b7c2-473b-46e3-92a9-2e92b7178413", "endpoint": "/intervet2", "timestamp": "2025-05-16T12:29:55.678394", "file_type": "pdf", "message": "Custom metric: file_type=pdf"}
{"event": "custom_metric", "session_id": "4f911ce7-fb08-49dc-9368-c01012b42d07", "request_id": "e4a0b7c2-473b-46e3-92a9-2e92b7178413", "endpoint": "/intervet2", "timestamp": "2025-05-16T12:29:55.678394", "file_size_bytes": 88356, "message": "Custom metric: file_size_bytes=88356"}
{"event": "custom_metric", "session_id": "4f911ce7-fb08-49dc-9368-c01012b42d07", "request_id": "e4a0b7c2-473b-46e3-92a9-2e92b7178413", "endpoint": "/intervet2", "timestamp": "2025-05-16T12:29:55.678394", "extraction_method": "pdf_text", "message": "Custom metric: extraction_method=pdf_text"}
{"event": "custom_metric", "session_id": "4f911ce7-fb08-49dc-9368-c01012b42d07", "request_id": "e4a0b7c2-473b-46e3-92a9-2e92b7178413", "endpoint": "/intervet2", "timestamp": "2025-05-16T12:29:55.679395", "extracted_text_length": 3871, "message": "Custom metric: extracted_text_length=3871"}
{"event": "custom_metric", "session_id": "4f911ce7-fb08-49dc-9368-c01012b42d07", "request_id": "e4a0b7c2-473b-46e3-92a9-2e92b7178413", "endpoint": "/intervet2", "timestamp": "2025-05-16T12:29:55.679395", "file_processing_time": 0.025999784469604492, "message": "Custom metric: file_processing_time=0.025999784469604492"}
{"event": "custom_metric", "session_id": "4f911ce7-fb08-49dc-9368-c01012b42d07", "request_id": "e4a0b7c2-473b-46e3-92a9-2e92b7178413", "endpoint": "/intervet2", "timestamp": "2025-05-16T12:29:55.709151", "file_type": "pdf", "message": "Custom metric: file_type=pdf"}
{"event": "custom_metric", "session_id": "4f911ce7-fb08-49dc-9368-c01012b42d07", "request_id": "e4a0b7c2-473b-46e3-92a9-2e92b7178413", "endpoint": "/intervet2", "timestamp": "2025-05-16T12:29:55.709151", "file_size_bytes": 43309, "message": "Custom metric: file_size_bytes=43309"}
{"event": "custom_metric", "session_id": "4f911ce7-fb08-49dc-9368-c01012b42d07", "request_id": "e4a0b7c2-473b-46e3-92a9-2e92b7178413", "endpoint": "/intervet2", "timestamp": "2025-05-16T12:29:55.709151", "extraction_method": "pdf_text", "message": "Custom metric: extraction_method=pdf_text"}
{"event": "custom_metric", "session_id": "4f911ce7-fb08-49dc-9368-c01012b42d07", "request_id": "e4a0b7c2-473b-46e3-92a9-2e92b7178413", "endpoint": "/intervet2", "timestamp": "2025-05-16T12:29:55.709151", "extracted_text_length": 2241, "message": "Custom metric: extracted_text_length=2241"}
{"event": "custom_metric", "session_id": "4f911ce7-fb08-49dc-9368-c01012b42d07", "request_id": "e4a0b7c2-473b-46e3-92a9-2e92b7178413", "endpoint": "/intervet2", "timestamp": "2025-05-16T12:29:55.709151", "file_processing_time": 0.029756546020507812, "message": "Custom metric: file_processing_time=0.029756546020507812"}
{"event": "custom_metric", "session_id": "4f911ce7-fb08-49dc-9368-c01012b42d07", "request_id": "e4a0b7c2-473b-46e3-92a9-2e92b7178413", "endpoint": "/intervet2", "timestamp": "2025-05-16T12:29:55.710150", "resume_extraction_time": 0.02700042724609375, "message": "Custom metric: resume_extraction_time=0.02700042724609375"}
{"event": "custom_metric", "session_id": "4f911ce7-fb08-49dc-9368-c01012b42d07", "request_id": "e4a0b7c2-473b-46e3-92a9-2e92b7178413", "endpoint": "/intervet2", "timestamp": "2025-05-16T12:29:55.710150", "jd_extraction_time": 0.029756546020507812, "message": "Custom metric: jd_extraction_time=0.029756546020507812"}
{"event": "custom_metric", "session_id": "4f911ce7-fb08-49dc-9368-c01012b42d07", "request_id": "e4a0b7c2-473b-46e3-92a9-2e92b7178413", "endpoint": "/intervet2", "timestamp": "2025-05-16T12:29:55.710150", "resume_text_length": 3871, "message": "Custom metric: resume_text_length=3871"}
{"event": "custom_metric", "session_id": "4f911ce7-fb08-49dc-9368-c01012b42d07", "request_id": "e4a0b7c2-473b-46e3-92a9-2e92b7178413", "endpoint": "/intervet2", "timestamp": "2025-05-16T12:29:55.710150", "jd_text_length": 2241, "message": "Custom metric: jd_text_length=2241"}
{"event": "custom_metric", "session_id": "4f911ce7-fb08-49dc-9368-c01012b42d07", "request_id": "e4a0b7c2-473b-46e3-92a9-2e92b7178413", "endpoint": "/intervet2", "timestamp": "2025-05-16T12:30:24.526519", "resume_parsing_time": 16.1781587600708, "message": "Custom metric: resume_parsing_time=16.1781587600708"}
{"event": "custom_metric", "session_id": "4f911ce7-fb08-49dc-9368-c01012b42d07", "request_id": "e4a0b7c2-473b-46e3-92a9-2e92b7178413", "endpoint": "/intervet2", "timestamp": "2025-05-16T12:30:24.526519", "jd_parsing_time": 12.637665748596191, "message": "Custom metric: jd_parsing_time=12.637665748596191"}
{"event": "custom_metric", "session_id": "4f911ce7-fb08-49dc-9368-c01012b42d07", "request_id": "e4a0b7c2-473b-46e3-92a9-2e92b7178413", "endpoint": "/intervet2", "timestamp": "2025-05-16T12:30:24.540072", "evaluation_time": 0.01355290412902832, "message": "Custom metric: evaluation_time=0.01355290412902832"}
{"event": "custom_metric", "session_id": "4f911ce7-fb08-49dc-9368-c01012b42d07", "request_id": "e4a0b7c2-473b-46e3-92a9-2e92b7178413", "endpoint": "/intervet2", "timestamp": "2025-05-16T12:30:24.540072", "total_score": 31.539682539682538, "message": "Custom metric: total_score=31.539682539682538"}
{"event": "custom_metric", "session_id": "4f911ce7-fb08-49dc-9368-c01012b42d07", "request_id": "e4a0b7c2-473b-46e3-92a9-2e92b7178413", "endpoint": "/intervet2", "timestamp": "2025-05-16T12:30:24.540072", "fit_category": "Weak Match", "message": "Custom metric: fit_category=Weak Match"}
{"event": "request_complete", "session_id": "4f911ce7-fb08-49dc-9368-c01012b42d07", "request_id": "e4a0b7c2-473b-46e3-92a9-2e92b7178413", "endpoint": "/intervet2", "timestamp": "2025-05-16T12:30:24.541072", "total_time_seconds": 28.894678354263306, "status_code": 200, "message": "Request completed in 28.8947s with status 200"}
