{"event": "session_start", "session_id": "46f42ac2-de17-48a8-821a-46a19d0b6900", "timestamp": "2025-05-22T22:39:30.714209", "message": "New API session started"}
{"event": "request_start", "session_id": "46f42ac2-de17-48a8-821a-46a19d0b6900", "request_id": "962a6e12-f93f-4ff4-a89f-cee57293c0a0", "endpoint": "/docs", "timestamp": "2025-05-22T22:39:53.792115", "message": "Request started for endpoint: /docs"}
{"event": "request_complete", "session_id": "46f42ac2-de17-48a8-821a-46a19d0b6900", "request_id": "962a6e12-f93f-4ff4-a89f-cee57293c0a0", "endpoint": "/docs", "timestamp": "2025-05-22T22:39:53.793117", "total_time_seconds": 0.001001596450805664, "status_code": 200, "message": "Request completed in 0.0010s with status 200"}
{"event": "request_start", "session_id": "46f42ac2-de17-48a8-821a-46a19d0b6900", "request_id": "b3385484-b503-4439-9998-1b998d8a7058", "endpoint": "/openapi.json", "timestamp": "2025-05-22T22:39:53.952243", "message": "Request started for endpoint: /openapi.json"}
{"event": "request_complete", "session_id": "46f42ac2-de17-48a8-821a-46a19d0b6900", "request_id": "b3385484-b503-4439-9998-1b998d8a7058", "endpoint": "/openapi.json", "timestamp": "2025-05-22T22:39:53.961719", "total_time_seconds": 0.009476423263549805, "status_code": 200, "message": "Request completed in 0.0095s with status 200"}
{"event": "request_start", "session_id": "46f42ac2-de17-48a8-821a-46a19d0b6900", "request_id": "7e88f47e-bc89-4f9c-9793-5d9f43304ef5", "endpoint": "/resume", "timestamp": "2025-05-22T22:40:00.556695", "message": "Request started for endpoint: /resume"}
{"event": "custom_metric", "session_id": "46f42ac2-de17-48a8-821a-46a19d0b6900", "request_id": "7e88f47e-bc89-4f9c-9793-5d9f43304ef5", "endpoint": "resume", "timestamp": "2025-05-22T22:40:00.557684", "message": "Custom metric: endpoint=resume"}
{"event": "custom_metric", "session_id": "46f42ac2-de17-48a8-821a-46a19d0b6900", "request_id": "7e88f47e-bc89-4f9c-9793-5d9f43304ef5", "endpoint": "/resume", "timestamp": "2025-05-22T22:40:00.559700", "file_name": "Resume-Raman Luhach.pdf", "message": "Custom metric: file_name=Resume-Raman Luhach.pdf"}
{"event": "custom_metric", "session_id": "46f42ac2-de17-48a8-821a-46a19d0b6900", "request_id": "7e88f47e-bc89-4f9c-9793-5d9f43304ef5", "endpoint": "/resume", "timestamp": "2025-05-22T22:40:00.559700", "file_type": "pdf", "message": "Custom metric: file_type=pdf"}
{"event": "custom_metric", "session_id": "46f42ac2-de17-48a8-821a-46a19d0b6900", "request_id": "7e88f47e-bc89-4f9c-9793-5d9f43304ef5", "endpoint": "/resume", "timestamp": "2025-05-22T22:40:00.561685", "file_size": 73845, "message": "Custom metric: file_size=73845"}
{"event": "custom_metric", "session_id": "46f42ac2-de17-48a8-821a-46a19d0b6900", "request_id": "7e88f47e-bc89-4f9c-9793-5d9f43304ef5", "endpoint": "/resume", "timestamp": "2025-05-22T22:40:00.573999", "file_type": "pdf", "message": "Custom metric: file_type=pdf"}
{"event": "custom_metric", "session_id": "46f42ac2-de17-48a8-821a-46a19d0b6900", "request_id": "7e88f47e-bc89-4f9c-9793-5d9f43304ef5", "endpoint": "/resume", "timestamp": "2025-05-22T22:40:00.574999", "file_size_bytes": 73845, "message": "Custom metric: file_size_bytes=73845"}
{"event": "custom_metric", "session_id": "46f42ac2-de17-48a8-821a-46a19d0b6900", "request_id": "7e88f47e-bc89-4f9c-9793-5d9f43304ef5", "endpoint": "/resume", "timestamp": "2025-05-22T22:40:00.574999", "extraction_method": "pdf_text", "message": "Custom metric: extraction_method=pdf_text"}
{"event": "custom_metric", "session_id": "46f42ac2-de17-48a8-821a-46a19d0b6900", "request_id": "7e88f47e-bc89-4f9c-9793-5d9f43304ef5", "endpoint": "/resume", "timestamp": "2025-05-22T22:40:00.574999", "extracted_text_length": 2214, "message": "Custom metric: extracted_text_length=2214"}
{"event": "custom_metric", "session_id": "46f42ac2-de17-48a8-821a-46a19d0b6900", "request_id": "7e88f47e-bc89-4f9c-9793-5d9f43304ef5", "endpoint": "/resume", "timestamp": "2025-05-22T22:40:00.574999", "file_processing_time": 0.012314081192016602, "message": "Custom metric: file_processing_time=0.012314081192016602"}
{"event": "custom_metric", "session_id": "46f42ac2-de17-48a8-821a-46a19d0b6900", "request_id": "7e88f47e-bc89-4f9c-9793-5d9f43304ef5", "endpoint": "/resume", "timestamp": "2025-05-22T22:40:00.574999", "text_extraction_time": 0.013314247131347656, "message": "Custom metric: text_extraction_time=0.013314247131347656"}
{"event": "custom_metric", "session_id": "46f42ac2-de17-48a8-821a-46a19d0b6900", "request_id": "7e88f47e-bc89-4f9c-9793-5d9f43304ef5", "endpoint": "/resume", "timestamp": "2025-05-22T22:40:00.574999", "extracted_text_length": 2214, "message": "Custom metric: extracted_text_length=2214"}
{"event": "custom_metric", "session_id": "46f42ac2-de17-48a8-821a-46a19d0b6900", "request_id": "7e88f47e-bc89-4f9c-9793-5d9f43304ef5", "endpoint": "/resume", "timestamp": "2025-05-22T22:40:31.203278", "parsing_time": 30.628278970718384, "message": "Custom metric: parsing_time=30.628278970718384"}
{"event": "custom_metric", "session_id": "46f42ac2-de17-48a8-821a-46a19d0b6900", "request_id": "7e88f47e-bc89-4f9c-9793-5d9f43304ef5", "endpoint": "/resume", "timestamp": "2025-05-22T22:40:31.203278", "confidence_score": 0.46, "message": "Custom metric: confidence_score=0.46"}
{"event": "custom_metric", "session_id": "46f42ac2-de17-48a8-821a-46a19d0b6900", "request_id": "7e88f47e-bc89-4f9c-9793-5d9f43304ef5", "endpoint": "/resume", "timestamp": "2025-05-22T22:40:31.204276", "fields_extracted": 21, "message": "Custom metric: fields_extracted=21"}
{"event": "custom_metric", "session_id": "46f42ac2-de17-48a8-821a-46a19d0b6900", "request_id": "7e88f47e-bc89-4f9c-9793-5d9f43304ef5", "endpoint": "/resume", "timestamp": "2025-05-22T22:40:31.204276", "skills_count": 0, "message": "Custom metric: skills_count=0"}
{"event": "custom_metric", "session_id": "46f42ac2-de17-48a8-821a-46a19d0b6900", "request_id": "7e88f47e-bc89-4f9c-9793-5d9f43304ef5", "endpoint": "/resume", "timestamp": "2025-05-22T22:40:31.204276", "education_count": 0, "message": "Custom metric: education_count=0"}
{"event": "custom_metric", "session_id": "46f42ac2-de17-48a8-821a-46a19d0b6900", "request_id": "7e88f47e-bc89-4f9c-9793-5d9f43304ef5", "endpoint": "/resume", "timestamp": "2025-05-22T22:40:31.204276", "experience_count": 0, "message": "Custom metric: experience_count=0"}
{"event": "custom_metric", "session_id": "46f42ac2-de17-48a8-821a-46a19d0b6900", "request_id": "7e88f47e-bc89-4f9c-9793-5d9f43304ef5", "endpoint": "/resume", "timestamp": "2025-05-22T22:40:31.204276", "total_processing_time": 30.64159321784973, "message": "Custom metric: total_processing_time=30.64159321784973"}
{"event": "request_complete", "session_id": "46f42ac2-de17-48a8-821a-46a19d0b6900", "request_id": "7e88f47e-bc89-4f9c-9793-5d9f43304ef5", "endpoint": "/resume", "timestamp": "2025-05-22T22:40:31.205276", "total_time_seconds": 30.64858078956604, "status_code": 200, "message": "Request completed in 30.6486s with status 200"}
{"event": "request_start", "session_id": "46f42ac2-de17-48a8-821a-46a19d0b6900", "request_id": "0136def0-b8e7-4ef4-8b2b-a32a82c875cd", "endpoint": "/resume", "timestamp": "2025-05-22T22:41:18.267388", "message": "Request started for endpoint: /resume"}
{"event": "custom_metric", "session_id": "46f42ac2-de17-48a8-821a-46a19d0b6900", "request_id": "0136def0-b8e7-4ef4-8b2b-a32a82c875cd", "endpoint": "resume", "timestamp": "2025-05-22T22:41:18.268388", "message": "Custom metric: endpoint=resume"}
{"event": "custom_metric", "session_id": "46f42ac2-de17-48a8-821a-46a19d0b6900", "request_id": "0136def0-b8e7-4ef4-8b2b-a32a82c875cd", "endpoint": "/resume", "timestamp": "2025-05-22T22:41:18.268388", "file_name": "Kajal salgar.pdf", "message": "Custom metric: file_name=Kajal salgar.pdf"}
{"event": "custom_metric", "session_id": "46f42ac2-de17-48a8-821a-46a19d0b6900", "request_id": "0136def0-b8e7-4ef4-8b2b-a32a82c875cd", "endpoint": "/resume", "timestamp": "2025-05-22T22:41:18.269388", "file_type": "pdf", "message": "Custom metric: file_type=pdf"}
{"event": "custom_metric", "session_id": "46f42ac2-de17-48a8-821a-46a19d0b6900", "request_id": "0136def0-b8e7-4ef4-8b2b-a32a82c875cd", "endpoint": "/resume", "timestamp": "2025-05-22T22:41:18.270387", "file_size": 55127, "message": "Custom metric: file_size=55127"}
{"event": "custom_metric", "session_id": "46f42ac2-de17-48a8-821a-46a19d0b6900", "request_id": "0136def0-b8e7-4ef4-8b2b-a32a82c875cd", "endpoint": "/resume", "timestamp": "2025-05-22T22:41:18.340046", "file_type": "pdf", "message": "Custom metric: file_type=pdf"}
{"event": "custom_metric", "session_id": "46f42ac2-de17-48a8-821a-46a19d0b6900", "request_id": "0136def0-b8e7-4ef4-8b2b-a32a82c875cd", "endpoint": "/resume", "timestamp": "2025-05-22T22:41:18.340046", "file_size_bytes": 55127, "message": "Custom metric: file_size_bytes=55127"}
{"event": "custom_metric", "session_id": "46f42ac2-de17-48a8-821a-46a19d0b6900", "request_id": "0136def0-b8e7-4ef4-8b2b-a32a82c875cd", "endpoint": "/resume", "timestamp": "2025-05-22T22:41:18.340046", "extraction_method": "pdf_text", "message": "Custom metric: extraction_method=pdf_text"}
{"event": "custom_metric", "session_id": "46f42ac2-de17-48a8-821a-46a19d0b6900", "request_id": "0136def0-b8e7-4ef4-8b2b-a32a82c875cd", "endpoint": "/resume", "timestamp": "2025-05-22T22:41:18.341047", "extracted_text_length": 1439, "message": "Custom metric: extracted_text_length=1439"}
{"event": "custom_metric", "session_id": "46f42ac2-de17-48a8-821a-46a19d0b6900", "request_id": "0136def0-b8e7-4ef4-8b2b-a32a82c875cd", "endpoint": "/resume", "timestamp": "2025-05-22T22:41:18.341047", "file_processing_time": 0.06965923309326172, "message": "Custom metric: file_processing_time=0.06965923309326172"}
{"event": "custom_metric", "session_id": "46f42ac2-de17-48a8-821a-46a19d0b6900", "request_id": "0136def0-b8e7-4ef4-8b2b-a32a82c875cd", "endpoint": "/resume", "timestamp": "2025-05-22T22:41:18.341047", "text_extraction_time": 0.07065987586975098, "message": "Custom metric: text_extraction_time=0.07065987586975098"}
{"event": "custom_metric", "session_id": "46f42ac2-de17-48a8-821a-46a19d0b6900", "request_id": "0136def0-b8e7-4ef4-8b2b-a32a82c875cd", "endpoint": "/resume", "timestamp": "2025-05-22T22:41:18.341047", "extracted_text_length": 1439, "message": "Custom metric: extracted_text_length=1439"}
{"event": "custom_metric", "session_id": "46f42ac2-de17-48a8-821a-46a19d0b6900", "request_id": "0136def0-b8e7-4ef4-8b2b-a32a82c875cd", "endpoint": "/resume", "timestamp": "2025-05-22T22:41:49.516919", "parsing_time": 31.17587184906006, "message": "Custom metric: parsing_time=31.17587184906006"}
{"event": "custom_metric", "session_id": "46f42ac2-de17-48a8-821a-46a19d0b6900", "request_id": "0136def0-b8e7-4ef4-8b2b-a32a82c875cd", "endpoint": "/resume", "timestamp": "2025-05-22T22:41:49.516919", "confidence_score": 0.46, "message": "Custom metric: confidence_score=0.46"}
{"event": "custom_metric", "session_id": "46f42ac2-de17-48a8-821a-46a19d0b6900", "request_id": "0136def0-b8e7-4ef4-8b2b-a32a82c875cd", "endpoint": "/resume", "timestamp": "2025-05-22T22:41:49.516919", "fields_extracted": 21, "message": "Custom metric: fields_extracted=21"}
{"event": "custom_metric", "session_id": "46f42ac2-de17-48a8-821a-46a19d0b6900", "request_id": "0136def0-b8e7-4ef4-8b2b-a32a82c875cd", "endpoint": "/resume", "timestamp": "2025-05-22T22:41:49.516919", "skills_count": 0, "message": "Custom metric: skills_count=0"}
{"event": "custom_metric", "session_id": "46f42ac2-de17-48a8-821a-46a19d0b6900", "request_id": "0136def0-b8e7-4ef4-8b2b-a32a82c875cd", "endpoint": "/resume", "timestamp": "2025-05-22T22:41:49.517920", "education_count": 0, "message": "Custom metric: education_count=0"}
{"event": "custom_metric", "session_id": "46f42ac2-de17-48a8-821a-46a19d0b6900", "request_id": "0136def0-b8e7-4ef4-8b2b-a32a82c875cd", "endpoint": "/resume", "timestamp": "2025-05-22T22:41:49.517920", "experience_count": 0, "message": "Custom metric: experience_count=0"}
{"event": "custom_metric", "session_id": "46f42ac2-de17-48a8-821a-46a19d0b6900", "request_id": "0136def0-b8e7-4ef4-8b2b-a32a82c875cd", "endpoint": "/resume", "timestamp": "2025-05-22T22:41:49.517920", "total_processing_time": 31.24653172492981, "message": "Custom metric: total_processing_time=31.24653172492981"}
{"event": "request_complete", "session_id": "46f42ac2-de17-48a8-821a-46a19d0b6900", "request_id": "0136def0-b8e7-4ef4-8b2b-a32a82c875cd", "endpoint": "/resume", "timestamp": "2025-05-22T22:41:49.518920", "total_time_seconds": 31.251532554626465, "status_code": 200, "message": "Request completed in 31.2515s with status 200"}
{"event": "session_end", "session_id": "46f42ac2-de17-48a8-821a-46a19d0b6900", "timestamp": "2025-05-22T22:44:54.474991", "message": "API session ended"}
