{"event": "session_start", "session_id": "66ef529b-48dc-441d-8dc8-2c085fc819c0", "timestamp": "2025-05-26T16:33:13.888131", "message": "New API session started"}
{"event": "request_start", "session_id": "66ef529b-48dc-441d-8dc8-2c085fc819c0", "request_id": "bd91090c-285e-405b-b1cd-212f8ad85377", "endpoint": "/intervet2", "timestamp": "2025-05-26T16:34:11.060993", "message": "Request started for endpoint: /intervet2"}
{"event": "custom_metric", "session_id": "66ef529b-48dc-441d-8dc8-2c085fc819c0", "request_id": "bd91090c-285e-405b-b1cd-212f8ad85377", "endpoint": "/intervet2", "timestamp": "2025-05-26T16:34:11.062992", "endpoint_type": "intervet2", "message": "Custom metric: endpoint_type=intervet2"}
{"event": "custom_metric", "session_id": "66ef529b-48dc-441d-8dc8-2c085fc819c0", "request_id": "bd91090c-285e-405b-b1cd-212f8ad85377", "endpoint": "/intervet2", "timestamp": "2025-05-26T16:34:11.095729", "file_type": "pdf", "message": "Custom metric: file_type=pdf"}
{"event": "custom_metric", "session_id": "66ef529b-48dc-441d-8dc8-2c085fc819c0", "request_id": "bd91090c-285e-405b-b1cd-212f8ad85377", "endpoint": "/intervet2", "timestamp": "2025-05-26T16:34:11.095729", "file_size_bytes": 73845, "message": "Custom metric: file_size_bytes=73845"}
{"event": "custom_metric", "session_id": "66ef529b-48dc-441d-8dc8-2c085fc819c0", "request_id": "bd91090c-285e-405b-b1cd-212f8ad85377", "endpoint": "/intervet2", "timestamp": "2025-05-26T16:34:11.095729", "extraction_method": "pdf_text", "message": "Custom metric: extraction_method=pdf_text"}
{"event": "custom_metric", "session_id": "66ef529b-48dc-441d-8dc8-2c085fc819c0", "request_id": "bd91090c-285e-405b-b1cd-212f8ad85377", "endpoint": "/intervet2", "timestamp": "2025-05-26T16:34:11.095729", "extracted_text_length": 2214, "message": "Custom metric: extracted_text_length=2214"}
{"event": "custom_metric", "session_id": "66ef529b-48dc-441d-8dc8-2c085fc819c0", "request_id": "bd91090c-285e-405b-b1cd-212f8ad85377", "endpoint": "/intervet2", "timestamp": "2025-05-26T16:34:11.095729", "file_processing_time": 0.012998819351196289, "message": "Custom metric: file_processing_time=0.012998819351196289"}
{"event": "custom_metric", "session_id": "66ef529b-48dc-441d-8dc8-2c085fc819c0", "request_id": "bd91090c-285e-405b-b1cd-212f8ad85377", "endpoint": "/intervet2", "timestamp": "2025-05-26T16:34:11.126910", "file_type": "pdf", "message": "Custom metric: file_type=pdf"}
{"event": "custom_metric", "session_id": "66ef529b-48dc-441d-8dc8-2c085fc819c0", "request_id": "bd91090c-285e-405b-b1cd-212f8ad85377", "endpoint": "/intervet2", "timestamp": "2025-05-26T16:34:11.126910", "file_size_bytes": 43309, "message": "Custom metric: file_size_bytes=43309"}
{"event": "custom_metric", "session_id": "66ef529b-48dc-441d-8dc8-2c085fc819c0", "request_id": "bd91090c-285e-405b-b1cd-212f8ad85377", "endpoint": "/intervet2", "timestamp": "2025-05-26T16:34:11.126910", "extraction_method": "pdf_text", "message": "Custom metric: extraction_method=pdf_text"}
{"event": "custom_metric", "session_id": "66ef529b-48dc-441d-8dc8-2c085fc819c0", "request_id": "bd91090c-285e-405b-b1cd-212f8ad85377", "endpoint": "/intervet2", "timestamp": "2025-05-26T16:34:11.126910", "extracted_text_length": 2241, "message": "Custom metric: extracted_text_length=2241"}
{"event": "custom_metric", "session_id": "66ef529b-48dc-441d-8dc8-2c085fc819c0", "request_id": "bd91090c-285e-405b-b1cd-212f8ad85377", "endpoint": "/intervet2", "timestamp": "2025-05-26T16:34:11.127908", "file_processing_time": 0.030179977416992188, "message": "Custom metric: file_processing_time=0.030179977416992188"}
{"event": "custom_metric", "session_id": "66ef529b-48dc-441d-8dc8-2c085fc819c0", "request_id": "bd91090c-285e-405b-b1cd-212f8ad85377", "endpoint": "/intervet2", "timestamp": "2025-05-26T16:34:11.134910", "resume_extraction_time": 0.01399993896484375, "message": "Custom metric: resume_extraction_time=0.01399993896484375"}
{"event": "custom_metric", "session_id": "66ef529b-48dc-441d-8dc8-2c085fc819c0", "request_id": "bd91090c-285e-405b-b1cd-212f8ad85377", "endpoint": "/intervet2", "timestamp": "2025-05-26T16:34:11.134910", "jd_extraction_time": 0.031177997589111328, "message": "Custom metric: jd_extraction_time=0.031177997589111328"}
{"event": "custom_metric", "session_id": "66ef529b-48dc-441d-8dc8-2c085fc819c0", "request_id": "bd91090c-285e-405b-b1cd-212f8ad85377", "endpoint": "/intervet2", "timestamp": "2025-05-26T16:34:11.134910", "resume_text_length": 2214, "message": "Custom metric: resume_text_length=2214"}
{"event": "custom_metric", "session_id": "66ef529b-48dc-441d-8dc8-2c085fc819c0", "request_id": "bd91090c-285e-405b-b1cd-212f8ad85377", "endpoint": "/intervet2", "timestamp": "2025-05-26T16:34:11.134910", "jd_text_length": 2241, "message": "Custom metric: jd_text_length=2241"}
{"event": "custom_metric", "session_id": "66ef529b-48dc-441d-8dc8-2c085fc819c0", "request_id": "bd91090c-285e-405b-b1cd-212f8ad85377", "endpoint": "/intervet2", "timestamp": "2025-05-26T16:34:37.395735", "resume_parsing_time": 10.40913438796997, "message": "Custom metric: resume_parsing_time=10.40913438796997"}
{"event": "custom_metric", "session_id": "66ef529b-48dc-441d-8dc8-2c085fc819c0", "request_id": "bd91090c-285e-405b-b1cd-212f8ad85377", "endpoint": "/intervet2", "timestamp": "2025-05-26T16:34:37.395735", "jd_parsing_time": 15.849691152572632, "message": "Custom metric: jd_parsing_time=15.849691152572632"}
{"event": "custom_metric", "session_id": "66ef529b-48dc-441d-8dc8-2c085fc819c0", "request_id": "bd91090c-285e-405b-b1cd-212f8ad85377", "endpoint": "/intervet2", "timestamp": "2025-05-26T16:34:37.397737", "evaluation_time": 0.0020024776458740234, "message": "Custom metric: evaluation_time=0.0020024776458740234"}
{"event": "custom_metric", "session_id": "66ef529b-48dc-441d-8dc8-2c085fc819c0", "request_id": "bd91090c-285e-405b-b1cd-212f8ad85377", "endpoint": "/intervet2", "timestamp": "2025-05-26T16:34:37.397737", "total_score": 22.5, "message": "Custom metric: total_score=22.5"}
{"event": "custom_metric", "session_id": "66ef529b-48dc-441d-8dc8-2c085fc819c0", "request_id": "bd91090c-285e-405b-b1cd-212f8ad85377", "endpoint": "/intervet2", "timestamp": "2025-05-26T16:34:37.397737", "fit_category": "Weak Match", "message": "Custom metric: fit_category=Weak Match"}
{"event": "request_complete", "session_id": "66ef529b-48dc-441d-8dc8-2c085fc819c0", "request_id": "bd91090c-285e-405b-b1cd-212f8ad85377", "endpoint": "/intervet2", "timestamp": "2025-05-26T16:34:37.399737", "total_time_seconds": 26.338743686676025, "status_code": 200, "message": "Request completed in 26.3387s with status 200"}
{"event": "session_end", "session_id": "66ef529b-48dc-441d-8dc8-2c085fc819c0", "timestamp": "2025-05-26T16:39:31.385357", "message": "API session ended"}
