{"event": "session_start", "session_id": "3eb58c50-f362-4365-bf75-ec935e78a163", "timestamp": "2025-05-23T20:42:39.129999", "message": "New API session started"}
{"event": "request_start", "session_id": "3eb58c50-f362-4365-bf75-ec935e78a163", "request_id": "45ae466e-c0e0-4faa-80cc-0a9d07c81a00", "endpoint": "/", "timestamp": "2025-05-23T20:42:40.762225", "message": "Request started for endpoint: /"}
{"event": "request_complete", "session_id": "3eb58c50-f362-4365-bf75-ec935e78a163", "request_id": "45ae466e-c0e0-4faa-80cc-0a9d07c81a00", "endpoint": "/", "timestamp": "2025-05-23T20:42:40.766457", "total_time_seconds": 0.004231452941894531, "status_code": 200, "message": "Request completed in 0.0042s with status 200"}
{"event": "request_start", "session_id": "3eb58c50-f362-4365-bf75-ec935e78a163", "request_id": "117f2f63-1c35-4c79-9582-9e0b2e0d3a58", "endpoint": "/favicon.ico", "timestamp": "2025-05-23T20:42:40.885009", "message": "Request started for endpoint: /favicon.ico"}
{"event": "request_complete", "session_id": "3eb58c50-f362-4365-bf75-ec935e78a163", "request_id": "117f2f63-1c35-4c79-9582-9e0b2e0d3a58", "endpoint": "/favicon.ico", "timestamp": "2025-05-23T20:42:40.886011", "total_time_seconds": 0.001001596450805664, "status_code": 404, "message": "Request completed in 0.0010s with status 404"}
{"event": "request_start", "session_id": "3eb58c50-f362-4365-bf75-ec935e78a163", "request_id": "bf0b5845-52de-4890-8866-9037b9177a69", "endpoint": "/docs", "timestamp": "2025-05-23T20:42:47.354342", "message": "Request started for endpoint: /docs"}
{"event": "request_complete", "session_id": "3eb58c50-f362-4365-bf75-ec935e78a163", "request_id": "bf0b5845-52de-4890-8866-9037b9177a69", "endpoint": "/docs", "timestamp": "2025-05-23T20:42:47.355343", "total_time_seconds": 0.0010006427764892578, "status_code": 200, "message": "Request completed in 0.0010s with status 200"}
{"event": "request_start", "session_id": "3eb58c50-f362-4365-bf75-ec935e78a163", "request_id": "599887fc-2c68-4b0b-b73a-e56733b3676f", "endpoint": "/openapi.json", "timestamp": "2025-05-23T20:42:47.525024", "message": "Request started for endpoint: /openapi.json"}
{"event": "request_complete", "session_id": "3eb58c50-f362-4365-bf75-ec935e78a163", "request_id": "599887fc-2c68-4b0b-b73a-e56733b3676f", "endpoint": "/openapi.json", "timestamp": "2025-05-23T20:42:47.540161", "total_time_seconds": 0.015137195587158203, "status_code": 200, "message": "Request completed in 0.0151s with status 200"}
{"event": "request_start", "session_id": "3eb58c50-f362-4365-bf75-ec935e78a163", "request_id": "539fea0b-89b6-4b2c-ad42-ffe4b2734653", "endpoint": "/interfix", "timestamp": "2025-05-23T20:44:10.215893", "message": "Request started for endpoint: /interfix"}
{"event": "request_start", "session_id": "3eb58c50-f362-4365-bf75-ec935e78a163", "request_id": "cd2dc0f4-fb57-4285-b471-58701446e393", "endpoint": "/interfix", "timestamp": "2025-05-23T20:44:16.455217", "message": "Request started for endpoint: /interfix"}
{"event": "token_usage", "session_id": "3eb58c50-f362-4365-bf75-ec935e78a163", "request_id": "cd2dc0f4-fb57-4285-b471-58701446e393", "endpoint": "/interfix", "timestamp": "2025-05-23T20:44:16.455217", "input_tokens": 334, "output_tokens": 60, "total_tokens": 394, "message": "Token usage: 334 input, 60 output"}
{"event": "custom_metric", "session_id": "3eb58c50-f362-4365-bf75-ec935e78a163", "request_id": "cd2dc0f4-fb57-4285-b471-58701446e393", "endpoint": "/interfix", "timestamp": "2025-05-23T20:44:16.455777", "model_name": "gemma3:4b", "message": "Custom metric: model_name=gemma3:4b"}
{"event": "custom_metric", "session_id": "3eb58c50-f362-4365-bf75-ec935e78a163", "request_id": "cd2dc0f4-fb57-4285-b471-58701446e393", "endpoint": "/interfix", "timestamp": "2025-05-23T20:44:16.455777", "prompt_length": 1337, "message": "Custom metric: prompt_length=1337"}
{"event": "custom_metric", "session_id": "3eb58c50-f362-4365-bf75-ec935e78a163", "request_id": "cd2dc0f4-fb57-4285-b471-58701446e393", "endpoint": "/interfix", "timestamp": "2025-05-23T20:44:16.456316", "response_length": 241, "message": "Custom metric: response_length=241"}
{"event": "custom_metric", "session_id": "3eb58c50-f362-4365-bf75-ec935e78a163", "request_id": "cd2dc0f4-fb57-4285-b471-58701446e393", "endpoint": "/interfix", "timestamp": "2025-05-23T20:44:16.456316", "model_processing_time": 6.220961093902588, "message": "Custom metric: model_processing_time=6.220961093902588"}
{"event": "request_complete", "session_id": "3eb58c50-f362-4365-bf75-ec935e78a163", "request_id": "539fea0b-89b6-4b2c-ad42-ffe4b2734653", "endpoint": "/interfix", "timestamp": "2025-05-23T20:44:16.456854", "total_time_seconds": 6.240961074829102, "status_code": 200, "message": "Request completed in 6.2410s with status 200"}
{"event": "request_start", "session_id": "3eb58c50-f362-4365-bf75-ec935e78a163", "request_id": "d5db5210-b021-4ca9-bbc4-ef5bcd75e066", "endpoint": "/interfix", "timestamp": "2025-05-23T20:47:32.881831", "message": "Request started for endpoint: /interfix"}
{"event": "request_start", "session_id": "3eb58c50-f362-4365-bf75-ec935e78a163", "request_id": "6ac0c837-cf43-4f30-965d-5c9b00039aa5", "endpoint": "/interfix", "timestamp": "2025-05-23T20:47:34.987079", "message": "Request started for endpoint: /interfix"}
{"event": "token_usage", "session_id": "3eb58c50-f362-4365-bf75-ec935e78a163", "request_id": "6ac0c837-cf43-4f30-965d-5c9b00039aa5", "endpoint": "/interfix", "timestamp": "2025-05-23T20:47:34.988087", "input_tokens": 334, "output_tokens": 60, "total_tokens": 394, "message": "Token usage: 334 input, 60 output"}
{"event": "custom_metric", "session_id": "3eb58c50-f362-4365-bf75-ec935e78a163", "request_id": "6ac0c837-cf43-4f30-965d-5c9b00039aa5", "endpoint": "/interfix", "timestamp": "2025-05-23T20:47:34.988087", "model_name": "gemma3:4b", "message": "Custom metric: model_name=gemma3:4b"}
{"event": "custom_metric", "session_id": "3eb58c50-f362-4365-bf75-ec935e78a163", "request_id": "6ac0c837-cf43-4f30-965d-5c9b00039aa5", "endpoint": "/interfix", "timestamp": "2025-05-23T20:47:34.988087", "prompt_length": 1337, "message": "Custom metric: prompt_length=1337"}
{"event": "custom_metric", "session_id": "3eb58c50-f362-4365-bf75-ec935e78a163", "request_id": "6ac0c837-cf43-4f30-965d-5c9b00039aa5", "endpoint": "/interfix", "timestamp": "2025-05-23T20:47:34.988087", "response_length": 241, "message": "Custom metric: response_length=241"}
{"event": "custom_metric", "session_id": "3eb58c50-f362-4365-bf75-ec935e78a163", "request_id": "6ac0c837-cf43-4f30-965d-5c9b00039aa5", "endpoint": "/interfix", "timestamp": "2025-05-23T20:47:34.988087", "model_processing_time": 2.1037182807922363, "message": "Custom metric: model_processing_time=2.1037182807922363"}
{"event": "request_complete", "session_id": "3eb58c50-f362-4365-bf75-ec935e78a163", "request_id": "d5db5210-b021-4ca9-bbc4-ef5bcd75e066", "endpoint": "/interfix", "timestamp": "2025-05-23T20:47:34.989340", "total_time_seconds": 2.107509136199951, "status_code": 200, "message": "Request completed in 2.1075s with status 200"}
{"event": "request_start", "session_id": "3eb58c50-f362-4365-bf75-ec935e78a163", "request_id": "b6d5d726-06f2-4083-a59f-a0c6c309bf11", "endpoint": "/bunchtest", "timestamp": "2025-05-23T20:48:17.826120", "message": "Request started for endpoint: /bunchtest"}
{"event": "custom_metric", "session_id": "3eb58c50-f362-4365-bf75-ec935e78a163", "request_id": "b6d5d726-06f2-4083-a59f-a0c6c309bf11", "endpoint": "/bunchtest", "timestamp": "2025-05-23T20:48:17.847860", "endpoint_type": "bunchtest", "message": "Custom metric: endpoint_type=bunchtest"}
{"event": "custom_metric", "session_id": "3eb58c50-f362-4365-bf75-ec935e78a163", "request_id": "b6d5d726-06f2-4083-a59f-a0c6c309bf11", "endpoint": "/bunchtest", "timestamp": "2025-05-23T20:48:17.847860", "resume_count": 3, "message": "Custom metric: resume_count=3"}
{"event": "request_complete", "session_id": "3eb58c50-f362-4365-bf75-ec935e78a163", "request_id": "b6d5d726-06f2-4083-a59f-a0c6c309bf11", "endpoint": "/bunchtest", "timestamp": "2025-05-23T20:49:32.772517", "total_time_seconds": 74.94639706611633, "status_code": 200, "message": "Request completed in 74.9464s with status 200"}
{"event": "request_start", "session_id": "3eb58c50-f362-4365-bf75-ec935e78a163", "request_id": "f2b1d26e-cc22-4ee8-920c-710c5911da1a", "endpoint": "/resume", "timestamp": "2025-05-23T20:57:18.302116", "message": "Request started for endpoint: /resume"}
{"event": "custom_metric", "session_id": "3eb58c50-f362-4365-bf75-ec935e78a163", "request_id": "f2b1d26e-cc22-4ee8-920c-710c5911da1a", "endpoint": "resume", "timestamp": "2025-05-23T20:57:18.305887", "message": "Custom metric: endpoint=resume"}
{"event": "custom_metric", "session_id": "3eb58c50-f362-4365-bf75-ec935e78a163", "request_id": "f2b1d26e-cc22-4ee8-920c-710c5911da1a", "endpoint": "/resume", "timestamp": "2025-05-23T20:57:18.306907", "file_name": "Resume-Adithya kammati.pdf", "message": "Custom metric: file_name=Resume-Adithya kammati.pdf"}
{"event": "custom_metric", "session_id": "3eb58c50-f362-4365-bf75-ec935e78a163", "request_id": "f2b1d26e-cc22-4ee8-920c-710c5911da1a", "endpoint": "/resume", "timestamp": "2025-05-23T20:57:18.306907", "file_type": "pdf", "message": "Custom metric: file_type=pdf"}
{"event": "custom_metric", "session_id": "3eb58c50-f362-4365-bf75-ec935e78a163", "request_id": "f2b1d26e-cc22-4ee8-920c-710c5911da1a", "endpoint": "/resume", "timestamp": "2025-05-23T20:57:18.308173", "file_size": 81582, "message": "Custom metric: file_size=81582"}
{"event": "custom_metric", "session_id": "3eb58c50-f362-4365-bf75-ec935e78a163", "request_id": "f2b1d26e-cc22-4ee8-920c-710c5911da1a", "endpoint": "/resume", "timestamp": "2025-05-23T20:57:18.340200", "file_type": "pdf", "message": "Custom metric: file_type=pdf"}
{"event": "custom_metric", "session_id": "3eb58c50-f362-4365-bf75-ec935e78a163", "request_id": "f2b1d26e-cc22-4ee8-920c-710c5911da1a", "endpoint": "/resume", "timestamp": "2025-05-23T20:57:18.340200", "file_size_bytes": 81582, "message": "Custom metric: file_size_bytes=81582"}
{"event": "custom_metric", "session_id": "3eb58c50-f362-4365-bf75-ec935e78a163", "request_id": "f2b1d26e-cc22-4ee8-920c-710c5911da1a", "endpoint": "/resume", "timestamp": "2025-05-23T20:57:18.340200", "extraction_method": "pdf_text", "message": "Custom metric: extraction_method=pdf_text"}
{"event": "custom_metric", "session_id": "3eb58c50-f362-4365-bf75-ec935e78a163", "request_id": "f2b1d26e-cc22-4ee8-920c-710c5911da1a", "endpoint": "/resume", "timestamp": "2025-05-23T20:57:18.340200", "extracted_text_length": 3080, "message": "Custom metric: extracted_text_length=3080"}
{"event": "custom_metric", "session_id": "3eb58c50-f362-4365-bf75-ec935e78a163", "request_id": "f2b1d26e-cc22-4ee8-920c-710c5911da1a", "endpoint": "/resume", "timestamp": "2025-05-23T20:57:18.340200", "file_processing_time": 0.03202629089355469, "message": "Custom metric: file_processing_time=0.03202629089355469"}
{"event": "custom_metric", "session_id": "3eb58c50-f362-4365-bf75-ec935e78a163", "request_id": "f2b1d26e-cc22-4ee8-920c-710c5911da1a", "endpoint": "/resume", "timestamp": "2025-05-23T20:57:18.340200", "text_extraction_time": 0.03202629089355469, "message": "Custom metric: text_extraction_time=0.03202629089355469"}
{"event": "custom_metric", "session_id": "3eb58c50-f362-4365-bf75-ec935e78a163", "request_id": "f2b1d26e-cc22-4ee8-920c-710c5911da1a", "endpoint": "/resume", "timestamp": "2025-05-23T20:57:18.340200", "extracted_text_length": 3080, "message": "Custom metric: extracted_text_length=3080"}
{"event": "custom_metric", "session_id": "3eb58c50-f362-4365-bf75-ec935e78a163", "request_id": "f2b1d26e-cc22-4ee8-920c-710c5911da1a", "endpoint": "/resume", "timestamp": "2025-05-23T20:57:42.976343", "parsing_time": 24.6346378326416, "message": "Custom metric: parsing_time=24.6346378326416"}
{"event": "custom_metric", "session_id": "3eb58c50-f362-4365-bf75-ec935e78a163", "request_id": "f2b1d26e-cc22-4ee8-920c-710c5911da1a", "endpoint": "/resume", "timestamp": "2025-05-23T20:57:42.976343", "confidence_score": 0.51, "message": "Custom metric: confidence_score=0.51"}
{"event": "custom_metric", "session_id": "3eb58c50-f362-4365-bf75-ec935e78a163", "request_id": "f2b1d26e-cc22-4ee8-920c-710c5911da1a", "endpoint": "/resume", "timestamp": "2025-05-23T20:57:42.976343", "fields_extracted": 22, "message": "Custom metric: fields_extracted=22"}
{"event": "custom_metric", "session_id": "3eb58c50-f362-4365-bf75-ec935e78a163", "request_id": "f2b1d26e-cc22-4ee8-920c-710c5911da1a", "endpoint": "/resume", "timestamp": "2025-05-23T20:57:42.977454", "skills_count": 16, "message": "Custom metric: skills_count=16"}
{"event": "custom_metric", "session_id": "3eb58c50-f362-4365-bf75-ec935e78a163", "request_id": "f2b1d26e-cc22-4ee8-920c-710c5911da1a", "endpoint": "/resume", "timestamp": "2025-05-23T20:57:42.977454", "education_count": 0, "message": "Custom metric: education_count=0"}
{"event": "custom_metric", "session_id": "3eb58c50-f362-4365-bf75-ec935e78a163", "request_id": "f2b1d26e-cc22-4ee8-920c-710c5911da1a", "endpoint": "/resume", "timestamp": "2025-05-23T20:57:42.977454", "experience_count": 0, "message": "Custom metric: experience_count=0"}
{"event": "custom_metric", "session_id": "3eb58c50-f362-4365-bf75-ec935e78a163", "request_id": "f2b1d26e-cc22-4ee8-920c-710c5911da1a", "endpoint": "/resume", "timestamp": "2025-05-23T20:57:42.977454", "total_processing_time": 24.666664123535156, "message": "Custom metric: total_processing_time=24.666664123535156"}
{"event": "request_complete", "session_id": "3eb58c50-f362-4365-bf75-ec935e78a163", "request_id": "f2b1d26e-cc22-4ee8-920c-710c5911da1a", "endpoint": "/resume", "timestamp": "2025-05-23T20:57:42.978558", "total_time_seconds": 24.67644166946411, "status_code": 200, "message": "Request completed in 24.6764s with status 200"}
{"event": "session_end", "session_id": "3eb58c50-f362-4365-bf75-ec935e78a163", "timestamp": "2025-05-23T20:59:37.865203", "message": "API session ended"}
