{"event": "session_start", "session_id": "db258770-7856-4c47-8273-ac5f85dbd489", "timestamp": "2025-05-26T16:55:20.439994", "message": "New API session started"}
{"event": "request_start", "session_id": "db258770-7856-4c47-8273-ac5f85dbd489", "request_id": "18222d47-4df0-4a45-a1b4-8612d107a6d4", "endpoint": "/docs", "timestamp": "2025-05-26T16:55:23.448415", "message": "Request started for endpoint: /docs"}
{"event": "request_complete", "session_id": "db258770-7856-4c47-8273-ac5f85dbd489", "request_id": "18222d47-4df0-4a45-a1b4-8612d107a6d4", "endpoint": "/docs", "timestamp": "2025-05-26T16:55:23.448415", "total_time_seconds": 0.0, "status_code": 200, "message": "Request completed in 0.0000s with status 200"}
{"event": "request_start", "session_id": "db258770-7856-4c47-8273-ac5f85dbd489", "request_id": "92cd1c5c-424d-4a2e-aae9-d334fadca675", "endpoint": "/openapi.json", "timestamp": "2025-05-26T16:55:23.513574", "message": "Request started for endpoint: /openapi.json"}
{"event": "request_complete", "session_id": "db258770-7856-4c47-8273-ac5f85dbd489", "request_id": "92cd1c5c-424d-4a2e-aae9-d334fadca675", "endpoint": "/openapi.json", "timestamp": "2025-05-26T16:55:23.521573", "total_time_seconds": 0.007998943328857422, "status_code": 200, "message": "Request completed in 0.0080s with status 200"}
{"event": "request_start", "session_id": "db258770-7856-4c47-8273-ac5f85dbd489", "request_id": "80eb1a69-0bef-4e61-9a52-df59d31e52e8", "endpoint": "/resume", "timestamp": "2025-05-26T16:55:29.558508", "message": "Request started for endpoint: /resume"}
{"event": "custom_metric", "session_id": "db258770-7856-4c47-8273-ac5f85dbd489", "request_id": "80eb1a69-0bef-4e61-9a52-df59d31e52e8", "endpoint": "resume", "timestamp": "2025-05-26T16:55:29.561488", "message": "Custom metric: endpoint=resume"}
{"event": "custom_metric", "session_id": "db258770-7856-4c47-8273-ac5f85dbd489", "request_id": "80eb1a69-0bef-4e61-9a52-df59d31e52e8", "endpoint": "/resume", "timestamp": "2025-05-26T16:55:29.561488", "file_name": "Resume-Raman Luhach.pdf", "message": "Custom metric: file_name=Resume-Raman Luhach.pdf"}
{"event": "custom_metric", "session_id": "db258770-7856-4c47-8273-ac5f85dbd489", "request_id": "80eb1a69-0bef-4e61-9a52-df59d31e52e8", "endpoint": "/resume", "timestamp": "2025-05-26T16:55:29.561488", "file_type": "pdf", "message": "Custom metric: file_type=pdf"}
{"event": "custom_metric", "session_id": "db258770-7856-4c47-8273-ac5f85dbd489", "request_id": "80eb1a69-0bef-4e61-9a52-df59d31e52e8", "endpoint": "/resume", "timestamp": "2025-05-26T16:55:29.562919", "file_size": 73845, "message": "Custom metric: file_size=73845"}
{"event": "custom_metric", "session_id": "db258770-7856-4c47-8273-ac5f85dbd489", "request_id": "80eb1a69-0bef-4e61-9a52-df59d31e52e8", "endpoint": "/resume", "timestamp": "2025-05-26T16:55:29.581916", "file_type": "pdf", "message": "Custom metric: file_type=pdf"}
{"event": "custom_metric", "session_id": "db258770-7856-4c47-8273-ac5f85dbd489", "request_id": "80eb1a69-0bef-4e61-9a52-df59d31e52e8", "endpoint": "/resume", "timestamp": "2025-05-26T16:55:29.581916", "file_size_bytes": 73845, "message": "Custom metric: file_size_bytes=73845"}
{"event": "custom_metric", "session_id": "db258770-7856-4c47-8273-ac5f85dbd489", "request_id": "80eb1a69-0bef-4e61-9a52-df59d31e52e8", "endpoint": "/resume", "timestamp": "2025-05-26T16:55:29.581916", "extraction_method": "pdf_text", "message": "Custom metric: extraction_method=pdf_text"}
{"event": "custom_metric", "session_id": "db258770-7856-4c47-8273-ac5f85dbd489", "request_id": "80eb1a69-0bef-4e61-9a52-df59d31e52e8", "endpoint": "/resume", "timestamp": "2025-05-26T16:55:29.582918", "extracted_text_length": 2214, "message": "Custom metric: extracted_text_length=2214"}
{"event": "custom_metric", "session_id": "db258770-7856-4c47-8273-ac5f85dbd489", "request_id": "80eb1a69-0bef-4e61-9a52-df59d31e52e8", "endpoint": "/resume", "timestamp": "2025-05-26T16:55:29.582918", "file_processing_time": 0.017998218536376953, "message": "Custom metric: file_processing_time=0.017998218536376953"}
{"event": "custom_metric", "session_id": "db258770-7856-4c47-8273-ac5f85dbd489", "request_id": "80eb1a69-0bef-4e61-9a52-df59d31e52e8", "endpoint": "/resume", "timestamp": "2025-05-26T16:55:29.582918", "text_extraction_time": 0.01900005340576172, "message": "Custom metric: text_extraction_time=0.01900005340576172"}
{"event": "custom_metric", "session_id": "db258770-7856-4c47-8273-ac5f85dbd489", "request_id": "80eb1a69-0bef-4e61-9a52-df59d31e52e8", "endpoint": "/resume", "timestamp": "2025-05-26T16:55:29.582918", "extracted_text_length": 2214, "message": "Custom metric: extracted_text_length=2214"}
{"event": "custom_metric", "session_id": "db258770-7856-4c47-8273-ac5f85dbd489", "request_id": "80eb1a69-0bef-4e61-9a52-df59d31e52e8", "endpoint": "/resume", "timestamp": "2025-05-26T16:55:46.008620", "parsing_time": 16.42570185661316, "message": "Custom metric: parsing_time=16.42570185661316"}
{"event": "custom_metric", "session_id": "db258770-7856-4c47-8273-ac5f85dbd489", "request_id": "80eb1a69-0bef-4e61-9a52-df59d31e52e8", "endpoint": "/resume", "timestamp": "2025-05-26T16:55:46.008620", "confidence_score": 0.36, "message": "Custom metric: confidence_score=0.36"}
{"event": "custom_metric", "session_id": "db258770-7856-4c47-8273-ac5f85dbd489", "request_id": "80eb1a69-0bef-4e61-9a52-df59d31e52e8", "endpoint": "/resume", "timestamp": "2025-05-26T16:55:46.009161", "fields_extracted": 21, "message": "Custom metric: fields_extracted=21"}
{"event": "custom_metric", "session_id": "db258770-7856-4c47-8273-ac5f85dbd489", "request_id": "80eb1a69-0bef-4e61-9a52-df59d31e52e8", "endpoint": "/resume", "timestamp": "2025-05-26T16:55:46.009161", "skills_count": 0, "message": "Custom metric: skills_count=0"}
{"event": "custom_metric", "session_id": "db258770-7856-4c47-8273-ac5f85dbd489", "request_id": "80eb1a69-0bef-4e61-9a52-df59d31e52e8", "endpoint": "/resume", "timestamp": "2025-05-26T16:55:46.009161", "education_count": 0, "message": "Custom metric: education_count=0"}
{"event": "custom_metric", "session_id": "db258770-7856-4c47-8273-ac5f85dbd489", "request_id": "80eb1a69-0bef-4e61-9a52-df59d31e52e8", "endpoint": "/resume", "timestamp": "2025-05-26T16:55:46.009161", "experience_count": 0, "message": "Custom metric: experience_count=0"}
{"event": "custom_metric", "session_id": "db258770-7856-4c47-8273-ac5f85dbd489", "request_id": "80eb1a69-0bef-4e61-9a52-df59d31e52e8", "endpoint": "/resume", "timestamp": "2025-05-26T16:55:46.009678", "total_processing_time": 16.44470191001892, "message": "Custom metric: total_processing_time=16.44470191001892"}
{"event": "request_complete", "session_id": "db258770-7856-4c47-8273-ac5f85dbd489", "request_id": "80eb1a69-0bef-4e61-9a52-df59d31e52e8", "endpoint": "/resume", "timestamp": "2025-05-26T16:55:46.010735", "total_time_seconds": 16.452226161956787, "status_code": 200, "message": "Request completed in 16.4522s with status 200"}
{"event": "session_end", "session_id": "db258770-7856-4c47-8273-ac5f85dbd489", "timestamp": "2025-05-26T16:56:38.374171", "message": "API session ended"}
