{"event": "session_start", "session_id": "b2942527-f960-42c8-85ce-9228eb672707", "timestamp": "2025-05-26T16:31:37.493902", "message": "New API session started"}
{"event": "request_start", "session_id": "b2942527-f960-42c8-85ce-9228eb672707", "request_id": "96053260-58cf-4814-9aa0-97eb31222488", "endpoint": "/", "timestamp": "2025-05-26T16:31:39.529296", "message": "Request started for endpoint: /"}
{"event": "request_complete", "session_id": "b2942527-f960-42c8-85ce-9228eb672707", "request_id": "96053260-58cf-4814-9aa0-97eb31222488", "endpoint": "/", "timestamp": "2025-05-26T16:31:39.546575", "total_time_seconds": 0.017279386520385742, "status_code": 200, "message": "Request completed in 0.0173s with status 200"}
{"event": "request_start", "session_id": "b2942527-f960-42c8-85ce-9228eb672707", "request_id": "c6057981-cb64-41f7-87bc-612651f87395", "endpoint": "/docs", "timestamp": "2025-05-26T16:31:42.614774", "message": "Request started for endpoint: /docs"}
{"event": "request_complete", "session_id": "b2942527-f960-42c8-85ce-9228eb672707", "request_id": "c6057981-cb64-41f7-87bc-612651f87395", "endpoint": "/docs", "timestamp": "2025-05-26T16:31:42.615773", "total_time_seconds": 0.0009987354278564453, "status_code": 200, "message": "Request completed in 0.0010s with status 200"}
{"event": "request_start", "session_id": "b2942527-f960-42c8-85ce-9228eb672707", "request_id": "f246e316-3513-4771-b8f6-87330d9e6605", "endpoint": "/openapi.json", "timestamp": "2025-05-26T16:31:42.693307", "message": "Request started for endpoint: /openapi.json"}
{"event": "request_complete", "session_id": "b2942527-f960-42c8-85ce-9228eb672707", "request_id": "f246e316-3513-4771-b8f6-87330d9e6605", "endpoint": "/openapi.json", "timestamp": "2025-05-26T16:31:42.701307", "total_time_seconds": 0.007999658584594727, "status_code": 200, "message": "Request completed in 0.0080s with status 200"}
{"event": "request_start", "session_id": "b2942527-f960-42c8-85ce-9228eb672707", "request_id": "6a4326d1-f5d5-4c12-b66a-34418151b432", "endpoint": "/resume", "timestamp": "2025-05-26T16:31:54.322467", "message": "Request started for endpoint: /resume"}
{"event": "custom_metric", "session_id": "b2942527-f960-42c8-85ce-9228eb672707", "request_id": "6a4326d1-f5d5-4c12-b66a-34418151b432", "endpoint": "resume", "timestamp": "2025-05-26T16:31:54.326470", "message": "Custom metric: endpoint=resume"}
{"event": "custom_metric", "session_id": "b2942527-f960-42c8-85ce-9228eb672707", "request_id": "6a4326d1-f5d5-4c12-b66a-34418151b432", "endpoint": "/resume", "timestamp": "2025-05-26T16:31:54.326470", "file_name": "Resume-Raman Luhach.pdf", "message": "Custom metric: file_name=Resume-Raman Luhach.pdf"}
{"event": "custom_metric", "session_id": "b2942527-f960-42c8-85ce-9228eb672707", "request_id": "6a4326d1-f5d5-4c12-b66a-34418151b432", "endpoint": "/resume", "timestamp": "2025-05-26T16:31:54.326470", "file_type": "pdf", "message": "Custom metric: file_type=pdf"}
{"event": "custom_metric", "session_id": "b2942527-f960-42c8-85ce-9228eb672707", "request_id": "6a4326d1-f5d5-4c12-b66a-34418151b432", "endpoint": "/resume", "timestamp": "2025-05-26T16:31:54.328466", "file_size": 73845, "message": "Custom metric: file_size=73845"}
{"event": "custom_metric", "session_id": "b2942527-f960-42c8-85ce-9228eb672707", "request_id": "6a4326d1-f5d5-4c12-b66a-34418151b432", "endpoint": "/resume", "timestamp": "2025-05-26T16:31:54.348467", "file_type": "pdf", "message": "Custom metric: file_type=pdf"}
{"event": "custom_metric", "session_id": "b2942527-f960-42c8-85ce-9228eb672707", "request_id": "6a4326d1-f5d5-4c12-b66a-34418151b432", "endpoint": "/resume", "timestamp": "2025-05-26T16:31:54.349467", "file_size_bytes": 73845, "message": "Custom metric: file_size_bytes=73845"}
{"event": "custom_metric", "session_id": "b2942527-f960-42c8-85ce-9228eb672707", "request_id": "6a4326d1-f5d5-4c12-b66a-34418151b432", "endpoint": "/resume", "timestamp": "2025-05-26T16:31:54.349467", "extraction_method": "pdf_text", "message": "Custom metric: extraction_method=pdf_text"}
{"event": "custom_metric", "session_id": "b2942527-f960-42c8-85ce-9228eb672707", "request_id": "6a4326d1-f5d5-4c12-b66a-34418151b432", "endpoint": "/resume", "timestamp": "2025-05-26T16:31:54.349467", "extracted_text_length": 2214, "message": "Custom metric: extracted_text_length=2214"}
{"event": "custom_metric", "session_id": "b2942527-f960-42c8-85ce-9228eb672707", "request_id": "6a4326d1-f5d5-4c12-b66a-34418151b432", "endpoint": "/resume", "timestamp": "2025-05-26T16:31:54.349467", "file_processing_time": 0.020000219345092773, "message": "Custom metric: file_processing_time=0.020000219345092773"}
{"event": "custom_metric", "session_id": "b2942527-f960-42c8-85ce-9228eb672707", "request_id": "6a4326d1-f5d5-4c12-b66a-34418151b432", "endpoint": "/resume", "timestamp": "2025-05-26T16:31:54.349467", "text_extraction_time": 0.02100086212158203, "message": "Custom metric: text_extraction_time=0.02100086212158203"}
{"event": "custom_metric", "session_id": "b2942527-f960-42c8-85ce-9228eb672707", "request_id": "6a4326d1-f5d5-4c12-b66a-34418151b432", "endpoint": "/resume", "timestamp": "2025-05-26T16:31:54.349467", "extracted_text_length": 2214, "message": "Custom metric: extracted_text_length=2214"}
{"event": "custom_metric", "session_id": "b2942527-f960-42c8-85ce-9228eb672707", "request_id": "6a4326d1-f5d5-4c12-b66a-34418151b432", "endpoint": "/resume", "timestamp": "2025-05-26T16:32:06.437453", "parsing_time": 12.086984872817993, "message": "Custom metric: parsing_time=12.086984872817993"}
{"event": "custom_metric", "session_id": "b2942527-f960-42c8-85ce-9228eb672707", "request_id": "6a4326d1-f5d5-4c12-b66a-34418151b432", "endpoint": "/resume", "timestamp": "2025-05-26T16:32:06.437453", "confidence_score": 0.55, "message": "Custom metric: confidence_score=0.55"}
{"event": "custom_metric", "session_id": "b2942527-f960-42c8-85ce-9228eb672707", "request_id": "6a4326d1-f5d5-4c12-b66a-34418151b432", "endpoint": "/resume", "timestamp": "2025-05-26T16:32:06.437453", "fields_extracted": 20, "message": "Custom metric: fields_extracted=20"}
{"event": "custom_metric", "session_id": "b2942527-f960-42c8-85ce-9228eb672707", "request_id": "6a4326d1-f5d5-4c12-b66a-34418151b432", "endpoint": "/resume", "timestamp": "2025-05-26T16:32:06.438453", "skills_count": 12, "message": "Custom metric: skills_count=12"}
{"event": "custom_metric", "session_id": "b2942527-f960-42c8-85ce-9228eb672707", "request_id": "6a4326d1-f5d5-4c12-b66a-34418151b432", "endpoint": "/resume", "timestamp": "2025-05-26T16:32:06.438453", "education_count": 3, "message": "Custom metric: education_count=3"}
{"event": "custom_metric", "session_id": "b2942527-f960-42c8-85ce-9228eb672707", "request_id": "6a4326d1-f5d5-4c12-b66a-34418151b432", "endpoint": "/resume", "timestamp": "2025-05-26T16:32:06.438453", "experience_count": 0, "message": "Custom metric: experience_count=0"}
{"event": "custom_metric", "session_id": "b2942527-f960-42c8-85ce-9228eb672707", "request_id": "6a4326d1-f5d5-4c12-b66a-34418151b432", "endpoint": "/resume", "timestamp": "2025-05-26T16:32:06.438453", "total_processing_time": 12.107985734939575, "message": "Custom metric: total_processing_time=12.107985734939575"}
{"event": "request_complete", "session_id": "b2942527-f960-42c8-85ce-9228eb672707", "request_id": "6a4326d1-f5d5-4c12-b66a-34418151b432", "endpoint": "/resume", "timestamp": "2025-05-26T16:32:06.439453", "total_time_seconds": 12.116986274719238, "status_code": 200, "message": "Request completed in 12.1170s with status 200"}
{"event": "session_end", "session_id": "b2942527-f960-42c8-85ce-9228eb672707", "timestamp": "2025-05-26T16:33:08.282696", "message": "API session ended"}
