{"event": "session_start", "session_id": "994fb9b9-decd-48f4-a6b7-472b7a6b6f2e", "timestamp": "2025-05-14T10:46:08.423225", "message": "New API session started"}
{"event": "request_start", "session_id": "994fb9b9-decd-48f4-a6b7-472b7a6b6f2e", "request_id": "daff0e15-85b7-4469-b488-ec02f26c6f78", "endpoint": "/intervet2", "timestamp": "2025-05-14T10:50:03.732004", "message": "Request started for endpoint: /intervet2"}
{"event": "custom_metric", "session_id": "994fb9b9-decd-48f4-a6b7-472b7a6b6f2e", "request_id": "daff0e15-85b7-4469-b488-ec02f26c6f78", "endpoint": "/intervet2", "timestamp": "2025-05-14T10:50:03.735693", "endpoint_type": "intervet2", "message": "Custom metric: endpoint_type=intervet2"}
{"event": "custom_metric", "session_id": "994fb9b9-decd-48f4-a6b7-472b7a6b6f2e", "request_id": "daff0e15-85b7-4469-b488-ec02f26c6f78", "endpoint": "/intervet2", "timestamp": "2025-05-14T10:50:03.854673", "file_type": "pdf", "message": "Custom metric: file_type=pdf"}
{"event": "custom_metric", "session_id": "994fb9b9-decd-48f4-a6b7-472b7a6b6f2e", "request_id": "daff0e15-85b7-4469-b488-ec02f26c6f78", "endpoint": "/intervet2", "timestamp": "2025-05-14T10:50:03.855841", "file_size_bytes": 224796, "message": "Custom metric: file_size_bytes=224796"}
{"event": "custom_metric", "session_id": "994fb9b9-decd-48f4-a6b7-472b7a6b6f2e", "request_id": "daff0e15-85b7-4469-b488-ec02f26c6f78", "endpoint": "/intervet2", "timestamp": "2025-05-14T10:50:03.855841", "extraction_method": "pdf_text", "message": "Custom metric: extraction_method=pdf_text"}
{"event": "custom_metric", "session_id": "994fb9b9-decd-48f4-a6b7-472b7a6b6f2e", "request_id": "daff0e15-85b7-4469-b488-ec02f26c6f78", "endpoint": "/intervet2", "timestamp": "2025-05-14T10:50:03.855841", "extracted_text_length": 4674, "message": "Custom metric: extracted_text_length=4674"}
{"event": "custom_metric", "session_id": "994fb9b9-decd-48f4-a6b7-472b7a6b6f2e", "request_id": "daff0e15-85b7-4469-b488-ec02f26c6f78", "endpoint": "/intervet2", "timestamp": "2025-05-14T10:50:03.855841", "file_processing_time": 0.114410400390625, "message": "Custom metric: file_processing_time=0.114410400390625"}
{"event": "custom_metric", "session_id": "994fb9b9-decd-48f4-a6b7-472b7a6b6f2e", "request_id": "daff0e15-85b7-4469-b488-ec02f26c6f78", "endpoint": "/intervet2", "timestamp": "2025-05-14T10:50:03.862646", "file_type": "docx", "message": "Custom metric: file_type=docx"}
{"event": "custom_metric", "session_id": "994fb9b9-decd-48f4-a6b7-472b7a6b6f2e", "request_id": "daff0e15-85b7-4469-b488-ec02f26c6f78", "endpoint": "/intervet2", "timestamp": "2025-05-14T10:50:03.862646", "file_size_bytes": 15611, "message": "Custom metric: file_size_bytes=15611"}
{"event": "custom_metric", "session_id": "994fb9b9-decd-48f4-a6b7-472b7a6b6f2e", "request_id": "daff0e15-85b7-4469-b488-ec02f26c6f78", "endpoint": "/intervet2", "timestamp": "2025-05-14T10:50:03.862646", "extraction_method": "docx_text", "message": "Custom metric: extraction_method=docx_text"}
{"event": "custom_metric", "session_id": "994fb9b9-decd-48f4-a6b7-472b7a6b6f2e", "request_id": "daff0e15-85b7-4469-b488-ec02f26c6f78", "endpoint": "/intervet2", "timestamp": "2025-05-14T10:50:03.863626", "extracted_text_length": 1995, "message": "Custom metric: extracted_text_length=1995"}
{"event": "custom_metric", "session_id": "994fb9b9-decd-48f4-a6b7-472b7a6b6f2e", "request_id": "daff0e15-85b7-4469-b488-ec02f26c6f78", "endpoint": "/intervet2", "timestamp": "2025-05-14T10:50:03.863626", "file_processing_time": 0.006804466247558594, "message": "Custom metric: file_processing_time=0.006804466247558594"}
{"event": "custom_metric", "session_id": "994fb9b9-decd-48f4-a6b7-472b7a6b6f2e", "request_id": "daff0e15-85b7-4469-b488-ec02f26c6f78", "endpoint": "/intervet2", "timestamp": "2025-05-14T10:50:03.863626", "resume_extraction_time": 0.11557888984680176, "message": "Custom metric: resume_extraction_time=0.11557888984680176"}
{"event": "custom_metric", "session_id": "994fb9b9-decd-48f4-a6b7-472b7a6b6f2e", "request_id": "daff0e15-85b7-4469-b488-ec02f26c6f78", "endpoint": "/intervet2", "timestamp": "2025-05-14T10:50:03.863626", "jd_extraction_time": 0.007784843444824219, "message": "Custom metric: jd_extraction_time=0.007784843444824219"}
{"event": "custom_metric", "session_id": "994fb9b9-decd-48f4-a6b7-472b7a6b6f2e", "request_id": "daff0e15-85b7-4469-b488-ec02f26c6f78", "endpoint": "/intervet2", "timestamp": "2025-05-14T10:50:03.863626", "resume_text_length": 4674, "message": "Custom metric: resume_text_length=4674"}
{"event": "custom_metric", "session_id": "994fb9b9-decd-48f4-a6b7-472b7a6b6f2e", "request_id": "daff0e15-85b7-4469-b488-ec02f26c6f78", "endpoint": "/intervet2", "timestamp": "2025-05-14T10:50:03.863626", "jd_text_length": 1995, "message": "Custom metric: jd_text_length=1995"}
{"event": "custom_metric", "session_id": "994fb9b9-decd-48f4-a6b7-472b7a6b6f2e", "request_id": "daff0e15-85b7-4469-b488-ec02f26c6f78", "endpoint": "/intervet2", "timestamp": "2025-05-14T10:50:47.751102", "resume_parsing_time": 28.972007989883423, "message": "Custom metric: resume_parsing_time=28.972007989883423"}
{"event": "custom_metric", "session_id": "994fb9b9-decd-48f4-a6b7-472b7a6b6f2e", "request_id": "daff0e15-85b7-4469-b488-ec02f26c6f78", "endpoint": "/intervet2", "timestamp": "2025-05-14T10:50:47.751651", "jd_parsing_time": 14.914070844650269, "message": "Custom metric: jd_parsing_time=14.914070844650269"}
{"event": "custom_metric", "session_id": "994fb9b9-decd-48f4-a6b7-472b7a6b6f2e", "request_id": "daff0e15-85b7-4469-b488-ec02f26c6f78", "endpoint": "/intervet2", "timestamp": "2025-05-14T10:50:47.752740", "evaluation_time": 0.0010886192321777344, "message": "Custom metric: evaluation_time=0.0010886192321777344"}
{"event": "custom_metric", "session_id": "994fb9b9-decd-48f4-a6b7-472b7a6b6f2e", "request_id": "daff0e15-85b7-4469-b488-ec02f26c6f78", "endpoint": "/intervet2", "timestamp": "2025-05-14T10:50:47.752740", "total_score": 25.0, "message": "Custom metric: total_score=25.0"}
{"event": "custom_metric", "session_id": "994fb9b9-decd-48f4-a6b7-472b7a6b6f2e", "request_id": "daff0e15-85b7-4469-b488-ec02f26c6f78", "endpoint": "/intervet2", "timestamp": "2025-05-14T10:50:47.752740", "fit_category": "Weak Match", "message": "Custom metric: fit_category=Weak Match"}
{"event": "request_complete", "session_id": "994fb9b9-decd-48f4-a6b7-472b7a6b6f2e", "request_id": "daff0e15-85b7-4469-b488-ec02f26c6f78", "endpoint": "/intervet2", "timestamp": "2025-05-14T10:50:47.756515", "total_time_seconds": 44.024510860443115, "status_code": 200, "message": "Request completed in 44.0245s with status 200"}
{"event": "session_end", "session_id": "994fb9b9-decd-48f4-a6b7-472b7a6b6f2e", "timestamp": "2025-05-14T10:50:47.863807", "message": "API session ended"}
