{"event": "session_start", "session_id": "eac961e7-e536-4a14-a6b6-0e811fa13a94", "timestamp": "2025-05-16T13:00:19.642738", "message": "New API session started"}
{"event": "request_start", "session_id": "eac961e7-e536-4a14-a6b6-0e811fa13a94", "request_id": "06aff83c-9093-4f62-9e5b-062562d7c9a9", "endpoint": "/intervet2", "timestamp": "2025-05-16T13:00:47.022643", "message": "Request started for endpoint: /intervet2"}
{"event": "custom_metric", "session_id": "eac961e7-e536-4a14-a6b6-0e811fa13a94", "request_id": "06aff83c-9093-4f62-9e5b-062562d7c9a9", "endpoint": "/intervet2", "timestamp": "2025-05-16T13:00:47.024643", "endpoint_type": "intervet2", "message": "Custom metric: endpoint_type=intervet2"}
{"event": "custom_metric", "session_id": "eac961e7-e536-4a14-a6b6-0e811fa13a94", "request_id": "06aff83c-9093-4f62-9e5b-062562d7c9a9", "endpoint": "/intervet2", "timestamp": "2025-05-16T13:00:47.073647", "file_type": "pdf", "message": "Custom metric: file_type=pdf"}
{"event": "custom_metric", "session_id": "eac961e7-e536-4a14-a6b6-0e811fa13a94", "request_id": "06aff83c-9093-4f62-9e5b-062562d7c9a9", "endpoint": "/intervet2", "timestamp": "2025-05-16T13:00:47.073647", "file_size_bytes": 88356, "message": "Custom metric: file_size_bytes=88356"}
{"event": "custom_metric", "session_id": "eac961e7-e536-4a14-a6b6-0e811fa13a94", "request_id": "06aff83c-9093-4f62-9e5b-062562d7c9a9", "endpoint": "/intervet2", "timestamp": "2025-05-16T13:00:47.073647", "extraction_method": "pdf_text", "message": "Custom metric: extraction_method=pdf_text"}
{"event": "custom_metric", "session_id": "eac961e7-e536-4a14-a6b6-0e811fa13a94", "request_id": "06aff83c-9093-4f62-9e5b-062562d7c9a9", "endpoint": "/intervet2", "timestamp": "2025-05-16T13:00:47.074647", "extracted_text_length": 3871, "message": "Custom metric: extracted_text_length=3871"}
{"event": "custom_metric", "session_id": "eac961e7-e536-4a14-a6b6-0e811fa13a94", "request_id": "06aff83c-9093-4f62-9e5b-062562d7c9a9", "endpoint": "/intervet2", "timestamp": "2025-05-16T13:00:47.074647", "file_processing_time": 0.028891801834106445, "message": "Custom metric: file_processing_time=0.028891801834106445"}
{"event": "custom_metric", "session_id": "eac961e7-e536-4a14-a6b6-0e811fa13a94", "request_id": "06aff83c-9093-4f62-9e5b-062562d7c9a9", "endpoint": "/intervet2", "timestamp": "2025-05-16T13:00:47.108817", "file_type": "pdf", "message": "Custom metric: file_type=pdf"}
{"event": "custom_metric", "session_id": "eac961e7-e536-4a14-a6b6-0e811fa13a94", "request_id": "06aff83c-9093-4f62-9e5b-062562d7c9a9", "endpoint": "/intervet2", "timestamp": "2025-05-16T13:00:47.108817", "file_size_bytes": 43309, "message": "Custom metric: file_size_bytes=43309"}
{"event": "custom_metric", "session_id": "eac961e7-e536-4a14-a6b6-0e811fa13a94", "request_id": "06aff83c-9093-4f62-9e5b-062562d7c9a9", "endpoint": "/intervet2", "timestamp": "2025-05-16T13:00:47.108817", "extraction_method": "pdf_text", "message": "Custom metric: extraction_method=pdf_text"}
{"event": "custom_metric", "session_id": "eac961e7-e536-4a14-a6b6-0e811fa13a94", "request_id": "06aff83c-9093-4f62-9e5b-062562d7c9a9", "endpoint": "/intervet2", "timestamp": "2025-05-16T13:00:47.108817", "extracted_text_length": 2241, "message": "Custom metric: extracted_text_length=2241"}
{"event": "custom_metric", "session_id": "eac961e7-e536-4a14-a6b6-0e811fa13a94", "request_id": "06aff83c-9093-4f62-9e5b-062562d7c9a9", "endpoint": "/intervet2", "timestamp": "2025-05-16T13:00:47.108817", "file_processing_time": 0.034169912338256836, "message": "Custom metric: file_processing_time=0.034169912338256836"}
{"event": "custom_metric", "session_id": "eac961e7-e536-4a14-a6b6-0e811fa13a94", "request_id": "06aff83c-9093-4f62-9e5b-062562d7c9a9", "endpoint": "/intervet2", "timestamp": "2025-05-16T13:00:47.109817", "resume_extraction_time": 0.029891490936279297, "message": "Custom metric: resume_extraction_time=0.029891490936279297"}
{"event": "custom_metric", "session_id": "eac961e7-e536-4a14-a6b6-0e811fa13a94", "request_id": "06aff83c-9093-4f62-9e5b-062562d7c9a9", "endpoint": "/intervet2", "timestamp": "2025-05-16T13:00:47.109817", "jd_extraction_time": 0.034169912338256836, "message": "Custom metric: jd_extraction_time=0.034169912338256836"}
{"event": "custom_metric", "session_id": "eac961e7-e536-4a14-a6b6-0e811fa13a94", "request_id": "06aff83c-9093-4f62-9e5b-062562d7c9a9", "endpoint": "/intervet2", "timestamp": "2025-05-16T13:00:47.109817", "resume_text_length": 3871, "message": "Custom metric: resume_text_length=3871"}
{"event": "custom_metric", "session_id": "eac961e7-e536-4a14-a6b6-0e811fa13a94", "request_id": "06aff83c-9093-4f62-9e5b-062562d7c9a9", "endpoint": "/intervet2", "timestamp": "2025-05-16T13:00:47.109817", "jd_text_length": 2241, "message": "Custom metric: jd_text_length=2241"}
{"event": "custom_metric", "session_id": "eac961e7-e536-4a14-a6b6-0e811fa13a94", "request_id": "06aff83c-9093-4f62-9e5b-062562d7c9a9", "endpoint": "/intervet2", "timestamp": "2025-05-16T13:01:25.539997", "resume_parsing_time": 23.20969820022583, "message": "Custom metric: resume_parsing_time=23.20969820022583"}
{"event": "custom_metric", "session_id": "eac961e7-e536-4a14-a6b6-0e811fa13a94", "request_id": "06aff83c-9093-4f62-9e5b-062562d7c9a9", "endpoint": "/intervet2", "timestamp": "2025-05-16T13:01:25.539997", "jd_parsing_time": 15.220481634140015, "message": "Custom metric: jd_parsing_time=15.220481634140015"}
{"event": "custom_metric", "session_id": "eac961e7-e536-4a14-a6b6-0e811fa13a94", "request_id": "06aff83c-9093-4f62-9e5b-062562d7c9a9", "endpoint": "/intervet2", "timestamp": "2025-05-16T13:01:25.554507", "evaluation_time": 0.014509439468383789, "message": "Custom metric: evaluation_time=0.014509439468383789"}
{"event": "custom_metric", "session_id": "eac961e7-e536-4a14-a6b6-0e811fa13a94", "request_id": "06aff83c-9093-4f62-9e5b-062562d7c9a9", "endpoint": "/intervet2", "timestamp": "2025-05-16T13:01:25.554507", "total_score": 31.1, "message": "Custom metric: total_score=31.1"}
{"event": "custom_metric", "session_id": "eac961e7-e536-4a14-a6b6-0e811fa13a94", "request_id": "06aff83c-9093-4f62-9e5b-062562d7c9a9", "endpoint": "/intervet2", "timestamp": "2025-05-16T13:01:25.554507", "fit_category": "Weak Match", "message": "Custom metric: fit_category=Weak Match"}
{"event": "request_complete", "session_id": "eac961e7-e536-4a14-a6b6-0e811fa13a94", "request_id": "06aff83c-9093-4f62-9e5b-062562d7c9a9", "endpoint": "/intervet2", "timestamp": "2025-05-16T13:01:25.574720", "total_time_seconds": 38.55207705497742, "status_code": 200, "message": "Request completed in 38.5521s with status 200"}
{"event": "request_start", "session_id": "eac961e7-e536-4a14-a6b6-0e811fa13a94", "request_id": "d9de8cac-6aba-4b0f-bc26-afd58837a6d5", "endpoint": "/intervet2", "timestamp": "2025-05-16T13:19:07.954548", "message": "Request started for endpoint: /intervet2"}
{"event": "custom_metric", "session_id": "eac961e7-e536-4a14-a6b6-0e811fa13a94", "request_id": "d9de8cac-6aba-4b0f-bc26-afd58837a6d5", "endpoint": "/intervet2", "timestamp": "2025-05-16T13:19:07.956549", "endpoint_type": "intervet2", "message": "Custom metric: endpoint_type=intervet2"}
{"event": "custom_metric", "session_id": "eac961e7-e536-4a14-a6b6-0e811fa13a94", "request_id": "d9de8cac-6aba-4b0f-bc26-afd58837a6d5", "endpoint": "/intervet2", "timestamp": "2025-05-16T13:19:08.012447", "file_type": "pdf", "message": "Custom metric: file_type=pdf"}
{"event": "custom_metric", "session_id": "eac961e7-e536-4a14-a6b6-0e811fa13a94", "request_id": "d9de8cac-6aba-4b0f-bc26-afd58837a6d5", "endpoint": "/intervet2", "timestamp": "2025-05-16T13:19:08.012447", "file_size_bytes": 55127, "message": "Custom metric: file_size_bytes=55127"}
{"event": "custom_metric", "session_id": "eac961e7-e536-4a14-a6b6-0e811fa13a94", "request_id": "d9de8cac-6aba-4b0f-bc26-afd58837a6d5", "endpoint": "/intervet2", "timestamp": "2025-05-16T13:19:08.013462", "extraction_method": "pdf_text", "message": "Custom metric: extraction_method=pdf_text"}
{"event": "custom_metric", "session_id": "eac961e7-e536-4a14-a6b6-0e811fa13a94", "request_id": "d9de8cac-6aba-4b0f-bc26-afd58837a6d5", "endpoint": "/intervet2", "timestamp": "2025-05-16T13:19:08.013462", "extracted_text_length": 1439, "message": "Custom metric: extracted_text_length=1439"}
{"event": "custom_metric", "session_id": "eac961e7-e536-4a14-a6b6-0e811fa13a94", "request_id": "d9de8cac-6aba-4b0f-bc26-afd58837a6d5", "endpoint": "/intervet2", "timestamp": "2025-05-16T13:19:08.013462", "file_processing_time": 0.053899288177490234, "message": "Custom metric: file_processing_time=0.053899288177490234"}
{"event": "custom_metric", "session_id": "eac961e7-e536-4a14-a6b6-0e811fa13a94", "request_id": "d9de8cac-6aba-4b0f-bc26-afd58837a6d5", "endpoint": "/intervet2", "timestamp": "2025-05-16T13:19:08.043313", "file_type": "pdf", "message": "Custom metric: file_type=pdf"}
{"event": "custom_metric", "session_id": "eac961e7-e536-4a14-a6b6-0e811fa13a94", "request_id": "d9de8cac-6aba-4b0f-bc26-afd58837a6d5", "endpoint": "/intervet2", "timestamp": "2025-05-16T13:19:08.043313", "file_size_bytes": 43309, "message": "Custom metric: file_size_bytes=43309"}
{"event": "custom_metric", "session_id": "eac961e7-e536-4a14-a6b6-0e811fa13a94", "request_id": "d9de8cac-6aba-4b0f-bc26-afd58837a6d5", "endpoint": "/intervet2", "timestamp": "2025-05-16T13:19:08.043313", "extraction_method": "pdf_text", "message": "Custom metric: extraction_method=pdf_text"}
{"event": "custom_metric", "session_id": "eac961e7-e536-4a14-a6b6-0e811fa13a94", "request_id": "d9de8cac-6aba-4b0f-bc26-afd58837a6d5", "endpoint": "/intervet2", "timestamp": "2025-05-16T13:19:08.043313", "extracted_text_length": 2241, "message": "Custom metric: extracted_text_length=2241"}
{"event": "custom_metric", "session_id": "eac961e7-e536-4a14-a6b6-0e811fa13a94", "request_id": "d9de8cac-6aba-4b0f-bc26-afd58837a6d5", "endpoint": "/intervet2", "timestamp": "2025-05-16T13:19:08.043313", "file_processing_time": 0.02985072135925293, "message": "Custom metric: file_processing_time=0.02985072135925293"}
{"event": "custom_metric", "session_id": "eac961e7-e536-4a14-a6b6-0e811fa13a94", "request_id": "d9de8cac-6aba-4b0f-bc26-afd58837a6d5", "endpoint": "/intervet2", "timestamp": "2025-05-16T13:19:08.043313", "resume_extraction_time": 0.054913997650146484, "message": "Custom metric: resume_extraction_time=0.054913997650146484"}
{"event": "custom_metric", "session_id": "eac961e7-e536-4a14-a6b6-0e811fa13a94", "request_id": "d9de8cac-6aba-4b0f-bc26-afd58837a6d5", "endpoint": "/intervet2", "timestamp": "2025-05-16T13:19:08.044315", "jd_extraction_time": 0.02985072135925293, "message": "Custom metric: jd_extraction_time=0.02985072135925293"}
{"event": "custom_metric", "session_id": "eac961e7-e536-4a14-a6b6-0e811fa13a94", "request_id": "d9de8cac-6aba-4b0f-bc26-afd58837a6d5", "endpoint": "/intervet2", "timestamp": "2025-05-16T13:19:08.044315", "resume_text_length": 1439, "message": "Custom metric: resume_text_length=1439"}
{"event": "custom_metric", "session_id": "eac961e7-e536-4a14-a6b6-0e811fa13a94", "request_id": "d9de8cac-6aba-4b0f-bc26-afd58837a6d5", "endpoint": "/intervet2", "timestamp": "2025-05-16T13:19:08.044315", "jd_text_length": 2241, "message": "Custom metric: jd_text_length=2241"}
{"event": "custom_metric", "session_id": "eac961e7-e536-4a14-a6b6-0e811fa13a94", "request_id": "d9de8cac-6aba-4b0f-bc26-afd58837a6d5", "endpoint": "/intervet2", "timestamp": "2025-05-16T13:19:34.713176", "resume_parsing_time": 10.952551364898682, "message": "Custom metric: resume_parsing_time=10.952551364898682"}
{"event": "custom_metric", "session_id": "eac961e7-e536-4a14-a6b6-0e811fa13a94", "request_id": "d9de8cac-6aba-4b0f-bc26-afd58837a6d5", "endpoint": "/intervet2", "timestamp": "2025-05-16T13:19:34.713176", "jd_parsing_time": 15.716309547424316, "message": "Custom metric: jd_parsing_time=15.716309547424316"}
{"event": "custom_metric", "session_id": "eac961e7-e536-4a14-a6b6-0e811fa13a94", "request_id": "d9de8cac-6aba-4b0f-bc26-afd58837a6d5", "endpoint": "/intervet2", "timestamp": "2025-05-16T13:19:34.722204", "evaluation_time": 0.008013010025024414, "message": "Custom metric: evaluation_time=0.008013010025024414"}
{"event": "custom_metric", "session_id": "eac961e7-e536-4a14-a6b6-0e811fa13a94", "request_id": "d9de8cac-6aba-4b0f-bc26-afd58837a6d5", "endpoint": "/intervet2", "timestamp": "2025-05-16T13:19:34.723192", "total_score": 35.61904761904762, "message": "Custom metric: total_score=35.61904761904762"}
{"event": "custom_metric", "session_id": "eac961e7-e536-4a14-a6b6-0e811fa13a94", "request_id": "d9de8cac-6aba-4b0f-bc26-afd58837a6d5", "endpoint": "/intervet2", "timestamp": "2025-05-16T13:19:34.723192", "fit_category": "Weak Match", "message": "Custom metric: fit_category=Weak Match"}
{"event": "request_complete", "session_id": "eac961e7-e536-4a14-a6b6-0e811fa13a94", "request_id": "d9de8cac-6aba-4b0f-bc26-afd58837a6d5", "endpoint": "/intervet2", "timestamp": "2025-05-16T13:19:34.724192", "total_time_seconds": 26.769644260406494, "status_code": 200, "message": "Request completed in 26.7696s with status 200"}
{"event": "session_end", "session_id": "eac961e7-e536-4a14-a6b6-0e811fa13a94", "timestamp": "2025-05-16T13:38:25.139335", "message": "API session ended"}
