{"event": "session_start", "session_id": "89636971-7e9f-448b-a84e-82d94710eaa4", "timestamp": "2025-05-22T22:29:25.294592", "message": "New API session started"}
{"event": "request_start", "session_id": "89636971-7e9f-448b-a84e-82d94710eaa4", "request_id": "d5661c4c-5619-465e-b066-14c942438558", "endpoint": "/docs", "timestamp": "2025-05-22T22:29:27.562381", "message": "Request started for endpoint: /docs"}
{"event": "request_complete", "session_id": "89636971-7e9f-448b-a84e-82d94710eaa4", "request_id": "d5661c4c-5619-465e-b066-14c942438558", "endpoint": "/docs", "timestamp": "2025-05-22T22:29:27.563379", "total_time_seconds": 0.000997781753540039, "status_code": 200, "message": "Request completed in 0.0010s with status 200"}
{"event": "request_start", "session_id": "89636971-7e9f-448b-a84e-82d94710eaa4", "request_id": "4f46a167-db35-4ead-a0c0-8f1222491e45", "endpoint": "/openapi.json", "timestamp": "2025-05-22T22:29:27.727066", "message": "Request started for endpoint: /openapi.json"}
{"event": "request_complete", "session_id": "89636971-7e9f-448b-a84e-82d94710eaa4", "request_id": "4f46a167-db35-4ead-a0c0-8f1222491e45", "endpoint": "/openapi.json", "timestamp": "2025-05-22T22:29:27.738296", "total_time_seconds": 0.01123046875, "status_code": 200, "message": "Request completed in 0.0112s with status 200"}
{"event": "request_start", "session_id": "89636971-7e9f-448b-a84e-82d94710eaa4", "request_id": "e54b95fc-5774-4683-9c78-9fdb4610ccbc", "endpoint": "/resume", "timestamp": "2025-05-22T22:29:35.143237", "message": "Request started for endpoint: /resume"}
{"event": "custom_metric", "session_id": "89636971-7e9f-448b-a84e-82d94710eaa4", "request_id": "e54b95fc-5774-4683-9c78-9fdb4610ccbc", "endpoint": "resume", "timestamp": "2025-05-22T22:29:35.145595", "message": "Custom metric: endpoint=resume"}
{"event": "custom_metric", "session_id": "89636971-7e9f-448b-a84e-82d94710eaa4", "request_id": "e54b95fc-5774-4683-9c78-9fdb4610ccbc", "endpoint": "/resume", "timestamp": "2025-05-22T22:29:35.145595", "file_name": "Resume-Raman Luhach.pdf", "message": "Custom metric: file_name=Resume-Raman Luhach.pdf"}
{"event": "custom_metric", "session_id": "89636971-7e9f-448b-a84e-82d94710eaa4", "request_id": "e54b95fc-5774-4683-9c78-9fdb4610ccbc", "endpoint": "/resume", "timestamp": "2025-05-22T22:29:35.145595", "file_type": "pdf", "message": "Custom metric: file_type=pdf"}
{"event": "custom_metric", "session_id": "89636971-7e9f-448b-a84e-82d94710eaa4", "request_id": "e54b95fc-5774-4683-9c78-9fdb4610ccbc", "endpoint": "/resume", "timestamp": "2025-05-22T22:29:35.146602", "file_size": 73845, "message": "Custom metric: file_size=73845"}
{"event": "custom_metric", "session_id": "89636971-7e9f-448b-a84e-82d94710eaa4", "request_id": "e54b95fc-5774-4683-9c78-9fdb4610ccbc", "endpoint": "/resume", "timestamp": "2025-05-22T22:29:35.170003", "file_type": "pdf", "message": "Custom metric: file_type=pdf"}
{"event": "custom_metric", "session_id": "89636971-7e9f-448b-a84e-82d94710eaa4", "request_id": "e54b95fc-5774-4683-9c78-9fdb4610ccbc", "endpoint": "/resume", "timestamp": "2025-05-22T22:29:35.170003", "file_size_bytes": 73845, "message": "Custom metric: file_size_bytes=73845"}
{"event": "custom_metric", "session_id": "89636971-7e9f-448b-a84e-82d94710eaa4", "request_id": "e54b95fc-5774-4683-9c78-9fdb4610ccbc", "endpoint": "/resume", "timestamp": "2025-05-22T22:29:35.170003", "extraction_method": "pdf_text", "message": "Custom metric: extraction_method=pdf_text"}
{"event": "custom_metric", "session_id": "89636971-7e9f-448b-a84e-82d94710eaa4", "request_id": "e54b95fc-5774-4683-9c78-9fdb4610ccbc", "endpoint": "/resume", "timestamp": "2025-05-22T22:29:35.170003", "extracted_text_length": 2214, "message": "Custom metric: extracted_text_length=2214"}
{"event": "custom_metric", "session_id": "89636971-7e9f-448b-a84e-82d94710eaa4", "request_id": "e54b95fc-5774-4683-9c78-9fdb4610ccbc", "endpoint": "/resume", "timestamp": "2025-05-22T22:29:35.170003", "file_processing_time": 0.02208232879638672, "message": "Custom metric: file_processing_time=0.02208232879638672"}
{"event": "custom_metric", "session_id": "89636971-7e9f-448b-a84e-82d94710eaa4", "request_id": "e54b95fc-5774-4683-9c78-9fdb4610ccbc", "endpoint": "/resume", "timestamp": "2025-05-22T22:29:35.171004", "text_extraction_time": 0.023083209991455078, "message": "Custom metric: text_extraction_time=0.023083209991455078"}
{"event": "custom_metric", "session_id": "89636971-7e9f-448b-a84e-82d94710eaa4", "request_id": "e54b95fc-5774-4683-9c78-9fdb4610ccbc", "endpoint": "/resume", "timestamp": "2025-05-22T22:29:35.171004", "extracted_text_length": 2214, "message": "Custom metric: extracted_text_length=2214"}
{"event": "custom_metric", "session_id": "89636971-7e9f-448b-a84e-82d94710eaa4", "request_id": "e54b95fc-5774-4683-9c78-9fdb4610ccbc", "endpoint": "/resume", "timestamp": "2025-05-22T22:29:45.863620", "parsing_time": 10.692615985870361, "message": "Custom metric: parsing_time=10.692615985870361"}
{"event": "custom_metric", "session_id": "89636971-7e9f-448b-a84e-82d94710eaa4", "request_id": "e54b95fc-5774-4683-9c78-9fdb4610ccbc", "endpoint": "/resume", "timestamp": "2025-05-22T22:29:45.863620", "confidence_score": 0.47, "message": "Custom metric: confidence_score=0.47"}
{"event": "custom_metric", "session_id": "89636971-7e9f-448b-a84e-82d94710eaa4", "request_id": "e54b95fc-5774-4683-9c78-9fdb4610ccbc", "endpoint": "/resume", "timestamp": "2025-05-22T22:29:45.863620", "fields_extracted": 22, "message": "Custom metric: fields_extracted=22"}
{"event": "custom_metric", "session_id": "89636971-7e9f-448b-a84e-82d94710eaa4", "request_id": "e54b95fc-5774-4683-9c78-9fdb4610ccbc", "endpoint": "/resume", "timestamp": "2025-05-22T22:29:45.863620", "skills_count": 0, "message": "Custom metric: skills_count=0"}
{"event": "custom_metric", "session_id": "89636971-7e9f-448b-a84e-82d94710eaa4", "request_id": "e54b95fc-5774-4683-9c78-9fdb4610ccbc", "endpoint": "/resume", "timestamp": "2025-05-22T22:29:45.863620", "education_count": 0, "message": "Custom metric: education_count=0"}
{"event": "custom_metric", "session_id": "89636971-7e9f-448b-a84e-82d94710eaa4", "request_id": "e54b95fc-5774-4683-9c78-9fdb4610ccbc", "endpoint": "/resume", "timestamp": "2025-05-22T22:29:45.863620", "experience_count": 0, "message": "Custom metric: experience_count=0"}
{"event": "custom_metric", "session_id": "89636971-7e9f-448b-a84e-82d94710eaa4", "request_id": "e54b95fc-5774-4683-9c78-9fdb4610ccbc", "endpoint": "/resume", "timestamp": "2025-05-22T22:29:45.863620", "total_processing_time": 10.715699195861816, "message": "Custom metric: total_processing_time=10.715699195861816"}
{"event": "request_complete", "session_id": "89636971-7e9f-448b-a84e-82d94710eaa4", "request_id": "e54b95fc-5774-4683-9c78-9fdb4610ccbc", "endpoint": "/resume", "timestamp": "2025-05-22T22:29:45.865330", "total_time_seconds": 10.722093343734741, "status_code": 200, "message": "Request completed in 10.7221s with status 200"}
{"event": "request_start", "session_id": "89636971-7e9f-448b-a84e-82d94710eaa4", "request_id": "21d7e523-3562-4330-9694-ff3e215c1a43", "endpoint": "/resume", "timestamp": "2025-05-22T22:39:17.719612", "message": "Request started for endpoint: /resume"}
{"event": "custom_metric", "session_id": "89636971-7e9f-448b-a84e-82d94710eaa4", "request_id": "21d7e523-3562-4330-9694-ff3e215c1a43", "endpoint": "resume", "timestamp": "2025-05-22T22:39:17.721611", "message": "Custom metric: endpoint=resume"}
{"event": "custom_metric", "session_id": "89636971-7e9f-448b-a84e-82d94710eaa4", "request_id": "21d7e523-3562-4330-9694-ff3e215c1a43", "endpoint": "/resume", "timestamp": "2025-05-22T22:39:17.722622", "file_name": "Resume-Raman Luhach.pdf", "message": "Custom metric: file_name=Resume-Raman Luhach.pdf"}
{"event": "custom_metric", "session_id": "89636971-7e9f-448b-a84e-82d94710eaa4", "request_id": "21d7e523-3562-4330-9694-ff3e215c1a43", "endpoint": "/resume", "timestamp": "2025-05-22T22:39:17.722622", "file_type": "pdf", "message": "Custom metric: file_type=pdf"}
{"event": "custom_metric", "session_id": "89636971-7e9f-448b-a84e-82d94710eaa4", "request_id": "21d7e523-3562-4330-9694-ff3e215c1a43", "endpoint": "/resume", "timestamp": "2025-05-22T22:39:17.723609", "file_size": 73845, "message": "Custom metric: file_size=73845"}
{"event": "custom_metric", "session_id": "89636971-7e9f-448b-a84e-82d94710eaa4", "request_id": "21d7e523-3562-4330-9694-ff3e215c1a43", "endpoint": "/resume", "timestamp": "2025-05-22T22:39:17.734614", "file_type": "pdf", "message": "Custom metric: file_type=pdf"}
{"event": "custom_metric", "session_id": "89636971-7e9f-448b-a84e-82d94710eaa4", "request_id": "21d7e523-3562-4330-9694-ff3e215c1a43", "endpoint": "/resume", "timestamp": "2025-05-22T22:39:17.734614", "file_size_bytes": 73845, "message": "Custom metric: file_size_bytes=73845"}
{"event": "custom_metric", "session_id": "89636971-7e9f-448b-a84e-82d94710eaa4", "request_id": "21d7e523-3562-4330-9694-ff3e215c1a43", "endpoint": "/resume", "timestamp": "2025-05-22T22:39:17.734614", "extraction_method": "pdf_text", "message": "Custom metric: extraction_method=pdf_text"}
{"event": "custom_metric", "session_id": "89636971-7e9f-448b-a84e-82d94710eaa4", "request_id": "21d7e523-3562-4330-9694-ff3e215c1a43", "endpoint": "/resume", "timestamp": "2025-05-22T22:39:17.735662", "extracted_text_length": 2214, "message": "Custom metric: extracted_text_length=2214"}
{"event": "custom_metric", "session_id": "89636971-7e9f-448b-a84e-82d94710eaa4", "request_id": "21d7e523-3562-4330-9694-ff3e215c1a43", "endpoint": "/resume", "timestamp": "2025-05-22T22:39:17.735662", "file_processing_time": 0.011004447937011719, "message": "Custom metric: file_processing_time=0.011004447937011719"}
{"event": "custom_metric", "session_id": "89636971-7e9f-448b-a84e-82d94710eaa4", "request_id": "21d7e523-3562-4330-9694-ff3e215c1a43", "endpoint": "/resume", "timestamp": "2025-05-22T22:39:17.735662", "text_extraction_time": 0.012052774429321289, "message": "Custom metric: text_extraction_time=0.012052774429321289"}
{"event": "custom_metric", "session_id": "89636971-7e9f-448b-a84e-82d94710eaa4", "request_id": "21d7e523-3562-4330-9694-ff3e215c1a43", "endpoint": "/resume", "timestamp": "2025-05-22T22:39:17.735662", "extracted_text_length": 2214, "message": "Custom metric: extracted_text_length=2214"}
{"event": "custom_metric", "session_id": "89636971-7e9f-448b-a84e-82d94710eaa4", "request_id": "21d7e523-3562-4330-9694-ff3e215c1a43", "endpoint": "/resume", "timestamp": "2025-05-22T22:39:30.000610", "parsing_time": 12.264947652816772, "message": "Custom metric: parsing_time=12.264947652816772"}
{"event": "custom_metric", "session_id": "89636971-7e9f-448b-a84e-82d94710eaa4", "request_id": "21d7e523-3562-4330-9694-ff3e215c1a43", "endpoint": "/resume", "timestamp": "2025-05-22T22:39:30.001135", "confidence_score": 0.47, "message": "Custom metric: confidence_score=0.47"}
{"event": "custom_metric", "session_id": "89636971-7e9f-448b-a84e-82d94710eaa4", "request_id": "21d7e523-3562-4330-9694-ff3e215c1a43", "endpoint": "/resume", "timestamp": "2025-05-22T22:39:30.001135", "fields_extracted": 22, "message": "Custom metric: fields_extracted=22"}
{"event": "custom_metric", "session_id": "89636971-7e9f-448b-a84e-82d94710eaa4", "request_id": "21d7e523-3562-4330-9694-ff3e215c1a43", "endpoint": "/resume", "timestamp": "2025-05-22T22:39:30.001135", "skills_count": 0, "message": "Custom metric: skills_count=0"}
{"event": "custom_metric", "session_id": "89636971-7e9f-448b-a84e-82d94710eaa4", "request_id": "21d7e523-3562-4330-9694-ff3e215c1a43", "endpoint": "/resume", "timestamp": "2025-05-22T22:39:30.001135", "education_count": 0, "message": "Custom metric: education_count=0"}
{"event": "custom_metric", "session_id": "89636971-7e9f-448b-a84e-82d94710eaa4", "request_id": "21d7e523-3562-4330-9694-ff3e215c1a43", "endpoint": "/resume", "timestamp": "2025-05-22T22:39:30.001135", "experience_count": 0, "message": "Custom metric: experience_count=0"}
{"event": "custom_metric", "session_id": "89636971-7e9f-448b-a84e-82d94710eaa4", "request_id": "21d7e523-3562-4330-9694-ff3e215c1a43", "endpoint": "/resume", "timestamp": "2025-05-22T22:39:30.001669", "total_processing_time": 12.277000427246094, "message": "Custom metric: total_processing_time=12.277000427246094"}
{"event": "request_complete", "session_id": "89636971-7e9f-448b-a84e-82d94710eaa4", "request_id": "21d7e523-3562-4330-9694-ff3e215c1a43", "endpoint": "/resume", "timestamp": "2025-05-22T22:39:30.002191", "total_time_seconds": 12.282578945159912, "status_code": 200, "message": "Request completed in 12.2826s with status 200"}
{"event": "session_end", "session_id": "89636971-7e9f-448b-a84e-82d94710eaa4", "timestamp": "2025-05-22T22:39:30.104965", "message": "API session ended"}
