{"event": "session_start", "session_id": "33b0bfe4-f4eb-4722-84da-dab0ffa779dd", "timestamp": "2025-05-26T17:12:36.791588", "message": "New API session started"}
{"event": "request_start", "session_id": "33b0bfe4-f4eb-4722-84da-dab0ffa779dd", "request_id": "e32cce91-272c-4735-be47-51fd9fefc627", "endpoint": "/resume", "timestamp": "2025-05-26T17:12:39.775778", "message": "Request started for endpoint: /resume"}
{"event": "custom_metric", "session_id": "33b0bfe4-f4eb-4722-84da-dab0ffa779dd", "request_id": "e32cce91-272c-4735-be47-51fd9fefc627", "endpoint": "resume", "timestamp": "2025-05-26T17:12:39.777777", "message": "Custom metric: endpoint=resume"}
{"event": "custom_metric", "session_id": "33b0bfe4-f4eb-4722-84da-dab0ffa779dd", "request_id": "e32cce91-272c-4735-be47-51fd9fefc627", "endpoint": "/resume", "timestamp": "2025-05-26T17:12:39.777777", "file_name": "Resume-Raman Luhach.pdf", "message": "Custom metric: file_name=Resume-Raman Luhach.pdf"}
{"event": "custom_metric", "session_id": "33b0bfe4-f4eb-4722-84da-dab0ffa779dd", "request_id": "e32cce91-272c-4735-be47-51fd9fefc627", "endpoint": "/resume", "timestamp": "2025-05-26T17:12:39.777777", "file_type": "pdf", "message": "Custom metric: file_type=pdf"}
{"event": "custom_metric", "session_id": "33b0bfe4-f4eb-4722-84da-dab0ffa779dd", "request_id": "e32cce91-272c-4735-be47-51fd9fefc627", "endpoint": "/resume", "timestamp": "2025-05-26T17:12:39.778777", "file_size": 73845, "message": "Custom metric: file_size=73845"}
{"event": "custom_metric", "session_id": "33b0bfe4-f4eb-4722-84da-dab0ffa779dd", "request_id": "e32cce91-272c-4735-be47-51fd9fefc627", "endpoint": "/resume", "timestamp": "2025-05-26T17:12:39.791008", "file_type": "pdf", "message": "Custom metric: file_type=pdf"}
{"event": "custom_metric", "session_id": "33b0bfe4-f4eb-4722-84da-dab0ffa779dd", "request_id": "e32cce91-272c-4735-be47-51fd9fefc627", "endpoint": "/resume", "timestamp": "2025-05-26T17:12:39.791008", "file_size_bytes": 73845, "message": "Custom metric: file_size_bytes=73845"}
{"event": "custom_metric", "session_id": "33b0bfe4-f4eb-4722-84da-dab0ffa779dd", "request_id": "e32cce91-272c-4735-be47-51fd9fefc627", "endpoint": "/resume", "timestamp": "2025-05-26T17:12:39.791008", "extraction_method": "pdf_text", "message": "Custom metric: extraction_method=pdf_text"}
{"event": "custom_metric", "session_id": "33b0bfe4-f4eb-4722-84da-dab0ffa779dd", "request_id": "e32cce91-272c-4735-be47-51fd9fefc627", "endpoint": "/resume", "timestamp": "2025-05-26T17:12:39.791008", "extracted_text_length": 2214, "message": "Custom metric: extracted_text_length=2214"}
{"event": "custom_metric", "session_id": "33b0bfe4-f4eb-4722-84da-dab0ffa779dd", "request_id": "e32cce91-272c-4735-be47-51fd9fefc627", "endpoint": "/resume", "timestamp": "2025-05-26T17:12:39.791008", "file_processing_time": 0.012230157852172852, "message": "Custom metric: file_processing_time=0.012230157852172852"}
{"event": "custom_metric", "session_id": "33b0bfe4-f4eb-4722-84da-dab0ffa779dd", "request_id": "e32cce91-272c-4735-be47-51fd9fefc627", "endpoint": "/resume", "timestamp": "2025-05-26T17:12:39.791008", "text_extraction_time": 0.012230157852172852, "message": "Custom metric: text_extraction_time=0.012230157852172852"}
{"event": "custom_metric", "session_id": "33b0bfe4-f4eb-4722-84da-dab0ffa779dd", "request_id": "e32cce91-272c-4735-be47-51fd9fefc627", "endpoint": "/resume", "timestamp": "2025-05-26T17:12:39.791008", "extracted_text_length": 2214, "message": "Custom metric: extracted_text_length=2214"}
{"event": "custom_metric", "session_id": "33b0bfe4-f4eb-4722-84da-dab0ffa779dd", "request_id": "e32cce91-272c-4735-be47-51fd9fefc627", "endpoint": "/resume", "timestamp": "2025-05-26T17:12:39.792008", "parsing_time": 0.0, "message": "Custom metric: parsing_time=0.0"}
{"event": "custom_metric", "session_id": "33b0bfe4-f4eb-4722-84da-dab0ffa779dd", "request_id": "e32cce91-272c-4735-be47-51fd9fefc627", "endpoint": "/resume", "timestamp": "2025-05-26T17:12:39.792008", "confidence_score": 0.36, "message": "Custom metric: confidence_score=0.36"}
{"event": "custom_metric", "session_id": "33b0bfe4-f4eb-4722-84da-dab0ffa779dd", "request_id": "e32cce91-272c-4735-be47-51fd9fefc627", "endpoint": "/resume", "timestamp": "2025-05-26T17:12:39.792008", "fields_extracted": 21, "message": "Custom metric: fields_extracted=21"}
{"event": "custom_metric", "session_id": "33b0bfe4-f4eb-4722-84da-dab0ffa779dd", "request_id": "e32cce91-272c-4735-be47-51fd9fefc627", "endpoint": "/resume", "timestamp": "2025-05-26T17:12:39.793008", "skills_count": 0, "message": "Custom metric: skills_count=0"}
{"event": "custom_metric", "session_id": "33b0bfe4-f4eb-4722-84da-dab0ffa779dd", "request_id": "e32cce91-272c-4735-be47-51fd9fefc627", "endpoint": "/resume", "timestamp": "2025-05-26T17:12:39.793008", "education_count": 0, "message": "Custom metric: education_count=0"}
{"event": "custom_metric", "session_id": "33b0bfe4-f4eb-4722-84da-dab0ffa779dd", "request_id": "e32cce91-272c-4735-be47-51fd9fefc627", "endpoint": "/resume", "timestamp": "2025-05-26T17:12:39.793008", "experience_count": 0, "message": "Custom metric: experience_count=0"}
{"event": "custom_metric", "session_id": "33b0bfe4-f4eb-4722-84da-dab0ffa779dd", "request_id": "e32cce91-272c-4735-be47-51fd9fefc627", "endpoint": "/resume", "timestamp": "2025-05-26T17:12:39.793008", "total_processing_time": 0.012230157852172852, "message": "Custom metric: total_processing_time=0.012230157852172852"}
{"event": "request_complete", "session_id": "33b0bfe4-f4eb-4722-84da-dab0ffa779dd", "request_id": "e32cce91-272c-4735-be47-51fd9fefc627", "endpoint": "/resume", "timestamp": "2025-05-26T17:12:39.793008", "total_time_seconds": 0.017229795455932617, "status_code": 200, "message": "Request completed in 0.0172s with status 200"}
{"event": "request_start", "session_id": "33b0bfe4-f4eb-4722-84da-dab0ffa779dd", "request_id": "3bc25345-04f0-4268-bb21-a34fe6fce8fb", "endpoint": "/resume", "timestamp": "2025-05-26T17:12:42.761429", "message": "Request started for endpoint: /resume"}
{"event": "custom_metric", "session_id": "33b0bfe4-f4eb-4722-84da-dab0ffa779dd", "request_id": "3bc25345-04f0-4268-bb21-a34fe6fce8fb", "endpoint": "resume", "timestamp": "2025-05-26T17:12:42.763449", "message": "Custom metric: endpoint=resume"}
{"event": "custom_metric", "session_id": "33b0bfe4-f4eb-4722-84da-dab0ffa779dd", "request_id": "3bc25345-04f0-4268-bb21-a34fe6fce8fb", "endpoint": "/resume", "timestamp": "2025-05-26T17:12:42.763449", "file_name": "Resume-Raman Luhach.pdf", "message": "Custom metric: file_name=Resume-Raman Luhach.pdf"}
{"event": "custom_metric", "session_id": "33b0bfe4-f4eb-4722-84da-dab0ffa779dd", "request_id": "3bc25345-04f0-4268-bb21-a34fe6fce8fb", "endpoint": "/resume", "timestamp": "2025-05-26T17:12:42.763449", "file_type": "pdf", "message": "Custom metric: file_type=pdf"}
{"event": "custom_metric", "session_id": "33b0bfe4-f4eb-4722-84da-dab0ffa779dd", "request_id": "3bc25345-04f0-4268-bb21-a34fe6fce8fb", "endpoint": "/resume", "timestamp": "2025-05-26T17:12:42.764444", "file_size": 73845, "message": "Custom metric: file_size=73845"}
{"event": "custom_metric", "session_id": "33b0bfe4-f4eb-4722-84da-dab0ffa779dd", "request_id": "3bc25345-04f0-4268-bb21-a34fe6fce8fb", "endpoint": "/resume", "timestamp": "2025-05-26T17:12:42.776260", "file_type": "pdf", "message": "Custom metric: file_type=pdf"}
{"event": "custom_metric", "session_id": "33b0bfe4-f4eb-4722-84da-dab0ffa779dd", "request_id": "3bc25345-04f0-4268-bb21-a34fe6fce8fb", "endpoint": "/resume", "timestamp": "2025-05-26T17:12:42.776260", "file_size_bytes": 73845, "message": "Custom metric: file_size_bytes=73845"}
{"event": "custom_metric", "session_id": "33b0bfe4-f4eb-4722-84da-dab0ffa779dd", "request_id": "3bc25345-04f0-4268-bb21-a34fe6fce8fb", "endpoint": "/resume", "timestamp": "2025-05-26T17:12:42.776260", "extraction_method": "pdf_text", "message": "Custom metric: extraction_method=pdf_text"}
{"event": "custom_metric", "session_id": "33b0bfe4-f4eb-4722-84da-dab0ffa779dd", "request_id": "3bc25345-04f0-4268-bb21-a34fe6fce8fb", "endpoint": "/resume", "timestamp": "2025-05-26T17:12:42.776260", "extracted_text_length": 2214, "message": "Custom metric: extracted_text_length=2214"}
{"event": "custom_metric", "session_id": "33b0bfe4-f4eb-4722-84da-dab0ffa779dd", "request_id": "3bc25345-04f0-4268-bb21-a34fe6fce8fb", "endpoint": "/resume", "timestamp": "2025-05-26T17:12:42.776260", "file_processing_time": 0.011816024780273438, "message": "Custom metric: file_processing_time=0.011816024780273438"}
{"event": "custom_metric", "session_id": "33b0bfe4-f4eb-4722-84da-dab0ffa779dd", "request_id": "3bc25345-04f0-4268-bb21-a34fe6fce8fb", "endpoint": "/resume", "timestamp": "2025-05-26T17:12:42.776260", "text_extraction_time": 0.011816024780273438, "message": "Custom metric: text_extraction_time=0.011816024780273438"}
{"event": "custom_metric", "session_id": "33b0bfe4-f4eb-4722-84da-dab0ffa779dd", "request_id": "3bc25345-04f0-4268-bb21-a34fe6fce8fb", "endpoint": "/resume", "timestamp": "2025-05-26T17:12:42.776260", "extracted_text_length": 2214, "message": "Custom metric: extracted_text_length=2214"}
{"event": "custom_metric", "session_id": "33b0bfe4-f4eb-4722-84da-dab0ffa779dd", "request_id": "3bc25345-04f0-4268-bb21-a34fe6fce8fb", "endpoint": "/resume", "timestamp": "2025-05-26T17:12:42.777261", "parsing_time": 0.0, "message": "Custom metric: parsing_time=0.0"}
{"event": "custom_metric", "session_id": "33b0bfe4-f4eb-4722-84da-dab0ffa779dd", "request_id": "3bc25345-04f0-4268-bb21-a34fe6fce8fb", "endpoint": "/resume", "timestamp": "2025-05-26T17:12:42.777261", "confidence_score": 0.36, "message": "Custom metric: confidence_score=0.36"}
{"event": "custom_metric", "session_id": "33b0bfe4-f4eb-4722-84da-dab0ffa779dd", "request_id": "3bc25345-04f0-4268-bb21-a34fe6fce8fb", "endpoint": "/resume", "timestamp": "2025-05-26T17:12:42.777261", "fields_extracted": 21, "message": "Custom metric: fields_extracted=21"}
{"event": "custom_metric", "session_id": "33b0bfe4-f4eb-4722-84da-dab0ffa779dd", "request_id": "3bc25345-04f0-4268-bb21-a34fe6fce8fb", "endpoint": "/resume", "timestamp": "2025-05-26T17:12:42.777261", "skills_count": 0, "message": "Custom metric: skills_count=0"}
{"event": "custom_metric", "session_id": "33b0bfe4-f4eb-4722-84da-dab0ffa779dd", "request_id": "3bc25345-04f0-4268-bb21-a34fe6fce8fb", "endpoint": "/resume", "timestamp": "2025-05-26T17:12:42.777261", "education_count": 0, "message": "Custom metric: education_count=0"}
{"event": "custom_metric", "session_id": "33b0bfe4-f4eb-4722-84da-dab0ffa779dd", "request_id": "3bc25345-04f0-4268-bb21-a34fe6fce8fb", "endpoint": "/resume", "timestamp": "2025-05-26T17:12:42.777261", "experience_count": 0, "message": "Custom metric: experience_count=0"}
{"event": "custom_metric", "session_id": "33b0bfe4-f4eb-4722-84da-dab0ffa779dd", "request_id": "3bc25345-04f0-4268-bb21-a34fe6fce8fb", "endpoint": "/resume", "timestamp": "2025-05-26T17:12:42.778413", "total_processing_time": 0.011816024780273438, "message": "Custom metric: total_processing_time=0.011816024780273438"}
{"event": "request_complete", "session_id": "33b0bfe4-f4eb-4722-84da-dab0ffa779dd", "request_id": "3bc25345-04f0-4268-bb21-a34fe6fce8fb", "endpoint": "/resume", "timestamp": "2025-05-26T17:12:42.778413", "total_time_seconds": 0.016984224319458008, "status_code": 200, "message": "Request completed in 0.0170s with status 200"}
{"event": "request_start", "session_id": "33b0bfe4-f4eb-4722-84da-dab0ffa779dd", "request_id": "c70c7888-fbf4-4cfb-891c-7f95f5fe431d", "endpoint": "/docs", "timestamp": "2025-05-26T17:12:43.826186", "message": "Request started for endpoint: /docs"}
{"event": "request_complete", "session_id": "33b0bfe4-f4eb-4722-84da-dab0ffa779dd", "request_id": "c70c7888-fbf4-4cfb-891c-7f95f5fe431d", "endpoint": "/docs", "timestamp": "2025-05-26T17:12:43.827382", "total_time_seconds": 0.001195669174194336, "status_code": 200, "message": "Request completed in 0.0012s with status 200"}
{"event": "request_start", "session_id": "33b0bfe4-f4eb-4722-84da-dab0ffa779dd", "request_id": "1651670d-05e7-4e3b-982b-910043e24f99", "endpoint": "/openapi.json", "timestamp": "2025-05-26T17:12:43.896502", "message": "Request started for endpoint: /openapi.json"}
{"event": "request_complete", "session_id": "33b0bfe4-f4eb-4722-84da-dab0ffa779dd", "request_id": "1651670d-05e7-4e3b-982b-910043e24f99", "endpoint": "/openapi.json", "timestamp": "2025-05-26T17:12:43.905003", "total_time_seconds": 0.008500814437866211, "status_code": 200, "message": "Request completed in 0.0085s with status 200"}
{"event": "request_start", "session_id": "33b0bfe4-f4eb-4722-84da-dab0ffa779dd", "request_id": "015a549a-c758-4143-9faa-6b75a1d9fcb1", "endpoint": "/resume", "timestamp": "2025-05-26T17:12:49.032490", "message": "Request started for endpoint: /resume"}
{"event": "custom_metric", "session_id": "33b0bfe4-f4eb-4722-84da-dab0ffa779dd", "request_id": "015a549a-c758-4143-9faa-6b75a1d9fcb1", "endpoint": "resume", "timestamp": "2025-05-26T17:12:49.034488", "message": "Custom metric: endpoint=resume"}
{"event": "custom_metric", "session_id": "33b0bfe4-f4eb-4722-84da-dab0ffa779dd", "request_id": "015a549a-c758-4143-9faa-6b75a1d9fcb1", "endpoint": "/resume", "timestamp": "2025-05-26T17:12:49.034488", "file_name": "Resume-Raman Luhach.pdf", "message": "Custom metric: file_name=Resume-Raman Luhach.pdf"}
{"event": "custom_metric", "session_id": "33b0bfe4-f4eb-4722-84da-dab0ffa779dd", "request_id": "015a549a-c758-4143-9faa-6b75a1d9fcb1", "endpoint": "/resume", "timestamp": "2025-05-26T17:12:49.034488", "file_type": "pdf", "message": "Custom metric: file_type=pdf"}
{"event": "custom_metric", "session_id": "33b0bfe4-f4eb-4722-84da-dab0ffa779dd", "request_id": "015a549a-c758-4143-9faa-6b75a1d9fcb1", "endpoint": "/resume", "timestamp": "2025-05-26T17:12:49.035992", "file_size": 73845, "message": "Custom metric: file_size=73845"}
{"event": "custom_metric", "session_id": "33b0bfe4-f4eb-4722-84da-dab0ffa779dd", "request_id": "015a549a-c758-4143-9faa-6b75a1d9fcb1", "endpoint": "/resume", "timestamp": "2025-05-26T17:12:49.047029", "file_type": "pdf", "message": "Custom metric: file_type=pdf"}
{"event": "custom_metric", "session_id": "33b0bfe4-f4eb-4722-84da-dab0ffa779dd", "request_id": "015a549a-c758-4143-9faa-6b75a1d9fcb1", "endpoint": "/resume", "timestamp": "2025-05-26T17:12:49.047029", "file_size_bytes": 73845, "message": "Custom metric: file_size_bytes=73845"}
{"event": "custom_metric", "session_id": "33b0bfe4-f4eb-4722-84da-dab0ffa779dd", "request_id": "015a549a-c758-4143-9faa-6b75a1d9fcb1", "endpoint": "/resume", "timestamp": "2025-05-26T17:12:49.047029", "extraction_method": "pdf_text", "message": "Custom metric: extraction_method=pdf_text"}
{"event": "custom_metric", "session_id": "33b0bfe4-f4eb-4722-84da-dab0ffa779dd", "request_id": "015a549a-c758-4143-9faa-6b75a1d9fcb1", "endpoint": "/resume", "timestamp": "2025-05-26T17:12:49.048028", "extracted_text_length": 2214, "message": "Custom metric: extracted_text_length=2214"}
{"event": "custom_metric", "session_id": "33b0bfe4-f4eb-4722-84da-dab0ffa779dd", "request_id": "015a549a-c758-4143-9faa-6b75a1d9fcb1", "endpoint": "/resume", "timestamp": "2025-05-26T17:12:49.048028", "file_processing_time": 0.01103663444519043, "message": "Custom metric: file_processing_time=0.01103663444519043"}
{"event": "custom_metric", "session_id": "33b0bfe4-f4eb-4722-84da-dab0ffa779dd", "request_id": "015a549a-c758-4143-9faa-6b75a1d9fcb1", "endpoint": "/resume", "timestamp": "2025-05-26T17:12:49.048028", "text_extraction_time": 0.012035846710205078, "message": "Custom metric: text_extraction_time=0.012035846710205078"}
{"event": "custom_metric", "session_id": "33b0bfe4-f4eb-4722-84da-dab0ffa779dd", "request_id": "015a549a-c758-4143-9faa-6b75a1d9fcb1", "endpoint": "/resume", "timestamp": "2025-05-26T17:12:49.048028", "extracted_text_length": 2214, "message": "Custom metric: extracted_text_length=2214"}
{"event": "custom_metric", "session_id": "33b0bfe4-f4eb-4722-84da-dab0ffa779dd", "request_id": "015a549a-c758-4143-9faa-6b75a1d9fcb1", "endpoint": "/resume", "timestamp": "2025-05-26T17:12:49.049027", "parsing_time": 0.0009984970092773438, "message": "Custom metric: parsing_time=0.0009984970092773438"}
{"event": "custom_metric", "session_id": "33b0bfe4-f4eb-4722-84da-dab0ffa779dd", "request_id": "015a549a-c758-4143-9faa-6b75a1d9fcb1", "endpoint": "/resume", "timestamp": "2025-05-26T17:12:49.049027", "confidence_score": 0.36, "message": "Custom metric: confidence_score=0.36"}
{"event": "custom_metric", "session_id": "33b0bfe4-f4eb-4722-84da-dab0ffa779dd", "request_id": "015a549a-c758-4143-9faa-6b75a1d9fcb1", "endpoint": "/resume", "timestamp": "2025-05-26T17:12:49.049027", "fields_extracted": 21, "message": "Custom metric: fields_extracted=21"}
{"event": "custom_metric", "session_id": "33b0bfe4-f4eb-4722-84da-dab0ffa779dd", "request_id": "015a549a-c758-4143-9faa-6b75a1d9fcb1", "endpoint": "/resume", "timestamp": "2025-05-26T17:12:49.049027", "skills_count": 0, "message": "Custom metric: skills_count=0"}
{"event": "custom_metric", "session_id": "33b0bfe4-f4eb-4722-84da-dab0ffa779dd", "request_id": "015a549a-c758-4143-9faa-6b75a1d9fcb1", "endpoint": "/resume", "timestamp": "2025-05-26T17:12:49.049027", "education_count": 0, "message": "Custom metric: education_count=0"}
{"event": "custom_metric", "session_id": "33b0bfe4-f4eb-4722-84da-dab0ffa779dd", "request_id": "015a549a-c758-4143-9faa-6b75a1d9fcb1", "endpoint": "/resume", "timestamp": "2025-05-26T17:12:49.049027", "experience_count": 0, "message": "Custom metric: experience_count=0"}
{"event": "custom_metric", "session_id": "33b0bfe4-f4eb-4722-84da-dab0ffa779dd", "request_id": "015a549a-c758-4143-9faa-6b75a1d9fcb1", "endpoint": "/resume", "timestamp": "2025-05-26T17:12:49.050034", "total_processing_time": 0.013034343719482422, "message": "Custom metric: total_processing_time=0.013034343719482422"}
{"event": "request_complete", "session_id": "33b0bfe4-f4eb-4722-84da-dab0ffa779dd", "request_id": "015a549a-c758-4143-9faa-6b75a1d9fcb1", "endpoint": "/resume", "timestamp": "2025-05-26T17:12:49.050034", "total_time_seconds": 0.017544984817504883, "status_code": 200, "message": "Request completed in 0.0175s with status 200"}
{"event": "session_end", "session_id": "33b0bfe4-f4eb-4722-84da-dab0ffa779dd", "timestamp": "2025-05-26T17:13:14.602731", "message": "API session ended"}
