{"event": "session_start", "session_id": "80204f1a-a066-4db7-abe6-9287850f32cc", "timestamp": "2025-05-22T23:16:05.854575", "message": "New API session started"}
{"event": "request_start", "session_id": "80204f1a-a066-4db7-abe6-9287850f32cc", "request_id": "006cb588-c1ec-4982-b97f-dfa841a53e3e", "endpoint": "/docs", "timestamp": "2025-05-22T23:16:12.342818", "message": "Request started for endpoint: /docs"}
{"event": "request_complete", "session_id": "80204f1a-a066-4db7-abe6-9287850f32cc", "request_id": "006cb588-c1ec-4982-b97f-dfa841a53e3e", "endpoint": "/docs", "timestamp": "2025-05-22T23:16:12.343819", "total_time_seconds": 0.0010013580322265625, "status_code": 200, "message": "Request completed in 0.0010s with status 200"}
{"event": "request_start", "session_id": "80204f1a-a066-4db7-abe6-9287850f32cc", "request_id": "9b38971f-94ca-4adf-9f36-a26d162a2e1d", "endpoint": "/openapi.json", "timestamp": "2025-05-22T23:16:12.482091", "message": "Request started for endpoint: /openapi.json"}
{"event": "request_complete", "session_id": "80204f1a-a066-4db7-abe6-9287850f32cc", "request_id": "9b38971f-94ca-4adf-9f36-a26d162a2e1d", "endpoint": "/openapi.json", "timestamp": "2025-05-22T23:16:12.491643", "total_time_seconds": 0.009552001953125, "status_code": 200, "message": "Request completed in 0.0096s with status 200"}
{"event": "request_start", "session_id": "80204f1a-a066-4db7-abe6-9287850f32cc", "request_id": "5de028c6-150e-4ca6-9ec8-438fa6edb380", "endpoint": "/resume", "timestamp": "2025-05-22T23:16:20.742384", "message": "Request started for endpoint: /resume"}
{"event": "custom_metric", "session_id": "80204f1a-a066-4db7-abe6-9287850f32cc", "request_id": "5de028c6-150e-4ca6-9ec8-438fa6edb380", "endpoint": "resume", "timestamp": "2025-05-22T23:16:20.760599", "message": "Custom metric: endpoint=resume"}
{"event": "custom_metric", "session_id": "80204f1a-a066-4db7-abe6-9287850f32cc", "request_id": "5de028c6-150e-4ca6-9ec8-438fa6edb380", "endpoint": "/resume", "timestamp": "2025-05-22T23:16:20.761594", "file_name": "Resume-Raman Luhach.pdf", "message": "Custom metric: file_name=Resume-Raman Luhach.pdf"}
{"event": "custom_metric", "session_id": "80204f1a-a066-4db7-abe6-9287850f32cc", "request_id": "5de028c6-150e-4ca6-9ec8-438fa6edb380", "endpoint": "/resume", "timestamp": "2025-05-22T23:16:20.761594", "file_type": "pdf", "message": "Custom metric: file_type=pdf"}
{"event": "custom_metric", "session_id": "80204f1a-a066-4db7-abe6-9287850f32cc", "request_id": "5de028c6-150e-4ca6-9ec8-438fa6edb380", "endpoint": "/resume", "timestamp": "2025-05-22T23:16:20.763596", "file_size": 73845, "message": "Custom metric: file_size=73845"}
{"event": "custom_metric", "session_id": "80204f1a-a066-4db7-abe6-9287850f32cc", "request_id": "5de028c6-150e-4ca6-9ec8-438fa6edb380", "endpoint": "/resume", "timestamp": "2025-05-22T23:16:20.785595", "file_type": "pdf", "message": "Custom metric: file_type=pdf"}
{"event": "custom_metric", "session_id": "80204f1a-a066-4db7-abe6-9287850f32cc", "request_id": "5de028c6-150e-4ca6-9ec8-438fa6edb380", "endpoint": "/resume", "timestamp": "2025-05-22T23:16:20.785595", "file_size_bytes": 73845, "message": "Custom metric: file_size_bytes=73845"}
{"event": "custom_metric", "session_id": "80204f1a-a066-4db7-abe6-9287850f32cc", "request_id": "5de028c6-150e-4ca6-9ec8-438fa6edb380", "endpoint": "/resume", "timestamp": "2025-05-22T23:16:20.785595", "extraction_method": "pdf_text", "message": "Custom metric: extraction_method=pdf_text"}
{"event": "custom_metric", "session_id": "80204f1a-a066-4db7-abe6-9287850f32cc", "request_id": "5de028c6-150e-4ca6-9ec8-438fa6edb380", "endpoint": "/resume", "timestamp": "2025-05-22T23:16:20.786594", "extracted_text_length": 2214, "message": "Custom metric: extracted_text_length=2214"}
{"event": "custom_metric", "session_id": "80204f1a-a066-4db7-abe6-9287850f32cc", "request_id": "5de028c6-150e-4ca6-9ec8-438fa6edb380", "endpoint": "/resume", "timestamp": "2025-05-22T23:16:20.786594", "file_processing_time": 0.021999120712280273, "message": "Custom metric: file_processing_time=0.021999120712280273"}
{"event": "custom_metric", "session_id": "80204f1a-a066-4db7-abe6-9287850f32cc", "request_id": "5de028c6-150e-4ca6-9ec8-438fa6edb380", "endpoint": "/resume", "timestamp": "2025-05-22T23:16:20.786594", "text_extraction_time": 0.02299809455871582, "message": "Custom metric: text_extraction_time=0.02299809455871582"}
{"event": "custom_metric", "session_id": "80204f1a-a066-4db7-abe6-9287850f32cc", "request_id": "5de028c6-150e-4ca6-9ec8-438fa6edb380", "endpoint": "/resume", "timestamp": "2025-05-22T23:16:20.786594", "extracted_text_length": 2214, "message": "Custom metric: extracted_text_length=2214"}
{"event": "custom_metric", "session_id": "80204f1a-a066-4db7-abe6-9287850f32cc", "request_id": "5de028c6-150e-4ca6-9ec8-438fa6edb380", "endpoint": "/resume", "timestamp": "2025-05-22T23:16:32.002409", "parsing_time": 11.215815544128418, "message": "Custom metric: parsing_time=11.215815544128418"}
{"event": "custom_metric", "session_id": "80204f1a-a066-4db7-abe6-9287850f32cc", "request_id": "5de028c6-150e-4ca6-9ec8-438fa6edb380", "endpoint": "/resume", "timestamp": "2025-05-22T23:16:32.003410", "confidence_score": 0.55, "message": "Custom metric: confidence_score=0.55"}
{"event": "custom_metric", "session_id": "80204f1a-a066-4db7-abe6-9287850f32cc", "request_id": "5de028c6-150e-4ca6-9ec8-438fa6edb380", "endpoint": "/resume", "timestamp": "2025-05-22T23:16:32.003410", "fields_extracted": 20, "message": "Custom metric: fields_extracted=20"}
{"event": "custom_metric", "session_id": "80204f1a-a066-4db7-abe6-9287850f32cc", "request_id": "5de028c6-150e-4ca6-9ec8-438fa6edb380", "endpoint": "/resume", "timestamp": "2025-05-22T23:16:32.003410", "skills_count": 12, "message": "Custom metric: skills_count=12"}
{"event": "custom_metric", "session_id": "80204f1a-a066-4db7-abe6-9287850f32cc", "request_id": "5de028c6-150e-4ca6-9ec8-438fa6edb380", "endpoint": "/resume", "timestamp": "2025-05-22T23:16:32.003410", "education_count": 3, "message": "Custom metric: education_count=3"}
{"event": "custom_metric", "session_id": "80204f1a-a066-4db7-abe6-9287850f32cc", "request_id": "5de028c6-150e-4ca6-9ec8-438fa6edb380", "endpoint": "/resume", "timestamp": "2025-05-22T23:16:32.003410", "experience_count": 0, "message": "Custom metric: experience_count=0"}
{"event": "custom_metric", "session_id": "80204f1a-a066-4db7-abe6-9287850f32cc", "request_id": "5de028c6-150e-4ca6-9ec8-438fa6edb380", "endpoint": "/resume", "timestamp": "2025-05-22T23:16:32.003410", "total_processing_time": 11.238813638687134, "message": "Custom metric: total_processing_time=11.238813638687134"}
{"event": "request_complete", "session_id": "80204f1a-a066-4db7-abe6-9287850f32cc", "request_id": "5de028c6-150e-4ca6-9ec8-438fa6edb380", "endpoint": "/resume", "timestamp": "2025-05-22T23:16:32.004414", "total_time_seconds": 11.262030124664307, "status_code": 200, "message": "Request completed in 11.2620s with status 200"}
{"event": "request_start", "session_id": "80204f1a-a066-4db7-abe6-9287850f32cc", "request_id": "4dd536aa-c99a-4f84-a0c5-e13cfdd54428", "endpoint": "/bunchtest", "timestamp": "2025-05-22T23:17:24.775392", "message": "Request started for endpoint: /bunchtest"}
{"event": "custom_metric", "session_id": "80204f1a-a066-4db7-abe6-9287850f32cc", "request_id": "4dd536aa-c99a-4f84-a0c5-e13cfdd54428", "endpoint": "/bunchtest", "timestamp": "2025-05-22T23:17:24.783391", "endpoint_type": "bunchtest", "message": "Custom metric: endpoint_type=bunchtest"}
{"event": "custom_metric", "session_id": "80204f1a-a066-4db7-abe6-9287850f32cc", "request_id": "4dd536aa-c99a-4f84-a0c5-e13cfdd54428", "endpoint": "/bunchtest", "timestamp": "2025-05-22T23:17:24.783391", "resume_count": 3, "message": "Custom metric: resume_count=3"}
{"event": "request_complete", "session_id": "80204f1a-a066-4db7-abe6-9287850f32cc", "request_id": "4dd536aa-c99a-4f84-a0c5-e13cfdd54428", "endpoint": "/bunchtest", "timestamp": "2025-05-22T23:18:25.408643", "total_time_seconds": 60.63325095176697, "status_code": 200, "message": "Request completed in 60.6333s with status 200"}
{"event": "request_start", "session_id": "80204f1a-a066-4db7-abe6-9287850f32cc", "request_id": "aa0d4c66-b509-4277-aa62-969bdf8a49fc", "endpoint": "/bunchtest", "timestamp": "2025-05-22T23:20:28.220273", "message": "Request started for endpoint: /bunchtest"}
{"event": "custom_metric", "session_id": "80204f1a-a066-4db7-abe6-9287850f32cc", "request_id": "aa0d4c66-b509-4277-aa62-969bdf8a49fc", "endpoint": "/bunchtest", "timestamp": "2025-05-22T23:20:28.222783", "endpoint_type": "bunchtest", "message": "Custom metric: endpoint_type=bunchtest"}
{"event": "custom_metric", "session_id": "80204f1a-a066-4db7-abe6-9287850f32cc", "request_id": "aa0d4c66-b509-4277-aa62-969bdf8a49fc", "endpoint": "/bunchtest", "timestamp": "2025-05-22T23:20:28.222783", "resume_count": 3, "message": "Custom metric: resume_count=3"}
{"event": "request_complete", "session_id": "80204f1a-a066-4db7-abe6-9287850f32cc", "request_id": "aa0d4c66-b509-4277-aa62-969bdf8a49fc", "endpoint": "/bunchtest", "timestamp": "2025-05-22T23:21:23.501576", "total_time_seconds": 55.28130292892456, "status_code": 200, "message": "Request completed in 55.2813s with status 200"}
