{"event": "session_start", "session_id": "3a82f7df-38f6-4440-bc14-6add0414491c", "timestamp": "2025-05-22T22:03:04.892029", "message": "New API session started"}
{"event": "request_start", "session_id": "3a82f7df-38f6-4440-bc14-6add0414491c", "request_id": "6552c8fd-8afb-4cec-ac96-fe9286ab60fa", "endpoint": "/docs", "timestamp": "2025-05-22T22:06:14.602867", "message": "Request started for endpoint: /docs"}
{"event": "request_complete", "session_id": "3a82f7df-38f6-4440-bc14-6add0414491c", "request_id": "6552c8fd-8afb-4cec-ac96-fe9286ab60fa", "endpoint": "/docs", "timestamp": "2025-05-22T22:06:14.603865", "total_time_seconds": 0.0009982585906982422, "status_code": 200, "message": "Request completed in 0.0010s with status 200"}
{"event": "request_start", "session_id": "3a82f7df-38f6-4440-bc14-6add0414491c", "request_id": "ddb11f39-23d5-42ec-9964-614daa45a108", "endpoint": "/openapi.json", "timestamp": "2025-05-22T22:06:14.682944", "message": "Request started for endpoint: /openapi.json"}
{"event": "request_complete", "session_id": "3a82f7df-38f6-4440-bc14-6add0414491c", "request_id": "ddb11f39-23d5-42ec-9964-614daa45a108", "endpoint": "/openapi.json", "timestamp": "2025-05-22T22:06:14.697782", "total_time_seconds": 0.014837980270385742, "status_code": 200, "message": "Request completed in 0.0148s with status 200"}
{"event": "request_start", "session_id": "3a82f7df-38f6-4440-bc14-6add0414491c", "request_id": "354b89c1-5730-4948-9ef4-c47ec3f9a591", "endpoint": "/interfix", "timestamp": "2025-05-22T22:06:51.500098", "message": "Request started for endpoint: /interfix"}
{"event": "request_start", "session_id": "3a82f7df-38f6-4440-bc14-6add0414491c", "request_id": "acd2be19-cbde-4686-9d72-bf36d33c77f7", "endpoint": "/interfix", "timestamp": "2025-05-22T22:06:53.263424", "message": "Request started for endpoint: /interfix"}
{"event": "token_usage", "session_id": "3a82f7df-38f6-4440-bc14-6add0414491c", "request_id": "acd2be19-cbde-4686-9d72-bf36d33c77f7", "endpoint": "/interfix", "timestamp": "2025-05-22T22:06:53.263424", "input_tokens": 334, "output_tokens": 60, "total_tokens": 394, "message": "Token usage: 334 input, 60 output"}
{"event": "custom_metric", "session_id": "3a82f7df-38f6-4440-bc14-6add0414491c", "request_id": "acd2be19-cbde-4686-9d72-bf36d33c77f7", "endpoint": "/interfix", "timestamp": "2025-05-22T22:06:53.263424", "model_name": "gemma3:4b", "message": "Custom metric: model_name=gemma3:4b"}
{"event": "custom_metric", "session_id": "3a82f7df-38f6-4440-bc14-6add0414491c", "request_id": "acd2be19-cbde-4686-9d72-bf36d33c77f7", "endpoint": "/interfix", "timestamp": "2025-05-22T22:06:53.263424", "prompt_length": 1337, "message": "Custom metric: prompt_length=1337"}
{"event": "custom_metric", "session_id": "3a82f7df-38f6-4440-bc14-6add0414491c", "request_id": "acd2be19-cbde-4686-9d72-bf36d33c77f7", "endpoint": "/interfix", "timestamp": "2025-05-22T22:06:53.263424", "response_length": 241, "message": "Custom metric: response_length=241"}
{"event": "custom_metric", "session_id": "3a82f7df-38f6-4440-bc14-6add0414491c", "request_id": "acd2be19-cbde-4686-9d72-bf36d33c77f7", "endpoint": "/interfix", "timestamp": "2025-05-22T22:06:53.264426", "model_processing_time": 1.761324167251587, "message": "Custom metric: model_processing_time=1.761324167251587"}
{"event": "request_complete", "session_id": "3a82f7df-38f6-4440-bc14-6add0414491c", "request_id": "354b89c1-5730-4948-9ef4-c47ec3f9a591", "endpoint": "/interfix", "timestamp": "2025-05-22T22:06:53.264426", "total_time_seconds": 1.7643287181854248, "status_code": 200, "message": "Request completed in 1.7643s with status 200"}
{"event": "request_start", "session_id": "3a82f7df-38f6-4440-bc14-6add0414491c", "request_id": "7918595d-2d95-4d38-8ff5-1176e6c7e2f3", "endpoint": "/resume", "timestamp": "2025-05-22T22:07:22.272764", "message": "Request started for endpoint: /resume"}
{"event": "custom_metric", "session_id": "3a82f7df-38f6-4440-bc14-6add0414491c", "request_id": "7918595d-2d95-4d38-8ff5-1176e6c7e2f3", "endpoint": "resume", "timestamp": "2025-05-22T22:07:22.275766", "message": "Custom metric: endpoint=resume"}
{"event": "custom_metric", "session_id": "3a82f7df-38f6-4440-bc14-6add0414491c", "request_id": "7918595d-2d95-4d38-8ff5-1176e6c7e2f3", "endpoint": "/resume", "timestamp": "2025-05-22T22:07:22.275766", "file_name": "Resume-Raman Luhach.pdf", "message": "Custom metric: file_name=Resume-Raman Luhach.pdf"}
{"event": "custom_metric", "session_id": "3a82f7df-38f6-4440-bc14-6add0414491c", "request_id": "7918595d-2d95-4d38-8ff5-1176e6c7e2f3", "endpoint": "/resume", "timestamp": "2025-05-22T22:07:22.276767", "file_type": "pdf", "message": "Custom metric: file_type=pdf"}
{"event": "custom_metric", "session_id": "3a82f7df-38f6-4440-bc14-6add0414491c", "request_id": "7918595d-2d95-4d38-8ff5-1176e6c7e2f3", "endpoint": "/resume", "timestamp": "2025-05-22T22:07:22.277769", "file_size": 73845, "message": "Custom metric: file_size=73845"}
{"event": "custom_metric", "session_id": "3a82f7df-38f6-4440-bc14-6add0414491c", "request_id": "7918595d-2d95-4d38-8ff5-1176e6c7e2f3", "endpoint": "/resume", "timestamp": "2025-05-22T22:07:22.299766", "file_type": "pdf", "message": "Custom metric: file_type=pdf"}
{"event": "custom_metric", "session_id": "3a82f7df-38f6-4440-bc14-6add0414491c", "request_id": "7918595d-2d95-4d38-8ff5-1176e6c7e2f3", "endpoint": "/resume", "timestamp": "2025-05-22T22:07:22.299766", "file_size_bytes": 73845, "message": "Custom metric: file_size_bytes=73845"}
{"event": "custom_metric", "session_id": "3a82f7df-38f6-4440-bc14-6add0414491c", "request_id": "7918595d-2d95-4d38-8ff5-1176e6c7e2f3", "endpoint": "/resume", "timestamp": "2025-05-22T22:07:22.299766", "extraction_method": "pdf_text", "message": "Custom metric: extraction_method=pdf_text"}
{"event": "custom_metric", "session_id": "3a82f7df-38f6-4440-bc14-6add0414491c", "request_id": "7918595d-2d95-4d38-8ff5-1176e6c7e2f3", "endpoint": "/resume", "timestamp": "2025-05-22T22:07:22.299766", "extracted_text_length": 2214, "message": "Custom metric: extracted_text_length=2214"}
{"event": "custom_metric", "session_id": "3a82f7df-38f6-4440-bc14-6add0414491c", "request_id": "7918595d-2d95-4d38-8ff5-1176e6c7e2f3", "endpoint": "/resume", "timestamp": "2025-05-22T22:07:22.300765", "file_processing_time": 0.021001815795898438, "message": "Custom metric: file_processing_time=0.021001815795898438"}
{"event": "custom_metric", "session_id": "3a82f7df-38f6-4440-bc14-6add0414491c", "request_id": "7918595d-2d95-4d38-8ff5-1176e6c7e2f3", "endpoint": "/resume", "timestamp": "2025-05-22T22:07:22.300765", "text_extraction_time": 0.022001028060913086, "message": "Custom metric: text_extraction_time=0.022001028060913086"}
{"event": "custom_metric", "session_id": "3a82f7df-38f6-4440-bc14-6add0414491c", "request_id": "7918595d-2d95-4d38-8ff5-1176e6c7e2f3", "endpoint": "/resume", "timestamp": "2025-05-22T22:07:22.300765", "extracted_text_length": 2214, "message": "Custom metric: extracted_text_length=2214"}
{"event": "custom_metric", "session_id": "3a82f7df-38f6-4440-bc14-6add0414491c", "request_id": "7918595d-2d95-4d38-8ff5-1176e6c7e2f3", "endpoint": "/resume", "timestamp": "2025-05-22T22:07:33.379340", "parsing_time": 11.078575372695923, "message": "Custom metric: parsing_time=11.078575372695923"}
{"event": "custom_metric", "session_id": "3a82f7df-38f6-4440-bc14-6add0414491c", "request_id": "7918595d-2d95-4d38-8ff5-1176e6c7e2f3", "endpoint": "/resume", "timestamp": "2025-05-22T22:07:33.379340", "confidence_score": 0.55, "message": "Custom metric: confidence_score=0.55"}
{"event": "custom_metric", "session_id": "3a82f7df-38f6-4440-bc14-6add0414491c", "request_id": "7918595d-2d95-4d38-8ff5-1176e6c7e2f3", "endpoint": "/resume", "timestamp": "2025-05-22T22:07:33.379340", "fields_extracted": 20, "message": "Custom metric: fields_extracted=20"}
{"event": "custom_metric", "session_id": "3a82f7df-38f6-4440-bc14-6add0414491c", "request_id": "7918595d-2d95-4d38-8ff5-1176e6c7e2f3", "endpoint": "/resume", "timestamp": "2025-05-22T22:07:33.379862", "skills_count": 12, "message": "Custom metric: skills_count=12"}
{"event": "custom_metric", "session_id": "3a82f7df-38f6-4440-bc14-6add0414491c", "request_id": "7918595d-2d95-4d38-8ff5-1176e6c7e2f3", "endpoint": "/resume", "timestamp": "2025-05-22T22:07:33.379862", "education_count": 3, "message": "Custom metric: education_count=3"}
{"event": "custom_metric", "session_id": "3a82f7df-38f6-4440-bc14-6add0414491c", "request_id": "7918595d-2d95-4d38-8ff5-1176e6c7e2f3", "endpoint": "/resume", "timestamp": "2025-05-22T22:07:33.379862", "experience_count": 0, "message": "Custom metric: experience_count=0"}
{"event": "custom_metric", "session_id": "3a82f7df-38f6-4440-bc14-6add0414491c", "request_id": "7918595d-2d95-4d38-8ff5-1176e6c7e2f3", "endpoint": "/resume", "timestamp": "2025-05-22T22:07:33.379862", "total_processing_time": 11.100576400756836, "message": "Custom metric: total_processing_time=11.100576400756836"}
{"event": "request_complete", "session_id": "3a82f7df-38f6-4440-bc14-6add0414491c", "request_id": "7918595d-2d95-4d38-8ff5-1176e6c7e2f3", "endpoint": "/resume", "timestamp": "2025-05-22T22:07:33.380919", "total_time_seconds": 11.108154773712158, "status_code": 200, "message": "Request completed in 11.1082s with status 200"}
{"event": "request_start", "session_id": "3a82f7df-38f6-4440-bc14-6add0414491c", "request_id": "41453a91-59f3-43ba-83b1-d53cb2a7380a", "endpoint": "/resume", "timestamp": "2025-05-22T22:10:43.861013", "message": "Request started for endpoint: /resume"}
{"event": "custom_metric", "session_id": "3a82f7df-38f6-4440-bc14-6add0414491c", "request_id": "41453a91-59f3-43ba-83b1-d53cb2a7380a", "endpoint": "resume", "timestamp": "2025-05-22T22:10:43.862019", "message": "Custom metric: endpoint=resume"}
{"event": "custom_metric", "session_id": "3a82f7df-38f6-4440-bc14-6add0414491c", "request_id": "41453a91-59f3-43ba-83b1-d53cb2a7380a", "endpoint": "/resume", "timestamp": "2025-05-22T22:10:43.862019", "file_name": "Kajal salgar.pdf", "message": "Custom metric: file_name=Kajal salgar.pdf"}
{"event": "custom_metric", "session_id": "3a82f7df-38f6-4440-bc14-6add0414491c", "request_id": "41453a91-59f3-43ba-83b1-d53cb2a7380a", "endpoint": "/resume", "timestamp": "2025-05-22T22:10:43.862019", "file_type": "pdf", "message": "Custom metric: file_type=pdf"}
{"event": "custom_metric", "session_id": "3a82f7df-38f6-4440-bc14-6add0414491c", "request_id": "41453a91-59f3-43ba-83b1-d53cb2a7380a", "endpoint": "/resume", "timestamp": "2025-05-22T22:10:43.863013", "file_size": 55127, "message": "Custom metric: file_size=55127"}
{"event": "custom_metric", "session_id": "3a82f7df-38f6-4440-bc14-6add0414491c", "request_id": "41453a91-59f3-43ba-83b1-d53cb2a7380a", "endpoint": "/resume", "timestamp": "2025-05-22T22:10:43.915022", "file_type": "pdf", "message": "Custom metric: file_type=pdf"}
{"event": "custom_metric", "session_id": "3a82f7df-38f6-4440-bc14-6add0414491c", "request_id": "41453a91-59f3-43ba-83b1-d53cb2a7380a", "endpoint": "/resume", "timestamp": "2025-05-22T22:10:43.916020", "file_size_bytes": 55127, "message": "Custom metric: file_size_bytes=55127"}
{"event": "custom_metric", "session_id": "3a82f7df-38f6-4440-bc14-6add0414491c", "request_id": "41453a91-59f3-43ba-83b1-d53cb2a7380a", "endpoint": "/resume", "timestamp": "2025-05-22T22:10:43.916020", "extraction_method": "pdf_text", "message": "Custom metric: extraction_method=pdf_text"}
{"event": "custom_metric", "session_id": "3a82f7df-38f6-4440-bc14-6add0414491c", "request_id": "41453a91-59f3-43ba-83b1-d53cb2a7380a", "endpoint": "/resume", "timestamp": "2025-05-22T22:10:43.916020", "extracted_text_length": 1439, "message": "Custom metric: extracted_text_length=1439"}
{"event": "custom_metric", "session_id": "3a82f7df-38f6-4440-bc14-6add0414491c", "request_id": "41453a91-59f3-43ba-83b1-d53cb2a7380a", "endpoint": "/resume", "timestamp": "2025-05-22T22:10:43.916020", "file_processing_time": 0.052008867263793945, "message": "Custom metric: file_processing_time=0.052008867263793945"}
{"event": "custom_metric", "session_id": "3a82f7df-38f6-4440-bc14-6add0414491c", "request_id": "41453a91-59f3-43ba-83b1-d53cb2a7380a", "endpoint": "/resume", "timestamp": "2025-05-22T22:10:43.916020", "text_extraction_time": 0.05300736427307129, "message": "Custom metric: text_extraction_time=0.05300736427307129"}
{"event": "custom_metric", "session_id": "3a82f7df-38f6-4440-bc14-6add0414491c", "request_id": "41453a91-59f3-43ba-83b1-d53cb2a7380a", "endpoint": "/resume", "timestamp": "2025-05-22T22:10:43.916020", "extracted_text_length": 1439, "message": "Custom metric: extracted_text_length=1439"}
{"event": "custom_metric", "session_id": "3a82f7df-38f6-4440-bc14-6add0414491c", "request_id": "41453a91-59f3-43ba-83b1-d53cb2a7380a", "endpoint": "/resume", "timestamp": "2025-05-22T22:10:52.417497", "parsing_time": 8.501476049423218, "message": "Custom metric: parsing_time=8.501476049423218"}
{"event": "custom_metric", "session_id": "3a82f7df-38f6-4440-bc14-6add0414491c", "request_id": "41453a91-59f3-43ba-83b1-d53cb2a7380a", "endpoint": "/resume", "timestamp": "2025-05-22T22:10:52.418497", "confidence_score": 0.76, "message": "Custom metric: confidence_score=0.76"}
{"event": "custom_metric", "session_id": "3a82f7df-38f6-4440-bc14-6add0414491c", "request_id": "41453a91-59f3-43ba-83b1-d53cb2a7380a", "endpoint": "/resume", "timestamp": "2025-05-22T22:10:52.418497", "fields_extracted": 20, "message": "Custom metric: fields_extracted=20"}
{"event": "custom_metric", "session_id": "3a82f7df-38f6-4440-bc14-6add0414491c", "request_id": "41453a91-59f3-43ba-83b1-d53cb2a7380a", "endpoint": "/resume", "timestamp": "2025-05-22T22:10:52.418497", "skills_count": 4, "message": "Custom metric: skills_count=4"}
{"event": "custom_metric", "session_id": "3a82f7df-38f6-4440-bc14-6add0414491c", "request_id": "41453a91-59f3-43ba-83b1-d53cb2a7380a", "endpoint": "/resume", "timestamp": "2025-05-22T22:10:52.418497", "education_count": 3, "message": "Custom metric: education_count=3"}
{"event": "custom_metric", "session_id": "3a82f7df-38f6-4440-bc14-6add0414491c", "request_id": "41453a91-59f3-43ba-83b1-d53cb2a7380a", "endpoint": "/resume", "timestamp": "2025-05-22T22:10:52.418497", "experience_count": 1, "message": "Custom metric: experience_count=1"}
{"event": "custom_metric", "session_id": "3a82f7df-38f6-4440-bc14-6add0414491c", "request_id": "41453a91-59f3-43ba-83b1-d53cb2a7380a", "endpoint": "/resume", "timestamp": "2025-05-22T22:10:52.418497", "total_processing_time": 8.554483413696289, "message": "Custom metric: total_processing_time=8.554483413696289"}
{"event": "request_complete", "session_id": "3a82f7df-38f6-4440-bc14-6add0414491c", "request_id": "41453a91-59f3-43ba-83b1-d53cb2a7380a", "endpoint": "/resume", "timestamp": "2025-05-22T22:10:52.419497", "total_time_seconds": 8.558483362197876, "status_code": 200, "message": "Request completed in 8.5585s with status 200"}
{"event": "session_end", "session_id": "3a82f7df-38f6-4440-bc14-6add0414491c", "timestamp": "2025-05-22T22:10:52.535016", "message": "API session ended"}
