{"event": "session_start", "session_id": "9ed54462-b5a4-49d8-9e05-7cab1d6d3fee", "timestamp": "2025-05-26T16:59:50.517802", "message": "New API session started"}
{"event": "request_start", "session_id": "9ed54462-b5a4-49d8-9e05-7cab1d6d3fee", "request_id": "d0fcef64-beea-4931-a5df-3958797e3f40", "endpoint": "/resume", "timestamp": "2025-05-26T16:59:54.490733", "message": "Request started for endpoint: /resume"}
{"event": "custom_metric", "session_id": "9ed54462-b5a4-49d8-9e05-7cab1d6d3fee", "request_id": "d0fcef64-beea-4931-a5df-3958797e3f40", "endpoint": "resume", "timestamp": "2025-05-26T16:59:54.491734", "message": "Custom metric: endpoint=resume"}
{"event": "custom_metric", "session_id": "9ed54462-b5a4-49d8-9e05-7cab1d6d3fee", "request_id": "d0fcef64-beea-4931-a5df-3958797e3f40", "endpoint": "/resume", "timestamp": "2025-05-26T16:59:54.492734", "file_name": "Resume-Raman Luhach.pdf", "message": "Custom metric: file_name=Resume-Raman Luhach.pdf"}
{"event": "custom_metric", "session_id": "9ed54462-b5a4-49d8-9e05-7cab1d6d3fee", "request_id": "d0fcef64-beea-4931-a5df-3958797e3f40", "endpoint": "/resume", "timestamp": "2025-05-26T16:59:54.492734", "file_type": "pdf", "message": "Custom metric: file_type=pdf"}
{"event": "custom_metric", "session_id": "9ed54462-b5a4-49d8-9e05-7cab1d6d3fee", "request_id": "d0fcef64-beea-4931-a5df-3958797e3f40", "endpoint": "/resume", "timestamp": "2025-05-26T16:59:54.494062", "file_size": 73845, "message": "Custom metric: file_size=73845"}
{"event": "custom_metric", "session_id": "9ed54462-b5a4-49d8-9e05-7cab1d6d3fee", "request_id": "d0fcef64-beea-4931-a5df-3958797e3f40", "endpoint": "/resume", "timestamp": "2025-05-26T16:59:54.505077", "file_type": "pdf", "message": "Custom metric: file_type=pdf"}
{"event": "custom_metric", "session_id": "9ed54462-b5a4-49d8-9e05-7cab1d6d3fee", "request_id": "d0fcef64-beea-4931-a5df-3958797e3f40", "endpoint": "/resume", "timestamp": "2025-05-26T16:59:54.505077", "file_size_bytes": 73845, "message": "Custom metric: file_size_bytes=73845"}
{"event": "custom_metric", "session_id": "9ed54462-b5a4-49d8-9e05-7cab1d6d3fee", "request_id": "d0fcef64-beea-4931-a5df-3958797e3f40", "endpoint": "/resume", "timestamp": "2025-05-26T16:59:54.506077", "extraction_method": "pdf_text", "message": "Custom metric: extraction_method=pdf_text"}
{"event": "custom_metric", "session_id": "9ed54462-b5a4-49d8-9e05-7cab1d6d3fee", "request_id": "d0fcef64-beea-4931-a5df-3958797e3f40", "endpoint": "/resume", "timestamp": "2025-05-26T16:59:54.506077", "extracted_text_length": 2214, "message": "Custom metric: extracted_text_length=2214"}
{"event": "custom_metric", "session_id": "9ed54462-b5a4-49d8-9e05-7cab1d6d3fee", "request_id": "d0fcef64-beea-4931-a5df-3958797e3f40", "endpoint": "/resume", "timestamp": "2025-05-26T16:59:54.506077", "file_processing_time": 0.011014938354492188, "message": "Custom metric: file_processing_time=0.011014938354492188"}
{"event": "custom_metric", "session_id": "9ed54462-b5a4-49d8-9e05-7cab1d6d3fee", "request_id": "d0fcef64-beea-4931-a5df-3958797e3f40", "endpoint": "/resume", "timestamp": "2025-05-26T16:59:54.506077", "text_extraction_time": 0.01201486587524414, "message": "Custom metric: text_extraction_time=0.01201486587524414"}
{"event": "custom_metric", "session_id": "9ed54462-b5a4-49d8-9e05-7cab1d6d3fee", "request_id": "d0fcef64-beea-4931-a5df-3958797e3f40", "endpoint": "/resume", "timestamp": "2025-05-26T16:59:54.506077", "extracted_text_length": 2214, "message": "Custom metric: extracted_text_length=2214"}
{"event": "custom_metric", "session_id": "9ed54462-b5a4-49d8-9e05-7cab1d6d3fee", "request_id": "d0fcef64-beea-4931-a5df-3958797e3f40", "endpoint": "/resume", "timestamp": "2025-05-26T17:00:08.870744", "parsing_time": 14.364667177200317, "message": "Custom metric: parsing_time=14.364667177200317"}
{"event": "custom_metric", "session_id": "9ed54462-b5a4-49d8-9e05-7cab1d6d3fee", "request_id": "d0fcef64-beea-4931-a5df-3958797e3f40", "endpoint": "/resume", "timestamp": "2025-05-26T17:00:08.870744", "confidence_score": 0.4, "message": "Custom metric: confidence_score=0.4"}
{"event": "custom_metric", "session_id": "9ed54462-b5a4-49d8-9e05-7cab1d6d3fee", "request_id": "d0fcef64-beea-4931-a5df-3958797e3f40", "endpoint": "/resume", "timestamp": "2025-05-26T17:00:08.871746", "fields_extracted": 19, "message": "Custom metric: fields_extracted=19"}
{"event": "custom_metric", "session_id": "9ed54462-b5a4-49d8-9e05-7cab1d6d3fee", "request_id": "d0fcef64-beea-4931-a5df-3958797e3f40", "endpoint": "/resume", "timestamp": "2025-05-26T17:00:08.871746", "skills_count": 0, "message": "Custom metric: skills_count=0"}
{"event": "custom_metric", "session_id": "9ed54462-b5a4-49d8-9e05-7cab1d6d3fee", "request_id": "d0fcef64-beea-4931-a5df-3958797e3f40", "endpoint": "/resume", "timestamp": "2025-05-26T17:00:08.871746", "education_count": 3, "message": "Custom metric: education_count=3"}
{"event": "custom_metric", "session_id": "9ed54462-b5a4-49d8-9e05-7cab1d6d3fee", "request_id": "d0fcef64-beea-4931-a5df-3958797e3f40", "endpoint": "/resume", "timestamp": "2025-05-26T17:00:08.871746", "experience_count": 0, "message": "Custom metric: experience_count=0"}
{"event": "custom_metric", "session_id": "9ed54462-b5a4-49d8-9e05-7cab1d6d3fee", "request_id": "d0fcef64-beea-4931-a5df-3958797e3f40", "endpoint": "/resume", "timestamp": "2025-05-26T17:00:08.871746", "total_processing_time": 14.376682043075562, "message": "Custom metric: total_processing_time=14.376682043075562"}
{"event": "request_complete", "session_id": "9ed54462-b5a4-49d8-9e05-7cab1d6d3fee", "request_id": "d0fcef64-beea-4931-a5df-3958797e3f40", "endpoint": "/resume", "timestamp": "2025-05-26T17:00:08.872746", "total_time_seconds": 14.382012367248535, "status_code": 200, "message": "Request completed in 14.3820s with status 200"}
{"event": "request_start", "session_id": "9ed54462-b5a4-49d8-9e05-7cab1d6d3fee", "request_id": "a3242b1a-9dec-4674-b654-a2527ab607ba", "endpoint": "/intervet2", "timestamp": "2025-05-26T17:01:39.925632", "message": "Request started for endpoint: /intervet2"}
{"event": "custom_metric", "session_id": "9ed54462-b5a4-49d8-9e05-7cab1d6d3fee", "request_id": "a3242b1a-9dec-4674-b654-a2527ab607ba", "endpoint": "/intervet2", "timestamp": "2025-05-26T17:01:39.930118", "endpoint_type": "intervet2", "message": "Custom metric: endpoint_type=intervet2"}
{"event": "custom_metric", "session_id": "9ed54462-b5a4-49d8-9e05-7cab1d6d3fee", "request_id": "a3242b1a-9dec-4674-b654-a2527ab607ba", "endpoint": "/intervet2", "timestamp": "2025-05-26T17:01:39.943470", "file_type": "pdf", "message": "Custom metric: file_type=pdf"}
{"event": "custom_metric", "session_id": "9ed54462-b5a4-49d8-9e05-7cab1d6d3fee", "request_id": "a3242b1a-9dec-4674-b654-a2527ab607ba", "endpoint": "/intervet2", "timestamp": "2025-05-26T17:01:39.943470", "file_size_bytes": 73845, "message": "Custom metric: file_size_bytes=73845"}
{"event": "custom_metric", "session_id": "9ed54462-b5a4-49d8-9e05-7cab1d6d3fee", "request_id": "a3242b1a-9dec-4674-b654-a2527ab607ba", "endpoint": "/intervet2", "timestamp": "2025-05-26T17:01:39.943470", "extraction_method": "pdf_text", "message": "Custom metric: extraction_method=pdf_text"}
{"event": "custom_metric", "session_id": "9ed54462-b5a4-49d8-9e05-7cab1d6d3fee", "request_id": "a3242b1a-9dec-4674-b654-a2527ab607ba", "endpoint": "/intervet2", "timestamp": "2025-05-26T17:01:39.943470", "extracted_text_length": 2214, "message": "Custom metric: extracted_text_length=2214"}
{"event": "custom_metric", "session_id": "9ed54462-b5a4-49d8-9e05-7cab1d6d3fee", "request_id": "a3242b1a-9dec-4674-b654-a2527ab607ba", "endpoint": "/intervet2", "timestamp": "2025-05-26T17:01:39.943470", "file_processing_time": 0.012356281280517578, "message": "Custom metric: file_processing_time=0.012356281280517578"}
{"event": "custom_metric", "session_id": "9ed54462-b5a4-49d8-9e05-7cab1d6d3fee", "request_id": "a3242b1a-9dec-4674-b654-a2527ab607ba", "endpoint": "/intervet2", "timestamp": "2025-05-26T17:01:39.997794", "file_type": "pdf", "message": "Custom metric: file_type=pdf"}
{"event": "custom_metric", "session_id": "9ed54462-b5a4-49d8-9e05-7cab1d6d3fee", "request_id": "a3242b1a-9dec-4674-b654-a2527ab607ba", "endpoint": "/intervet2", "timestamp": "2025-05-26T17:01:39.997794", "file_size_bytes": 43309, "message": "Custom metric: file_size_bytes=43309"}
{"event": "custom_metric", "session_id": "9ed54462-b5a4-49d8-9e05-7cab1d6d3fee", "request_id": "a3242b1a-9dec-4674-b654-a2527ab607ba", "endpoint": "/intervet2", "timestamp": "2025-05-26T17:01:39.998795", "extraction_method": "pdf_text", "message": "Custom metric: extraction_method=pdf_text"}
{"event": "custom_metric", "session_id": "9ed54462-b5a4-49d8-9e05-7cab1d6d3fee", "request_id": "a3242b1a-9dec-4674-b654-a2527ab607ba", "endpoint": "/intervet2", "timestamp": "2025-05-26T17:01:39.998795", "extracted_text_length": 2241, "message": "Custom metric: extracted_text_length=2241"}
{"event": "custom_metric", "session_id": "9ed54462-b5a4-49d8-9e05-7cab1d6d3fee", "request_id": "a3242b1a-9dec-4674-b654-a2527ab607ba", "endpoint": "/intervet2", "timestamp": "2025-05-26T17:01:39.998795", "file_processing_time": 0.05432438850402832, "message": "Custom metric: file_processing_time=0.05432438850402832"}
{"event": "custom_metric", "session_id": "9ed54462-b5a4-49d8-9e05-7cab1d6d3fee", "request_id": "a3242b1a-9dec-4674-b654-a2527ab607ba", "endpoint": "/intervet2", "timestamp": "2025-05-26T17:01:39.998795", "resume_extraction_time": 0.012356281280517578, "message": "Custom metric: resume_extraction_time=0.012356281280517578"}
{"event": "custom_metric", "session_id": "9ed54462-b5a4-49d8-9e05-7cab1d6d3fee", "request_id": "a3242b1a-9dec-4674-b654-a2527ab607ba", "endpoint": "/intervet2", "timestamp": "2025-05-26T17:01:39.998795", "jd_extraction_time": 0.055324554443359375, "message": "Custom metric: jd_extraction_time=0.055324554443359375"}
{"event": "custom_metric", "session_id": "9ed54462-b5a4-49d8-9e05-7cab1d6d3fee", "request_id": "a3242b1a-9dec-4674-b654-a2527ab607ba", "endpoint": "/intervet2", "timestamp": "2025-05-26T17:01:39.998795", "resume_text_length": 2214, "message": "Custom metric: resume_text_length=2214"}
{"event": "custom_metric", "session_id": "9ed54462-b5a4-49d8-9e05-7cab1d6d3fee", "request_id": "a3242b1a-9dec-4674-b654-a2527ab607ba", "endpoint": "/intervet2", "timestamp": "2025-05-26T17:01:39.999794", "jd_text_length": 2241, "message": "Custom metric: jd_text_length=2241"}
{"event": "custom_metric", "session_id": "9ed54462-b5a4-49d8-9e05-7cab1d6d3fee", "request_id": "a3242b1a-9dec-4674-b654-a2527ab607ba", "endpoint": "/intervet2", "timestamp": "2025-05-26T17:02:12.383814", "resume_parsing_time": 16.431389331817627, "message": "Custom metric: resume_parsing_time=16.431389331817627"}
{"event": "custom_metric", "session_id": "9ed54462-b5a4-49d8-9e05-7cab1d6d3fee", "request_id": "a3242b1a-9dec-4674-b654-a2527ab607ba", "endpoint": "/intervet2", "timestamp": "2025-05-26T17:02:12.383814", "jd_parsing_time": 15.952630996704102, "message": "Custom metric: jd_parsing_time=15.952630996704102"}
{"event": "custom_metric", "session_id": "9ed54462-b5a4-49d8-9e05-7cab1d6d3fee", "request_id": "a3242b1a-9dec-4674-b654-a2527ab607ba", "endpoint": "/intervet2", "timestamp": "2025-05-26T17:02:12.385815", "evaluation_time": 0.0020012855529785156, "message": "Custom metric: evaluation_time=0.0020012855529785156"}
{"event": "custom_metric", "session_id": "9ed54462-b5a4-49d8-9e05-7cab1d6d3fee", "request_id": "a3242b1a-9dec-4674-b654-a2527ab607ba", "endpoint": "/intervet2", "timestamp": "2025-05-26T17:02:12.386814", "total_score": 22.5, "message": "Custom metric: total_score=22.5"}
{"event": "custom_metric", "session_id": "9ed54462-b5a4-49d8-9e05-7cab1d6d3fee", "request_id": "a3242b1a-9dec-4674-b654-a2527ab607ba", "endpoint": "/intervet2", "timestamp": "2025-05-26T17:02:12.386814", "fit_category": "Weak Match", "message": "Custom metric: fit_category=Weak Match"}
{"event": "request_complete", "session_id": "9ed54462-b5a4-49d8-9e05-7cab1d6d3fee", "request_id": "a3242b1a-9dec-4674-b654-a2527ab607ba", "endpoint": "/intervet2", "timestamp": "2025-05-26T17:02:12.387816", "total_time_seconds": 32.4621844291687, "status_code": 200, "message": "Request completed in 32.4622s with status 200"}
{"event": "session_end", "session_id": "9ed54462-b5a4-49d8-9e05-7cab1d6d3fee", "timestamp": "2025-05-26T17:08:48.434433", "message": "API session ended"}
