{"event": "session_start", "session_id": "e68faf0c-4c6a-480b-8c60-85ceefa91cea", "timestamp": "2025-05-22T23:00:27.531371", "message": "New API session started"}
{"event": "request_start", "session_id": "e68faf0c-4c6a-480b-8c60-85ceefa91cea", "request_id": "0093291c-1593-405d-9303-100b9ebf40db", "endpoint": "/", "timestamp": "2025-05-22T23:00:58.598147", "message": "Request started for endpoint: /"}
{"event": "request_complete", "session_id": "e68faf0c-4c6a-480b-8c60-85ceefa91cea", "request_id": "0093291c-1593-405d-9303-100b9ebf40db", "endpoint": "/", "timestamp": "2025-05-22T23:00:58.599148", "total_time_seconds": 0.0010001659393310547, "status_code": 200, "message": "Request completed in 0.0010s with status 200"}
{"event": "request_start", "session_id": "e68faf0c-4c6a-480b-8c60-85ceefa91cea", "request_id": "26eb1d09-dd60-4520-90c3-c983ecb699d5", "endpoint": "/docs", "timestamp": "2025-05-22T23:01:03.761159", "message": "Request started for endpoint: /docs"}
{"event": "request_complete", "session_id": "e68faf0c-4c6a-480b-8c60-85ceefa91cea", "request_id": "26eb1d09-dd60-4520-90c3-c983ecb699d5", "endpoint": "/docs", "timestamp": "2025-05-22T23:01:03.761159", "total_time_seconds": 0.0, "status_code": 200, "message": "Request completed in 0.0000s with status 200"}
{"event": "request_start", "session_id": "e68faf0c-4c6a-480b-8c60-85ceefa91cea", "request_id": "29f540b6-e3de-4106-8d83-4fe3dcf28169", "endpoint": "/openapi.json", "timestamp": "2025-05-22T23:01:03.842403", "message": "Request started for endpoint: /openapi.json"}
{"event": "request_complete", "session_id": "e68faf0c-4c6a-480b-8c60-85ceefa91cea", "request_id": "29f540b6-e3de-4106-8d83-4fe3dcf28169", "endpoint": "/openapi.json", "timestamp": "2025-05-22T23:01:03.850403", "total_time_seconds": 0.007999658584594727, "status_code": 200, "message": "Request completed in 0.0080s with status 200"}
{"event": "request_start", "session_id": "e68faf0c-4c6a-480b-8c60-85ceefa91cea", "request_id": "bb1b77bf-8a2a-43f2-847e-aad9a06c6fa0", "endpoint": "/resume", "timestamp": "2025-05-22T23:01:17.114073", "message": "Request started for endpoint: /resume"}
{"event": "custom_metric", "session_id": "e68faf0c-4c6a-480b-8c60-85ceefa91cea", "request_id": "bb1b77bf-8a2a-43f2-847e-aad9a06c6fa0", "endpoint": "resume", "timestamp": "2025-05-22T23:01:17.115072", "message": "Custom metric: endpoint=resume"}
{"event": "custom_metric", "session_id": "e68faf0c-4c6a-480b-8c60-85ceefa91cea", "request_id": "bb1b77bf-8a2a-43f2-847e-aad9a06c6fa0", "endpoint": "/resume", "timestamp": "2025-05-22T23:01:17.116069", "file_name": "Resume-Raman Luhach.pdf", "message": "Custom metric: file_name=Resume-Raman Luhach.pdf"}
{"event": "custom_metric", "session_id": "e68faf0c-4c6a-480b-8c60-85ceefa91cea", "request_id": "bb1b77bf-8a2a-43f2-847e-aad9a06c6fa0", "endpoint": "/resume", "timestamp": "2025-05-22T23:01:17.116069", "file_type": "pdf", "message": "Custom metric: file_type=pdf"}
{"event": "custom_metric", "session_id": "e68faf0c-4c6a-480b-8c60-85ceefa91cea", "request_id": "bb1b77bf-8a2a-43f2-847e-aad9a06c6fa0", "endpoint": "/resume", "timestamp": "2025-05-22T23:01:17.117069", "file_size": 73845, "message": "Custom metric: file_size=73845"}
{"event": "custom_metric", "session_id": "e68faf0c-4c6a-480b-8c60-85ceefa91cea", "request_id": "bb1b77bf-8a2a-43f2-847e-aad9a06c6fa0", "endpoint": "/resume", "timestamp": "2025-05-22T23:01:17.136451", "file_type": "pdf", "message": "Custom metric: file_type=pdf"}
{"event": "custom_metric", "session_id": "e68faf0c-4c6a-480b-8c60-85ceefa91cea", "request_id": "bb1b77bf-8a2a-43f2-847e-aad9a06c6fa0", "endpoint": "/resume", "timestamp": "2025-05-22T23:01:17.136451", "file_size_bytes": 73845, "message": "Custom metric: file_size_bytes=73845"}
{"event": "custom_metric", "session_id": "e68faf0c-4c6a-480b-8c60-85ceefa91cea", "request_id": "bb1b77bf-8a2a-43f2-847e-aad9a06c6fa0", "endpoint": "/resume", "timestamp": "2025-05-22T23:01:17.136451", "extraction_method": "pdf_text", "message": "Custom metric: extraction_method=pdf_text"}
{"event": "custom_metric", "session_id": "e68faf0c-4c6a-480b-8c60-85ceefa91cea", "request_id": "bb1b77bf-8a2a-43f2-847e-aad9a06c6fa0", "endpoint": "/resume", "timestamp": "2025-05-22T23:01:17.137453", "extracted_text_length": 2214, "message": "Custom metric: extracted_text_length=2214"}
{"event": "custom_metric", "session_id": "e68faf0c-4c6a-480b-8c60-85ceefa91cea", "request_id": "bb1b77bf-8a2a-43f2-847e-aad9a06c6fa0", "endpoint": "/resume", "timestamp": "2025-05-22T23:01:17.137453", "file_processing_time": 0.019382476806640625, "message": "Custom metric: file_processing_time=0.019382476806640625"}
{"event": "custom_metric", "session_id": "e68faf0c-4c6a-480b-8c60-85ceefa91cea", "request_id": "bb1b77bf-8a2a-43f2-847e-aad9a06c6fa0", "endpoint": "/resume", "timestamp": "2025-05-22T23:01:17.137453", "text_extraction_time": 0.02038407325744629, "message": "Custom metric: text_extraction_time=0.02038407325744629"}
{"event": "custom_metric", "session_id": "e68faf0c-4c6a-480b-8c60-85ceefa91cea", "request_id": "bb1b77bf-8a2a-43f2-847e-aad9a06c6fa0", "endpoint": "/resume", "timestamp": "2025-05-22T23:01:17.137453", "extracted_text_length": 2214, "message": "Custom metric: extracted_text_length=2214"}
{"event": "custom_metric", "session_id": "e68faf0c-4c6a-480b-8c60-85ceefa91cea", "request_id": "bb1b77bf-8a2a-43f2-847e-aad9a06c6fa0", "endpoint": "/resume", "timestamp": "2025-05-22T23:01:35.739692", "parsing_time": 18.60223913192749, "message": "Custom metric: parsing_time=18.60223913192749"}
{"event": "custom_metric", "session_id": "e68faf0c-4c6a-480b-8c60-85ceefa91cea", "request_id": "bb1b77bf-8a2a-43f2-847e-aad9a06c6fa0", "endpoint": "/resume", "timestamp": "2025-05-22T23:01:35.739692", "confidence_score": 0.0, "message": "Custom metric: confidence_score=0.0"}
{"event": "custom_metric", "session_id": "e68faf0c-4c6a-480b-8c60-85ceefa91cea", "request_id": "bb1b77bf-8a2a-43f2-847e-aad9a06c6fa0", "endpoint": "/resume", "timestamp": "2025-05-22T23:01:35.739692", "fields_extracted": 20, "message": "Custom metric: fields_extracted=20"}
{"event": "custom_metric", "session_id": "e68faf0c-4c6a-480b-8c60-85ceefa91cea", "request_id": "bb1b77bf-8a2a-43f2-847e-aad9a06c6fa0", "endpoint": "/resume", "timestamp": "2025-05-22T23:01:35.739692", "skills_count": 0, "message": "Custom metric: skills_count=0"}
{"event": "custom_metric", "session_id": "e68faf0c-4c6a-480b-8c60-85ceefa91cea", "request_id": "bb1b77bf-8a2a-43f2-847e-aad9a06c6fa0", "endpoint": "/resume", "timestamp": "2025-05-22T23:01:35.739692", "education_count": 0, "message": "Custom metric: education_count=0"}
{"event": "custom_metric", "session_id": "e68faf0c-4c6a-480b-8c60-85ceefa91cea", "request_id": "bb1b77bf-8a2a-43f2-847e-aad9a06c6fa0", "endpoint": "/resume", "timestamp": "2025-05-22T23:01:35.739692", "experience_count": 0, "message": "Custom metric: experience_count=0"}
{"event": "custom_metric", "session_id": "e68faf0c-4c6a-480b-8c60-85ceefa91cea", "request_id": "bb1b77bf-8a2a-43f2-847e-aad9a06c6fa0", "endpoint": "/resume", "timestamp": "2025-05-22T23:01:35.739692", "total_processing_time": 18.622623205184937, "message": "Custom metric: total_processing_time=18.622623205184937"}
{"event": "request_complete", "session_id": "e68faf0c-4c6a-480b-8c60-85ceefa91cea", "request_id": "bb1b77bf-8a2a-43f2-847e-aad9a06c6fa0", "endpoint": "/resume", "timestamp": "2025-05-22T23:01:35.740693", "total_time_seconds": 18.626619815826416, "status_code": 200, "message": "Request completed in 18.6266s with status 200"}
{"event": "request_start", "session_id": "e68faf0c-4c6a-480b-8c60-85ceefa91cea", "request_id": "77404835-7e57-4d21-9c35-361fccfe2abb", "endpoint": "/docs", "timestamp": "2025-05-22T23:03:51.116614", "message": "Request started for endpoint: /docs"}
{"event": "request_complete", "session_id": "e68faf0c-4c6a-480b-8c60-85ceefa91cea", "request_id": "77404835-7e57-4d21-9c35-361fccfe2abb", "endpoint": "/docs", "timestamp": "2025-05-22T23:03:51.135138", "total_time_seconds": 0.018524646759033203, "status_code": 200, "message": "Request completed in 0.0185s with status 200"}
{"event": "request_start", "session_id": "e68faf0c-4c6a-480b-8c60-85ceefa91cea", "request_id": "dbff0cae-4f67-427d-882b-8aae09be6184", "endpoint": "/openapi.json", "timestamp": "2025-05-22T23:03:51.224217", "message": "Request started for endpoint: /openapi.json"}
{"event": "request_complete", "session_id": "e68faf0c-4c6a-480b-8c60-85ceefa91cea", "request_id": "dbff0cae-4f67-427d-882b-8aae09be6184", "endpoint": "/openapi.json", "timestamp": "2025-05-22T23:03:51.225217", "total_time_seconds": 0.0009999275207519531, "status_code": 200, "message": "Request completed in 0.0010s with status 200"}
{"event": "session_end", "session_id": "e68faf0c-4c6a-480b-8c60-85ceefa91cea", "timestamp": "2025-05-22T23:03:56.309340", "message": "API session ended"}
