{"event": "session_start", "session_id": "964f04e6-1078-4cc2-bdbd-73dde8021b0e", "timestamp": "2025-05-12T20:07:19.268977", "message": "New API session started"}
{"event": "request_start", "session_id": "964f04e6-1078-4cc2-bdbd-73dde8021b0e", "request_id": "4d5db0b0-4303-4f07-a2b3-c456b7ed124e", "endpoint": "/", "timestamp": "2025-05-12T20:07:20.103061", "message": "Request started for endpoint: /"}
{"event": "request_complete", "session_id": "964f04e6-1078-4cc2-bdbd-73dde8021b0e", "request_id": "4d5db0b0-4303-4f07-a2b3-c456b7ed124e", "endpoint": "/", "timestamp": "2025-05-12T20:07:20.104058", "total_time_seconds": 0.0009968280792236328, "status_code": 200, "message": "Request completed in 0.0010s with status 200"}
{"event": "request_start", "session_id": "964f04e6-1078-4cc2-bdbd-73dde8021b0e", "request_id": "d5033979-7dbb-4582-951f-e1c9bdd184be", "endpoint": "/favicon.ico", "timestamp": "2025-05-12T20:07:20.162864", "message": "Request started for endpoint: /favicon.ico"}
{"event": "request_complete", "session_id": "964f04e6-1078-4cc2-bdbd-73dde8021b0e", "request_id": "d5033979-7dbb-4582-951f-e1c9bdd184be", "endpoint": "/favicon.ico", "timestamp": "2025-05-12T20:07:20.162864", "total_time_seconds": 0.0, "status_code": 404, "message": "Request completed in 0.0000s with status 404"}
{"event": "request_start", "session_id": "964f04e6-1078-4cc2-bdbd-73dde8021b0e", "request_id": "552add68-1b3e-4d9c-a7c3-543cd8eecdb0", "endpoint": "/docs", "timestamp": "2025-05-12T20:07:24.019606", "message": "Request started for endpoint: /docs"}
{"event": "request_complete", "session_id": "964f04e6-1078-4cc2-bdbd-73dde8021b0e", "request_id": "552add68-1b3e-4d9c-a7c3-543cd8eecdb0", "endpoint": "/docs", "timestamp": "2025-05-12T20:07:24.020607", "total_time_seconds": 0.0010006427764892578, "status_code": 200, "message": "Request completed in 0.0010s with status 200"}
{"event": "request_start", "session_id": "964f04e6-1078-4cc2-bdbd-73dde8021b0e", "request_id": "d18a0fd1-8e8a-4a5f-a26e-f230153f95fc", "endpoint": "/openapi.json", "timestamp": "2025-05-12T20:07:25.153460", "message": "Request started for endpoint: /openapi.json"}
{"event": "request_complete", "session_id": "964f04e6-1078-4cc2-bdbd-73dde8021b0e", "request_id": "d18a0fd1-8e8a-4a5f-a26e-f230153f95fc", "endpoint": "/openapi.json", "timestamp": "2025-05-12T20:07:25.159460", "total_time_seconds": 0.006000041961669922, "status_code": 200, "message": "Request completed in 0.0060s with status 200"}
{"event": "request_start", "session_id": "964f04e6-1078-4cc2-bdbd-73dde8021b0e", "request_id": "926bcc1b-4da5-4820-b564-c1a6db5e8a6a", "endpoint": "/resume", "timestamp": "2025-05-12T20:07:46.924668", "message": "Request started for endpoint: /resume"}
{"event": "custom_metric", "session_id": "964f04e6-1078-4cc2-bdbd-73dde8021b0e", "request_id": "926bcc1b-4da5-4820-b564-c1a6db5e8a6a", "endpoint": "resume", "timestamp": "2025-05-12T20:07:46.926667", "message": "Custom metric: endpoint=resume"}
{"event": "custom_metric", "session_id": "964f04e6-1078-4cc2-bdbd-73dde8021b0e", "request_id": "926bcc1b-4da5-4820-b564-c1a6db5e8a6a", "endpoint": "/resume", "timestamp": "2025-05-12T20:07:46.926667", "convert_skills": true, "message": "Custom metric: convert_skills=True"}
{"event": "custom_metric", "session_id": "964f04e6-1078-4cc2-bdbd-73dde8021b0e", "request_id": "926bcc1b-4da5-4820-b564-c1a6db5e8a6a", "endpoint": "/resume", "timestamp": "2025-05-12T20:07:46.926667", "file_name": "Zahan_Resume.pdf", "message": "Custom metric: file_name=Zahan_Resume.pdf"}
{"event": "custom_metric", "session_id": "964f04e6-1078-4cc2-bdbd-73dde8021b0e", "request_id": "926bcc1b-4da5-4820-b564-c1a6db5e8a6a", "endpoint": "/resume", "timestamp": "2025-05-12T20:07:46.926667", "file_type": "pdf", "message": "Custom metric: file_type=pdf"}
{"event": "custom_metric", "session_id": "964f04e6-1078-4cc2-bdbd-73dde8021b0e", "request_id": "926bcc1b-4da5-4820-b564-c1a6db5e8a6a", "endpoint": "/resume", "timestamp": "2025-05-12T20:07:46.928677", "file_size": 60820, "message": "Custom metric: file_size=60820"}
{"event": "custom_metric", "session_id": "964f04e6-1078-4cc2-bdbd-73dde8021b0e", "request_id": "926bcc1b-4da5-4820-b564-c1a6db5e8a6a", "endpoint": "/resume", "timestamp": "2025-05-12T20:07:46.974826", "file_type": "pdf", "message": "Custom metric: file_type=pdf"}
{"event": "custom_metric", "session_id": "964f04e6-1078-4cc2-bdbd-73dde8021b0e", "request_id": "926bcc1b-4da5-4820-b564-c1a6db5e8a6a", "endpoint": "/resume", "timestamp": "2025-05-12T20:07:46.974826", "file_size_bytes": 60820, "message": "Custom metric: file_size_bytes=60820"}
{"event": "custom_metric", "session_id": "964f04e6-1078-4cc2-bdbd-73dde8021b0e", "request_id": "926bcc1b-4da5-4820-b564-c1a6db5e8a6a", "endpoint": "/resume", "timestamp": "2025-05-12T20:07:46.974826", "extraction_method": "pdf_text", "message": "Custom metric: extraction_method=pdf_text"}
{"event": "custom_metric", "session_id": "964f04e6-1078-4cc2-bdbd-73dde8021b0e", "request_id": "926bcc1b-4da5-4820-b564-c1a6db5e8a6a", "endpoint": "/resume", "timestamp": "2025-05-12T20:07:46.974826", "extracted_text_length": 2804, "message": "Custom metric: extracted_text_length=2804"}
{"event": "custom_metric", "session_id": "964f04e6-1078-4cc2-bdbd-73dde8021b0e", "request_id": "926bcc1b-4da5-4820-b564-c1a6db5e8a6a", "endpoint": "/resume", "timestamp": "2025-05-12T20:07:46.974826", "file_processing_time": 0.04614996910095215, "message": "Custom metric: file_processing_time=0.04614996910095215"}
{"event": "custom_metric", "session_id": "964f04e6-1078-4cc2-bdbd-73dde8021b0e", "request_id": "926bcc1b-4da5-4820-b564-c1a6db5e8a6a", "endpoint": "/resume", "timestamp": "2025-05-12T20:07:46.974826", "text_extraction_time": 0.04614996910095215, "message": "Custom metric: text_extraction_time=0.04614996910095215"}
{"event": "custom_metric", "session_id": "964f04e6-1078-4cc2-bdbd-73dde8021b0e", "request_id": "926bcc1b-4da5-4820-b564-c1a6db5e8a6a", "endpoint": "/resume", "timestamp": "2025-05-12T20:07:46.975824", "extracted_text_length": 2804, "message": "Custom metric: extracted_text_length=2804"}
{"event": "custom_metric", "session_id": "964f04e6-1078-4cc2-bdbd-73dde8021b0e", "request_id": "926bcc1b-4da5-4820-b564-c1a6db5e8a6a", "endpoint": "/resume", "timestamp": "2025-05-12T20:08:18.545097", "parsing_time": 31.56927227973938, "message": "Custom metric: parsing_time=31.56927227973938"}
{"event": "custom_metric", "session_id": "964f04e6-1078-4cc2-bdbd-73dde8021b0e", "request_id": "926bcc1b-4da5-4820-b564-c1a6db5e8a6a", "endpoint": "/resume", "timestamp": "2025-05-12T20:08:18.545097", "confidence_score": 0.76, "message": "Custom metric: confidence_score=0.76"}
{"event": "custom_metric", "session_id": "964f04e6-1078-4cc2-bdbd-73dde8021b0e", "request_id": "926bcc1b-4da5-4820-b564-c1a6db5e8a6a", "endpoint": "/resume", "timestamp": "2025-05-12T20:08:18.545628", "fields_extracted": 18, "message": "Custom metric: fields_extracted=18"}
{"event": "custom_metric", "session_id": "964f04e6-1078-4cc2-bdbd-73dde8021b0e", "request_id": "926bcc1b-4da5-4820-b564-c1a6db5e8a6a", "endpoint": "/resume", "timestamp": "2025-05-12T20:08:18.545628", "skills_count": 25, "message": "Custom metric: skills_count=25"}
{"event": "custom_metric", "session_id": "964f04e6-1078-4cc2-bdbd-73dde8021b0e", "request_id": "926bcc1b-4da5-4820-b564-c1a6db5e8a6a", "endpoint": "/resume", "timestamp": "2025-05-12T20:08:18.545628", "education_count": 1, "message": "Custom metric: education_count=1"}
{"event": "custom_metric", "session_id": "964f04e6-1078-4cc2-bdbd-73dde8021b0e", "request_id": "926bcc1b-4da5-4820-b564-c1a6db5e8a6a", "endpoint": "/resume", "timestamp": "2025-05-12T20:08:18.546160", "experience_count": 2, "message": "Custom metric: experience_count=2"}
{"event": "custom_metric", "session_id": "964f04e6-1078-4cc2-bdbd-73dde8021b0e", "request_id": "926bcc1b-4da5-4820-b564-c1a6db5e8a6a", "endpoint": "/resume", "timestamp": "2025-05-12T20:08:18.546160", "total_processing_time": 31.615422248840332, "message": "Custom metric: total_processing_time=31.615422248840332"}
{"event": "request_complete", "session_id": "964f04e6-1078-4cc2-bdbd-73dde8021b0e", "request_id": "926bcc1b-4da5-4820-b564-c1a6db5e8a6a", "endpoint": "/resume", "timestamp": "2025-05-12T20:08:18.547749", "total_time_seconds": 31.623080253601074, "status_code": 200, "message": "Request completed in 31.6231s with status 200"}
{"event": "session_end", "session_id": "964f04e6-1078-4cc2-bdbd-73dde8021b0e", "timestamp": "2025-05-12T20:09:03.702002", "message": "API session ended"}
