{"event": "session_start", "session_id": "2dd455eb-f83f-4756-8825-533908068323", "timestamp": "2025-05-22T22:16:47.815751", "message": "New API session started"}
{"event": "request_start", "session_id": "2dd455eb-f83f-4756-8825-533908068323", "request_id": "d626817a-fd62-4b25-b642-256c13bbb811", "endpoint": "/resume", "timestamp": "2025-05-22T22:18:39.514821", "message": "Request started for endpoint: /resume"}
{"event": "custom_metric", "session_id": "2dd455eb-f83f-4756-8825-533908068323", "request_id": "d626817a-fd62-4b25-b642-256c13bbb811", "endpoint": "resume", "timestamp": "2025-05-22T22:18:39.516821", "message": "Custom metric: endpoint=resume"}
{"event": "custom_metric", "session_id": "2dd455eb-f83f-4756-8825-533908068323", "request_id": "d626817a-fd62-4b25-b642-256c13bbb811", "endpoint": "/resume", "timestamp": "2025-05-22T22:18:39.516821", "file_name": "Resume-Raman Luhach.pdf", "message": "Custom metric: file_name=Resume-Raman Luhach.pdf"}
{"event": "custom_metric", "session_id": "2dd455eb-f83f-4756-8825-533908068323", "request_id": "d626817a-fd62-4b25-b642-256c13bbb811", "endpoint": "/resume", "timestamp": "2025-05-22T22:18:39.517822", "file_type": "pdf", "message": "Custom metric: file_type=pdf"}
{"event": "custom_metric", "session_id": "2dd455eb-f83f-4756-8825-533908068323", "request_id": "d626817a-fd62-4b25-b642-256c13bbb811", "endpoint": "/resume", "timestamp": "2025-05-22T22:18:39.519031", "file_size": 73845, "message": "Custom metric: file_size=73845"}
{"event": "custom_metric", "session_id": "2dd455eb-f83f-4756-8825-533908068323", "request_id": "d626817a-fd62-4b25-b642-256c13bbb811", "endpoint": "/resume", "timestamp": "2025-05-22T22:18:39.533392", "file_type": "pdf", "message": "Custom metric: file_type=pdf"}
{"event": "custom_metric", "session_id": "2dd455eb-f83f-4756-8825-533908068323", "request_id": "d626817a-fd62-4b25-b642-256c13bbb811", "endpoint": "/resume", "timestamp": "2025-05-22T22:18:39.533392", "file_size_bytes": 73845, "message": "Custom metric: file_size_bytes=73845"}
{"event": "custom_metric", "session_id": "2dd455eb-f83f-4756-8825-533908068323", "request_id": "d626817a-fd62-4b25-b642-256c13bbb811", "endpoint": "/resume", "timestamp": "2025-05-22T22:18:39.533392", "extraction_method": "pdf_text", "message": "Custom metric: extraction_method=pdf_text"}
{"event": "custom_metric", "session_id": "2dd455eb-f83f-4756-8825-533908068323", "request_id": "d626817a-fd62-4b25-b642-256c13bbb811", "endpoint": "/resume", "timestamp": "2025-05-22T22:18:39.533392", "extracted_text_length": 2214, "message": "Custom metric: extracted_text_length=2214"}
{"event": "custom_metric", "session_id": "2dd455eb-f83f-4756-8825-533908068323", "request_id": "d626817a-fd62-4b25-b642-256c13bbb811", "endpoint": "/resume", "timestamp": "2025-05-22T22:18:39.534393", "file_processing_time": 0.014361143112182617, "message": "Custom metric: file_processing_time=0.014361143112182617"}
{"event": "custom_metric", "session_id": "2dd455eb-f83f-4756-8825-533908068323", "request_id": "d626817a-fd62-4b25-b642-256c13bbb811", "endpoint": "/resume", "timestamp": "2025-05-22T22:18:39.534393", "text_extraction_time": 0.015361309051513672, "message": "Custom metric: text_extraction_time=0.015361309051513672"}
{"event": "custom_metric", "session_id": "2dd455eb-f83f-4756-8825-533908068323", "request_id": "d626817a-fd62-4b25-b642-256c13bbb811", "endpoint": "/resume", "timestamp": "2025-05-22T22:18:39.534393", "extracted_text_length": 2214, "message": "Custom metric: extracted_text_length=2214"}
{"event": "custom_metric", "session_id": "2dd455eb-f83f-4756-8825-533908068323", "request_id": "d626817a-fd62-4b25-b642-256c13bbb811", "endpoint": "/resume", "timestamp": "2025-05-22T22:18:55.577980", "parsing_time": 16.04358744621277, "message": "Custom metric: parsing_time=16.04358744621277"}
{"event": "custom_metric", "session_id": "2dd455eb-f83f-4756-8825-533908068323", "request_id": "d626817a-fd62-4b25-b642-256c13bbb811", "endpoint": "/resume", "timestamp": "2025-05-22T22:18:55.577980", "confidence_score": 0.47, "message": "Custom metric: confidence_score=0.47"}
{"event": "custom_metric", "session_id": "2dd455eb-f83f-4756-8825-533908068323", "request_id": "d626817a-fd62-4b25-b642-256c13bbb811", "endpoint": "/resume", "timestamp": "2025-05-22T22:18:55.577980", "fields_extracted": 22, "message": "Custom metric: fields_extracted=22"}
{"event": "custom_metric", "session_id": "2dd455eb-f83f-4756-8825-533908068323", "request_id": "d626817a-fd62-4b25-b642-256c13bbb811", "endpoint": "/resume", "timestamp": "2025-05-22T22:18:55.577980", "skills_count": 0, "message": "Custom metric: skills_count=0"}
{"event": "custom_metric", "session_id": "2dd455eb-f83f-4756-8825-533908068323", "request_id": "d626817a-fd62-4b25-b642-256c13bbb811", "endpoint": "/resume", "timestamp": "2025-05-22T22:18:55.577980", "education_count": 0, "message": "Custom metric: education_count=0"}
{"event": "custom_metric", "session_id": "2dd455eb-f83f-4756-8825-533908068323", "request_id": "d626817a-fd62-4b25-b642-256c13bbb811", "endpoint": "/resume", "timestamp": "2025-05-22T22:18:55.578993", "experience_count": 0, "message": "Custom metric: experience_count=0"}
{"event": "custom_metric", "session_id": "2dd455eb-f83f-4756-8825-533908068323", "request_id": "d626817a-fd62-4b25-b642-256c13bbb811", "endpoint": "/resume", "timestamp": "2025-05-22T22:18:55.578993", "total_processing_time": 16.058948755264282, "message": "Custom metric: total_processing_time=16.058948755264282"}
{"event": "request_complete", "session_id": "2dd455eb-f83f-4756-8825-533908068323", "request_id": "d626817a-fd62-4b25-b642-256c13bbb811", "endpoint": "/resume", "timestamp": "2025-05-22T22:18:55.579992", "total_time_seconds": 16.065171718597412, "status_code": 200, "message": "Request completed in 16.0652s with status 200"}
{"event": "session_end", "session_id": "2dd455eb-f83f-4756-8825-533908068323", "timestamp": "2025-05-22T22:18:55.688613", "message": "API session ended"}
