{"event": "session_start", "session_id": "9492856d-b4b2-4be7-9192-144179cc13ca", "timestamp": "2025-05-26T16:56:42.097971", "message": "New API session started"}
{"event": "request_start", "session_id": "9492856d-b4b2-4be7-9192-144179cc13ca", "request_id": "1447c817-3997-404d-bb9c-5d5fefe5feda", "endpoint": "/resume", "timestamp": "2025-05-26T16:56:44.843432", "message": "Request started for endpoint: /resume"}
{"event": "custom_metric", "session_id": "9492856d-b4b2-4be7-9192-144179cc13ca", "request_id": "1447c817-3997-404d-bb9c-5d5fefe5feda", "endpoint": "resume", "timestamp": "2025-05-26T16:56:44.844432", "message": "Custom metric: endpoint=resume"}
{"event": "custom_metric", "session_id": "9492856d-b4b2-4be7-9192-144179cc13ca", "request_id": "1447c817-3997-404d-bb9c-5d5fefe5feda", "endpoint": "/resume", "timestamp": "2025-05-26T16:56:44.845431", "file_name": "Resume-Raman Luhach.pdf", "message": "Custom metric: file_name=Resume-Raman Luhach.pdf"}
{"event": "custom_metric", "session_id": "9492856d-b4b2-4be7-9192-144179cc13ca", "request_id": "1447c817-3997-404d-bb9c-5d5fefe5feda", "endpoint": "/resume", "timestamp": "2025-05-26T16:56:44.845431", "file_type": "pdf", "message": "Custom metric: file_type=pdf"}
{"event": "custom_metric", "session_id": "9492856d-b4b2-4be7-9192-144179cc13ca", "request_id": "1447c817-3997-404d-bb9c-5d5fefe5feda", "endpoint": "/resume", "timestamp": "2025-05-26T16:56:44.846431", "file_size": 73845, "message": "Custom metric: file_size=73845"}
{"event": "custom_metric", "session_id": "9492856d-b4b2-4be7-9192-144179cc13ca", "request_id": "1447c817-3997-404d-bb9c-5d5fefe5feda", "endpoint": "/resume", "timestamp": "2025-05-26T16:56:44.858203", "file_type": "pdf", "message": "Custom metric: file_type=pdf"}
{"event": "custom_metric", "session_id": "9492856d-b4b2-4be7-9192-144179cc13ca", "request_id": "1447c817-3997-404d-bb9c-5d5fefe5feda", "endpoint": "/resume", "timestamp": "2025-05-26T16:56:44.858203", "file_size_bytes": 73845, "message": "Custom metric: file_size_bytes=73845"}
{"event": "custom_metric", "session_id": "9492856d-b4b2-4be7-9192-144179cc13ca", "request_id": "1447c817-3997-404d-bb9c-5d5fefe5feda", "endpoint": "/resume", "timestamp": "2025-05-26T16:56:44.859203", "extraction_method": "pdf_text", "message": "Custom metric: extraction_method=pdf_text"}
{"event": "custom_metric", "session_id": "9492856d-b4b2-4be7-9192-144179cc13ca", "request_id": "1447c817-3997-404d-bb9c-5d5fefe5feda", "endpoint": "/resume", "timestamp": "2025-05-26T16:56:44.859203", "extracted_text_length": 2214, "message": "Custom metric: extracted_text_length=2214"}
{"event": "custom_metric", "session_id": "9492856d-b4b2-4be7-9192-144179cc13ca", "request_id": "1447c817-3997-404d-bb9c-5d5fefe5feda", "endpoint": "/resume", "timestamp": "2025-05-26T16:56:44.859203", "file_processing_time": 0.011771917343139648, "message": "Custom metric: file_processing_time=0.011771917343139648"}
{"event": "custom_metric", "session_id": "9492856d-b4b2-4be7-9192-144179cc13ca", "request_id": "1447c817-3997-404d-bb9c-5d5fefe5feda", "endpoint": "/resume", "timestamp": "2025-05-26T16:56:44.859203", "text_extraction_time": 0.012771368026733398, "message": "Custom metric: text_extraction_time=0.012771368026733398"}
{"event": "custom_metric", "session_id": "9492856d-b4b2-4be7-9192-144179cc13ca", "request_id": "1447c817-3997-404d-bb9c-5d5fefe5feda", "endpoint": "/resume", "timestamp": "2025-05-26T16:56:44.859203", "extracted_text_length": 2214, "message": "Custom metric: extracted_text_length=2214"}
{"event": "custom_metric", "session_id": "9492856d-b4b2-4be7-9192-144179cc13ca", "request_id": "1447c817-3997-404d-bb9c-5d5fefe5feda", "endpoint": "/resume", "timestamp": "2025-05-26T16:57:00.372893", "parsing_time": 15.513689756393433, "message": "Custom metric: parsing_time=15.513689756393433"}
{"event": "custom_metric", "session_id": "9492856d-b4b2-4be7-9192-144179cc13ca", "request_id": "1447c817-3997-404d-bb9c-5d5fefe5feda", "endpoint": "/resume", "timestamp": "2025-05-26T16:57:00.372893", "confidence_score": 0.36, "message": "Custom metric: confidence_score=0.36"}
{"event": "custom_metric", "session_id": "9492856d-b4b2-4be7-9192-144179cc13ca", "request_id": "1447c817-3997-404d-bb9c-5d5fefe5feda", "endpoint": "/resume", "timestamp": "2025-05-26T16:57:00.372893", "fields_extracted": 19, "message": "Custom metric: fields_extracted=19"}
{"event": "custom_metric", "session_id": "9492856d-b4b2-4be7-9192-144179cc13ca", "request_id": "1447c817-3997-404d-bb9c-5d5fefe5feda", "endpoint": "/resume", "timestamp": "2025-05-26T16:57:00.372893", "skills_count": 0, "message": "Custom metric: skills_count=0"}
{"event": "custom_metric", "session_id": "9492856d-b4b2-4be7-9192-144179cc13ca", "request_id": "1447c817-3997-404d-bb9c-5d5fefe5feda", "endpoint": "/resume", "timestamp": "2025-05-26T16:57:00.372893", "education_count": 0, "message": "Custom metric: education_count=0"}
{"event": "custom_metric", "session_id": "9492856d-b4b2-4be7-9192-144179cc13ca", "request_id": "1447c817-3997-404d-bb9c-5d5fefe5feda", "endpoint": "/resume", "timestamp": "2025-05-26T16:57:00.373894", "experience_count": 0, "message": "Custom metric: experience_count=0"}
{"event": "custom_metric", "session_id": "9492856d-b4b2-4be7-9192-144179cc13ca", "request_id": "1447c817-3997-404d-bb9c-5d5fefe5feda", "endpoint": "/resume", "timestamp": "2025-05-26T16:57:00.373894", "total_processing_time": 15.526461124420166, "message": "Custom metric: total_processing_time=15.526461124420166"}
{"event": "request_complete", "session_id": "9492856d-b4b2-4be7-9192-144179cc13ca", "request_id": "1447c817-3997-404d-bb9c-5d5fefe5feda", "endpoint": "/resume", "timestamp": "2025-05-26T16:57:00.374895", "total_time_seconds": 15.531463384628296, "status_code": 200, "message": "Request completed in 15.5315s with status 200"}
{"event": "session_end", "session_id": "9492856d-b4b2-4be7-9192-144179cc13ca", "timestamp": "2025-05-26T16:58:05.506181", "message": "API session ended"}
