{"event": "session_start", "session_id": "deedc9d1-f1d0-4840-b043-537a549bcfd4", "timestamp": "2025-05-16T21:04:22.976187", "message": "New API session started"}
{"event": "request_start", "session_id": "deedc9d1-f1d0-4840-b043-537a549bcfd4", "request_id": "158be9f1-ad8c-41ee-a015-3dcc41470822", "endpoint": "/intervet2", "timestamp": "2025-05-16T21:23:08.312657", "message": "Request started for endpoint: /intervet2"}
{"event": "custom_metric", "session_id": "deedc9d1-f1d0-4840-b043-537a549bcfd4", "request_id": "158be9f1-ad8c-41ee-a015-3dcc41470822", "endpoint": "/intervet2", "timestamp": "2025-05-16T21:23:08.317501", "endpoint_type": "intervet2", "message": "Custom metric: endpoint_type=intervet2"}
{"event": "custom_metric", "session_id": "deedc9d1-f1d0-4840-b043-537a549bcfd4", "request_id": "158be9f1-ad8c-41ee-a015-3dcc41470822", "endpoint": "/intervet2", "timestamp": "2025-05-16T21:23:08.362033", "file_type": "pdf", "message": "Custom metric: file_type=pdf"}
{"event": "custom_metric", "session_id": "deedc9d1-f1d0-4840-b043-537a549bcfd4", "request_id": "158be9f1-ad8c-41ee-a015-3dcc41470822", "endpoint": "/intervet2", "timestamp": "2025-05-16T21:23:08.362033", "file_size_bytes": 88356, "message": "Custom metric: file_size_bytes=88356"}
{"event": "custom_metric", "session_id": "deedc9d1-f1d0-4840-b043-537a549bcfd4", "request_id": "158be9f1-ad8c-41ee-a015-3dcc41470822", "endpoint": "/intervet2", "timestamp": "2025-05-16T21:23:08.363552", "extraction_method": "pdf_text", "message": "Custom metric: extraction_method=pdf_text"}
{"event": "custom_metric", "session_id": "deedc9d1-f1d0-4840-b043-537a549bcfd4", "request_id": "158be9f1-ad8c-41ee-a015-3dcc41470822", "endpoint": "/intervet2", "timestamp": "2025-05-16T21:23:08.363552", "extracted_text_length": 3871, "message": "Custom metric: extracted_text_length=3871"}
{"event": "custom_metric", "session_id": "deedc9d1-f1d0-4840-b043-537a549bcfd4", "request_id": "158be9f1-ad8c-41ee-a015-3dcc41470822", "endpoint": "/intervet2", "timestamp": "2025-05-16T21:23:08.363552", "file_processing_time": 0.04186272621154785, "message": "Custom metric: file_processing_time=0.04186272621154785"}
{"event": "custom_metric", "session_id": "deedc9d1-f1d0-4840-b043-537a549bcfd4", "request_id": "158be9f1-ad8c-41ee-a015-3dcc41470822", "endpoint": "/intervet2", "timestamp": "2025-05-16T21:23:08.409755", "file_type": "pdf", "message": "Custom metric: file_type=pdf"}
{"event": "custom_metric", "session_id": "deedc9d1-f1d0-4840-b043-537a549bcfd4", "request_id": "158be9f1-ad8c-41ee-a015-3dcc41470822", "endpoint": "/intervet2", "timestamp": "2025-05-16T21:23:08.409755", "file_size_bytes": 43309, "message": "Custom metric: file_size_bytes=43309"}
{"event": "custom_metric", "session_id": "deedc9d1-f1d0-4840-b043-537a549bcfd4", "request_id": "158be9f1-ad8c-41ee-a015-3dcc41470822", "endpoint": "/intervet2", "timestamp": "2025-05-16T21:23:08.409755", "extraction_method": "pdf_text", "message": "Custom metric: extraction_method=pdf_text"}
{"event": "custom_metric", "session_id": "deedc9d1-f1d0-4840-b043-537a549bcfd4", "request_id": "158be9f1-ad8c-41ee-a015-3dcc41470822", "endpoint": "/intervet2", "timestamp": "2025-05-16T21:23:08.409755", "extracted_text_length": 2241, "message": "Custom metric: extracted_text_length=2241"}
{"event": "custom_metric", "session_id": "deedc9d1-f1d0-4840-b043-537a549bcfd4", "request_id": "158be9f1-ad8c-41ee-a015-3dcc41470822", "endpoint": "/intervet2", "timestamp": "2025-05-16T21:23:08.409755", "file_processing_time": 0.04519295692443848, "message": "Custom metric: file_processing_time=0.04519295692443848"}
{"event": "custom_metric", "session_id": "deedc9d1-f1d0-4840-b043-537a549bcfd4", "request_id": "158be9f1-ad8c-41ee-a015-3dcc41470822", "endpoint": "/intervet2", "timestamp": "2025-05-16T21:23:08.410755", "resume_extraction_time": 0.04338192939758301, "message": "Custom metric: resume_extraction_time=0.04338192939758301"}
{"event": "custom_metric", "session_id": "deedc9d1-f1d0-4840-b043-537a549bcfd4", "request_id": "158be9f1-ad8c-41ee-a015-3dcc41470822", "endpoint": "/intervet2", "timestamp": "2025-05-16T21:23:08.410755", "jd_extraction_time": 0.04720258712768555, "message": "Custom metric: jd_extraction_time=0.04720258712768555"}
{"event": "custom_metric", "session_id": "deedc9d1-f1d0-4840-b043-537a549bcfd4", "request_id": "158be9f1-ad8c-41ee-a015-3dcc41470822", "endpoint": "/intervet2", "timestamp": "2025-05-16T21:23:08.410755", "resume_text_length": 3871, "message": "Custom metric: resume_text_length=3871"}
{"event": "custom_metric", "session_id": "deedc9d1-f1d0-4840-b043-537a549bcfd4", "request_id": "158be9f1-ad8c-41ee-a015-3dcc41470822", "endpoint": "/intervet2", "timestamp": "2025-05-16T21:23:08.410755", "jd_text_length": 2241, "message": "Custom metric: jd_text_length=2241"}
{"event": "custom_metric", "session_id": "deedc9d1-f1d0-4840-b043-537a549bcfd4", "request_id": "158be9f1-ad8c-41ee-a015-3dcc41470822", "endpoint": "/intervet2", "timestamp": "2025-05-16T21:23:54.830707", "resume_parsing_time": 30.67727303504944, "message": "Custom metric: resume_parsing_time=30.67727303504944"}
{"event": "custom_metric", "session_id": "deedc9d1-f1d0-4840-b043-537a549bcfd4", "request_id": "158be9f1-ad8c-41ee-a015-3dcc41470822", "endpoint": "/intervet2", "timestamp": "2025-05-16T21:23:54.830707", "jd_parsing_time": 15.742140293121338, "message": "Custom metric: jd_parsing_time=15.742140293121338"}
{"event": "custom_metric", "session_id": "deedc9d1-f1d0-4840-b043-537a549bcfd4", "request_id": "158be9f1-ad8c-41ee-a015-3dcc41470822", "endpoint": "/intervet2", "timestamp": "2025-05-16T21:23:54.845799", "evaluation_time": 0.015091657638549805, "message": "Custom metric: evaluation_time=0.015091657638549805"}
{"event": "custom_metric", "session_id": "deedc9d1-f1d0-4840-b043-537a549bcfd4", "request_id": "158be9f1-ad8c-41ee-a015-3dcc41470822", "endpoint": "/intervet2", "timestamp": "2025-05-16T21:23:54.845799", "total_score": 31.22222222222222, "message": "Custom metric: total_score=31.22222222222222"}
{"event": "custom_metric", "session_id": "deedc9d1-f1d0-4840-b043-537a549bcfd4", "request_id": "158be9f1-ad8c-41ee-a015-3dcc41470822", "endpoint": "/intervet2", "timestamp": "2025-05-16T21:23:54.847077", "fit_category": "Weak Match", "message": "Custom metric: fit_category=Weak Match"}
{"event": "request_complete", "session_id": "deedc9d1-f1d0-4840-b043-537a549bcfd4", "request_id": "158be9f1-ad8c-41ee-a015-3dcc41470822", "endpoint": "/intervet2", "timestamp": "2025-05-16T21:23:54.868471", "total_time_seconds": 46.555813789367676, "status_code": 200, "message": "Request completed in 46.5558s with status 200"}
