{"event": "session_start", "session_id": "529f7a14-981d-4dbe-882e-f0063d3739ed", "timestamp": "2025-05-26T16:45:22.841421", "message": "New API session started"}
{"event": "request_start", "session_id": "529f7a14-981d-4dbe-882e-f0063d3739ed", "request_id": "e7986f53-8dae-4dbe-acfb-3200b09c2477", "endpoint": "/docs", "timestamp": "2025-05-26T16:45:25.047558", "message": "Request started for endpoint: /docs"}
{"event": "request_complete", "session_id": "529f7a14-981d-4dbe-882e-f0063d3739ed", "request_id": "e7986f53-8dae-4dbe-acfb-3200b09c2477", "endpoint": "/docs", "timestamp": "2025-05-26T16:45:25.047558", "total_time_seconds": 0.0, "status_code": 200, "message": "Request completed in 0.0000s with status 200"}
{"event": "request_start", "session_id": "529f7a14-981d-4dbe-882e-f0063d3739ed", "request_id": "957b5f92-a8c0-4a4a-b8be-63abc74cdbc1", "endpoint": "/openapi.json", "timestamp": "2025-05-26T16:45:25.135548", "message": "Request started for endpoint: /openapi.json"}
{"event": "request_complete", "session_id": "529f7a14-981d-4dbe-882e-f0063d3739ed", "request_id": "957b5f92-a8c0-4a4a-b8be-63abc74cdbc1", "endpoint": "/openapi.json", "timestamp": "2025-05-26T16:45:25.144580", "total_time_seconds": 0.009032011032104492, "status_code": 200, "message": "Request completed in 0.0090s with status 200"}
{"event": "request_start", "session_id": "529f7a14-981d-4dbe-882e-f0063d3739ed", "request_id": "6ffd9b8b-3a5a-4193-a068-f243882626c4", "endpoint": "/resume", "timestamp": "2025-05-26T16:45:30.955731", "message": "Request started for endpoint: /resume"}
{"event": "custom_metric", "session_id": "529f7a14-981d-4dbe-882e-f0063d3739ed", "request_id": "6ffd9b8b-3a5a-4193-a068-f243882626c4", "endpoint": "resume", "timestamp": "2025-05-26T16:45:30.957733", "message": "Custom metric: endpoint=resume"}
{"event": "custom_metric", "session_id": "529f7a14-981d-4dbe-882e-f0063d3739ed", "request_id": "6ffd9b8b-3a5a-4193-a068-f243882626c4", "endpoint": "/resume", "timestamp": "2025-05-26T16:45:30.957733", "file_name": "Resume-Raman Luhach.pdf", "message": "Custom metric: file_name=Resume-Raman Luhach.pdf"}
{"event": "custom_metric", "session_id": "529f7a14-981d-4dbe-882e-f0063d3739ed", "request_id": "6ffd9b8b-3a5a-4193-a068-f243882626c4", "endpoint": "/resume", "timestamp": "2025-05-26T16:45:30.957733", "file_type": "pdf", "message": "Custom metric: file_type=pdf"}
{"event": "custom_metric", "session_id": "529f7a14-981d-4dbe-882e-f0063d3739ed", "request_id": "6ffd9b8b-3a5a-4193-a068-f243882626c4", "endpoint": "/resume", "timestamp": "2025-05-26T16:45:30.959731", "file_size": 73845, "message": "Custom metric: file_size=73845"}
{"event": "custom_metric", "session_id": "529f7a14-981d-4dbe-882e-f0063d3739ed", "request_id": "6ffd9b8b-3a5a-4193-a068-f243882626c4", "endpoint": "/resume", "timestamp": "2025-05-26T16:45:30.979764", "file_type": "pdf", "message": "Custom metric: file_type=pdf"}
{"event": "custom_metric", "session_id": "529f7a14-981d-4dbe-882e-f0063d3739ed", "request_id": "6ffd9b8b-3a5a-4193-a068-f243882626c4", "endpoint": "/resume", "timestamp": "2025-05-26T16:45:30.979764", "file_size_bytes": 73845, "message": "Custom metric: file_size_bytes=73845"}
{"event": "custom_metric", "session_id": "529f7a14-981d-4dbe-882e-f0063d3739ed", "request_id": "6ffd9b8b-3a5a-4193-a068-f243882626c4", "endpoint": "/resume", "timestamp": "2025-05-26T16:45:30.979764", "extraction_method": "pdf_text", "message": "Custom metric: extraction_method=pdf_text"}
{"event": "custom_metric", "session_id": "529f7a14-981d-4dbe-882e-f0063d3739ed", "request_id": "6ffd9b8b-3a5a-4193-a068-f243882626c4", "endpoint": "/resume", "timestamp": "2025-05-26T16:45:30.979764", "extracted_text_length": 2214, "message": "Custom metric: extracted_text_length=2214"}
{"event": "custom_metric", "session_id": "529f7a14-981d-4dbe-882e-f0063d3739ed", "request_id": "6ffd9b8b-3a5a-4193-a068-f243882626c4", "endpoint": "/resume", "timestamp": "2025-05-26T16:45:30.979764", "file_processing_time": 0.020033597946166992, "message": "Custom metric: file_processing_time=0.020033597946166992"}
{"event": "custom_metric", "session_id": "529f7a14-981d-4dbe-882e-f0063d3739ed", "request_id": "6ffd9b8b-3a5a-4193-a068-f243882626c4", "endpoint": "/resume", "timestamp": "2025-05-26T16:45:30.980764", "text_extraction_time": 0.021033763885498047, "message": "Custom metric: text_extraction_time=0.021033763885498047"}
{"event": "custom_metric", "session_id": "529f7a14-981d-4dbe-882e-f0063d3739ed", "request_id": "6ffd9b8b-3a5a-4193-a068-f243882626c4", "endpoint": "/resume", "timestamp": "2025-05-26T16:45:30.980764", "extracted_text_length": 2214, "message": "Custom metric: extracted_text_length=2214"}
{"event": "custom_metric", "session_id": "529f7a14-981d-4dbe-882e-f0063d3739ed", "request_id": "6ffd9b8b-3a5a-4193-a068-f243882626c4", "endpoint": "/resume", "timestamp": "2025-05-26T16:45:44.001221", "parsing_time": 13.020456552505493, "message": "Custom metric: parsing_time=13.020456552505493"}
{"event": "custom_metric", "session_id": "529f7a14-981d-4dbe-882e-f0063d3739ed", "request_id": "6ffd9b8b-3a5a-4193-a068-f243882626c4", "endpoint": "/resume", "timestamp": "2025-05-26T16:45:44.001221", "confidence_score": 0.47, "message": "Custom metric: confidence_score=0.47"}
{"event": "custom_metric", "session_id": "529f7a14-981d-4dbe-882e-f0063d3739ed", "request_id": "6ffd9b8b-3a5a-4193-a068-f243882626c4", "endpoint": "/resume", "timestamp": "2025-05-26T16:45:44.001221", "fields_extracted": 20, "message": "Custom metric: fields_extracted=20"}
{"event": "custom_metric", "session_id": "529f7a14-981d-4dbe-882e-f0063d3739ed", "request_id": "6ffd9b8b-3a5a-4193-a068-f243882626c4", "endpoint": "/resume", "timestamp": "2025-05-26T16:45:44.001221", "skills_count": 0, "message": "Custom metric: skills_count=0"}
{"event": "custom_metric", "session_id": "529f7a14-981d-4dbe-882e-f0063d3739ed", "request_id": "6ffd9b8b-3a5a-4193-a068-f243882626c4", "endpoint": "/resume", "timestamp": "2025-05-26T16:45:44.001221", "education_count": 3, "message": "Custom metric: education_count=3"}
{"event": "custom_metric", "session_id": "529f7a14-981d-4dbe-882e-f0063d3739ed", "request_id": "6ffd9b8b-3a5a-4193-a068-f243882626c4", "endpoint": "/resume", "timestamp": "2025-05-26T16:45:44.001221", "experience_count": 0, "message": "Custom metric: experience_count=0"}
{"event": "custom_metric", "session_id": "529f7a14-981d-4dbe-882e-f0063d3739ed", "request_id": "6ffd9b8b-3a5a-4193-a068-f243882626c4", "endpoint": "/resume", "timestamp": "2025-05-26T16:45:44.001221", "total_processing_time": 13.041490316390991, "message": "Custom metric: total_processing_time=13.041490316390991"}
{"event": "request_complete", "session_id": "529f7a14-981d-4dbe-882e-f0063d3739ed", "request_id": "6ffd9b8b-3a5a-4193-a068-f243882626c4", "endpoint": "/resume", "timestamp": "2025-05-26T16:45:44.002219", "total_time_seconds": 13.046488523483276, "status_code": 200, "message": "Request completed in 13.0465s with status 200"}
{"event": "session_end", "session_id": "529f7a14-981d-4dbe-882e-f0063d3739ed", "timestamp": "2025-05-26T16:53:12.124176", "message": "API session ended"}
