{"event": "session_start", "session_id": "0a830599-63b0-4b90-b308-6a739756c20f", "timestamp": "2025-05-22T22:23:56.612537", "message": "New API session started"}
{"event": "request_start", "session_id": "0a830599-63b0-4b90-b308-6a739756c20f", "request_id": "e842f62e-5375-45d7-8983-d30a21ce4af1", "endpoint": "/resume", "timestamp": "2025-05-22T22:23:58.726067", "message": "Request started for endpoint: /resume"}
{"event": "custom_metric", "session_id": "0a830599-63b0-4b90-b308-6a739756c20f", "request_id": "e842f62e-5375-45d7-8983-d30a21ce4af1", "endpoint": "resume", "timestamp": "2025-05-22T22:23:58.727363", "message": "Custom metric: endpoint=resume"}
{"event": "custom_metric", "session_id": "0a830599-63b0-4b90-b308-6a739756c20f", "request_id": "e842f62e-5375-45d7-8983-d30a21ce4af1", "endpoint": "/resume", "timestamp": "2025-05-22T22:23:58.728394", "file_name": "Resume-Raman Luhach.pdf", "message": "Custom metric: file_name=Resume-Raman Luhach.pdf"}
{"event": "custom_metric", "session_id": "0a830599-63b0-4b90-b308-6a739756c20f", "request_id": "e842f62e-5375-45d7-8983-d30a21ce4af1", "endpoint": "/resume", "timestamp": "2025-05-22T22:23:58.728394", "file_type": "pdf", "message": "Custom metric: file_type=pdf"}
{"event": "custom_metric", "session_id": "0a830599-63b0-4b90-b308-6a739756c20f", "request_id": "e842f62e-5375-45d7-8983-d30a21ce4af1", "endpoint": "/resume", "timestamp": "2025-05-22T22:23:58.729394", "file_size": 73845, "message": "Custom metric: file_size=73845"}
{"event": "custom_metric", "session_id": "0a830599-63b0-4b90-b308-6a739756c20f", "request_id": "e842f62e-5375-45d7-8983-d30a21ce4af1", "endpoint": "/resume", "timestamp": "2025-05-22T22:23:58.740393", "file_type": "pdf", "message": "Custom metric: file_type=pdf"}
{"event": "custom_metric", "session_id": "0a830599-63b0-4b90-b308-6a739756c20f", "request_id": "e842f62e-5375-45d7-8983-d30a21ce4af1", "endpoint": "/resume", "timestamp": "2025-05-22T22:23:58.740393", "file_size_bytes": 73845, "message": "Custom metric: file_size_bytes=73845"}
{"event": "custom_metric", "session_id": "0a830599-63b0-4b90-b308-6a739756c20f", "request_id": "e842f62e-5375-45d7-8983-d30a21ce4af1", "endpoint": "/resume", "timestamp": "2025-05-22T22:23:58.740393", "extraction_method": "pdf_text", "message": "Custom metric: extraction_method=pdf_text"}
{"event": "custom_metric", "session_id": "0a830599-63b0-4b90-b308-6a739756c20f", "request_id": "e842f62e-5375-45d7-8983-d30a21ce4af1", "endpoint": "/resume", "timestamp": "2025-05-22T22:23:58.740393", "extracted_text_length": 2214, "message": "Custom metric: extracted_text_length=2214"}
{"event": "custom_metric", "session_id": "0a830599-63b0-4b90-b308-6a739756c20f", "request_id": "e842f62e-5375-45d7-8983-d30a21ce4af1", "endpoint": "/resume", "timestamp": "2025-05-22T22:23:58.740393", "file_processing_time": 0.010999202728271484, "message": "Custom metric: file_processing_time=0.010999202728271484"}
{"event": "custom_metric", "session_id": "0a830599-63b0-4b90-b308-6a739756c20f", "request_id": "e842f62e-5375-45d7-8983-d30a21ce4af1", "endpoint": "/resume", "timestamp": "2025-05-22T22:23:58.740393", "text_extraction_time": 0.010999202728271484, "message": "Custom metric: text_extraction_time=0.010999202728271484"}
{"event": "custom_metric", "session_id": "0a830599-63b0-4b90-b308-6a739756c20f", "request_id": "e842f62e-5375-45d7-8983-d30a21ce4af1", "endpoint": "/resume", "timestamp": "2025-05-22T22:23:58.740393", "extracted_text_length": 2214, "message": "Custom metric: extracted_text_length=2214"}
{"event": "custom_metric", "session_id": "0a830599-63b0-4b90-b308-6a739756c20f", "request_id": "e842f62e-5375-45d7-8983-d30a21ce4af1", "endpoint": "/resume", "timestamp": "2025-05-22T22:24:14.389823", "parsing_time": 15.64842963218689, "message": "Custom metric: parsing_time=15.64842963218689"}
{"event": "custom_metric", "session_id": "0a830599-63b0-4b90-b308-6a739756c20f", "request_id": "e842f62e-5375-45d7-8983-d30a21ce4af1", "endpoint": "/resume", "timestamp": "2025-05-22T22:24:14.389823", "confidence_score": 0.47, "message": "Custom metric: confidence_score=0.47"}
{"event": "custom_metric", "session_id": "0a830599-63b0-4b90-b308-6a739756c20f", "request_id": "e842f62e-5375-45d7-8983-d30a21ce4af1", "endpoint": "/resume", "timestamp": "2025-05-22T22:24:14.390827", "fields_extracted": 22, "message": "Custom metric: fields_extracted=22"}
{"event": "custom_metric", "session_id": "0a830599-63b0-4b90-b308-6a739756c20f", "request_id": "e842f62e-5375-45d7-8983-d30a21ce4af1", "endpoint": "/resume", "timestamp": "2025-05-22T22:24:14.390827", "skills_count": 0, "message": "Custom metric: skills_count=0"}
{"event": "custom_metric", "session_id": "0a830599-63b0-4b90-b308-6a739756c20f", "request_id": "e842f62e-5375-45d7-8983-d30a21ce4af1", "endpoint": "/resume", "timestamp": "2025-05-22T22:24:14.390827", "education_count": 0, "message": "Custom metric: education_count=0"}
{"event": "custom_metric", "session_id": "0a830599-63b0-4b90-b308-6a739756c20f", "request_id": "e842f62e-5375-45d7-8983-d30a21ce4af1", "endpoint": "/resume", "timestamp": "2025-05-22T22:24:14.390827", "experience_count": 0, "message": "Custom metric: experience_count=0"}
{"event": "custom_metric", "session_id": "0a830599-63b0-4b90-b308-6a739756c20f", "request_id": "e842f62e-5375-45d7-8983-d30a21ce4af1", "endpoint": "/resume", "timestamp": "2025-05-22T22:24:14.390827", "total_processing_time": 15.659428834915161, "message": "Custom metric: total_processing_time=15.659428834915161"}
{"event": "request_complete", "session_id": "0a830599-63b0-4b90-b308-6a739756c20f", "request_id": "e842f62e-5375-45d7-8983-d30a21ce4af1", "endpoint": "/resume", "timestamp": "2025-05-22T22:24:14.392832", "total_time_seconds": 15.666764259338379, "status_code": 200, "message": "Request completed in 15.6668s with status 200"}
{"event": "request_start", "session_id": "0a830599-63b0-4b90-b308-6a739756c20f", "request_id": "cc62ad29-79d9-4819-9c9d-da1874422edb", "endpoint": "/resume", "timestamp": "2025-05-22T22:28:52.690022", "message": "Request started for endpoint: /resume"}
{"event": "custom_metric", "session_id": "0a830599-63b0-4b90-b308-6a739756c20f", "request_id": "cc62ad29-79d9-4819-9c9d-da1874422edb", "endpoint": "resume", "timestamp": "2025-05-22T22:28:52.692015", "message": "Custom metric: endpoint=resume"}
{"event": "custom_metric", "session_id": "0a830599-63b0-4b90-b308-6a739756c20f", "request_id": "cc62ad29-79d9-4819-9c9d-da1874422edb", "endpoint": "/resume", "timestamp": "2025-05-22T22:28:52.693085", "file_name": "Resume-Raman Luhach.pdf", "message": "Custom metric: file_name=Resume-Raman Luhach.pdf"}
{"event": "custom_metric", "session_id": "0a830599-63b0-4b90-b308-6a739756c20f", "request_id": "cc62ad29-79d9-4819-9c9d-da1874422edb", "endpoint": "/resume", "timestamp": "2025-05-22T22:28:52.693085", "file_type": "pdf", "message": "Custom metric: file_type=pdf"}
{"event": "custom_metric", "session_id": "0a830599-63b0-4b90-b308-6a739756c20f", "request_id": "cc62ad29-79d9-4819-9c9d-da1874422edb", "endpoint": "/resume", "timestamp": "2025-05-22T22:28:52.693085", "file_size": 73845, "message": "Custom metric: file_size=73845"}
{"event": "custom_metric", "session_id": "0a830599-63b0-4b90-b308-6a739756c20f", "request_id": "cc62ad29-79d9-4819-9c9d-da1874422edb", "endpoint": "/resume", "timestamp": "2025-05-22T22:28:52.705284", "file_type": "pdf", "message": "Custom metric: file_type=pdf"}
{"event": "custom_metric", "session_id": "0a830599-63b0-4b90-b308-6a739756c20f", "request_id": "cc62ad29-79d9-4819-9c9d-da1874422edb", "endpoint": "/resume", "timestamp": "2025-05-22T22:28:52.705284", "file_size_bytes": 73845, "message": "Custom metric: file_size_bytes=73845"}
{"event": "custom_metric", "session_id": "0a830599-63b0-4b90-b308-6a739756c20f", "request_id": "cc62ad29-79d9-4819-9c9d-da1874422edb", "endpoint": "/resume", "timestamp": "2025-05-22T22:28:52.705284", "extraction_method": "pdf_text", "message": "Custom metric: extraction_method=pdf_text"}
{"event": "custom_metric", "session_id": "0a830599-63b0-4b90-b308-6a739756c20f", "request_id": "cc62ad29-79d9-4819-9c9d-da1874422edb", "endpoint": "/resume", "timestamp": "2025-05-22T22:28:52.705284", "extracted_text_length": 2214, "message": "Custom metric: extracted_text_length=2214"}
{"event": "custom_metric", "session_id": "0a830599-63b0-4b90-b308-6a739756c20f", "request_id": "cc62ad29-79d9-4819-9c9d-da1874422edb", "endpoint": "/resume", "timestamp": "2025-05-22T22:28:52.705284", "file_processing_time": 0.012198925018310547, "message": "Custom metric: file_processing_time=0.012198925018310547"}
{"event": "custom_metric", "session_id": "0a830599-63b0-4b90-b308-6a739756c20f", "request_id": "cc62ad29-79d9-4819-9c9d-da1874422edb", "endpoint": "/resume", "timestamp": "2025-05-22T22:28:52.705284", "text_extraction_time": 0.012198925018310547, "message": "Custom metric: text_extraction_time=0.012198925018310547"}
{"event": "custom_metric", "session_id": "0a830599-63b0-4b90-b308-6a739756c20f", "request_id": "cc62ad29-79d9-4819-9c9d-da1874422edb", "endpoint": "/resume", "timestamp": "2025-05-22T22:28:52.706285", "extracted_text_length": 2214, "message": "Custom metric: extracted_text_length=2214"}
{"event": "custom_metric", "session_id": "0a830599-63b0-4b90-b308-6a739756c20f", "request_id": "cc62ad29-79d9-4819-9c9d-da1874422edb", "endpoint": "/resume", "timestamp": "2025-05-22T22:29:06.053092", "parsing_time": 13.34680700302124, "message": "Custom metric: parsing_time=13.34680700302124"}
{"event": "custom_metric", "session_id": "0a830599-63b0-4b90-b308-6a739756c20f", "request_id": "cc62ad29-79d9-4819-9c9d-da1874422edb", "endpoint": "/resume", "timestamp": "2025-05-22T22:29:06.053092", "confidence_score": 0.47, "message": "Custom metric: confidence_score=0.47"}
{"event": "custom_metric", "session_id": "0a830599-63b0-4b90-b308-6a739756c20f", "request_id": "cc62ad29-79d9-4819-9c9d-da1874422edb", "endpoint": "/resume", "timestamp": "2025-05-22T22:29:06.053092", "fields_extracted": 22, "message": "Custom metric: fields_extracted=22"}
{"event": "custom_metric", "session_id": "0a830599-63b0-4b90-b308-6a739756c20f", "request_id": "cc62ad29-79d9-4819-9c9d-da1874422edb", "endpoint": "/resume", "timestamp": "2025-05-22T22:29:06.053092", "skills_count": 0, "message": "Custom metric: skills_count=0"}
{"event": "custom_metric", "session_id": "0a830599-63b0-4b90-b308-6a739756c20f", "request_id": "cc62ad29-79d9-4819-9c9d-da1874422edb", "endpoint": "/resume", "timestamp": "2025-05-22T22:29:06.053092", "education_count": 0, "message": "Custom metric: education_count=0"}
{"event": "custom_metric", "session_id": "0a830599-63b0-4b90-b308-6a739756c20f", "request_id": "cc62ad29-79d9-4819-9c9d-da1874422edb", "endpoint": "/resume", "timestamp": "2025-05-22T22:29:06.053092", "experience_count": 0, "message": "Custom metric: experience_count=0"}
{"event": "custom_metric", "session_id": "0a830599-63b0-4b90-b308-6a739756c20f", "request_id": "cc62ad29-79d9-4819-9c9d-da1874422edb", "endpoint": "/resume", "timestamp": "2025-05-22T22:29:06.054092", "total_processing_time": 13.35900592803955, "message": "Custom metric: total_processing_time=13.35900592803955"}
{"event": "request_complete", "session_id": "0a830599-63b0-4b90-b308-6a739756c20f", "request_id": "cc62ad29-79d9-4819-9c9d-da1874422edb", "endpoint": "/resume", "timestamp": "2025-05-22T22:29:06.054092", "total_time_seconds": 13.364070415496826, "status_code": 200, "message": "Request completed in 13.3641s with status 200"}
{"event": "session_end", "session_id": "0a830599-63b0-4b90-b308-6a739756c20f", "timestamp": "2025-05-22T22:29:06.156808", "message": "API session ended"}
