{"event": "session_start", "session_id": "c49e0719-6ff9-49d6-a5b5-561967cb2db0", "timestamp": "2025-05-26T17:12:20.721297", "message": "New API session started"}
{"event": "request_start", "session_id": "c49e0719-6ff9-49d6-a5b5-561967cb2db0", "request_id": "e1fb3f46-2585-4a21-92cb-84009ca989d8", "endpoint": "/resume", "timestamp": "2025-05-26T17:12:26.103723", "message": "Request started for endpoint: /resume"}
{"event": "custom_metric", "session_id": "c49e0719-6ff9-49d6-a5b5-561967cb2db0", "request_id": "e1fb3f46-2585-4a21-92cb-84009ca989d8", "endpoint": "resume", "timestamp": "2025-05-26T17:12:26.105300", "message": "Custom metric: endpoint=resume"}
{"event": "custom_metric", "session_id": "c49e0719-6ff9-49d6-a5b5-561967cb2db0", "request_id": "e1fb3f46-2585-4a21-92cb-84009ca989d8", "endpoint": "/resume", "timestamp": "2025-05-26T17:12:26.105300", "file_name": "Resume-Raman Luhach.pdf", "message": "Custom metric: file_name=Resume-Raman Luhach.pdf"}
{"event": "custom_metric", "session_id": "c49e0719-6ff9-49d6-a5b5-561967cb2db0", "request_id": "e1fb3f46-2585-4a21-92cb-84009ca989d8", "endpoint": "/resume", "timestamp": "2025-05-26T17:12:26.105300", "file_type": "pdf", "message": "Custom metric: file_type=pdf"}
{"event": "custom_metric", "session_id": "c49e0719-6ff9-49d6-a5b5-561967cb2db0", "request_id": "e1fb3f46-2585-4a21-92cb-84009ca989d8", "endpoint": "/resume", "timestamp": "2025-05-26T17:12:26.107305", "file_size": 73845, "message": "Custom metric: file_size=73845"}
{"event": "custom_metric", "session_id": "c49e0719-6ff9-49d6-a5b5-561967cb2db0", "request_id": "e1fb3f46-2585-4a21-92cb-84009ca989d8", "endpoint": "/resume", "timestamp": "2025-05-26T17:12:26.120307", "file_type": "pdf", "message": "Custom metric: file_type=pdf"}
{"event": "custom_metric", "session_id": "c49e0719-6ff9-49d6-a5b5-561967cb2db0", "request_id": "e1fb3f46-2585-4a21-92cb-84009ca989d8", "endpoint": "/resume", "timestamp": "2025-05-26T17:12:26.120307", "file_size_bytes": 73845, "message": "Custom metric: file_size_bytes=73845"}
{"event": "custom_metric", "session_id": "c49e0719-6ff9-49d6-a5b5-561967cb2db0", "request_id": "e1fb3f46-2585-4a21-92cb-84009ca989d8", "endpoint": "/resume", "timestamp": "2025-05-26T17:12:26.120307", "extraction_method": "pdf_text", "message": "Custom metric: extraction_method=pdf_text"}
{"event": "custom_metric", "session_id": "c49e0719-6ff9-49d6-a5b5-561967cb2db0", "request_id": "e1fb3f46-2585-4a21-92cb-84009ca989d8", "endpoint": "/resume", "timestamp": "2025-05-26T17:12:26.120307", "extracted_text_length": 2214, "message": "Custom metric: extracted_text_length=2214"}
{"event": "custom_metric", "session_id": "c49e0719-6ff9-49d6-a5b5-561967cb2db0", "request_id": "e1fb3f46-2585-4a21-92cb-84009ca989d8", "endpoint": "/resume", "timestamp": "2025-05-26T17:12:26.120307", "file_processing_time": 0.013002395629882812, "message": "Custom metric: file_processing_time=0.013002395629882812"}
{"event": "custom_metric", "session_id": "c49e0719-6ff9-49d6-a5b5-561967cb2db0", "request_id": "e1fb3f46-2585-4a21-92cb-84009ca989d8", "endpoint": "/resume", "timestamp": "2025-05-26T17:12:26.121307", "text_extraction_time": 0.014002323150634766, "message": "Custom metric: text_extraction_time=0.014002323150634766"}
{"event": "custom_metric", "session_id": "c49e0719-6ff9-49d6-a5b5-561967cb2db0", "request_id": "e1fb3f46-2585-4a21-92cb-84009ca989d8", "endpoint": "/resume", "timestamp": "2025-05-26T17:12:26.121307", "extracted_text_length": 2214, "message": "Custom metric: extracted_text_length=2214"}
{"event": "custom_metric", "session_id": "c49e0719-6ff9-49d6-a5b5-561967cb2db0", "request_id": "e1fb3f46-2585-4a21-92cb-84009ca989d8", "endpoint": "/resume", "timestamp": "2025-05-26T17:12:26.121307", "parsing_time": 0.0, "message": "Custom metric: parsing_time=0.0"}
{"event": "custom_metric", "session_id": "c49e0719-6ff9-49d6-a5b5-561967cb2db0", "request_id": "e1fb3f46-2585-4a21-92cb-84009ca989d8", "endpoint": "/resume", "timestamp": "2025-05-26T17:12:26.121307", "confidence_score": 0.36, "message": "Custom metric: confidence_score=0.36"}
{"event": "custom_metric", "session_id": "c49e0719-6ff9-49d6-a5b5-561967cb2db0", "request_id": "e1fb3f46-2585-4a21-92cb-84009ca989d8", "endpoint": "/resume", "timestamp": "2025-05-26T17:12:26.122556", "fields_extracted": 21, "message": "Custom metric: fields_extracted=21"}
{"event": "custom_metric", "session_id": "c49e0719-6ff9-49d6-a5b5-561967cb2db0", "request_id": "e1fb3f46-2585-4a21-92cb-84009ca989d8", "endpoint": "/resume", "timestamp": "2025-05-26T17:12:26.122556", "skills_count": 0, "message": "Custom metric: skills_count=0"}
{"event": "custom_metric", "session_id": "c49e0719-6ff9-49d6-a5b5-561967cb2db0", "request_id": "e1fb3f46-2585-4a21-92cb-84009ca989d8", "endpoint": "/resume", "timestamp": "2025-05-26T17:12:26.122556", "education_count": 0, "message": "Custom metric: education_count=0"}
{"event": "custom_metric", "session_id": "c49e0719-6ff9-49d6-a5b5-561967cb2db0", "request_id": "e1fb3f46-2585-4a21-92cb-84009ca989d8", "endpoint": "/resume", "timestamp": "2025-05-26T17:12:26.122556", "experience_count": 0, "message": "Custom metric: experience_count=0"}
{"event": "custom_metric", "session_id": "c49e0719-6ff9-49d6-a5b5-561967cb2db0", "request_id": "e1fb3f46-2585-4a21-92cb-84009ca989d8", "endpoint": "/resume", "timestamp": "2025-05-26T17:12:26.122556", "total_processing_time": 0.014002323150634766, "message": "Custom metric: total_processing_time=0.014002323150634766"}
{"event": "request_complete", "session_id": "c49e0719-6ff9-49d6-a5b5-561967cb2db0", "request_id": "e1fb3f46-2585-4a21-92cb-84009ca989d8", "endpoint": "/resume", "timestamp": "2025-05-26T17:12:26.123604", "total_time_seconds": 0.01988077163696289, "status_code": 200, "message": "Request completed in 0.0199s with status 200"}
{"event": "session_end", "session_id": "c49e0719-6ff9-49d6-a5b5-561967cb2db0", "timestamp": "2025-05-26T17:12:33.358683", "message": "API session ended"}
