{"event": "session_start", "session_id": "20617950-8c64-4d16-aeca-2050996b196d", "timestamp": "2025-05-26T16:58:09.373630", "message": "New API session started"}
{"event": "request_start", "session_id": "20617950-8c64-4d16-aeca-2050996b196d", "request_id": "35eb8302-4c09-485d-b9b4-8931df764706", "endpoint": "/resume", "timestamp": "2025-05-26T16:58:12.998804", "message": "Request started for endpoint: /resume"}
{"event": "custom_metric", "session_id": "20617950-8c64-4d16-aeca-2050996b196d", "request_id": "35eb8302-4c09-485d-b9b4-8931df764706", "endpoint": "resume", "timestamp": "2025-05-26T16:58:13.000359", "message": "Custom metric: endpoint=resume"}
{"event": "custom_metric", "session_id": "20617950-8c64-4d16-aeca-2050996b196d", "request_id": "35eb8302-4c09-485d-b9b4-8931df764706", "endpoint": "/resume", "timestamp": "2025-05-26T16:58:13.012992", "file_name": "Resume-Raman Luhach.pdf", "message": "Custom metric: file_name=Resume-Raman Luhach.pdf"}
{"event": "custom_metric", "session_id": "20617950-8c64-4d16-aeca-2050996b196d", "request_id": "35eb8302-4c09-485d-b9b4-8931df764706", "endpoint": "/resume", "timestamp": "2025-05-26T16:58:13.012992", "file_type": "pdf", "message": "Custom metric: file_type=pdf"}
{"event": "custom_metric", "session_id": "20617950-8c64-4d16-aeca-2050996b196d", "request_id": "35eb8302-4c09-485d-b9b4-8931df764706", "endpoint": "/resume", "timestamp": "2025-05-26T16:58:13.013991", "file_size": 73845, "message": "Custom metric: file_size=73845"}
{"event": "custom_metric", "session_id": "20617950-8c64-4d16-aeca-2050996b196d", "request_id": "35eb8302-4c09-485d-b9b4-8931df764706", "endpoint": "/resume", "timestamp": "2025-05-26T16:58:13.026003", "file_type": "pdf", "message": "Custom metric: file_type=pdf"}
{"event": "custom_metric", "session_id": "20617950-8c64-4d16-aeca-2050996b196d", "request_id": "35eb8302-4c09-485d-b9b4-8931df764706", "endpoint": "/resume", "timestamp": "2025-05-26T16:58:13.026003", "file_size_bytes": 73845, "message": "Custom metric: file_size_bytes=73845"}
{"event": "custom_metric", "session_id": "20617950-8c64-4d16-aeca-2050996b196d", "request_id": "35eb8302-4c09-485d-b9b4-8931df764706", "endpoint": "/resume", "timestamp": "2025-05-26T16:58:13.026003", "extraction_method": "pdf_text", "message": "Custom metric: extraction_method=pdf_text"}
{"event": "custom_metric", "session_id": "20617950-8c64-4d16-aeca-2050996b196d", "request_id": "35eb8302-4c09-485d-b9b4-8931df764706", "endpoint": "/resume", "timestamp": "2025-05-26T16:58:13.027003", "extracted_text_length": 2214, "message": "Custom metric: extracted_text_length=2214"}
{"event": "custom_metric", "session_id": "20617950-8c64-4d16-aeca-2050996b196d", "request_id": "35eb8302-4c09-485d-b9b4-8931df764706", "endpoint": "/resume", "timestamp": "2025-05-26T16:58:13.027003", "file_processing_time": 0.011010885238647461, "message": "Custom metric: file_processing_time=0.011010885238647461"}
{"event": "custom_metric", "session_id": "20617950-8c64-4d16-aeca-2050996b196d", "request_id": "35eb8302-4c09-485d-b9b4-8931df764706", "endpoint": "/resume", "timestamp": "2025-05-26T16:58:13.027003", "text_extraction_time": 0.012011051177978516, "message": "Custom metric: text_extraction_time=0.012011051177978516"}
{"event": "custom_metric", "session_id": "20617950-8c64-4d16-aeca-2050996b196d", "request_id": "35eb8302-4c09-485d-b9b4-8931df764706", "endpoint": "/resume", "timestamp": "2025-05-26T16:58:13.027003", "extracted_text_length": 2214, "message": "Custom metric: extracted_text_length=2214"}
{"event": "custom_metric", "session_id": "20617950-8c64-4d16-aeca-2050996b196d", "request_id": "35eb8302-4c09-485d-b9b4-8931df764706", "endpoint": "/resume", "timestamp": "2025-05-26T16:58:27.103255", "parsing_time": 14.076251983642578, "message": "Custom metric: parsing_time=14.076251983642578"}
{"event": "custom_metric", "session_id": "20617950-8c64-4d16-aeca-2050996b196d", "request_id": "35eb8302-4c09-485d-b9b4-8931df764706", "endpoint": "/resume", "timestamp": "2025-05-26T16:58:27.103255", "confidence_score": 0.4, "message": "Custom metric: confidence_score=0.4"}
{"event": "custom_metric", "session_id": "20617950-8c64-4d16-aeca-2050996b196d", "request_id": "35eb8302-4c09-485d-b9b4-8931df764706", "endpoint": "/resume", "timestamp": "2025-05-26T16:58:27.103255", "fields_extracted": 19, "message": "Custom metric: fields_extracted=19"}
{"event": "custom_metric", "session_id": "20617950-8c64-4d16-aeca-2050996b196d", "request_id": "35eb8302-4c09-485d-b9b4-8931df764706", "endpoint": "/resume", "timestamp": "2025-05-26T16:58:27.104256", "skills_count": 0, "message": "Custom metric: skills_count=0"}
{"event": "custom_metric", "session_id": "20617950-8c64-4d16-aeca-2050996b196d", "request_id": "35eb8302-4c09-485d-b9b4-8931df764706", "endpoint": "/resume", "timestamp": "2025-05-26T16:58:27.104256", "education_count": 3, "message": "Custom metric: education_count=3"}
{"event": "custom_metric", "session_id": "20617950-8c64-4d16-aeca-2050996b196d", "request_id": "35eb8302-4c09-485d-b9b4-8931df764706", "endpoint": "/resume", "timestamp": "2025-05-26T16:58:27.104256", "experience_count": 0, "message": "Custom metric: experience_count=0"}
{"event": "custom_metric", "session_id": "20617950-8c64-4d16-aeca-2050996b196d", "request_id": "35eb8302-4c09-485d-b9b4-8931df764706", "endpoint": "/resume", "timestamp": "2025-05-26T16:58:27.104256", "total_processing_time": 14.088263034820557, "message": "Custom metric: total_processing_time=14.088263034820557"}
{"event": "request_complete", "session_id": "20617950-8c64-4d16-aeca-2050996b196d", "request_id": "35eb8302-4c09-485d-b9b4-8931df764706", "endpoint": "/resume", "timestamp": "2025-05-26T16:58:27.105258", "total_time_seconds": 14.106453657150269, "status_code": 200, "message": "Request completed in 14.1065s with status 200"}
{"event": "session_end", "session_id": "20617950-8c64-4d16-aeca-2050996b196d", "timestamp": "2025-05-26T16:59:44.213397", "message": "API session ended"}
