{"event": "session_start", "session_id": "793b92ed-c900-431f-95a3-7cfb6f7ffc43", "timestamp": "2025-05-14T11:27:20.293310", "message": "New API session started"}
{"event": "request_start", "session_id": "793b92ed-c900-431f-95a3-7cfb6f7ffc43", "request_id": "6847c5e7-41e5-432e-9d47-aeb48d6cd2df", "endpoint": "/intervet2", "timestamp": "2025-05-14T11:34:50.151526", "message": "Request started for endpoint: /intervet2"}
{"event": "custom_metric", "session_id": "793b92ed-c900-431f-95a3-7cfb6f7ffc43", "request_id": "6847c5e7-41e5-432e-9d47-aeb48d6cd2df", "endpoint": "/intervet2", "timestamp": "2025-05-14T11:34:50.154787", "endpoint_type": "intervet2", "message": "Custom metric: endpoint_type=intervet2"}
{"event": "custom_metric", "session_id": "793b92ed-c900-431f-95a3-7cfb6f7ffc43", "request_id": "6847c5e7-41e5-432e-9d47-aeb48d6cd2df", "endpoint": "/intervet2", "timestamp": "2025-05-14T11:34:50.185149", "file_type": "pdf", "message": "Custom metric: file_type=pdf"}
{"event": "custom_metric", "session_id": "793b92ed-c900-431f-95a3-7cfb6f7ffc43", "request_id": "6847c5e7-41e5-432e-9d47-aeb48d6cd2df", "endpoint": "/intervet2", "timestamp": "2025-05-14T11:34:50.186150", "file_size_bytes": 60820, "message": "Custom metric: file_size_bytes=60820"}
{"event": "custom_metric", "session_id": "793b92ed-c900-431f-95a3-7cfb6f7ffc43", "request_id": "6847c5e7-41e5-432e-9d47-aeb48d6cd2df", "endpoint": "/intervet2", "timestamp": "2025-05-14T11:34:50.186150", "extraction_method": "pdf_text", "message": "Custom metric: extraction_method=pdf_text"}
{"event": "custom_metric", "session_id": "793b92ed-c900-431f-95a3-7cfb6f7ffc43", "request_id": "6847c5e7-41e5-432e-9d47-aeb48d6cd2df", "endpoint": "/intervet2", "timestamp": "2025-05-14T11:34:50.186150", "extracted_text_length": 2804, "message": "Custom metric: extracted_text_length=2804"}
{"event": "custom_metric", "session_id": "793b92ed-c900-431f-95a3-7cfb6f7ffc43", "request_id": "6847c5e7-41e5-432e-9d47-aeb48d6cd2df", "endpoint": "/intervet2", "timestamp": "2025-05-14T11:34:50.186150", "file_processing_time": 0.028319358825683594, "message": "Custom metric: file_processing_time=0.028319358825683594"}
{"event": "custom_metric", "session_id": "793b92ed-c900-431f-95a3-7cfb6f7ffc43", "request_id": "6847c5e7-41e5-432e-9d47-aeb48d6cd2df", "endpoint": "/intervet2", "timestamp": "2025-05-14T11:34:50.200149", "file_type": "docx", "message": "Custom metric: file_type=docx"}
{"event": "custom_metric", "session_id": "793b92ed-c900-431f-95a3-7cfb6f7ffc43", "request_id": "6847c5e7-41e5-432e-9d47-aeb48d6cd2df", "endpoint": "/intervet2", "timestamp": "2025-05-14T11:34:50.200149", "file_size_bytes": 17398, "message": "Custom metric: file_size_bytes=17398"}
{"event": "custom_metric", "session_id": "793b92ed-c900-431f-95a3-7cfb6f7ffc43", "request_id": "6847c5e7-41e5-432e-9d47-aeb48d6cd2df", "endpoint": "/intervet2", "timestamp": "2025-05-14T11:34:50.201149", "extraction_method": "docx_text", "message": "Custom metric: extraction_method=docx_text"}
{"event": "custom_metric", "session_id": "793b92ed-c900-431f-95a3-7cfb6f7ffc43", "request_id": "6847c5e7-41e5-432e-9d47-aeb48d6cd2df", "endpoint": "/intervet2", "timestamp": "2025-05-14T11:34:50.201149", "extracted_text_length": 3404, "message": "Custom metric: extracted_text_length=3404"}
{"event": "custom_metric", "session_id": "793b92ed-c900-431f-95a3-7cfb6f7ffc43", "request_id": "6847c5e7-41e5-432e-9d47-aeb48d6cd2df", "endpoint": "/intervet2", "timestamp": "2025-05-14T11:34:50.201149", "file_processing_time": 0.013999462127685547, "message": "Custom metric: file_processing_time=0.013999462127685547"}
{"event": "custom_metric", "session_id": "793b92ed-c900-431f-95a3-7cfb6f7ffc43", "request_id": "6847c5e7-41e5-432e-9d47-aeb48d6cd2df", "endpoint": "/intervet2", "timestamp": "2025-05-14T11:34:50.201149", "resume_extraction_time": 0.02932000160217285, "message": "Custom metric: resume_extraction_time=0.02932000160217285"}
{"event": "custom_metric", "session_id": "793b92ed-c900-431f-95a3-7cfb6f7ffc43", "request_id": "6847c5e7-41e5-432e-9d47-aeb48d6cd2df", "endpoint": "/intervet2", "timestamp": "2025-05-14T11:34:50.201149", "jd_extraction_time": 0.014999628067016602, "message": "Custom metric: jd_extraction_time=0.014999628067016602"}
{"event": "custom_metric", "session_id": "793b92ed-c900-431f-95a3-7cfb6f7ffc43", "request_id": "6847c5e7-41e5-432e-9d47-aeb48d6cd2df", "endpoint": "/intervet2", "timestamp": "2025-05-14T11:34:50.201149", "resume_text_length": 2804, "message": "Custom metric: resume_text_length=2804"}
{"event": "custom_metric", "session_id": "793b92ed-c900-431f-95a3-7cfb6f7ffc43", "request_id": "6847c5e7-41e5-432e-9d47-aeb48d6cd2df", "endpoint": "/intervet2", "timestamp": "2025-05-14T11:34:50.202150", "jd_text_length": 3404, "message": "Custom metric: jd_text_length=3404"}
{"event": "custom_metric", "session_id": "793b92ed-c900-431f-95a3-7cfb6f7ffc43", "request_id": "6847c5e7-41e5-432e-9d47-aeb48d6cd2df", "endpoint": "/intervet2", "timestamp": "2025-05-14T11:35:22.237084", "resume_parsing_time": 22.284650325775146, "message": "Custom metric: resume_parsing_time=22.284650325775146"}
{"event": "custom_metric", "session_id": "793b92ed-c900-431f-95a3-7cfb6f7ffc43", "request_id": "6847c5e7-41e5-432e-9d47-aeb48d6cd2df", "endpoint": "/intervet2", "timestamp": "2025-05-14T11:35:22.238083", "jd_parsing_time": 9.75028395652771, "message": "Custom metric: jd_parsing_time=9.75028395652771"}
{"event": "custom_metric", "session_id": "793b92ed-c900-431f-95a3-7cfb6f7ffc43", "request_id": "6847c5e7-41e5-432e-9d47-aeb48d6cd2df", "endpoint": "/intervet2", "timestamp": "2025-05-14T11:35:22.250083", "evaluation_time": 0.011999845504760742, "message": "Custom metric: evaluation_time=0.011999845504760742"}
{"event": "custom_metric", "session_id": "793b92ed-c900-431f-95a3-7cfb6f7ffc43", "request_id": "6847c5e7-41e5-432e-9d47-aeb48d6cd2df", "endpoint": "/intervet2", "timestamp": "2025-05-14T11:35:22.250083", "total_score": 35.166666666666664, "message": "Custom metric: total_score=35.166666666666664"}
{"event": "custom_metric", "session_id": "793b92ed-c900-431f-95a3-7cfb6f7ffc43", "request_id": "6847c5e7-41e5-432e-9d47-aeb48d6cd2df", "endpoint": "/intervet2", "timestamp": "2025-05-14T11:35:22.250083", "fit_category": "Weak Match", "message": "Custom metric: fit_category=Weak Match"}
{"event": "request_complete", "session_id": "793b92ed-c900-431f-95a3-7cfb6f7ffc43", "request_id": "6847c5e7-41e5-432e-9d47-aeb48d6cd2df", "endpoint": "/intervet2", "timestamp": "2025-05-14T11:35:22.254341", "total_time_seconds": 32.10281562805176, "status_code": 200, "message": "Request completed in 32.1028s with status 200"}
{"event": "request_start", "session_id": "793b92ed-c900-431f-95a3-7cfb6f7ffc43", "request_id": "cbe99ebe-21dc-4e15-a0f2-4a1cb3d048d0", "endpoint": "/intervet2", "timestamp": "2025-05-14T11:49:35.511373", "message": "Request started for endpoint: /intervet2"}
{"event": "custom_metric", "session_id": "793b92ed-c900-431f-95a3-7cfb6f7ffc43", "request_id": "cbe99ebe-21dc-4e15-a0f2-4a1cb3d048d0", "endpoint": "/intervet2", "timestamp": "2025-05-14T11:49:35.514372", "endpoint_type": "intervet2", "message": "Custom metric: endpoint_type=intervet2"}
{"event": "custom_metric", "session_id": "793b92ed-c900-431f-95a3-7cfb6f7ffc43", "request_id": "cbe99ebe-21dc-4e15-a0f2-4a1cb3d048d0", "endpoint": "/intervet2", "timestamp": "2025-05-14T11:49:35.531031", "file_type": "pdf", "message": "Custom metric: file_type=pdf"}
{"event": "custom_metric", "session_id": "793b92ed-c900-431f-95a3-7cfb6f7ffc43", "request_id": "cbe99ebe-21dc-4e15-a0f2-4a1cb3d048d0", "endpoint": "/intervet2", "timestamp": "2025-05-14T11:49:35.531031", "file_size_bytes": 60820, "message": "Custom metric: file_size_bytes=60820"}
{"event": "custom_metric", "session_id": "793b92ed-c900-431f-95a3-7cfb6f7ffc43", "request_id": "cbe99ebe-21dc-4e15-a0f2-4a1cb3d048d0", "endpoint": "/intervet2", "timestamp": "2025-05-14T11:49:35.531031", "extraction_method": "pdf_text", "message": "Custom metric: extraction_method=pdf_text"}
{"event": "custom_metric", "session_id": "793b92ed-c900-431f-95a3-7cfb6f7ffc43", "request_id": "cbe99ebe-21dc-4e15-a0f2-4a1cb3d048d0", "endpoint": "/intervet2", "timestamp": "2025-05-14T11:49:35.531031", "extracted_text_length": 2804, "message": "Custom metric: extracted_text_length=2804"}
{"event": "custom_metric", "session_id": "793b92ed-c900-431f-95a3-7cfb6f7ffc43", "request_id": "cbe99ebe-21dc-4e15-a0f2-4a1cb3d048d0", "endpoint": "/intervet2", "timestamp": "2025-05-14T11:49:35.531031", "file_processing_time": 0.014648199081420898, "message": "Custom metric: file_processing_time=0.014648199081420898"}
{"event": "custom_metric", "session_id": "793b92ed-c900-431f-95a3-7cfb6f7ffc43", "request_id": "cbe99ebe-21dc-4e15-a0f2-4a1cb3d048d0", "endpoint": "/intervet2", "timestamp": "2025-05-14T11:49:35.540029", "file_type": "docx", "message": "Custom metric: file_type=docx"}
{"event": "custom_metric", "session_id": "793b92ed-c900-431f-95a3-7cfb6f7ffc43", "request_id": "cbe99ebe-21dc-4e15-a0f2-4a1cb3d048d0", "endpoint": "/intervet2", "timestamp": "2025-05-14T11:49:35.540029", "file_size_bytes": 17398, "message": "Custom metric: file_size_bytes=17398"}
{"event": "custom_metric", "session_id": "793b92ed-c900-431f-95a3-7cfb6f7ffc43", "request_id": "cbe99ebe-21dc-4e15-a0f2-4a1cb3d048d0", "endpoint": "/intervet2", "timestamp": "2025-05-14T11:49:35.540029", "extraction_method": "docx_text", "message": "Custom metric: extraction_method=docx_text"}
{"event": "custom_metric", "session_id": "793b92ed-c900-431f-95a3-7cfb6f7ffc43", "request_id": "cbe99ebe-21dc-4e15-a0f2-4a1cb3d048d0", "endpoint": "/intervet2", "timestamp": "2025-05-14T11:49:35.540029", "extracted_text_length": 3404, "message": "Custom metric: extracted_text_length=3404"}
{"event": "custom_metric", "session_id": "793b92ed-c900-431f-95a3-7cfb6f7ffc43", "request_id": "cbe99ebe-21dc-4e15-a0f2-4a1cb3d048d0", "endpoint": "/intervet2", "timestamp": "2025-05-14T11:49:35.540029", "file_processing_time": 0.007998228073120117, "message": "Custom metric: file_processing_time=0.007998228073120117"}
{"event": "custom_metric", "session_id": "793b92ed-c900-431f-95a3-7cfb6f7ffc43", "request_id": "cbe99ebe-21dc-4e15-a0f2-4a1cb3d048d0", "endpoint": "/intervet2", "timestamp": "2025-05-14T11:49:35.541030", "resume_extraction_time": 0.01564812660217285, "message": "Custom metric: resume_extraction_time=0.01564812660217285"}
{"event": "custom_metric", "session_id": "793b92ed-c900-431f-95a3-7cfb6f7ffc43", "request_id": "cbe99ebe-21dc-4e15-a0f2-4a1cb3d048d0", "endpoint": "/intervet2", "timestamp": "2025-05-14T11:49:35.541030", "jd_extraction_time": 0.007998228073120117, "message": "Custom metric: jd_extraction_time=0.007998228073120117"}
{"event": "custom_metric", "session_id": "793b92ed-c900-431f-95a3-7cfb6f7ffc43", "request_id": "cbe99ebe-21dc-4e15-a0f2-4a1cb3d048d0", "endpoint": "/intervet2", "timestamp": "2025-05-14T11:49:35.541030", "resume_text_length": 2804, "message": "Custom metric: resume_text_length=2804"}
{"event": "custom_metric", "session_id": "793b92ed-c900-431f-95a3-7cfb6f7ffc43", "request_id": "cbe99ebe-21dc-4e15-a0f2-4a1cb3d048d0", "endpoint": "/intervet2", "timestamp": "2025-05-14T11:49:35.541030", "jd_text_length": 3404, "message": "Custom metric: jd_text_length=3404"}
{"event": "custom_metric", "session_id": "793b92ed-c900-431f-95a3-7cfb6f7ffc43", "request_id": "cbe99ebe-21dc-4e15-a0f2-4a1cb3d048d0", "endpoint": "/intervet2", "timestamp": "2025-05-14T11:50:04.078287", "resume_parsing_time": 18.109764099121094, "message": "Custom metric: resume_parsing_time=18.109764099121094"}
{"event": "custom_metric", "session_id": "793b92ed-c900-431f-95a3-7cfb6f7ffc43", "request_id": "cbe99ebe-21dc-4e15-a0f2-4a1cb3d048d0", "endpoint": "/intervet2", "timestamp": "2025-05-14T11:50:04.078287", "jd_parsing_time": 10.425489664077759, "message": "Custom metric: jd_parsing_time=10.425489664077759"}
{"event": "custom_metric", "session_id": "793b92ed-c900-431f-95a3-7cfb6f7ffc43", "request_id": "cbe99ebe-21dc-4e15-a0f2-4a1cb3d048d0", "endpoint": "/intervet2", "timestamp": "2025-05-14T11:50:04.087538", "evaluation_time": 0.009251117706298828, "message": "Custom metric: evaluation_time=0.009251117706298828"}
{"event": "custom_metric", "session_id": "793b92ed-c900-431f-95a3-7cfb6f7ffc43", "request_id": "cbe99ebe-21dc-4e15-a0f2-4a1cb3d048d0", "endpoint": "/intervet2", "timestamp": "2025-05-14T11:50:04.088567", "total_score": 34.3974358974359, "message": "Custom metric: total_score=34.3974358974359"}
{"event": "custom_metric", "session_id": "793b92ed-c900-431f-95a3-7cfb6f7ffc43", "request_id": "cbe99ebe-21dc-4e15-a0f2-4a1cb3d048d0", "endpoint": "/intervet2", "timestamp": "2025-05-14T11:50:04.088567", "fit_category": "Weak Match", "message": "Custom metric: fit_category=Weak Match"}
{"event": "request_complete", "session_id": "793b92ed-c900-431f-95a3-7cfb6f7ffc43", "request_id": "cbe99ebe-21dc-4e15-a0f2-4a1cb3d048d0", "endpoint": "/intervet2", "timestamp": "2025-05-14T11:50:04.089567", "total_time_seconds": 28.578194618225098, "status_code": 200, "message": "Request completed in 28.5782s with status 200"}
{"event": "session_end", "session_id": "793b92ed-c900-431f-95a3-7cfb6f7ffc43", "timestamp": "2025-05-14T11:50:04.193589", "message": "API session ended"}
