{"event": "session_start", "session_id": "cc735227-591d-46c2-8145-a6739665440b", "timestamp": "2025-05-14T10:36:07.652596", "message": "New API session started"}
{"event": "request_start", "session_id": "cc735227-591d-46c2-8145-a6739665440b", "request_id": "9215c1d0-a9f3-4140-9515-2a98e1e9037f", "endpoint": "/", "timestamp": "2025-05-14T10:36:11.475763", "message": "Request started for endpoint: /"}
{"event": "request_complete", "session_id": "cc735227-591d-46c2-8145-a6739665440b", "request_id": "9215c1d0-a9f3-4140-9515-2a98e1e9037f", "endpoint": "/", "timestamp": "2025-05-14T10:36:11.484695", "total_time_seconds": 0.008932113647460938, "status_code": 200, "message": "Request completed in 0.0089s with status 200"}
{"event": "request_start", "session_id": "cc735227-591d-46c2-8145-a6739665440b", "request_id": "5090cb5a-1aff-44b4-8a9e-b8c749d3f1ce", "endpoint": "/docs", "timestamp": "2025-05-14T10:36:16.128754", "message": "Request started for endpoint: /docs"}
{"event": "request_complete", "session_id": "cc735227-591d-46c2-8145-a6739665440b", "request_id": "5090cb5a-1aff-44b4-8a9e-b8c749d3f1ce", "endpoint": "/docs", "timestamp": "2025-05-14T10:36:16.129802", "total_time_seconds": 0.0010480880737304688, "status_code": 200, "message": "Request completed in 0.0010s with status 200"}
{"event": "request_start", "session_id": "cc735227-591d-46c2-8145-a6739665440b", "request_id": "21ceaf80-d0cf-45e6-9d52-1929569ddc5b", "endpoint": "/openapi.json", "timestamp": "2025-05-14T10:36:16.386064", "message": "Request started for endpoint: /openapi.json"}
{"event": "request_complete", "session_id": "cc735227-591d-46c2-8145-a6739665440b", "request_id": "21ceaf80-d0cf-45e6-9d52-1929569ddc5b", "endpoint": "/openapi.json", "timestamp": "2025-05-14T10:36:16.396174", "total_time_seconds": 0.009108543395996094, "status_code": 200, "message": "Request completed in 0.0091s with status 200"}
{"event": "request_start", "session_id": "cc735227-591d-46c2-8145-a6739665440b", "request_id": "a4842e4f-b53a-47cc-b513-52e6d5b58078", "endpoint": "/intervet2", "timestamp": "2025-05-14T10:39:32.284026", "message": "Request started for endpoint: /intervet2"}
{"event": "custom_metric", "session_id": "cc735227-591d-46c2-8145-a6739665440b", "request_id": "a4842e4f-b53a-47cc-b513-52e6d5b58078", "endpoint": "/intervet2", "timestamp": "2025-05-14T10:39:32.326960", "endpoint_type": "intervet2", "message": "Custom metric: endpoint_type=intervet2"}
{"event": "custom_metric", "session_id": "cc735227-591d-46c2-8145-a6739665440b", "request_id": "a4842e4f-b53a-47cc-b513-52e6d5b58078", "endpoint": "/intervet2", "timestamp": "2025-05-14T10:39:32.505103", "file_type": "pdf", "message": "Custom metric: file_type=pdf"}
{"event": "custom_metric", "session_id": "cc735227-591d-46c2-8145-a6739665440b", "request_id": "a4842e4f-b53a-47cc-b513-52e6d5b58078", "endpoint": "/intervet2", "timestamp": "2025-05-14T10:39:32.506105", "file_size_bytes": 224796, "message": "Custom metric: file_size_bytes=224796"}
{"event": "custom_metric", "session_id": "cc735227-591d-46c2-8145-a6739665440b", "request_id": "a4842e4f-b53a-47cc-b513-52e6d5b58078", "endpoint": "/intervet2", "timestamp": "2025-05-14T10:39:32.506105", "extraction_method": "pdf_text", "message": "Custom metric: extraction_method=pdf_text"}
{"event": "custom_metric", "session_id": "cc735227-591d-46c2-8145-a6739665440b", "request_id": "a4842e4f-b53a-47cc-b513-52e6d5b58078", "endpoint": "/intervet2", "timestamp": "2025-05-14T10:39:32.506105", "extracted_text_length": 4674, "message": "Custom metric: extracted_text_length=4674"}
{"event": "custom_metric", "session_id": "cc735227-591d-46c2-8145-a6739665440b", "request_id": "a4842e4f-b53a-47cc-b513-52e6d5b58078", "endpoint": "/intervet2", "timestamp": "2025-05-14T10:39:32.506105", "file_processing_time": 0.1750657558441162, "message": "Custom metric: file_processing_time=0.1750657558441162"}
{"event": "custom_metric", "session_id": "cc735227-591d-46c2-8145-a6739665440b", "request_id": "a4842e4f-b53a-47cc-b513-52e6d5b58078", "endpoint": "/intervet2", "timestamp": "2025-05-14T10:39:32.544525", "file_type": "docx", "message": "Custom metric: file_type=docx"}
{"event": "custom_metric", "session_id": "cc735227-591d-46c2-8145-a6739665440b", "request_id": "a4842e4f-b53a-47cc-b513-52e6d5b58078", "endpoint": "/intervet2", "timestamp": "2025-05-14T10:39:32.545526", "file_size_bytes": 15611, "message": "Custom metric: file_size_bytes=15611"}
{"event": "custom_metric", "session_id": "cc735227-591d-46c2-8145-a6739665440b", "request_id": "a4842e4f-b53a-47cc-b513-52e6d5b58078", "endpoint": "/intervet2", "timestamp": "2025-05-14T10:39:32.545526", "extraction_method": "docx_text", "message": "Custom metric: extraction_method=docx_text"}
{"event": "custom_metric", "session_id": "cc735227-591d-46c2-8145-a6739665440b", "request_id": "a4842e4f-b53a-47cc-b513-52e6d5b58078", "endpoint": "/intervet2", "timestamp": "2025-05-14T10:39:32.545526", "extracted_text_length": 1995, "message": "Custom metric: extracted_text_length=1995"}
{"event": "custom_metric", "session_id": "cc735227-591d-46c2-8145-a6739665440b", "request_id": "a4842e4f-b53a-47cc-b513-52e6d5b58078", "endpoint": "/intervet2", "timestamp": "2025-05-14T10:39:32.545526", "file_processing_time": 0.03741574287414551, "message": "Custom metric: file_processing_time=0.03741574287414551"}
{"event": "custom_metric", "session_id": "cc735227-591d-46c2-8145-a6739665440b", "request_id": "a4842e4f-b53a-47cc-b513-52e6d5b58078", "endpoint": "/intervet2", "timestamp": "2025-05-14T10:39:32.546525", "resume_extraction_time": 0.17707180976867676, "message": "Custom metric: resume_extraction_time=0.17707180976867676"}
{"event": "custom_metric", "session_id": "cc735227-591d-46c2-8145-a6739665440b", "request_id": "a4842e4f-b53a-47cc-b513-52e6d5b58078", "endpoint": "/intervet2", "timestamp": "2025-05-14T10:39:32.546525", "jd_extraction_time": 0.03941535949707031, "message": "Custom metric: jd_extraction_time=0.03941535949707031"}
{"event": "custom_metric", "session_id": "cc735227-591d-46c2-8145-a6739665440b", "request_id": "a4842e4f-b53a-47cc-b513-52e6d5b58078", "endpoint": "/intervet2", "timestamp": "2025-05-14T10:39:32.546525", "resume_text_length": 4674, "message": "Custom metric: resume_text_length=4674"}
{"event": "custom_metric", "session_id": "cc735227-591d-46c2-8145-a6739665440b", "request_id": "a4842e4f-b53a-47cc-b513-52e6d5b58078", "endpoint": "/intervet2", "timestamp": "2025-05-14T10:39:32.547526", "jd_text_length": 1995, "message": "Custom metric: jd_text_length=1995"}
{"event": "custom_metric", "session_id": "cc735227-591d-46c2-8145-a6739665440b", "request_id": "a4842e4f-b53a-47cc-b513-52e6d5b58078", "endpoint": "/intervet2", "timestamp": "2025-05-14T10:40:10.242900", "resume_parsing_time": 24.081737756729126, "message": "Custom metric: resume_parsing_time=24.081737756729126"}
{"event": "custom_metric", "session_id": "cc735227-591d-46c2-8145-a6739665440b", "request_id": "a4842e4f-b53a-47cc-b513-52e6d5b58078", "endpoint": "/intervet2", "timestamp": "2025-05-14T10:40:10.242900", "jd_parsing_time": 13.613636493682861, "message": "Custom metric: jd_parsing_time=13.613636493682861"}
{"event": "custom_metric", "session_id": "cc735227-591d-46c2-8145-a6739665440b", "request_id": "a4842e4f-b53a-47cc-b513-52e6d5b58078", "endpoint": "/intervet2", "timestamp": "2025-05-14T10:40:10.243431", "evaluation_time": 0.0005309581756591797, "message": "Custom metric: evaluation_time=0.0005309581756591797"}
{"event": "custom_metric", "session_id": "cc735227-591d-46c2-8145-a6739665440b", "request_id": "a4842e4f-b53a-47cc-b513-52e6d5b58078", "endpoint": "/intervet2", "timestamp": "2025-05-14T10:40:10.243957", "total_score": 20.0, "message": "Custom metric: total_score=20.0"}
{"event": "custom_metric", "session_id": "cc735227-591d-46c2-8145-a6739665440b", "request_id": "a4842e4f-b53a-47cc-b513-52e6d5b58078", "endpoint": "/intervet2", "timestamp": "2025-05-14T10:40:10.243957", "fit_category": "Weak Match", "message": "Custom metric: fit_category=Weak Match"}
{"event": "request_complete", "session_id": "cc735227-591d-46c2-8145-a6739665440b", "request_id": "a4842e4f-b53a-47cc-b513-52e6d5b58078", "endpoint": "/intervet2", "timestamp": "2025-05-14T10:40:10.245564", "total_time_seconds": 37.96153783798218, "status_code": 200, "message": "Request completed in 37.9615s with status 200"}
{"event": "session_end", "session_id": "cc735227-591d-46c2-8145-a6739665440b", "timestamp": "2025-05-14T10:46:06.877174", "message": "API session ended"}
