{"event": "session_start", "session_id": "275c6388-f5a2-4a95-9f66-52ce2d9e6c5a", "timestamp": "2025-05-17T13:35:24.903780", "message": "New API session started"}
{"event": "request_start", "session_id": "275c6388-f5a2-4a95-9f66-52ce2d9e6c5a", "request_id": "39811bfa-cb07-41ab-a9f5-a09a25ca6764", "endpoint": "/intervet2", "timestamp": "2025-05-17T13:36:52.830051", "message": "Request started for endpoint: /intervet2"}
{"event": "custom_metric", "session_id": "275c6388-f5a2-4a95-9f66-52ce2d9e6c5a", "request_id": "39811bfa-cb07-41ab-a9f5-a09a25ca6764", "endpoint": "/intervet2", "timestamp": "2025-05-17T13:36:52.835058", "endpoint_type": "intervet2", "message": "Custom metric: endpoint_type=intervet2"}
{"event": "custom_metric", "session_id": "275c6388-f5a2-4a95-9f66-52ce2d9e6c5a", "request_id": "39811bfa-cb07-41ab-a9f5-a09a25ca6764", "endpoint": "/intervet2", "timestamp": "2025-05-17T13:36:52.889554", "file_type": "pdf", "message": "Custom metric: file_type=pdf"}
{"event": "custom_metric", "session_id": "275c6388-f5a2-4a95-9f66-52ce2d9e6c5a", "request_id": "39811bfa-cb07-41ab-a9f5-a09a25ca6764", "endpoint": "/intervet2", "timestamp": "2025-05-17T13:36:52.889554", "file_size_bytes": 88356, "message": "Custom metric: file_size_bytes=88356"}
{"event": "custom_metric", "session_id": "275c6388-f5a2-4a95-9f66-52ce2d9e6c5a", "request_id": "39811bfa-cb07-41ab-a9f5-a09a25ca6764", "endpoint": "/intervet2", "timestamp": "2025-05-17T13:36:52.889554", "extraction_method": "pdf_text", "message": "Custom metric: extraction_method=pdf_text"}
{"event": "custom_metric", "session_id": "275c6388-f5a2-4a95-9f66-52ce2d9e6c5a", "request_id": "39811bfa-cb07-41ab-a9f5-a09a25ca6764", "endpoint": "/intervet2", "timestamp": "2025-05-17T13:36:52.889554", "extracted_text_length": 3871, "message": "Custom metric: extracted_text_length=3871"}
{"event": "custom_metric", "session_id": "275c6388-f5a2-4a95-9f66-52ce2d9e6c5a", "request_id": "39811bfa-cb07-41ab-a9f5-a09a25ca6764", "endpoint": "/intervet2", "timestamp": "2025-05-17T13:36:52.890892", "file_processing_time": 0.0506901741027832, "message": "Custom metric: file_processing_time=0.0506901741027832"}
{"event": "custom_metric", "session_id": "275c6388-f5a2-4a95-9f66-52ce2d9e6c5a", "request_id": "39811bfa-cb07-41ab-a9f5-a09a25ca6764", "endpoint": "/intervet2", "timestamp": "2025-05-17T13:36:52.947768", "file_type": "pdf", "message": "Custom metric: file_type=pdf"}
{"event": "custom_metric", "session_id": "275c6388-f5a2-4a95-9f66-52ce2d9e6c5a", "request_id": "39811bfa-cb07-41ab-a9f5-a09a25ca6764", "endpoint": "/intervet2", "timestamp": "2025-05-17T13:36:52.947768", "file_size_bytes": 43309, "message": "Custom metric: file_size_bytes=43309"}
{"event": "custom_metric", "session_id": "275c6388-f5a2-4a95-9f66-52ce2d9e6c5a", "request_id": "39811bfa-cb07-41ab-a9f5-a09a25ca6764", "endpoint": "/intervet2", "timestamp": "2025-05-17T13:36:52.947768", "extraction_method": "pdf_text", "message": "Custom metric: extraction_method=pdf_text"}
{"event": "custom_metric", "session_id": "275c6388-f5a2-4a95-9f66-52ce2d9e6c5a", "request_id": "39811bfa-cb07-41ab-a9f5-a09a25ca6764", "endpoint": "/intervet2", "timestamp": "2025-05-17T13:36:52.947768", "extracted_text_length": 2241, "message": "Custom metric: extracted_text_length=2241"}
{"event": "custom_metric", "session_id": "275c6388-f5a2-4a95-9f66-52ce2d9e6c5a", "request_id": "39811bfa-cb07-41ab-a9f5-a09a25ca6764", "endpoint": "/intervet2", "timestamp": "2025-05-17T13:36:52.947768", "file_processing_time": 0.05687546730041504, "message": "Custom metric: file_processing_time=0.05687546730041504"}
{"event": "custom_metric", "session_id": "275c6388-f5a2-4a95-9f66-52ce2d9e6c5a", "request_id": "39811bfa-cb07-41ab-a9f5-a09a25ca6764", "endpoint": "/intervet2", "timestamp": "2025-05-17T13:36:52.949544", "resume_extraction_time": 0.05202889442443848, "message": "Custom metric: resume_extraction_time=0.05202889442443848"}
{"event": "custom_metric", "session_id": "275c6388-f5a2-4a95-9f66-52ce2d9e6c5a", "request_id": "39811bfa-cb07-41ab-a9f5-a09a25ca6764", "endpoint": "/intervet2", "timestamp": "2025-05-17T13:36:52.949544", "jd_extraction_time": 0.05687546730041504, "message": "Custom metric: jd_extraction_time=0.05687546730041504"}
{"event": "custom_metric", "session_id": "275c6388-f5a2-4a95-9f66-52ce2d9e6c5a", "request_id": "39811bfa-cb07-41ab-a9f5-a09a25ca6764", "endpoint": "/intervet2", "timestamp": "2025-05-17T13:36:52.949544", "resume_text_length": 3871, "message": "Custom metric: resume_text_length=3871"}
{"event": "custom_metric", "session_id": "275c6388-f5a2-4a95-9f66-52ce2d9e6c5a", "request_id": "39811bfa-cb07-41ab-a9f5-a09a25ca6764", "endpoint": "/intervet2", "timestamp": "2025-05-17T13:36:52.950636", "jd_text_length": 2241, "message": "Custom metric: jd_text_length=2241"}
{"event": "custom_metric", "session_id": "275c6388-f5a2-4a95-9f66-52ce2d9e6c5a", "request_id": "39811bfa-cb07-41ab-a9f5-a09a25ca6764", "endpoint": "/intervet2", "timestamp": "2025-05-17T13:37:42.182522", "resume_parsing_time": 31.347527503967285, "message": "Custom metric: resume_parsing_time=31.347527503967285"}
{"event": "custom_metric", "session_id": "275c6388-f5a2-4a95-9f66-52ce2d9e6c5a", "request_id": "39811bfa-cb07-41ab-a9f5-a09a25ca6764", "endpoint": "/intervet2", "timestamp": "2025-05-17T13:37:42.182522", "jd_parsing_time": 17.882739067077637, "message": "Custom metric: jd_parsing_time=17.882739067077637"}
{"event": "custom_metric", "session_id": "275c6388-f5a2-4a95-9f66-52ce2d9e6c5a", "request_id": "39811bfa-cb07-41ab-a9f5-a09a25ca6764", "endpoint": "/intervet2", "timestamp": "2025-05-17T13:37:42.201404", "evaluation_time": 0.018882274627685547, "message": "Custom metric: evaluation_time=0.018882274627685547"}
{"event": "custom_metric", "session_id": "275c6388-f5a2-4a95-9f66-52ce2d9e6c5a", "request_id": "39811bfa-cb07-41ab-a9f5-a09a25ca6764", "endpoint": "/intervet2", "timestamp": "2025-05-17T13:37:42.201404", "total_score": 31.690058479532162, "message": "Custom metric: total_score=31.690058479532162"}
{"event": "custom_metric", "session_id": "275c6388-f5a2-4a95-9f66-52ce2d9e6c5a", "request_id": "39811bfa-cb07-41ab-a9f5-a09a25ca6764", "endpoint": "/intervet2", "timestamp": "2025-05-17T13:37:42.201404", "fit_category": "Weak Match", "message": "Custom metric: fit_category=Weak Match"}
{"event": "request_complete", "session_id": "275c6388-f5a2-4a95-9f66-52ce2d9e6c5a", "request_id": "39811bfa-cb07-41ab-a9f5-a09a25ca6764", "endpoint": "/intervet2", "timestamp": "2025-05-17T13:37:42.222186", "total_time_seconds": 49.39213442802429, "status_code": 200, "message": "Request completed in 49.3921s with status 200"}
