{"event": "session_start", "session_id": "78023dc8-22ab-4667-8613-4233c4b3c6c7", "timestamp": "2025-05-22T22:11:47.458554", "message": "New API session started"}
{"event": "request_start", "session_id": "78023dc8-22ab-4667-8613-4233c4b3c6c7", "request_id": "09309f0d-1037-4a55-980a-183b3d7e361c", "endpoint": "/resume", "timestamp": "2025-05-22T22:12:49.895093", "message": "Request started for endpoint: /resume"}
{"event": "custom_metric", "session_id": "78023dc8-22ab-4667-8613-4233c4b3c6c7", "request_id": "09309f0d-1037-4a55-980a-183b3d7e361c", "endpoint": "resume", "timestamp": "2025-05-22T22:12:49.897499", "message": "Custom metric: endpoint=resume"}
{"event": "custom_metric", "session_id": "78023dc8-22ab-4667-8613-4233c4b3c6c7", "request_id": "09309f0d-1037-4a55-980a-183b3d7e361c", "endpoint": "/resume", "timestamp": "2025-05-22T22:12:49.916827", "file_name": "Resume-Raman Luhach.pdf", "message": "Custom metric: file_name=Resume-Raman Luhach.pdf"}
{"event": "custom_metric", "session_id": "78023dc8-22ab-4667-8613-4233c4b3c6c7", "request_id": "09309f0d-1037-4a55-980a-183b3d7e361c", "endpoint": "/resume", "timestamp": "2025-05-22T22:12:49.916827", "file_type": "pdf", "message": "Custom metric: file_type=pdf"}
{"event": "custom_metric", "session_id": "78023dc8-22ab-4667-8613-4233c4b3c6c7", "request_id": "09309f0d-1037-4a55-980a-183b3d7e361c", "endpoint": "/resume", "timestamp": "2025-05-22T22:12:49.918272", "file_size": 73845, "message": "Custom metric: file_size=73845"}
{"event": "custom_metric", "session_id": "78023dc8-22ab-4667-8613-4233c4b3c6c7", "request_id": "09309f0d-1037-4a55-980a-183b3d7e361c", "endpoint": "/resume", "timestamp": "2025-05-22T22:12:49.941577", "file_type": "pdf", "message": "Custom metric: file_type=pdf"}
{"event": "custom_metric", "session_id": "78023dc8-22ab-4667-8613-4233c4b3c6c7", "request_id": "09309f0d-1037-4a55-980a-183b3d7e361c", "endpoint": "/resume", "timestamp": "2025-05-22T22:12:49.941577", "file_size_bytes": 73845, "message": "Custom metric: file_size_bytes=73845"}
{"event": "custom_metric", "session_id": "78023dc8-22ab-4667-8613-4233c4b3c6c7", "request_id": "09309f0d-1037-4a55-980a-183b3d7e361c", "endpoint": "/resume", "timestamp": "2025-05-22T22:12:49.941577", "extraction_method": "pdf_text", "message": "Custom metric: extraction_method=pdf_text"}
{"event": "custom_metric", "session_id": "78023dc8-22ab-4667-8613-4233c4b3c6c7", "request_id": "09309f0d-1037-4a55-980a-183b3d7e361c", "endpoint": "/resume", "timestamp": "2025-05-22T22:12:49.942576", "extracted_text_length": 2214, "message": "Custom metric: extracted_text_length=2214"}
{"event": "custom_metric", "session_id": "78023dc8-22ab-4667-8613-4233c4b3c6c7", "request_id": "09309f0d-1037-4a55-980a-183b3d7e361c", "endpoint": "/resume", "timestamp": "2025-05-22T22:12:49.942576", "file_processing_time": 0.02330470085144043, "message": "Custom metric: file_processing_time=0.02330470085144043"}
{"event": "custom_metric", "session_id": "78023dc8-22ab-4667-8613-4233c4b3c6c7", "request_id": "09309f0d-1037-4a55-980a-183b3d7e361c", "endpoint": "/resume", "timestamp": "2025-05-22T22:12:49.942576", "text_extraction_time": 0.024304628372192383, "message": "Custom metric: text_extraction_time=0.024304628372192383"}
{"event": "custom_metric", "session_id": "78023dc8-22ab-4667-8613-4233c4b3c6c7", "request_id": "09309f0d-1037-4a55-980a-183b3d7e361c", "endpoint": "/resume", "timestamp": "2025-05-22T22:12:49.942576", "extracted_text_length": 2214, "message": "Custom metric: extracted_text_length=2214"}
{"event": "custom_metric", "session_id": "78023dc8-22ab-4667-8613-4233c4b3c6c7", "request_id": "09309f0d-1037-4a55-980a-183b3d7e361c", "endpoint": "/resume", "timestamp": "2025-05-22T22:13:02.080302", "parsing_time": 12.137725114822388, "message": "Custom metric: parsing_time=12.137725114822388"}
{"event": "custom_metric", "session_id": "78023dc8-22ab-4667-8613-4233c4b3c6c7", "request_id": "09309f0d-1037-4a55-980a-183b3d7e361c", "endpoint": "/resume", "timestamp": "2025-05-22T22:13:02.080302", "confidence_score": 0.5, "message": "Custom metric: confidence_score=0.5"}
{"event": "custom_metric", "session_id": "78023dc8-22ab-4667-8613-4233c4b3c6c7", "request_id": "09309f0d-1037-4a55-980a-183b3d7e361c", "endpoint": "/resume", "timestamp": "2025-05-22T22:13:02.080302", "fields_extracted": 20, "message": "Custom metric: fields_extracted=20"}
{"event": "custom_metric", "session_id": "78023dc8-22ab-4667-8613-4233c4b3c6c7", "request_id": "09309f0d-1037-4a55-980a-183b3d7e361c", "endpoint": "/resume", "timestamp": "2025-05-22T22:13:02.080302", "skills_count": 0, "message": "Custom metric: skills_count=0"}
{"event": "custom_metric", "session_id": "78023dc8-22ab-4667-8613-4233c4b3c6c7", "request_id": "09309f0d-1037-4a55-980a-183b3d7e361c", "endpoint": "/resume", "timestamp": "2025-05-22T22:13:02.080302", "education_count": 3, "message": "Custom metric: education_count=3"}
{"event": "custom_metric", "session_id": "78023dc8-22ab-4667-8613-4233c4b3c6c7", "request_id": "09309f0d-1037-4a55-980a-183b3d7e361c", "endpoint": "/resume", "timestamp": "2025-05-22T22:13:02.080302", "experience_count": 0, "message": "Custom metric: experience_count=0"}
{"event": "custom_metric", "session_id": "78023dc8-22ab-4667-8613-4233c4b3c6c7", "request_id": "09309f0d-1037-4a55-980a-183b3d7e361c", "endpoint": "/resume", "timestamp": "2025-05-22T22:13:02.080302", "total_processing_time": 12.16202974319458, "message": "Custom metric: total_processing_time=12.16202974319458"}
{"event": "request_complete", "session_id": "78023dc8-22ab-4667-8613-4233c4b3c6c7", "request_id": "09309f0d-1037-4a55-980a-183b3d7e361c", "endpoint": "/resume", "timestamp": "2025-05-22T22:13:02.081297", "total_time_seconds": 12.186204433441162, "status_code": 200, "message": "Request completed in 12.1862s with status 200"}
{"event": "request_start", "session_id": "78023dc8-22ab-4667-8613-4233c4b3c6c7", "request_id": "e063baa3-2c22-4396-9c92-369bcad083bd", "endpoint": "/docs", "timestamp": "2025-05-22T22:14:48.061203", "message": "Request started for endpoint: /docs"}
{"event": "request_complete", "session_id": "78023dc8-22ab-4667-8613-4233c4b3c6c7", "request_id": "e063baa3-2c22-4396-9c92-369bcad083bd", "endpoint": "/docs", "timestamp": "2025-05-22T22:14:48.062202", "total_time_seconds": 0.0009992122650146484, "status_code": 200, "message": "Request completed in 0.0010s with status 200"}
{"event": "request_start", "session_id": "78023dc8-22ab-4667-8613-4233c4b3c6c7", "request_id": "837535c7-d410-4996-afe5-ee290ecb9084", "endpoint": "/openapi.json", "timestamp": "2025-05-22T22:14:48.144881", "message": "Request started for endpoint: /openapi.json"}
{"event": "request_complete", "session_id": "78023dc8-22ab-4667-8613-4233c4b3c6c7", "request_id": "837535c7-d410-4996-afe5-ee290ecb9084", "endpoint": "/openapi.json", "timestamp": "2025-05-22T22:14:48.158327", "total_time_seconds": 0.013445377349853516, "status_code": 200, "message": "Request completed in 0.0134s with status 200"}
{"event": "request_start", "session_id": "78023dc8-22ab-4667-8613-4233c4b3c6c7", "request_id": "21bcc2f5-f9a6-46e3-aef7-495f9a0ced3a", "endpoint": "/resume", "timestamp": "2025-05-22T22:14:55.079333", "message": "Request started for endpoint: /resume"}
{"event": "custom_metric", "session_id": "78023dc8-22ab-4667-8613-4233c4b3c6c7", "request_id": "21bcc2f5-f9a6-46e3-aef7-495f9a0ced3a", "endpoint": "resume", "timestamp": "2025-05-22T22:14:55.080367", "message": "Custom metric: endpoint=resume"}
{"event": "custom_metric", "session_id": "78023dc8-22ab-4667-8613-4233c4b3c6c7", "request_id": "21bcc2f5-f9a6-46e3-aef7-495f9a0ced3a", "endpoint": "/resume", "timestamp": "2025-05-22T22:14:55.081843", "file_name": "Resume-Raman Luhach.pdf", "message": "Custom metric: file_name=Resume-Raman Luhach.pdf"}
{"event": "custom_metric", "session_id": "78023dc8-22ab-4667-8613-4233c4b3c6c7", "request_id": "21bcc2f5-f9a6-46e3-aef7-495f9a0ced3a", "endpoint": "/resume", "timestamp": "2025-05-22T22:14:55.081843", "file_type": "pdf", "message": "Custom metric: file_type=pdf"}
{"event": "custom_metric", "session_id": "78023dc8-22ab-4667-8613-4233c4b3c6c7", "request_id": "21bcc2f5-f9a6-46e3-aef7-495f9a0ced3a", "endpoint": "/resume", "timestamp": "2025-05-22T22:14:55.081843", "file_size": 73845, "message": "Custom metric: file_size=73845"}
{"event": "custom_metric", "session_id": "78023dc8-22ab-4667-8613-4233c4b3c6c7", "request_id": "21bcc2f5-f9a6-46e3-aef7-495f9a0ced3a", "endpoint": "/resume", "timestamp": "2025-05-22T22:14:55.097685", "file_type": "pdf", "message": "Custom metric: file_type=pdf"}
{"event": "custom_metric", "session_id": "78023dc8-22ab-4667-8613-4233c4b3c6c7", "request_id": "21bcc2f5-f9a6-46e3-aef7-495f9a0ced3a", "endpoint": "/resume", "timestamp": "2025-05-22T22:14:55.097685", "file_size_bytes": 73845, "message": "Custom metric: file_size_bytes=73845"}
{"event": "custom_metric", "session_id": "78023dc8-22ab-4667-8613-4233c4b3c6c7", "request_id": "21bcc2f5-f9a6-46e3-aef7-495f9a0ced3a", "endpoint": "/resume", "timestamp": "2025-05-22T22:14:55.097685", "extraction_method": "pdf_text", "message": "Custom metric: extraction_method=pdf_text"}
{"event": "custom_metric", "session_id": "78023dc8-22ab-4667-8613-4233c4b3c6c7", "request_id": "21bcc2f5-f9a6-46e3-aef7-495f9a0ced3a", "endpoint": "/resume", "timestamp": "2025-05-22T22:14:55.097685", "extracted_text_length": 2214, "message": "Custom metric: extracted_text_length=2214"}
{"event": "custom_metric", "session_id": "78023dc8-22ab-4667-8613-4233c4b3c6c7", "request_id": "21bcc2f5-f9a6-46e3-aef7-495f9a0ced3a", "endpoint": "/resume", "timestamp": "2025-05-22T22:14:55.097685", "file_processing_time": 0.014384269714355469, "message": "Custom metric: file_processing_time=0.014384269714355469"}
{"event": "custom_metric", "session_id": "78023dc8-22ab-4667-8613-4233c4b3c6c7", "request_id": "21bcc2f5-f9a6-46e3-aef7-495f9a0ced3a", "endpoint": "/resume", "timestamp": "2025-05-22T22:14:55.098684", "text_extraction_time": 0.015383005142211914, "message": "Custom metric: text_extraction_time=0.015383005142211914"}
{"event": "custom_metric", "session_id": "78023dc8-22ab-4667-8613-4233c4b3c6c7", "request_id": "21bcc2f5-f9a6-46e3-aef7-495f9a0ced3a", "endpoint": "/resume", "timestamp": "2025-05-22T22:14:55.098684", "extracted_text_length": 2214, "message": "Custom metric: extracted_text_length=2214"}
{"event": "custom_metric", "session_id": "78023dc8-22ab-4667-8613-4233c4b3c6c7", "request_id": "21bcc2f5-f9a6-46e3-aef7-495f9a0ced3a", "endpoint": "/resume", "timestamp": "2025-05-22T22:15:06.056741", "parsing_time": 10.95805811882019, "message": "Custom metric: parsing_time=10.95805811882019"}
{"event": "custom_metric", "session_id": "78023dc8-22ab-4667-8613-4233c4b3c6c7", "request_id": "21bcc2f5-f9a6-46e3-aef7-495f9a0ced3a", "endpoint": "/resume", "timestamp": "2025-05-22T22:15:06.056741", "confidence_score": 0.5, "message": "Custom metric: confidence_score=0.5"}
{"event": "custom_metric", "session_id": "78023dc8-22ab-4667-8613-4233c4b3c6c7", "request_id": "21bcc2f5-f9a6-46e3-aef7-495f9a0ced3a", "endpoint": "/resume", "timestamp": "2025-05-22T22:15:06.056741", "fields_extracted": 20, "message": "Custom metric: fields_extracted=20"}
{"event": "custom_metric", "session_id": "78023dc8-22ab-4667-8613-4233c4b3c6c7", "request_id": "21bcc2f5-f9a6-46e3-aef7-495f9a0ced3a", "endpoint": "/resume", "timestamp": "2025-05-22T22:15:06.056741", "skills_count": 0, "message": "Custom metric: skills_count=0"}
{"event": "custom_metric", "session_id": "78023dc8-22ab-4667-8613-4233c4b3c6c7", "request_id": "21bcc2f5-f9a6-46e3-aef7-495f9a0ced3a", "endpoint": "/resume", "timestamp": "2025-05-22T22:15:06.056741", "education_count": 3, "message": "Custom metric: education_count=3"}
{"event": "custom_metric", "session_id": "78023dc8-22ab-4667-8613-4233c4b3c6c7", "request_id": "21bcc2f5-f9a6-46e3-aef7-495f9a0ced3a", "endpoint": "/resume", "timestamp": "2025-05-22T22:15:06.056741", "experience_count": 0, "message": "Custom metric: experience_count=0"}
{"event": "custom_metric", "session_id": "78023dc8-22ab-4667-8613-4233c4b3c6c7", "request_id": "21bcc2f5-f9a6-46e3-aef7-495f9a0ced3a", "endpoint": "/resume", "timestamp": "2025-05-22T22:15:06.056741", "total_processing_time": 10.973441123962402, "message": "Custom metric: total_processing_time=10.973441123962402"}
{"event": "request_complete", "session_id": "78023dc8-22ab-4667-8613-4233c4b3c6c7", "request_id": "21bcc2f5-f9a6-46e3-aef7-495f9a0ced3a", "endpoint": "/resume", "timestamp": "2025-05-22T22:15:06.057737", "total_time_seconds": 10.978404521942139, "status_code": 200, "message": "Request completed in 10.9784s with status 200"}
{"event": "session_end", "session_id": "78023dc8-22ab-4667-8613-4233c4b3c6c7", "timestamp": "2025-05-22T22:16:47.108209", "message": "API session ended"}
