{"event": "session_start", "session_id": "4d2411a8-b4ce-4dc6-a1ac-e76c81878cf1", "timestamp": "2025-05-16T12:21:32.196773", "message": "New API session started"}
{"event": "request_start", "session_id": "4d2411a8-b4ce-4dc6-a1ac-e76c81878cf1", "request_id": "d1e0a799-90fa-4a1a-8b95-0f7d97777090", "endpoint": "/intervet2", "timestamp": "2025-05-16T12:22:22.280922", "message": "Request started for endpoint: /intervet2"}
{"event": "custom_metric", "session_id": "4d2411a8-b4ce-4dc6-a1ac-e76c81878cf1", "request_id": "d1e0a799-90fa-4a1a-8b95-0f7d97777090", "endpoint": "/intervet2", "timestamp": "2025-05-16T12:22:22.283927", "endpoint_type": "intervet2", "message": "Custom metric: endpoint_type=intervet2"}
{"event": "custom_metric", "session_id": "4d2411a8-b4ce-4dc6-a1ac-e76c81878cf1", "request_id": "d1e0a799-90fa-4a1a-8b95-0f7d97777090", "endpoint": "/intervet2", "timestamp": "2025-05-16T12:22:22.335928", "file_type": "pdf", "message": "Custom metric: file_type=pdf"}
{"event": "custom_metric", "session_id": "4d2411a8-b4ce-4dc6-a1ac-e76c81878cf1", "request_id": "d1e0a799-90fa-4a1a-8b95-0f7d97777090", "endpoint": "/intervet2", "timestamp": "2025-05-16T12:22:22.335928", "file_size_bytes": 88356, "message": "Custom metric: file_size_bytes=88356"}
{"event": "custom_metric", "session_id": "4d2411a8-b4ce-4dc6-a1ac-e76c81878cf1", "request_id": "d1e0a799-90fa-4a1a-8b95-0f7d97777090", "endpoint": "/intervet2", "timestamp": "2025-05-16T12:22:22.335928", "extraction_method": "pdf_text", "message": "Custom metric: extraction_method=pdf_text"}
{"event": "custom_metric", "session_id": "4d2411a8-b4ce-4dc6-a1ac-e76c81878cf1", "request_id": "d1e0a799-90fa-4a1a-8b95-0f7d97777090", "endpoint": "/intervet2", "timestamp": "2025-05-16T12:22:22.335928", "extracted_text_length": 3871, "message": "Custom metric: extracted_text_length=3871"}
{"event": "custom_metric", "session_id": "4d2411a8-b4ce-4dc6-a1ac-e76c81878cf1", "request_id": "d1e0a799-90fa-4a1a-8b95-0f7d97777090", "endpoint": "/intervet2", "timestamp": "2025-05-16T12:22:22.335928", "file_processing_time": 0.04900503158569336, "message": "Custom metric: file_processing_time=0.04900503158569336"}
{"event": "custom_metric", "session_id": "4d2411a8-b4ce-4dc6-a1ac-e76c81878cf1", "request_id": "d1e0a799-90fa-4a1a-8b95-0f7d97777090", "endpoint": "/intervet2", "timestamp": "2025-05-16T12:22:22.377438", "file_type": "pdf", "message": "Custom metric: file_type=pdf"}
{"event": "custom_metric", "session_id": "4d2411a8-b4ce-4dc6-a1ac-e76c81878cf1", "request_id": "d1e0a799-90fa-4a1a-8b95-0f7d97777090", "endpoint": "/intervet2", "timestamp": "2025-05-16T12:22:22.378438", "file_size_bytes": 43309, "message": "Custom metric: file_size_bytes=43309"}
{"event": "custom_metric", "session_id": "4d2411a8-b4ce-4dc6-a1ac-e76c81878cf1", "request_id": "d1e0a799-90fa-4a1a-8b95-0f7d97777090", "endpoint": "/intervet2", "timestamp": "2025-05-16T12:22:22.378438", "extraction_method": "pdf_text", "message": "Custom metric: extraction_method=pdf_text"}
{"event": "custom_metric", "session_id": "4d2411a8-b4ce-4dc6-a1ac-e76c81878cf1", "request_id": "d1e0a799-90fa-4a1a-8b95-0f7d97777090", "endpoint": "/intervet2", "timestamp": "2025-05-16T12:22:22.378438", "extracted_text_length": 2241, "message": "Custom metric: extracted_text_length=2241"}
{"event": "custom_metric", "session_id": "4d2411a8-b4ce-4dc6-a1ac-e76c81878cf1", "request_id": "d1e0a799-90fa-4a1a-8b95-0f7d97777090", "endpoint": "/intervet2", "timestamp": "2025-05-16T12:22:22.378438", "file_processing_time": 0.0405118465423584, "message": "Custom metric: file_processing_time=0.0405118465423584"}
{"event": "custom_metric", "session_id": "4d2411a8-b4ce-4dc6-a1ac-e76c81878cf1", "request_id": "d1e0a799-90fa-4a1a-8b95-0f7d97777090", "endpoint": "/intervet2", "timestamp": "2025-05-16T12:22:22.379439", "resume_extraction_time": 0.05000424385070801, "message": "Custom metric: resume_extraction_time=0.05000424385070801"}
{"event": "custom_metric", "session_id": "4d2411a8-b4ce-4dc6-a1ac-e76c81878cf1", "request_id": "d1e0a799-90fa-4a1a-8b95-0f7d97777090", "endpoint": "/intervet2", "timestamp": "2025-05-16T12:22:22.379439", "jd_extraction_time": 0.04151129722595215, "message": "Custom metric: jd_extraction_time=0.04151129722595215"}
{"event": "custom_metric", "session_id": "4d2411a8-b4ce-4dc6-a1ac-e76c81878cf1", "request_id": "d1e0a799-90fa-4a1a-8b95-0f7d97777090", "endpoint": "/intervet2", "timestamp": "2025-05-16T12:22:22.379439", "resume_text_length": 3871, "message": "Custom metric: resume_text_length=3871"}
{"event": "custom_metric", "session_id": "4d2411a8-b4ce-4dc6-a1ac-e76c81878cf1", "request_id": "d1e0a799-90fa-4a1a-8b95-0f7d97777090", "endpoint": "/intervet2", "timestamp": "2025-05-16T12:22:22.379439", "jd_text_length": 2241, "message": "Custom metric: jd_text_length=2241"}
{"event": "custom_metric", "session_id": "4d2411a8-b4ce-4dc6-a1ac-e76c81878cf1", "request_id": "d1e0a799-90fa-4a1a-8b95-0f7d97777090", "endpoint": "/intervet2", "timestamp": "2025-05-16T12:22:59.482630", "resume_parsing_time": 23.84456157684326, "message": "Custom metric: resume_parsing_time=23.84456157684326"}
{"event": "custom_metric", "session_id": "4d2411a8-b4ce-4dc6-a1ac-e76c81878cf1", "request_id": "d1e0a799-90fa-4a1a-8b95-0f7d97777090", "endpoint": "/intervet2", "timestamp": "2025-05-16T12:22:59.482630", "jd_parsing_time": 13.258629560470581, "message": "Custom metric: jd_parsing_time=13.258629560470581"}
{"event": "custom_metric", "session_id": "4d2411a8-b4ce-4dc6-a1ac-e76c81878cf1", "request_id": "d1e0a799-90fa-4a1a-8b95-0f7d97777090", "endpoint": "/intervet2", "timestamp": "2025-05-16T12:22:59.493137", "evaluation_time": 0.009507417678833008, "message": "Custom metric: evaluation_time=0.009507417678833008"}
{"event": "custom_metric", "session_id": "4d2411a8-b4ce-4dc6-a1ac-e76c81878cf1", "request_id": "d1e0a799-90fa-4a1a-8b95-0f7d97777090", "endpoint": "/intervet2", "timestamp": "2025-05-16T12:22:59.493137", "total_score": 33.44444444444444, "message": "Custom metric: total_score=33.44444444444444"}
{"event": "custom_metric", "session_id": "4d2411a8-b4ce-4dc6-a1ac-e76c81878cf1", "request_id": "d1e0a799-90fa-4a1a-8b95-0f7d97777090", "endpoint": "/intervet2", "timestamp": "2025-05-16T12:22:59.493137", "fit_category": "Weak Match", "message": "Custom metric: fit_category=Weak Match"}
{"event": "request_complete", "session_id": "4d2411a8-b4ce-4dc6-a1ac-e76c81878cf1", "request_id": "d1e0a799-90fa-4a1a-8b95-0f7d97777090", "endpoint": "/intervet2", "timestamp": "2025-05-16T12:22:59.497137", "total_time_seconds": 37.216214179992676, "status_code": 200, "message": "Request completed in 37.2162s with status 200"}
{"event": "request_start", "session_id": "4d2411a8-b4ce-4dc6-a1ac-e76c81878cf1", "request_id": "f0e5f578-733e-4c34-87ae-bad459b52be0", "endpoint": "/intervet2", "timestamp": "2025-05-16T12:27:44.254677", "message": "Request started for endpoint: /intervet2"}
{"event": "custom_metric", "session_id": "4d2411a8-b4ce-4dc6-a1ac-e76c81878cf1", "request_id": "f0e5f578-733e-4c34-87ae-bad459b52be0", "endpoint": "/intervet2", "timestamp": "2025-05-16T12:27:44.257675", "endpoint_type": "intervet2", "message": "Custom metric: endpoint_type=intervet2"}
{"event": "custom_metric", "session_id": "4d2411a8-b4ce-4dc6-a1ac-e76c81878cf1", "request_id": "f0e5f578-733e-4c34-87ae-bad459b52be0", "endpoint": "/intervet2", "timestamp": "2025-05-16T12:27:44.324197", "file_type": "pdf", "message": "Custom metric: file_type=pdf"}
{"event": "custom_metric", "session_id": "4d2411a8-b4ce-4dc6-a1ac-e76c81878cf1", "request_id": "f0e5f578-733e-4c34-87ae-bad459b52be0", "endpoint": "/intervet2", "timestamp": "2025-05-16T12:27:44.324197", "file_size_bytes": 88356, "message": "Custom metric: file_size_bytes=88356"}
{"event": "custom_metric", "session_id": "4d2411a8-b4ce-4dc6-a1ac-e76c81878cf1", "request_id": "f0e5f578-733e-4c34-87ae-bad459b52be0", "endpoint": "/intervet2", "timestamp": "2025-05-16T12:27:44.324197", "extraction_method": "pdf_text", "message": "Custom metric: extraction_method=pdf_text"}
{"event": "custom_metric", "session_id": "4d2411a8-b4ce-4dc6-a1ac-e76c81878cf1", "request_id": "f0e5f578-733e-4c34-87ae-bad459b52be0", "endpoint": "/intervet2", "timestamp": "2025-05-16T12:27:44.324197", "extracted_text_length": 3871, "message": "Custom metric: extracted_text_length=3871"}
{"event": "custom_metric", "session_id": "4d2411a8-b4ce-4dc6-a1ac-e76c81878cf1", "request_id": "f0e5f578-733e-4c34-87ae-bad459b52be0", "endpoint": "/intervet2", "timestamp": "2025-05-16T12:27:44.324197", "file_processing_time": 0.06451940536499023, "message": "Custom metric: file_processing_time=0.06451940536499023"}
{"event": "custom_metric", "session_id": "4d2411a8-b4ce-4dc6-a1ac-e76c81878cf1", "request_id": "f0e5f578-733e-4c34-87ae-bad459b52be0", "endpoint": "/intervet2", "timestamp": "2025-05-16T12:27:44.374204", "file_type": "pdf", "message": "Custom metric: file_type=pdf"}
{"event": "custom_metric", "session_id": "4d2411a8-b4ce-4dc6-a1ac-e76c81878cf1", "request_id": "f0e5f578-733e-4c34-87ae-bad459b52be0", "endpoint": "/intervet2", "timestamp": "2025-05-16T12:27:44.374204", "file_size_bytes": 43309, "message": "Custom metric: file_size_bytes=43309"}
{"event": "custom_metric", "session_id": "4d2411a8-b4ce-4dc6-a1ac-e76c81878cf1", "request_id": "f0e5f578-733e-4c34-87ae-bad459b52be0", "endpoint": "/intervet2", "timestamp": "2025-05-16T12:27:44.374204", "extraction_method": "pdf_text", "message": "Custom metric: extraction_method=pdf_text"}
{"event": "custom_metric", "session_id": "4d2411a8-b4ce-4dc6-a1ac-e76c81878cf1", "request_id": "f0e5f578-733e-4c34-87ae-bad459b52be0", "endpoint": "/intervet2", "timestamp": "2025-05-16T12:27:44.375206", "extracted_text_length": 2241, "message": "Custom metric: extracted_text_length=2241"}
{"event": "custom_metric", "session_id": "4d2411a8-b4ce-4dc6-a1ac-e76c81878cf1", "request_id": "f0e5f578-733e-4c34-87ae-bad459b52be0", "endpoint": "/intervet2", "timestamp": "2025-05-16T12:27:44.375206", "file_processing_time": 0.04900789260864258, "message": "Custom metric: file_processing_time=0.04900789260864258"}
{"event": "custom_metric", "session_id": "4d2411a8-b4ce-4dc6-a1ac-e76c81878cf1", "request_id": "f0e5f578-733e-4c34-87ae-bad459b52be0", "endpoint": "/intervet2", "timestamp": "2025-05-16T12:27:44.375206", "resume_extraction_time": 0.06551861763000488, "message": "Custom metric: resume_extraction_time=0.06551861763000488"}
{"event": "custom_metric", "session_id": "4d2411a8-b4ce-4dc6-a1ac-e76c81878cf1", "request_id": "f0e5f578-733e-4c34-87ae-bad459b52be0", "endpoint": "/intervet2", "timestamp": "2025-05-16T12:27:44.376204", "jd_extraction_time": 0.05001020431518555, "message": "Custom metric: jd_extraction_time=0.05001020431518555"}
{"event": "custom_metric", "session_id": "4d2411a8-b4ce-4dc6-a1ac-e76c81878cf1", "request_id": "f0e5f578-733e-4c34-87ae-bad459b52be0", "endpoint": "/intervet2", "timestamp": "2025-05-16T12:27:44.376204", "resume_text_length": 3871, "message": "Custom metric: resume_text_length=3871"}
{"event": "custom_metric", "session_id": "4d2411a8-b4ce-4dc6-a1ac-e76c81878cf1", "request_id": "f0e5f578-733e-4c34-87ae-bad459b52be0", "endpoint": "/intervet2", "timestamp": "2025-05-16T12:27:44.376204", "jd_text_length": 2241, "message": "Custom metric: jd_text_length=2241"}
{"event": "custom_metric", "session_id": "4d2411a8-b4ce-4dc6-a1ac-e76c81878cf1", "request_id": "f0e5f578-733e-4c34-87ae-bad459b52be0", "endpoint": "/intervet2", "timestamp": "2025-05-16T12:28:12.985316", "resume_parsing_time": 16.151662826538086, "message": "Custom metric: resume_parsing_time=16.151662826538086"}
{"event": "custom_metric", "session_id": "4d2411a8-b4ce-4dc6-a1ac-e76c81878cf1", "request_id": "f0e5f578-733e-4c34-87ae-bad459b52be0", "endpoint": "/intervet2", "timestamp": "2025-05-16T12:28:12.985316", "jd_parsing_time": 12.456449031829834, "message": "Custom metric: jd_parsing_time=12.456449031829834"}
{"event": "custom_metric", "session_id": "4d2411a8-b4ce-4dc6-a1ac-e76c81878cf1", "request_id": "f0e5f578-733e-4c34-87ae-bad459b52be0", "endpoint": "/intervet2", "timestamp": "2025-05-16T12:28:12.997314", "evaluation_time": 0.011998414993286133, "message": "Custom metric: evaluation_time=0.011998414993286133"}
{"event": "custom_metric", "session_id": "4d2411a8-b4ce-4dc6-a1ac-e76c81878cf1", "request_id": "f0e5f578-733e-4c34-87ae-bad459b52be0", "endpoint": "/intervet2", "timestamp": "2025-05-16T12:28:12.997314", "total_score": 32.6, "message": "Custom metric: total_score=32.6"}
{"event": "custom_metric", "session_id": "4d2411a8-b4ce-4dc6-a1ac-e76c81878cf1", "request_id": "f0e5f578-733e-4c34-87ae-bad459b52be0", "endpoint": "/intervet2", "timestamp": "2025-05-16T12:28:12.997314", "fit_category": "Weak Match", "message": "Custom metric: fit_category=Weak Match"}
{"event": "request_complete", "session_id": "4d2411a8-b4ce-4dc6-a1ac-e76c81878cf1", "request_id": "f0e5f578-733e-4c34-87ae-bad459b52be0", "endpoint": "/intervet2", "timestamp": "2025-05-16T12:28:12.998314", "total_time_seconds": 28.743637561798096, "status_code": 200, "message": "Request completed in 28.7436s with status 200"}
{"event": "session_end", "session_id": "4d2411a8-b4ce-4dc6-a1ac-e76c81878cf1", "timestamp": "2025-05-16T12:28:13.105833", "message": "API session ended"}
