{"event": "session_start", "session_id": "482763ba-eddf-41fd-a23d-8bd1b023ff7c", "timestamp": "2025-05-22T21:43:21.692752", "message": "New API session started"}
{"event": "request_start", "session_id": "482763ba-eddf-41fd-a23d-8bd1b023ff7c", "request_id": "92af1295-a825-4670-ab31-23dcf1556bff", "endpoint": "/bunchtest", "timestamp": "2025-05-22T21:44:15.550546", "message": "Request started for endpoint: /bunchtest"}
{"event": "custom_metric", "session_id": "482763ba-eddf-41fd-a23d-8bd1b023ff7c", "request_id": "92af1295-a825-4670-ab31-23dcf1556bff", "endpoint": "/bunchtest", "timestamp": "2025-05-22T21:44:15.553544", "endpoint_type": "bunchtest", "message": "Custom metric: endpoint_type=bunchtest"}
{"event": "custom_metric", "session_id": "482763ba-eddf-41fd-a23d-8bd1b023ff7c", "request_id": "92af1295-a825-4670-ab31-23dcf1556bff", "endpoint": "/bunchtest", "timestamp": "2025-05-22T21:44:15.553544", "resume_count": 3, "message": "Custom metric: resume_count=3"}
{"event": "request_complete", "session_id": "482763ba-eddf-41fd-a23d-8bd1b023ff7c", "request_id": "92af1295-a825-4670-ab31-23dcf1556bff", "endpoint": "/bunchtest", "timestamp": "2025-05-22T21:45:11.613744", "total_time_seconds": 56.06319785118103, "status_code": 200, "message": "Request completed in 56.0632s with status 200"}
{"event": "request_start", "session_id": "482763ba-eddf-41fd-a23d-8bd1b023ff7c", "request_id": "a627bb42-2f9b-4ea6-86ee-72f407512407", "endpoint": "/bunchtest", "timestamp": "2025-05-22T21:46:55.526214", "message": "Request started for endpoint: /bunchtest"}
{"event": "custom_metric", "session_id": "482763ba-eddf-41fd-a23d-8bd1b023ff7c", "request_id": "a627bb42-2f9b-4ea6-86ee-72f407512407", "endpoint": "/bunchtest", "timestamp": "2025-05-22T21:46:55.528214", "endpoint_type": "bunchtest", "message": "Custom metric: endpoint_type=bunchtest"}
{"event": "custom_metric", "session_id": "482763ba-eddf-41fd-a23d-8bd1b023ff7c", "request_id": "a627bb42-2f9b-4ea6-86ee-72f407512407", "endpoint": "/bunchtest", "timestamp": "2025-05-22T21:46:55.529213", "resume_count": 3, "message": "Custom metric: resume_count=3"}
{"event": "request_complete", "session_id": "482763ba-eddf-41fd-a23d-8bd1b023ff7c", "request_id": "a627bb42-2f9b-4ea6-86ee-72f407512407", "endpoint": "/bunchtest", "timestamp": "2025-05-22T21:47:52.059098", "total_time_seconds": 56.532883167266846, "status_code": 200, "message": "Request completed in 56.5329s with status 200"}
{"event": "request_start", "session_id": "482763ba-eddf-41fd-a23d-8bd1b023ff7c", "request_id": "2b893e36-8880-4d0d-abfb-9d42eefdc795", "endpoint": "/intervet2", "timestamp": "2025-05-22T21:49:31.665307", "message": "Request started for endpoint: /intervet2"}
{"event": "custom_metric", "session_id": "482763ba-eddf-41fd-a23d-8bd1b023ff7c", "request_id": "2b893e36-8880-4d0d-abfb-9d42eefdc795", "endpoint": "/intervet2", "timestamp": "2025-05-22T21:49:31.667305", "endpoint_type": "intervet2", "message": "Custom metric: endpoint_type=intervet2"}
{"event": "custom_metric", "session_id": "482763ba-eddf-41fd-a23d-8bd1b023ff7c", "request_id": "2b893e36-8880-4d0d-abfb-9d42eefdc795", "endpoint": "/intervet2", "timestamp": "2025-05-22T21:49:31.683400", "file_type": "pdf", "message": "Custom metric: file_type=pdf"}
{"event": "custom_metric", "session_id": "482763ba-eddf-41fd-a23d-8bd1b023ff7c", "request_id": "2b893e36-8880-4d0d-abfb-9d42eefdc795", "endpoint": "/intervet2", "timestamp": "2025-05-22T21:49:31.683400", "file_size_bytes": 73845, "message": "Custom metric: file_size_bytes=73845"}
{"event": "custom_metric", "session_id": "482763ba-eddf-41fd-a23d-8bd1b023ff7c", "request_id": "2b893e36-8880-4d0d-abfb-9d42eefdc795", "endpoint": "/intervet2", "timestamp": "2025-05-22T21:49:31.684488", "extraction_method": "pdf_text", "message": "Custom metric: extraction_method=pdf_text"}
{"event": "custom_metric", "session_id": "482763ba-eddf-41fd-a23d-8bd1b023ff7c", "request_id": "2b893e36-8880-4d0d-abfb-9d42eefdc795", "endpoint": "/intervet2", "timestamp": "2025-05-22T21:49:31.684488", "extracted_text_length": 2214, "message": "Custom metric: extracted_text_length=2214"}
{"event": "custom_metric", "session_id": "482763ba-eddf-41fd-a23d-8bd1b023ff7c", "request_id": "2b893e36-8880-4d0d-abfb-9d42eefdc795", "endpoint": "/intervet2", "timestamp": "2025-05-22T21:49:31.684488", "file_processing_time": 0.014828920364379883, "message": "Custom metric: file_processing_time=0.014828920364379883"}
{"event": "custom_metric", "session_id": "482763ba-eddf-41fd-a23d-8bd1b023ff7c", "request_id": "2b893e36-8880-4d0d-abfb-9d42eefdc795", "endpoint": "/intervet2", "timestamp": "2025-05-22T21:49:31.715134", "file_type": "pdf", "message": "Custom metric: file_type=pdf"}
{"event": "custom_metric", "session_id": "482763ba-eddf-41fd-a23d-8bd1b023ff7c", "request_id": "2b893e36-8880-4d0d-abfb-9d42eefdc795", "endpoint": "/intervet2", "timestamp": "2025-05-22T21:49:31.715134", "file_size_bytes": 43309, "message": "Custom metric: file_size_bytes=43309"}
{"event": "custom_metric", "session_id": "482763ba-eddf-41fd-a23d-8bd1b023ff7c", "request_id": "2b893e36-8880-4d0d-abfb-9d42eefdc795", "endpoint": "/intervet2", "timestamp": "2025-05-22T21:49:31.715134", "extraction_method": "pdf_text", "message": "Custom metric: extraction_method=pdf_text"}
{"event": "custom_metric", "session_id": "482763ba-eddf-41fd-a23d-8bd1b023ff7c", "request_id": "2b893e36-8880-4d0d-abfb-9d42eefdc795", "endpoint": "/intervet2", "timestamp": "2025-05-22T21:49:31.715134", "extracted_text_length": 2241, "message": "Custom metric: extracted_text_length=2241"}
{"event": "custom_metric", "session_id": "482763ba-eddf-41fd-a23d-8bd1b023ff7c", "request_id": "2b893e36-8880-4d0d-abfb-9d42eefdc795", "endpoint": "/intervet2", "timestamp": "2025-05-22T21:49:31.715134", "file_processing_time": 0.030646324157714844, "message": "Custom metric: file_processing_time=0.030646324157714844"}
{"event": "custom_metric", "session_id": "482763ba-eddf-41fd-a23d-8bd1b023ff7c", "request_id": "2b893e36-8880-4d0d-abfb-9d42eefdc795", "endpoint": "/intervet2", "timestamp": "2025-05-22T21:49:31.716332", "resume_extraction_time": 0.015917062759399414, "message": "Custom metric: resume_extraction_time=0.015917062759399414"}
{"event": "custom_metric", "session_id": "482763ba-eddf-41fd-a23d-8bd1b023ff7c", "request_id": "2b893e36-8880-4d0d-abfb-9d42eefdc795", "endpoint": "/intervet2", "timestamp": "2025-05-22T21:49:31.716332", "jd_extraction_time": 0.030646324157714844, "message": "Custom metric: jd_extraction_time=0.030646324157714844"}
{"event": "custom_metric", "session_id": "482763ba-eddf-41fd-a23d-8bd1b023ff7c", "request_id": "2b893e36-8880-4d0d-abfb-9d42eefdc795", "endpoint": "/intervet2", "timestamp": "2025-05-22T21:49:31.716332", "resume_text_length": 2214, "message": "Custom metric: resume_text_length=2214"}
{"event": "custom_metric", "session_id": "482763ba-eddf-41fd-a23d-8bd1b023ff7c", "request_id": "2b893e36-8880-4d0d-abfb-9d42eefdc795", "endpoint": "/intervet2", "timestamp": "2025-05-22T21:49:31.716332", "jd_text_length": 2241, "message": "Custom metric: jd_text_length=2241"}
{"event": "custom_metric", "session_id": "482763ba-eddf-41fd-a23d-8bd1b023ff7c", "request_id": "2b893e36-8880-4d0d-abfb-9d42eefdc795", "endpoint": "/intervet2", "timestamp": "2025-05-22T21:49:58.629724", "resume_parsing_time": 11.04040813446045, "message": "Custom metric: resume_parsing_time=11.04040813446045"}
{"event": "custom_metric", "session_id": "482763ba-eddf-41fd-a23d-8bd1b023ff7c", "request_id": "2b893e36-8880-4d0d-abfb-9d42eefdc795", "endpoint": "/intervet2", "timestamp": "2025-05-22T21:49:58.629724", "jd_parsing_time": 15.87298321723938, "message": "Custom metric: jd_parsing_time=15.87298321723938"}
{"event": "custom_metric", "session_id": "482763ba-eddf-41fd-a23d-8bd1b023ff7c", "request_id": "2b893e36-8880-4d0d-abfb-9d42eefdc795", "endpoint": "/intervet2", "timestamp": "2025-05-22T21:49:58.632808", "evaluation_time": 0.0020301342010498047, "message": "Custom metric: evaluation_time=0.0020301342010498047"}
{"event": "custom_metric", "session_id": "482763ba-eddf-41fd-a23d-8bd1b023ff7c", "request_id": "2b893e36-8880-4d0d-abfb-9d42eefdc795", "endpoint": "/intervet2", "timestamp": "2025-05-22T21:49:58.632808", "total_score": 25.0, "message": "Custom metric: total_score=25.0"}
{"event": "custom_metric", "session_id": "482763ba-eddf-41fd-a23d-8bd1b023ff7c", "request_id": "2b893e36-8880-4d0d-abfb-9d42eefdc795", "endpoint": "/intervet2", "timestamp": "2025-05-22T21:49:58.632808", "fit_category": "Weak Match", "message": "Custom metric: fit_category=Weak Match"}
{"event": "request_complete", "session_id": "482763ba-eddf-41fd-a23d-8bd1b023ff7c", "request_id": "2b893e36-8880-4d0d-abfb-9d42eefdc795", "endpoint": "/intervet2", "timestamp": "2025-05-22T21:49:58.634808", "total_time_seconds": 26.969501495361328, "status_code": 200, "message": "Request completed in 26.9695s with status 200"}
{"event": "request_start", "session_id": "482763ba-eddf-41fd-a23d-8bd1b023ff7c", "request_id": "29278674-63c9-4ee2-a227-7515157de435", "endpoint": "/bunchtest", "timestamp": "2025-05-22T22:02:10.199424", "message": "Request started for endpoint: /bunchtest"}
{"event": "custom_metric", "session_id": "482763ba-eddf-41fd-a23d-8bd1b023ff7c", "request_id": "29278674-63c9-4ee2-a227-7515157de435", "endpoint": "/bunchtest", "timestamp": "2025-05-22T22:02:10.201930", "endpoint_type": "bunchtest", "message": "Custom metric: endpoint_type=bunchtest"}
{"event": "custom_metric", "session_id": "482763ba-eddf-41fd-a23d-8bd1b023ff7c", "request_id": "29278674-63c9-4ee2-a227-7515157de435", "endpoint": "/bunchtest", "timestamp": "2025-05-22T22:02:10.201930", "resume_count": 3, "message": "Custom metric: resume_count=3"}
{"event": "request_complete", "session_id": "482763ba-eddf-41fd-a23d-8bd1b023ff7c", "request_id": "29278674-63c9-4ee2-a227-7515157de435", "endpoint": "/bunchtest", "timestamp": "2025-05-22T22:03:04.091462", "total_time_seconds": 53.892037868499756, "status_code": 200, "message": "Request completed in 53.8920s with status 200"}
{"event": "session_end", "session_id": "482763ba-eddf-41fd-a23d-8bd1b023ff7c", "timestamp": "2025-05-22T22:03:04.194326", "message": "API session ended"}
