{"event": "session_start", "session_id": "82505789-eb9a-459d-ac37-bd2677762495", "timestamp": "2025-05-26T16:39:31.962381", "message": "New API session started"}
{"event": "request_start", "session_id": "82505789-eb9a-459d-ac37-bd2677762495", "request_id": "cf5cf0f9-081f-48fe-9935-91930b1e1dd5", "endpoint": "/resume", "timestamp": "2025-05-26T16:39:38.351616", "message": "Request started for endpoint: /resume"}
{"event": "custom_metric", "session_id": "82505789-eb9a-459d-ac37-bd2677762495", "request_id": "cf5cf0f9-081f-48fe-9935-91930b1e1dd5", "endpoint": "resume", "timestamp": "2025-05-26T16:39:38.352612", "message": "Custom metric: endpoint=resume"}
{"event": "custom_metric", "session_id": "82505789-eb9a-459d-ac37-bd2677762495", "request_id": "cf5cf0f9-081f-48fe-9935-91930b1e1dd5", "endpoint": "/resume", "timestamp": "2025-05-26T16:39:38.353613", "file_name": "Resume-Raman Luhach.pdf", "message": "Custom metric: file_name=Resume-Raman Luhach.pdf"}
{"event": "custom_metric", "session_id": "82505789-eb9a-459d-ac37-bd2677762495", "request_id": "cf5cf0f9-081f-48fe-9935-91930b1e1dd5", "endpoint": "/resume", "timestamp": "2025-05-26T16:39:38.353613", "file_type": "pdf", "message": "Custom metric: file_type=pdf"}
{"event": "custom_metric", "session_id": "82505789-eb9a-459d-ac37-bd2677762495", "request_id": "cf5cf0f9-081f-48fe-9935-91930b1e1dd5", "endpoint": "/resume", "timestamp": "2025-05-26T16:39:38.354615", "file_size": 73845, "message": "Custom metric: file_size=73845"}
{"event": "custom_metric", "session_id": "82505789-eb9a-459d-ac37-bd2677762495", "request_id": "cf5cf0f9-081f-48fe-9935-91930b1e1dd5", "endpoint": "/resume", "timestamp": "2025-05-26T16:39:38.366617", "file_type": "pdf", "message": "Custom metric: file_type=pdf"}
{"event": "custom_metric", "session_id": "82505789-eb9a-459d-ac37-bd2677762495", "request_id": "cf5cf0f9-081f-48fe-9935-91930b1e1dd5", "endpoint": "/resume", "timestamp": "2025-05-26T16:39:38.366617", "file_size_bytes": 73845, "message": "Custom metric: file_size_bytes=73845"}
{"event": "custom_metric", "session_id": "82505789-eb9a-459d-ac37-bd2677762495", "request_id": "cf5cf0f9-081f-48fe-9935-91930b1e1dd5", "endpoint": "/resume", "timestamp": "2025-05-26T16:39:38.366617", "extraction_method": "pdf_text", "message": "Custom metric: extraction_method=pdf_text"}
{"event": "custom_metric", "session_id": "82505789-eb9a-459d-ac37-bd2677762495", "request_id": "cf5cf0f9-081f-48fe-9935-91930b1e1dd5", "endpoint": "/resume", "timestamp": "2025-05-26T16:39:38.366617", "extracted_text_length": 2214, "message": "Custom metric: extracted_text_length=2214"}
{"event": "custom_metric", "session_id": "82505789-eb9a-459d-ac37-bd2677762495", "request_id": "cf5cf0f9-081f-48fe-9935-91930b1e1dd5", "endpoint": "/resume", "timestamp": "2025-05-26T16:39:38.366617", "file_processing_time": 0.012002229690551758, "message": "Custom metric: file_processing_time=0.012002229690551758"}
{"event": "custom_metric", "session_id": "82505789-eb9a-459d-ac37-bd2677762495", "request_id": "cf5cf0f9-081f-48fe-9935-91930b1e1dd5", "endpoint": "/resume", "timestamp": "2025-05-26T16:39:38.366617", "text_extraction_time": 0.012002229690551758, "message": "Custom metric: text_extraction_time=0.012002229690551758"}
{"event": "custom_metric", "session_id": "82505789-eb9a-459d-ac37-bd2677762495", "request_id": "cf5cf0f9-081f-48fe-9935-91930b1e1dd5", "endpoint": "/resume", "timestamp": "2025-05-26T16:39:38.367619", "extracted_text_length": 2214, "message": "Custom metric: extracted_text_length=2214"}
{"event": "custom_metric", "session_id": "82505789-eb9a-459d-ac37-bd2677762495", "request_id": "cf5cf0f9-081f-48fe-9935-91930b1e1dd5", "endpoint": "/resume", "timestamp": "2025-05-26T16:39:53.699886", "parsing_time": 15.33226728439331, "message": "Custom metric: parsing_time=15.33226728439331"}
{"event": "custom_metric", "session_id": "82505789-eb9a-459d-ac37-bd2677762495", "request_id": "cf5cf0f9-081f-48fe-9935-91930b1e1dd5", "endpoint": "/resume", "timestamp": "2025-05-26T16:39:53.699886", "confidence_score": 0.47, "message": "Custom metric: confidence_score=0.47"}
{"event": "custom_metric", "session_id": "82505789-eb9a-459d-ac37-bd2677762495", "request_id": "cf5cf0f9-081f-48fe-9935-91930b1e1dd5", "endpoint": "/resume", "timestamp": "2025-05-26T16:39:53.699886", "fields_extracted": 20, "message": "Custom metric: fields_extracted=20"}
{"event": "custom_metric", "session_id": "82505789-eb9a-459d-ac37-bd2677762495", "request_id": "cf5cf0f9-081f-48fe-9935-91930b1e1dd5", "endpoint": "/resume", "timestamp": "2025-05-26T16:39:53.699886", "skills_count": 0, "message": "Custom metric: skills_count=0"}
{"event": "custom_metric", "session_id": "82505789-eb9a-459d-ac37-bd2677762495", "request_id": "cf5cf0f9-081f-48fe-9935-91930b1e1dd5", "endpoint": "/resume", "timestamp": "2025-05-26T16:39:53.699886", "education_count": 3, "message": "Custom metric: education_count=3"}
{"event": "custom_metric", "session_id": "82505789-eb9a-459d-ac37-bd2677762495", "request_id": "cf5cf0f9-081f-48fe-9935-91930b1e1dd5", "endpoint": "/resume", "timestamp": "2025-05-26T16:39:53.699886", "experience_count": 0, "message": "Custom metric: experience_count=0"}
{"event": "custom_metric", "session_id": "82505789-eb9a-459d-ac37-bd2677762495", "request_id": "cf5cf0f9-081f-48fe-9935-91930b1e1dd5", "endpoint": "/resume", "timestamp": "2025-05-26T16:39:53.700885", "total_processing_time": 15.344269514083862, "message": "Custom metric: total_processing_time=15.344269514083862"}
{"event": "request_complete", "session_id": "82505789-eb9a-459d-ac37-bd2677762495", "request_id": "cf5cf0f9-081f-48fe-9935-91930b1e1dd5", "endpoint": "/resume", "timestamp": "2025-05-26T16:39:53.701389", "total_time_seconds": 15.349772453308105, "status_code": 200, "message": "Request completed in 15.3498s with status 200"}
{"event": "session_end", "session_id": "82505789-eb9a-459d-ac37-bd2677762495", "timestamp": "2025-05-26T16:43:13.555671", "message": "API session ended"}
